<?xml version="1.0" encoding="UTF-8"?>
<!-- Generated by org.testng.reporters.JUnitReportReporter -->
<testsuite hostname="Monikas-MacBook-Pro.local" failures="1" tests="1" name="com.testautomation.apitesting.tests.GetAPIRequest" time="3.625" errors="0" timestamp="2023-07-23T18:18:21 IST" skipped="0">
  <testcase classname="com.testautomation.apitesting.tests.GetAPIRequest" name="verifyResponseKeysAvailable" time="3.625">
    <failure message="1 expectation failed.
Response body doesn&#039;t match expectation.
Expected: The content to match the given JSON schema.
error: instance type (number) does not match any allowed primitive type (allowed: [&quot;null&quot;])
    level: &quot;error&quot;
    schema: {&quot;loadingURI&quot;:&quot;#&quot;,&quot;pointer&quot;:&quot;/properties/currentConditions/properties/precip&quot;}
    instance: {&quot;pointer&quot;:&quot;/currentConditions/precip&quot;}
    domain: &quot;validation&quot;
    keyword: &quot;type&quot;
    found: &quot;number&quot;
    expected: [&quot;null&quot;]
error: instance type (array) does not match any allowed primitive type (allowed: [&quot;null&quot;])
    level: &quot;error&quot;
    schema: {&quot;loadingURI&quot;:&quot;#&quot;,&quot;pointer&quot;:&quot;/properties/currentConditions/properties/preciptype&quot;}
    instance: {&quot;pointer&quot;:&quot;/currentConditions/preciptype&quot;}
    domain: &quot;validation&quot;
    keyword: &quot;type&quot;
    found: &quot;array&quot;
    expected: [&quot;null&quot;]
error: object has missing required properties ([&quot;AV559&quot;,&quot;VIDP&quot;])
    level: &quot;error&quot;
    schema: {&quot;loadingURI&quot;:&quot;#&quot;,&quot;pointer&quot;:&quot;/properties/stations&quot;}
    instance: {&quot;pointer&quot;:&quot;/stations&quot;}
    domain: &quot;validation&quot;
    keyword: &quot;required&quot;
    required: [&quot;AV559&quot;,&quot;VIDP&quot;]
    missing: [&quot;AV559&quot;,&quot;VIDP&quot;]

  Actual: {&quot;queryCost&quot;:1,&quot;latitude&quot;:22.4867,&quot;longitude&quot;:85.1946,&quot;resolvedAddress&quot;:&quot;Guragaon, Anandpur, JH, India&quot;,&quot;address&quot;:&quot;Guragoan&quot;,&quot;timezone&quot;:&quot;Asia/Kolkata&quot;,&quot;tzoffset&quot;:5.5,&quot;description&quot;:&quot;Similar temperatures continuing with a chance of rain multiple days.&quot;,&quot;days&quot;:[{&quot;datetime&quot;:&quot;2023-07-23&quot;,&quot;datetimeEpoch&quot;:1690050600,&quot;tempmax&quot;:32.6,&quot;tempmin&quot;:24.1,&quot;temp&quot;:27.7,&quot;feelslikemax&quot;:38.2,&quot;feelslikemin&quot;:24.1,&quot;feelslike&quot;:30.1,&quot;dew&quot;:23.7,&quot;humidity&quot;:80.1,&quot;precip&quot;:3.3,&quot;precipprob&quot;:100.0,&quot;precipcover&quot;:41.67,&quot;preciptype&quot;:[&quot;rain&quot;],&quot;snow&quot;:0.0,&quot;snowdepth&quot;:0.0,&quot;windgust&quot;:37.1,&quot;windspeed&quot;:19.1,&quot;winddir&quot;:103.3,&quot;pressure&quot;:1003.9,&quot;cloudcover&quot;:66.8,&quot;visibility&quot;:23.1,&quot;solarradiation&quot;:233.5,&quot;solarenergy&quot;:20.2,&quot;uvindex&quot;:8.0,&quot;severerisk&quot;:60.0,&quot;sunrise&quot;:&quot;05:16:54&quot;,&quot;sunriseEpoch&quot;:1690069614,&quot;sunset&quot;:&quot;18:34:26&quot;,&quot;sunsetEpoch&quot;:1690117466,&quot;moonphase&quot;:0.18,&quot;conditions&quot;:&quot;Rain, Partially cloudy&quot;,&quot;description&quot;:&quot;Partly cloudy throughout the day with storms possible.&quot;,&quot;icon&quot;:&quot;rain&quot;,&quot;stations&quot;:[&quot;remote&quot;],&quot;source&quot;:&quot;comb&quot;,&quot;hours&quot;:[{&quot;datetime&quot;:&quot;00:00:00&quot;,&quot;datetimeEpoch&quot;:1690050600,&quot;temp&quot;:24.9,&quot;feelslike&quot;:24.9,&quot;humidity&quot;:93.62,&quot;dew&quot;:23.8,&quot;precip&quot;:0.0,&quot;precipprob&quot;:0.0,&quot;snow&quot;:0.0,&quot;snowdepth&quot;:0.0,&quot;preciptype&quot;:null,&quot;windgust&quot;:21.2,&quot;windspeed&quot;:7.2,&quot;winddir&quot;:74.0,&quot;pressure&quot;:1006.0,&quot;visibility&quot;:24.1,&quot;cloudcover&quot;:99.2,&quot;solarradiation&quot;:0.0,&quot;solarenergy&quot;:0.0,&quot;uvindex&quot;:0.0,&quot;severerisk&quot;:10.0,&quot;conditions&quot;:&quot;Overcast&quot;,&quot;icon&quot;:&quot;cloudy&quot;,&quot;stations&quot;:[&quot;remote&quot;],&quot;source&quot;:&quot;obs&quot;},{&quot;datetime&quot;:&quot;01:00:00&quot;,&quot;datetimeEpoch&quot;:1690054200,&quot;temp&quot;:24.8,&quot;feelslike&quot;:24.8,&quot;humidity&quot;:94.18,&quot;dew&quot;:23.8,&quot;precip&quot;:0.0,&quot;precipprob&quot;:0.0,&quot;snow&quot;:0.0,&quot;snowdepth&quot;:0.0,&quot;preciptype&quot;:null,&quot;windgust&quot;:20.2,&quot;windspeed&quot;:6.8,&quot;winddir&quot;:67.6,&quot;pressure&quot;:1006.0,&quot;visibility&quot;:24.1,&quot;cloudcover&quot;:100.0,&quot;solarradiation&quot;:0.0,&quot;solarenergy&quot;:0.0,&quot;uvindex&quot;:0.0,&quot;severerisk&quot;:10.0,&quot;conditions&quot;:&quot;Overcast&quot;,&quot;icon&quot;:&quot;cloudy&quot;,&quot;stations&quot;:[&quot;remote&quot;],&quot;source&quot;:&quot;obs&quot;},{&quot;datetime&quot;:&quot;02:00:00&quot;,&quot;datetimeEpoch&quot;:1690057800,&quot;temp&quot;:24.6,&quot;feelslike&quot;:24.6,&quot;humidity&quot;:95.31,&quot;dew&quot;:23.8,&quot;precip&quot;:0.0,&quot;precipprob&quot;:0.0,&quot;snow&quot;:0.0,&quot;snowdepth&quot;:0.0,&quot;preciptype&quot;:null,&quot;windgust&quot;:20.5,&quot;windspeed&quot;:6.8,&quot;winddir&quot;:68.7,&quot;pressure&quot;:1005.0,&quot;visibility&quot;:24.1,&quot;cloudcover&quot;:100.0,&quot;solarradiation&quot;:0.0,&quot;solarenergy&quot;:0.0,&quot;uvindex&quot;:0.0,&quot;severerisk&quot;:10.0,&quot;conditions&quot;:&quot;Overcast&quot;,&quot;icon&quot;:&quot;cloudy&quot;,&quot;stations&quot;:[&quot;remote&quot;],&quot;source&quot;:&quot;obs&quot;},{&quot;datetime&quot;:&quot;03:00:00&quot;,&quot;datetimeEpoch&quot;:1690061400,&quot;temp&quot;:24.3,&quot;feelslike&quot;:24.3,&quot;humidity&quot;:97.04,&quot;dew&quot;:23.8,&quot;precip&quot;:0.0,&quot;precipprob&quot;:0.0,&quot;snow&quot;:0.0,&quot;snowdepth&quot;:0.0,&quot;preciptype&quot;:null,&quot;windgust&quot;:19.1,&quot;windspeed&quot;:6.5,&quot;winddir&quot;:67.4,&quot;pressure&quot;:1005.0,&quot;visibility&quot;:24.1,&quot;cloudcover&quot;:73.7,&quot;solarradiation&quot;:0.0,&quot;solarenergy&quot;:0.0,&quot;uvindex&quot;:0.0,&quot;severerisk&quot;:10.0,&quot;conditions&quot;:&quot;Partially cloudy&quot;,&quot;icon&quot;:&quot;partly-cloudy-night&quot;,&quot;stations&quot;:[&quot;remote&quot;],&quot;source&quot;:&quot;obs&quot;},{&quot;datetime&quot;:&quot;04:00:00&quot;,&quot;datetimeEpoch&quot;:1690065000,&quot;temp&quot;:24.2,&quot;feelslike&quot;:24.2,&quot;humidity&quot;:97.62,&quot;dew&quot;:23.8,&quot;precip&quot;:0.0,&quot;precipprob&quot;:0.0,&quot;snow&quot;:0.0,&quot;snowdepth&quot;:0.0,&quot;preciptype&quot;:null,&quot;windgust&quot;:18.7,&quot;windspeed&quot;:6.5,&quot;winddir&quot;:61.7,&quot;pressure&quot;:1005.0,&quot;visibility&quot;:24.1,&quot;cloudcover&quot;:23.8,&quot;solarradiation&quot;:0.0,&quot;solarenergy&quot;:0.0,&quot;uvindex&quot;:0.0,&quot;severerisk&quot;:10.0,&quot;conditions&quot;:&quot;Partially cloudy&quot;,&quot;icon&quot;:&quot;partly-cloudy-night&quot;,&quot;stations&quot;:[&quot;remote&quot;],&quot;source&quot;:&quot;obs&quot;},{&quot;datetime&quot;:&quot;05:00:00&quot;,&quot;datetimeEpoch&quot;:1690068600,&quot;temp&quot;:24.1,&quot;feelslike&quot;:24.1,&quot;humidity&quot;:98.21,&quot;dew&quot;:23.8,&quot;precip&quot;:0.0,&quot;precipprob&quot;:0.0,&quot;snow&quot;:0.0,&quot;snowdepth&quot;:0.0,&quot;preciptype&quot;:null,&quot;windgust&quot;:18.0,&quot;windspeed&quot;:6.1,&quot;winddir&quot;:66.9,&quot;pressure&quot;:1005.0,&quot;visibility&quot;:24.1,&quot;cloudcover&quot;:50.2,&quot;solarradiation&quot;:0.0,&quot;solarenergy&quot;:0.0,&quot;uvindex&quot;:0.0,&quot;severerisk&quot;:10.0,&quot;conditions&quot;:&quot;Partially cloudy&quot;,&quot;icon&quot;:&quot;partly-cloudy-night&quot;,&quot;stations&quot;:[&quot;remote&quot;],&quot;source&quot;:&quot;obs&quot;},{&quot;datetime&quot;:&quot;06:00:00&quot;,&quot;datetimeEpoch&quot;:1690072200,&quot;temp&quot;:24.2,&quot;feelslike&quot;:24.2,&quot;humidity&quot;:98.21,&quot;dew&quot;:23.9,&quot;precip&quot;:0.0,&quot;precipprob&quot;:0.0,&quot;snow&quot;:0.0,&quot;snowdepth&quot;:0.0,&quot;preciptype&quot;:null,&quot;windgust&quot;:21.6,&quot;windspeed&quot;:6.5,&quot;winddir&quot;:65.6,&quot;pressure&quot;:1005.0,&quot;visibility&quot;:24.1,&quot;cloudcover&quot;:100.0,&quot;solarradiation&quot;:1.0,&quot;solarenergy&quot;:0.0,&quot;uvindex&quot;:0.0,&quot;severerisk&quot;:10.0,&quot;conditions&quot;:&quot;Overcast&quot;,&quot;icon&quot;:&quot;cloudy&quot;,&quot;stations&quot;:[&quot;remote&quot;],&quot;source&quot;:&quot;obs&quot;},{&quot;datetime&quot;:&quot;07:00:00&quot;,&quot;datetimeEpoch&quot;:1690075800,&quot;temp&quot;:25.7,&quot;feelslike&quot;:25.7,&quot;humidity&quot;:90.89,&quot;dew&quot;:24.1,&quot;precip&quot;:0.0,&quot;precipprob&quot;:0.0,&quot;snow&quot;:0.0,&quot;snowdepth&quot;:0.0,&quot;preciptype&quot;:null,&quot;windgust&quot;:29.9,&quot;windspeed&quot;:9.7,&quot;winddir&quot;:67.9,&quot;pressure&quot;:1005.0,&quot;visibility&quot;:24.1,&quot;cloudcover&quot;:100.0,&quot;solarradiation&quot;:76.0,&quot;solarenergy&quot;:0.3,&quot;uvindex&quot;:1.0,&quot;severerisk&quot;:10.0,&quot;conditions&quot;:&quot;Overcast&quot;,&quot;icon&quot;:&quot;cloudy&quot;,&quot;stations&quot;:[&quot;remote&quot;],&quot;source&quot;:&quot;obs&quot;},{&quot;datetime&quot;:&quot;08:00:00&quot;,&quot;datetimeEpoch&quot;:1690079400,&quot;temp&quot;:27.1,&quot;feelslike&quot;:30.1,&quot;humidity&quot;:82.19,&quot;dew&quot;:23.8,&quot;precip&quot;:0.0,&quot;precipprob&quot;:0.0,&quot;snow&quot;:0.0,&quot;snowdepth&quot;:0.0,&quot;preciptype&quot;:null,&quot;windgust&quot;:30.6,&quot;windspeed&quot;:15.1,&quot;winddir&quot;:80.8,&quot;pressure&quot;:1005.0,&quot;visibility&quot;:24.1,&quot;cloudcover&quot;:100.0,&quot;solarradiation&quot;:218.0,&quot;solarenergy&quot;:0.8,&quot;uvindex&quot;:2.0,&quot;severerisk&quot;:10.0,&quot;conditions&quot;:&quot;Overcast&quot;,&quot;icon&quot;:&quot;cloudy&quot;,&quot;stations&quot;:[&quot;remote&quot;],&quot;source&quot;:&quot;obs&quot;},{&quot;datetime&quot;:&quot;09:00:00&quot;,&quot;datetimeEpoch&quot;:1690083000,&quot;temp&quot;:28.6,&quot;feelslike&quot;:32.5,&quot;humidity&quot;:74.39,&quot;dew&quot;:23.6,&quot;precip&quot;:0.0,&quot;precipprob&quot;:0.0,&quot;snow&quot;:0.0,&quot;snowdepth&quot;:0.0,&quot;preciptype&quot;:null,&quot;windgust&quot;:28.8,&quot;windspeed&quot;:18.0,&quot;winddir&quot;:91.7,&quot;pressure&quot;:1006.0,&quot;visibility&quot;:24.1,&quot;cloudcover&quot;:96.3,&quot;solarradiation&quot;:415.0,&quot;solarenergy&quot;:1.5,&quot;uvindex&quot;:4.0,&quot;severerisk&quot;:30.0,&quot;conditions&quot;:&quot;Overcast&quot;,&quot;icon&quot;:&quot;cloudy&quot;,&quot;stations&quot;:[&quot;remote&quot;],&quot;source&quot;:&quot;obs&quot;},{&quot;datetime&quot;:&quot;10:00:00&quot;,&quot;datetimeEpoch&quot;:1690086600,&quot;temp&quot;:30.4,&quot;feelslike&quot;:35.2,&quot;humidity&quot;:67.05,&quot;dew&quot;:23.6,&quot;precip&quot;:0.0,&quot;precipprob&quot;:0.0,&quot;snow&quot;:0.0,&quot;snowdepth&quot;:0.0,&quot;preciptype&quot;:null,&quot;windgust&quot;:26.6,&quot;windspeed&quot;:19.1,&quot;winddir&quot;:95.4,&quot;pressure&quot;:1005.0,&quot;visibility&quot;:24.1,&quot;cloudcover&quot;:57.4,&quot;solarradiation&quot;:651.0,&quot;solarenergy&quot;:2.3,&quot;uvindex&quot;:7.0,&quot;severerisk&quot;:30.0,&quot;conditions&quot;:&quot;Partially cloudy&quot;,&quot;icon&quot;:&quot;partly-cloudy-day&quot;,&quot;stations&quot;:[&quot;remote&quot;],&quot;source&quot;:&quot;obs&quot;},{&quot;datetime&quot;:&quot;11:00:00&quot;,&quot;datetimeEpoch&quot;:1690090200,&quot;temp&quot;:31.5,&quot;feelslike&quot;:36.4,&quot;humidity&quot;:62.22,&quot;dew&quot;:23.4,&quot;precip&quot;:0.1,&quot;precipprob&quot;:100.0,&quot;snow&quot;:0.0,&quot;snowdepth&quot;:0.0,&quot;preciptype&quot;:[&quot;rain&quot;],&quot;windgust&quot;:25.6,&quot;windspeed&quot;:19.1,&quot;winddir&quot;:96.0,&quot;pressure&quot;:1005.0,&quot;visibility&quot;:24.1,&quot;cloudcover&quot;:81.2,&quot;solarradiation&quot;:705.0,&quot;solarenergy&quot;:2.5,&quot;uvindex&quot;:7.0,&quot;severerisk&quot;:30.0,&quot;conditions&quot;:&quot;Rain, Partially cloudy&quot;,&quot;icon&quot;:&quot;rain&quot;,&quot;stations&quot;:[&quot;remote&quot;],&quot;source&quot;:&quot;obs&quot;},{&quot;datetime&quot;:&quot;12:00:00&quot;,&quot;datetimeEpoch&quot;:1690093800,&quot;temp&quot;:31.8,&quot;feelslike&quot;:36.8,&quot;humidity&quot;:61.17,&quot;dew&quot;:23.4,&quot;precip&quot;:0.1,&quot;precipprob&quot;:100.0,&quot;snow&quot;:0.0,&quot;snowdepth&quot;:0.0,&quot;preciptype&quot;:[&quot;rain&quot;],&quot;windgust&quot;:25.2,&quot;windspeed&quot;:18.0,&quot;winddir&quot;:97.4,&quot;pressure&quot;:1004.0,&quot;visibility&quot;:18.3,&quot;cloudcover&quot;:95.2,&quot;solarradiation&quot;:669.0,&quot;solarenergy&quot;:2.4,&quot;uvindex&quot;:7.0,&quot;severerisk&quot;:30.0,&quot;conditions&quot;:&quot;Rain, Overcast&quot;,&quot;icon&quot;:&quot;rain&quot;,&quot;stations&quot;:[&quot;remote&quot;],&quot;source&quot;:&quot;obs&quot;},{&quot;datetime&quot;:&quot;13:00:00&quot;,&quot;datetimeEpoch&quot;:1690097400,&quot;temp&quot;:31.4,&quot;feelslike&quot;:36.3,&quot;humidity&quot;:62.57,&quot;dew&quot;:23.4,&quot;precip&quot;:0.2,&quot;precipprob&quot;:100.0,&quot;snow&quot;:0.0,&quot;snowdepth&quot;:0.0,&quot;preciptype&quot;:[&quot;rain&quot;],&quot;windgust&quot;:24.5,&quot;windspeed&quot;:17.6,&quot;winddir&quot;:101.6,&quot;pressure&quot;:1003.0,&quot;visibility&quot;:23.4,&quot;cloudcover&quot;:96.0,&quot;solarradiation&quot;:484.0,&quot;solarenergy&quot;:1.7,&quot;uvindex&quot;:5.0,&quot;severerisk&quot;:30.0,&quot;conditions&quot;:&quot;Rain, Overcast&quot;,&quot;icon&quot;:&quot;rain&quot;,&quot;stations&quot;:[&quot;remote&quot;],&quot;source&quot;:&quot;obs&quot;},{&quot;datetime&quot;:&quot;14:00:00&quot;,&quot;datetimeEpoch&quot;:1690101000,&quot;temp&quot;:31.1,&quot;feelslike&quot;:36.2,&quot;humidity&quot;:64.81,&quot;dew&quot;:23.7,&quot;precip&quot;:0.1,&quot;precipprob&quot;:100.0,&quot;snow&quot;:0.0,&quot;snowdepth&quot;:0.0,&quot;preciptype&quot;:[&quot;rain&quot;],&quot;windgust&quot;:22.7,&quot;windspeed&quot;:15.1,&quot;winddir&quot;:106.8,&quot;pressure&quot;:1002.0,&quot;visibility&quot;:24.1,&quot;cloudcover&quot;:55.1,&quot;solarradiation&quot;:382.0,&quot;solarenergy&quot;:1.4,&quot;uvindex&quot;:4.0,&quot;severerisk&quot;:30.0,&quot;conditions&quot;:&quot;Rain, Partially cloudy&quot;,&quot;icon&quot;:&quot;rain&quot;,&quot;stations&quot;:[&quot;remote&quot;],&quot;source&quot;:&quot;obs&quot;},{&quot;datetime&quot;:&quot;15:00:00&quot;,&quot;datetimeEpoch&quot;:1690104600,&quot;temp&quot;:32.6,&quot;feelslike&quot;:38.2,&quot;humidity&quot;:59.53,&quot;dew&quot;:23.7,&quot;precip&quot;:0.3,&quot;precipprob&quot;:100.0,&quot;snow&quot;:0.0,&quot;snowdepth&quot;:0.0,&quot;preciptype&quot;:[&quot;rain&quot;],&quot;windgust&quot;:22.0,&quot;windspeed&quot;:15.8,&quot;winddir&quot;:114.2,&quot;pressure&quot;:1001.0,&quot;visibility&quot;:24.1,&quot;cloudcover&quot;:55.2,&quot;solarradiation&quot;:765.0,&quot;solarenergy&quot;:2.8,&quot;uvindex&quot;:8.0,&quot;severerisk&quot;:30.0,&quot;conditions&quot;:&quot;Rain, Partially cloudy&quot;,&quot;icon&quot;:&quot;rain&quot;,&quot;stations&quot;:[&quot;remote&quot;],&quot;source&quot;:&quot;obs&quot;},{&quot;datetime&quot;:&quot;16:00:00&quot;,&quot;datetimeEpoch&quot;:1690108200,&quot;temp&quot;:32.0,&quot;feelslike&quot;:37.7,&quot;humidity&quot;:62.33,&quot;dew&quot;:23.9,&quot;precip&quot;:0.5,&quot;precipprob&quot;:100.0,&quot;snow&quot;:0.0,&quot;snowdepth&quot;:0.0,&quot;preciptype&quot;:[&quot;rain&quot;],&quot;windgust&quot;:20.9,&quot;windspeed&quot;:15.1,&quot;winddir&quot;:112.9,&quot;pressure&quot;:1001.0,&quot;visibility&quot;:24.1,&quot;cloudcover&quot;:99.8,&quot;solarradiation&quot;:581.0,&quot;solarenergy&quot;:2.1,&quot;uvindex&quot;:6.0,&quot;severerisk&quot;:60.0,&quot;conditions&quot;:&quot;Rain, Overcast&quot;,&quot;icon&quot;:&quot;rain&quot;,&quot;stations&quot;:[&quot;remote&quot;],&quot;source&quot;:&quot;obs&quot;},{&quot;datetime&quot;:&quot;17:00:00&quot;,&quot;datetimeEpoch&quot;:1690111800,&quot;temp&quot;:30.7,&quot;feelslike&quot;:36.1,&quot;humidity&quot;:67.93,&quot;dew&quot;:24.1,&quot;precip&quot;:0.6,&quot;precipprob&quot;:100.0,&quot;snow&quot;:0.0,&quot;snowdepth&quot;:0.0,&quot;preciptype&quot;:[&quot;rain&quot;],&quot;windgust&quot;:23.0,&quot;windspeed&quot;:14.0,&quot;winddir&quot;:123.9,&quot;pressure&quot;:1001.0,&quot;visibility&quot;:7.7,&quot;cloudcover&quot;:99.8,&quot;solarradiation&quot;:359.0,&quot;solarenergy&quot;:1.3,&quot;uvindex&quot;:4.0,&quot;severerisk&quot;:30.0,&quot;conditions&quot;:&quot;Rain, Overcast&quot;,&quot;icon&quot;:&quot;rain&quot;,&quot;stations&quot;:[&quot;remote&quot;],&quot;source&quot;:&quot;obs&quot;},{&quot;datetime&quot;:&quot;18:00:00&quot;,&quot;datetimeEpoch&quot;:1690115400,&quot;temp&quot;:29.4,&quot;feelslike&quot;:34.1,&quot;humidity&quot;:72.76,&quot;dew&quot;:24.0,&quot;precip&quot;:1.0,&quot;precipprob&quot;:95.2,&quot;snow&quot;:0.0,&quot;snowdepth&quot;:0.0,&quot;preciptype&quot;:[&quot;rain&quot;],&quot;windgust&quot;:26.3,&quot;windspeed&quot;:13.0,&quot;winddir&quot;:131.5,&quot;pressure&quot;:1001.0,&quot;visibility&quot;:24.1,&quot;cloudcover&quot;:96.3,&quot;solarradiation&quot;:249.0,&quot;solarenergy&quot;:0.9,&quot;uvindex&quot;:2.0,&quot;severerisk&quot;:30.0,&quot;conditions&quot;:&quot;Rain, Overcast&quot;,&quot;icon&quot;:&quot;rain&quot;,&quot;stations&quot;:null,&quot;source&quot;:&quot;fcst&quot;},{&quot;datetime&quot;:&quot;19:00:00&quot;,&quot;datetimeEpoch&quot;:1690119000,&quot;temp&quot;:27.5,&quot;feelslike&quot;:30.8,&quot;humidity&quot;:80.28,&quot;dew&quot;:23.8,&quot;precip&quot;:0.3,&quot;precipprob&quot;:33.3,&quot;snow&quot;:0.0,&quot;snowdepth&quot;:0.0,&quot;preciptype&quot;:[&quot;rain&quot;],&quot;windgust&quot;:26.6,&quot;windspeed&quot;:10.8,&quot;winddir&quot;:136.8,&quot;pressure&quot;:1002.0,&quot;visibility&quot;:24.1,&quot;cloudcover&quot;:9.3,&quot;solarradiation&quot;:49.0,&quot;solarenergy&quot;:0.2,&quot;uvindex&quot;:0.0,&quot;severerisk&quot;:30.0,&quot;conditions&quot;:&quot;Clear&quot;,&quot;icon&quot;:&quot;clear-night&quot;,&quot;stations&quot;:null,&quot;source&quot;:&quot;fcst&quot;},{&quot;datetime&quot;:&quot;20:00:00&quot;,&quot;datetimeEpoch&quot;:1690122600,&quot;temp&quot;:26.7,&quot;feelslike&quot;:26.7,&quot;humidity&quot;:82.64,&quot;dew&quot;:23.5,&quot;precip&quot;:0.1,&quot;precipprob&quot;:33.3,&quot;snow&quot;:0.0,&quot;snowdepth&quot;:0.0,&quot;preciptype&quot;:[&quot;rain&quot;],&quot;windgust&quot;:32.4,&quot;windspeed&quot;:11.5,&quot;winddir&quot;:140.8,&quot;pressure&quot;:1003.0,&quot;visibility&quot;:24.1,&quot;cloudcover&quot;:5.9,&quot;solarradiation&quot;:0.0,&quot;solarenergy&quot;:0.0,&quot;uvindex&quot;:0.0,&quot;severerisk&quot;:10.0,&quot;conditions&quot;:&quot;Clear&quot;,&quot;icon&quot;:&quot;clear-night&quot;,&quot;stations&quot;:null,&quot;source&quot;:&quot;fcst&quot;},{&quot;datetime&quot;:&quot;21:00:00&quot;,&quot;datetimeEpoch&quot;:1690126200,&quot;temp&quot;:26.3,&quot;feelslike&quot;:26.3,&quot;humidity&quot;:83.59,&quot;dew&quot;:23.3,&quot;precip&quot;:0.0,&quot;precipprob&quot;:33.3,&quot;snow&quot;:0.0,&quot;snowdepth&quot;:0.0,&quot;preciptype&quot;:null,&quot;windgust&quot;:37.1,&quot;windspeed&quot;:12.6,&quot;winddir&quot;:140.4,&quot;pressure&quot;:1004.0,&quot;visibility&quot;:24.1,&quot;cloudcover&quot;:0.0,&quot;solarradiation&quot;:0.0,&quot;solarenergy&quot;:0.0,&quot;uvindex&quot;:0.0,&quot;severerisk&quot;:10.0,&quot;conditions&quot;:&quot;Clear&quot;,&quot;icon&quot;:&quot;clear-night&quot;,&quot;stations&quot;:null,&quot;source&quot;:&quot;fcst&quot;},{&quot;datetime&quot;:&quot;22:00:00&quot;,&quot;datetimeEpoch&quot;:1690129800,&quot;temp&quot;:26.0,&quot;feelslike&quot;:26.0,&quot;humidity&quot;:85.09,&quot;dew&quot;:23.3,&quot;precip&quot;:0.0,&quot;precipprob&quot;:33.3,&quot;snow&quot;:0.0,&quot;snowdepth&quot;:0.0,&quot;preciptype&quot;:null,&quot;windgust&quot;:34.2,&quot;windspeed&quot;:11.9,&quot;winddir&quot;:134.7,&quot;pressure&quot;:1004.0,&quot;visibility&quot;:24.1,&quot;cloudcover&quot;:3.5,&quot;solarradiation&quot;:0.0,&quot;solarenergy&quot;:0.0,&quot;uvindex&quot;:0.0,&quot;severerisk&quot;:10.0,&quot;conditions&quot;:&quot;Clear&quot;,&quot;icon&quot;:&quot;clear-night&quot;,&quot;stations&quot;:null,&quot;source&quot;:&quot;fcst&quot;},{&quot;datetime&quot;:&quot;23:00:00&quot;,&quot;datetimeEpoch&quot;:1690133400,&quot;temp&quot;:25.6,&quot;feelslike&quot;:25.6,&quot;humidity&quot;:87.66,&quot;dew&quot;:23.4,&quot;precip&quot;:0.0,&quot;precipprob&quot;:33.3,&quot;snow&quot;:0.0,&quot;snowdepth&quot;:0.0,&quot;preciptype&quot;:null,&quot;windgust&quot;:28.8,&quot;windspeed&quot;:10.4,&quot;winddir&quot;:132.4,&quot;pressure&quot;:1004.0,&quot;visibility&quot;:24.1,&quot;cloudcover&quot;:5.0,&quot;solarradiation&quot;:0.0,&quot;solarenergy&quot;:0.0,&quot;uvindex&quot;:0.0,&quot;severerisk&quot;:10.0,&quot;conditions&quot;:&quot;Clear&quot;,&quot;icon&quot;:&quot;clear-night&quot;,&quot;stations&quot;:null,&quot;source&quot;:&quot;fcst&quot;}]},{&quot;datetime&quot;:&quot;2023-07-24&quot;,&quot;datetimeEpoch&quot;:1690137000,&quot;tempmax&quot;:33.0,&quot;tempmin&quot;:23.6,&quot;temp&quot;:27.9,&quot;feelslikemax&quot;:37.3,&quot;feelslikemin&quot;:23.6,&quot;feelslike&quot;:30.1,&quot;dew&quot;:23.0,&quot;humidity&quot;:76.3,&quot;precip&quot;:0.1,&quot;precipprob&quot;:33.3,&quot;precipcover&quot;:4.17,&quot;preciptype&quot;:[&quot;rain&quot;],&quot;snow&quot;:0.0,&quot;snowdepth&quot;:0.0,&quot;windgust&quot;:33.5,&quot;windspeed&quot;:14.8,&quot;winddir&quot;:93.3,&quot;pressure&quot;:1002.4,&quot;cloudcover&quot;:51.9,&quot;visibility&quot;:24.1,&quot;solarradiation&quot;:219.3,&quot;solarenergy&quot;:18.9,&quot;uvindex&quot;:7.0,&quot;severerisk&quot;:30.0,&quot;sunrise&quot;:&quot;05:17:19&quot;,&quot;sunriseEpoch&quot;:1690156039,&quot;sunset&quot;:&quot;18:34:03&quot;,&quot;sunsetEpoch&quot;:1690203843,&quot;moonphase&quot;:0.22,&quot;conditions&quot;:&quot;Partially cloudy&quot;,&quot;description&quot;:&quot;Partly cloudy throughout the day with storms possible.&quot;,&quot;icon&quot;:&quot;partly-cloudy-day&quot;,&quot;stations&quot;:null,&quot;source&quot;:&quot;fcst&quot;,&quot;hours&quot;:[{&quot;datetime&quot;:&quot;00:00:00&quot;,&quot;datetimeEpoch&quot;:1690137000,&quot;temp&quot;:25.1,&quot;feelslike&quot;:25.1,&quot;humidity&quot;:89.76,&quot;dew&quot;:23.3,&quot;precip&quot;:0.0,&quot;precipprob&quot;:33.3,&quot;snow&quot;:0.0,&quot;snowdepth&quot;:0.0,&quot;preciptype&quot;:null,&quot;windgust&quot;:22.0,&quot;windspeed&quot;:7.9,&quot;winddir&quot;:123.4,&quot;pressure&quot;:1004.0,&quot;visibility&quot;:24.1,&quot;cloudcover&quot;:5.0,&quot;solarradiation&quot;:0.0,&quot;solarenergy&quot;:0.0,&quot;uvindex&quot;:0.0,&quot;severerisk&quot;:10.0,&quot;conditions&quot;:&quot;Clear&quot;,&quot;icon&quot;:&quot;clear-night&quot;,&quot;stations&quot;:null,&quot;source&quot;:&quot;fcst&quot;},{&quot;datetime&quot;:&quot;01:00:00&quot;,&quot;datetimeEpoch&quot;:1690140600,&quot;temp&quot;:24.8,&quot;feelslike&quot;:24.8,&quot;humidity&quot;:91.94,&quot;dew&quot;:23.4,&quot;precip&quot;:0.0,&quot;precipprob&quot;:4.8,&quot;snow&quot;:0.0,&quot;snowdepth&quot;:0.0,&quot;preciptype&quot;:null,&quot;windgust&quot;:11.9,&quot;windspeed&quot;:5.8,&quot;winddir&quot;:104.2,&quot;pressure&quot;:1003.0,&quot;visibility&quot;:24.1,&quot;cloudcover&quot;:30.2,&quot;solarradiation&quot;:0.0,&quot;solarenergy&quot;:0.0,&quot;uvindex&quot;:0.0,&quot;severerisk&quot;:10.0,&quot;conditions&quot;:&quot;Partially cloudy&quot;,&quot;icon&quot;:&quot;partly-cloudy-night&quot;,&quot;stations&quot;:null,&quot;source&quot;:&quot;fcst&quot;},{&quot;datetime&quot;:&quot;02:00:00&quot;,&quot;datetimeEpoch&quot;:1690144200,&quot;temp&quot;:24.4,&quot;feelslike&quot;:24.4,&quot;humidity&quot;:93.6,&quot;dew&quot;:23.3,&quot;precip&quot;:0.0,&quot;precipprob&quot;:4.8,&quot;snow&quot;:0.0,&quot;snowdepth&quot;:0.0,&quot;preciptype&quot;:null,&quot;windgust&quot;:7.6,&quot;windspeed&quot;:5.0,&quot;winddir&quot;:87.2,&quot;pressure&quot;:1003.0,&quot;visibility&quot;:24.1,&quot;cloudcover&quot;:80.9,&quot;solarradiation&quot;:0.0,&quot;solarenergy&quot;:0.0,&quot;uvindex&quot;:0.0,&quot;severerisk&quot;:10.0,&quot;conditions&quot;:&quot;Partially cloudy&quot;,&quot;icon&quot;:&quot;partly-cloudy-night&quot;,&quot;stations&quot;:null,&quot;source&quot;:&quot;fcst&quot;},{&quot;datetime&quot;:&quot;03:00:00&quot;,&quot;datetimeEpoch&quot;:1690147800,&quot;temp&quot;:24.1,&quot;feelslike&quot;:24.1,&quot;humidity&quot;:95.3,&quot;dew&quot;:23.3,&quot;precip&quot;:0.0,&quot;precipprob&quot;:4.8,&quot;snow&quot;:0.0,&quot;snowdepth&quot;:0.0,&quot;preciptype&quot;:null,&quot;windgust&quot;:5.8,&quot;windspeed&quot;:5.0,&quot;winddir&quot;:77.0,&quot;pressure&quot;:1003.0,&quot;visibility&quot;:24.1,&quot;cloudcover&quot;:100.0,&quot;solarradiation&quot;:0.0,&quot;solarenergy&quot;:0.0,&quot;uvindex&quot;:0.0,&quot;severerisk&quot;:10.0,&quot;conditions&quot;:&quot;Overcast&quot;,&quot;icon&quot;:&quot;cloudy&quot;,&quot;stations&quot;:null,&quot;source&quot;:&quot;fcst&quot;},{&quot;datetime&quot;:&quot;04:00:00&quot;,&quot;datetimeEpoch&quot;:1690151400,&quot;temp&quot;:23.9,&quot;feelslike&quot;:23.9,&quot;humidity&quot;:95.87,&quot;dew&quot;:23.2,&quot;precip&quot;:0.0,&quot;precipprob&quot;:4.8,&quot;snow&quot;:0.0,&quot;snowdepth&quot;:0.0,&quot;preciptype&quot;:null,&quot;windgust&quot;:5.8,&quot;windspeed&quot;:5.0,&quot;winddir&quot;:72.2,&quot;pressure&quot;:1003.0,&quot;visibility&quot;:24.1,&quot;cloudcover&quot;:84.5,&quot;solarradiation&quot;:0.0,&quot;solarenergy&quot;:0.0,&quot;uvindex&quot;:0.0,&quot;severerisk&quot;:10.0,&quot;conditions&quot;:&quot;Partially cloudy&quot;,&quot;icon&quot;:&quot;partly-cloudy-night&quot;,&quot;stations&quot;:null,&quot;source&quot;:&quot;fcst&quot;},{&quot;datetime&quot;:&quot;05:00:00&quot;,&quot;datetimeEpoch&quot;:1690155000,&quot;temp&quot;:23.6,&quot;feelslike&quot;:23.6,&quot;humidity&quot;:97.61,&quot;dew&quot;:23.2,&quot;precip&quot;:0.0,&quot;precipprob&quot;:4.8,&quot;snow&quot;:0.0,&quot;snowdepth&quot;:0.0,&quot;preciptype&quot;:null,&quot;windgust&quot;:5.8,&quot;windspeed&quot;:5.0,&quot;winddir&quot;:71.9,&quot;pressure&quot;:1002.0,&quot;visibility&quot;:24.1,&quot;cloudcover&quot;:18.6,&quot;solarradiation&quot;:0.0,&quot;solarenergy&quot;:0.0,&quot;uvindex&quot;:0.0,&quot;severerisk&quot;:10.0,&quot;conditions&quot;:&quot;Clear&quot;,&quot;icon&quot;:&quot;clear-night&quot;,&quot;stations&quot;:null,&quot;source&quot;:&quot;fcst&quot;},{&quot;datetime&quot;:&quot;06:00:00&quot;,&quot;datetimeEpoch&quot;:1690158600,&quot;temp&quot;:23.6,&quot;feelslike&quot;:23.6,&quot;humidity&quot;:97.61,&quot;dew&quot;:23.2,&quot;precip&quot;:0.0,&quot;precipprob&quot;:4.8,&quot;snow&quot;:0.0,&quot;snowdepth&quot;:0.0,&quot;preciptype&quot;:null,&quot;windgust&quot;:7.9,&quot;windspeed&quot;:5.8,&quot;winddir&quot;:75.5,&quot;pressure&quot;:1003.0,&quot;visibility&quot;:24.1,&quot;cloudcover&quot;:40.6,&quot;solarradiation&quot;:1.0,&quot;solarenergy&quot;:0.0,&quot;uvindex&quot;:0.0,&quot;severerisk&quot;:10.0,&quot;conditions&quot;:&quot;Partially cloudy&quot;,&quot;icon&quot;:&quot;partly-cloudy-day&quot;,&quot;stations&quot;:null,&quot;source&quot;:&quot;fcst&quot;},{&quot;datetime&quot;:&quot;07:00:00&quot;,&quot;datetimeEpoch&quot;:1690162200,&quot;temp&quot;:25.2,&quot;feelslike&quot;:25.2,&quot;humidity&quot;:90.31,&quot;dew&quot;:23.5,&quot;precip&quot;:0.0,&quot;precipprob&quot;:0.0,&quot;snow&quot;:0.0,&quot;snowdepth&quot;:0.0,&quot;preciptype&quot;:null,&quot;windgust&quot;:14.4,&quot;windspeed&quot;:6.5,&quot;winddir&quot;:90.4,&quot;pressure&quot;:1003.0,&quot;visibility&quot;:24.1,&quot;cloudcover&quot;:19.7,&quot;solarradiation&quot;:88.0,&quot;solarenergy&quot;:0.3,&quot;uvindex&quot;:1.0,&quot;severerisk&quot;:10.0,&quot;conditions&quot;:&quot;Clear&quot;,&quot;icon&quot;:&quot;clear-day&quot;,&quot;stations&quot;:null,&quot;source&quot;:&quot;fcst&quot;},{&quot;datetime&quot;:&quot;08:00:00&quot;,&quot;datetimeEpoch&quot;:1690165800,&quot;temp&quot;:27.1,&quot;feelslike&quot;:29.9,&quot;humidity&quot;:80.23,&quot;dew&quot;:23.4,&quot;precip&quot;:0.0,&quot;precipprob&quot;:0.0,&quot;snow&quot;:0.0,&quot;snowdepth&quot;:0.0,&quot;preciptype&quot;:null,&quot;windgust&quot;:15.5,&quot;windspeed&quot;:9.4,&quot;winddir&quot;:104.6,&quot;pressure&quot;:1004.0,&quot;visibility&quot;:24.1,&quot;cloudcover&quot;:49.0,&quot;solarradiation&quot;:305.0,&quot;solarenergy&quot;:1.1,&quot;uvindex&quot;:3.0,&quot;severerisk&quot;:10.0,&quot;conditions&quot;:&quot;Partially cloudy&quot;,&quot;icon&quot;:&quot;partly-cloudy-day&quot;,&quot;stations&quot;:null,&quot;source&quot;:&quot;fcst&quot;},{&quot;datetime&quot;:&quot;09:00:00&quot;,&quot;datetimeEpoch&quot;:1690169400,&quot;temp&quot;:28.6,&quot;feelslike&quot;:32.1,&quot;humidity&quot;:72.18,&quot;dew&quot;:23.1,&quot;precip&quot;:0.0,&quot;precipprob&quot;:0.0,&quot;snow&quot;:0.0,&quot;snowdepth&quot;:0.0,&quot;preciptype&quot;:null,&quot;windgust&quot;:15.1,&quot;windspeed&quot;:10.4,&quot;winddir&quot;:120.8,&quot;pressure&quot;:1004.0,&quot;visibility&quot;:24.1,&quot;cloudcover&quot;:90.6,&quot;solarradiation&quot;:474.0,&quot;solarenergy&quot;:1.7,&quot;uvindex&quot;:5.0,&quot;severerisk&quot;:10.0,&quot;conditions&quot;:&quot;Overcast&quot;,&quot;icon&quot;:&quot;cloudy&quot;,&quot;stations&quot;:null,&quot;source&quot;:&quot;fcst&quot;},{&quot;datetime&quot;:&quot;10:00:00&quot;,&quot;datetimeEpoch&quot;:1690173000,&quot;temp&quot;:30.0,&quot;feelslike&quot;:33.9,&quot;humidity&quot;:65.37,&quot;dew&quot;:22.8,&quot;precip&quot;:0.0,&quot;precipprob&quot;:0.0,&quot;snow&quot;:0.0,&quot;snowdepth&quot;:0.0,&quot;preciptype&quot;:[&quot;rain&quot;],&quot;windgust&quot;:15.1,&quot;windspeed&quot;:11.2,&quot;winddir&quot;:122.7,&quot;pressure&quot;:1004.0,&quot;visibility&quot;:24.1,&quot;cloudcover&quot;:63.8,&quot;solarradiation&quot;:602.0,&quot;solarenergy&quot;:2.2,&quot;uvindex&quot;:6.0,&quot;severerisk&quot;:10.0,&quot;conditions&quot;:&quot;Partially cloudy&quot;,&quot;icon&quot;:&quot;partly-cloudy-day&quot;,&quot;stations&quot;:null,&quot;source&quot;:&quot;fcst&quot;},{&quot;datetime&quot;:&quot;11:00:00&quot;,&quot;datetimeEpoch&quot;:1690176600,&quot;temp&quot;:31.0,&quot;feelslike&quot;:35.0,&quot;humidity&quot;:60.99,&quot;dew&quot;:22.6,&quot;precip&quot;:0.0,&quot;precipprob&quot;:0.0,&quot;snow&quot;:0.0,&quot;snowdepth&quot;:0.0,&quot;preciptype&quot;:[&quot;rain&quot;],&quot;windgust&quot;:13.7,&quot;windspeed&quot;:10.4,&quot;winddir&quot;:116.0,&quot;pressure&quot;:1004.0,&quot;visibility&quot;:24.1,&quot;cloudcover&quot;:96.2,&quot;solarradiation&quot;:665.0,&quot;solarenergy&quot;:2.4,&quot;uvindex&quot;:7.0,&quot;severerisk&quot;:10.0,&quot;conditions&quot;:&quot;Overcast&quot;,&quot;icon&quot;:&quot;cloudy&quot;,&quot;stations&quot;:null,&quot;source&quot;:&quot;fcst&quot;},{&quot;datetime&quot;:&quot;12:00:00&quot;,&quot;datetimeEpoch&quot;:1690180200,&quot;temp&quot;:31.0,&quot;feelslike&quot;:34.8,&quot;humidity&quot;:60.25,&quot;dew&quot;:22.4,&quot;precip&quot;:0.1,&quot;precipprob&quot;:0.0,&quot;snow&quot;:0.0,&quot;snowdepth&quot;:0.0,&quot;preciptype&quot;:[&quot;rain&quot;],&quot;windgust&quot;:13.0,&quot;windspeed&quot;:10.8,&quot;winddir&quot;:94.6,&quot;pressure&quot;:1003.0,&quot;visibility&quot;:24.1,&quot;cloudcover&quot;:92.1,&quot;solarradiation&quot;:496.0,&quot;solarenergy&quot;:1.8,&quot;uvindex&quot;:5.0,&quot;severerisk&quot;:10.0,&quot;conditions&quot;:&quot;Overcast&quot;,&quot;icon&quot;:&quot;cloudy&quot;,&quot;stations&quot;:null,&quot;source&quot;:&quot;fcst&quot;},{&quot;datetime&quot;:&quot;13:00:00&quot;,&quot;datetimeEpoch&quot;:1690183800,&quot;temp&quot;:31.0,&quot;feelslike&quot;:35.0,&quot;humidity&quot;:60.99,&quot;dew&quot;:22.6,&quot;precip&quot;:0.0,&quot;precipprob&quot;:19.0,&quot;snow&quot;:0.0,&quot;snowdepth&quot;:0.0,&quot;preciptype&quot;:null,&quot;windgust&quot;:13.0,&quot;windspeed&quot;:10.8,&quot;winddir&quot;:91.7,&quot;pressure&quot;:1002.0,&quot;visibility&quot;:24.1,&quot;cloudcover&quot;:72.3,&quot;solarradiation&quot;:419.0,&quot;solarenergy&quot;:1.5,&quot;uvindex&quot;:4.0,&quot;severerisk&quot;:10.0,&quot;conditions&quot;:&quot;Partially cloudy&quot;,&quot;icon&quot;:&quot;partly-cloudy-day&quot;,&quot;stations&quot;:null,&quot;source&quot;:&quot;fcst&quot;},{&quot;datetime&quot;:&quot;14:00:00&quot;,&quot;datetimeEpoch&quot;:1690187400,&quot;temp&quot;:31.9,&quot;feelslike&quot;:36.1,&quot;humidity&quot;:57.95,&quot;dew&quot;:22.6,&quot;precip&quot;:0.0,&quot;precipprob&quot;:19.0,&quot;snow&quot;:0.0,&quot;snowdepth&quot;:0.0,&quot;preciptype&quot;:null,&quot;windgust&quot;:13.7,&quot;windspeed&quot;:10.8,&quot;winddir&quot;:87.6,&quot;pressure&quot;:1001.0,&quot;visibility&quot;:24.1,&quot;cloudcover&quot;:37.3,&quot;solarradiation&quot;:585.0,&quot;solarenergy&quot;:2.1,&quot;uvindex&quot;:6.0,&quot;severerisk&quot;:30.0,&quot;conditions&quot;:&quot;Partially cloudy&quot;,&quot;icon&quot;:&quot;partly-cloudy-day&quot;,&quot;stations&quot;:null,&quot;source&quot;:&quot;fcst&quot;},{&quot;datetime&quot;:&quot;15:00:00&quot;,&quot;datetimeEpoch&quot;:1690191000,&quot;temp&quot;:33.0,&quot;feelslike&quot;:37.3,&quot;humidity&quot;:53.8,&quot;dew&quot;:22.4,&quot;precip&quot;:0.0,&quot;precipprob&quot;:19.0,&quot;snow&quot;:0.0,&quot;snowdepth&quot;:0.0,&quot;preciptype&quot;:null,&quot;windgust&quot;:15.8,&quot;windspeed&quot;:12.6,&quot;winddir&quot;:79.3,&quot;pressure&quot;:1000.0,&quot;visibility&quot;:24.1,&quot;cloudcover&quot;:59.9,&quot;solarradiation&quot;:708.0,&quot;solarenergy&quot;:2.5,&quot;uvindex&quot;:7.0,&quot;severerisk&quot;:30.0,&quot;conditions&quot;:&quot;Partially cloudy&quot;,&quot;icon&quot;:&quot;partly-cloudy-day&quot;,&quot;stations&quot;:null,&quot;source&quot;:&quot;fcst&quot;},{&quot;datetime&quot;:&quot;16:00:00&quot;,&quot;datetimeEpoch&quot;:1690194600,&quot;temp&quot;:32.6,&quot;feelslike&quot;:36.9,&quot;humidity&quot;:55.36,&quot;dew&quot;:22.5,&quot;precip&quot;:0.0,&quot;precipprob&quot;:19.0,&quot;snow&quot;:0.0,&quot;snowdepth&quot;:0.0,&quot;preciptype&quot;:null,&quot;windgust&quot;:17.3,&quot;windspeed&quot;:14.8,&quot;winddir&quot;:81.7,&quot;pressure&quot;:1000.0,&quot;visibility&quot;:24.1,&quot;cloudcover&quot;:87.1,&quot;solarradiation&quot;:525.0,&quot;solarenergy&quot;:1.9,&quot;uvindex&quot;:5.0,&quot;severerisk&quot;:30.0,&quot;conditions&quot;:&quot;Partially cloudy&quot;,&quot;icon&quot;:&quot;partly-cloudy-day&quot;,&quot;stations&quot;:null,&quot;source&quot;:&quot;fcst&quot;},{&quot;datetime&quot;:&quot;17:00:00&quot;,&quot;datetimeEpoch&quot;:1690198200,&quot;temp&quot;:31.2,&quot;feelslike&quot;:35.6,&quot;humidity&quot;:61.78,&quot;dew&quot;:23.0,&quot;precip&quot;:0.0,&quot;precipprob&quot;:19.0,&quot;snow&quot;:0.0,&quot;snowdepth&quot;:0.0,&quot;preciptype&quot;:null,&quot;windgust&quot;:19.8,&quot;windspeed&quot;:12.2,&quot;winddir&quot;:84.4,&quot;pressure&quot;:1000.0,&quot;visibility&quot;:24.1,&quot;cloudcover&quot;:80.2,&quot;solarradiation&quot;:224.0,&quot;solarenergy&quot;:0.8,&quot;uvindex&quot;:2.0,&quot;severerisk&quot;:30.0,&quot;conditions&quot;:&quot;Partially cloudy&quot;,&quot;icon&quot;:&quot;partly-cloudy-day&quot;,&quot;stations&quot;:null,&quot;source&quot;:&quot;fcst&quot;},{&quot;datetime&quot;:&quot;18:00:00&quot;,&quot;datetimeEpoch&quot;:1690201800,&quot;temp&quot;:30.4,&quot;feelslike&quot;:34.9,&quot;humidity&quot;:65.85,&quot;dew&quot;:23.3,&quot;precip&quot;:0.0,&quot;precipprob&quot;:19.0,&quot;snow&quot;:0.0,&quot;snowdepth&quot;:0.0,&quot;preciptype&quot;:null,&quot;windgust&quot;:23.0,&quot;windspeed&quot;:10.1,&quot;winddir&quot;:84.4,&quot;pressure&quot;:1000.0,&quot;visibility&quot;:24.1,&quot;cloudcover&quot;:61.7,&quot;solarradiation&quot;:129.0,&quot;solarenergy&quot;:0.5,&quot;uvindex&quot;:1.0,&quot;severerisk&quot;:30.0,&quot;conditions&quot;:&quot;Partially cloudy&quot;,&quot;icon&quot;:&quot;partly-cloudy-day&quot;,&quot;stations&quot;:null,&quot;source&quot;:&quot;fcst&quot;},{&quot;datetime&quot;:&quot;19:00:00&quot;,&quot;datetimeEpoch&quot;:1690205400,&quot;temp&quot;:29.0,&quot;feelslike&quot;:32.7,&quot;humidity&quot;:70.53,&quot;dew&quot;:23.1,&quot;precip&quot;:0.0,&quot;precipprob&quot;:9.5,&quot;snow&quot;:0.0,&quot;snowdepth&quot;:0.0,&quot;preciptype&quot;:null,&quot;windgust&quot;:28.4,&quot;windspeed&quot;:10.8,&quot;winddir&quot;:83.7,&quot;pressure&quot;:1001.0,&quot;visibility&quot;:24.1,&quot;cloudcover&quot;:17.5,&quot;solarradiation&quot;:41.0,&quot;solarenergy&quot;:0.1,&quot;uvindex&quot;:0.0,&quot;severerisk&quot;:30.0,&quot;conditions&quot;:&quot;Clear&quot;,&quot;icon&quot;:&quot;clear-night&quot;,&quot;stations&quot;:null,&quot;source&quot;:&quot;fcst&quot;},{&quot;datetime&quot;:&quot;20:00:00&quot;,&quot;datetimeEpoch&quot;:1690209000,&quot;temp&quot;:27.9,&quot;feelslike&quot;:30.9,&quot;humidity&quot;:74.28,&quot;dew&quot;:22.9,&quot;precip&quot;:0.0,&quot;precipprob&quot;:9.5,&quot;snow&quot;:0.0,&quot;snowdepth&quot;:0.0,&quot;preciptype&quot;:null,&quot;windgust&quot;:33.5,&quot;windspeed&quot;:11.9,&quot;winddir&quot;:92.1,&quot;pressure&quot;:1002.0,&quot;visibility&quot;:24.1,&quot;cloudcover&quot;:4.5,&quot;solarradiation&quot;:0.0,&quot;solarenergy&quot;:0.0,&quot;uvindex&quot;:0.0,&quot;severerisk&quot;:10.0,&quot;conditions&quot;:&quot;Clear&quot;,&quot;icon&quot;:&quot;clear-night&quot;,&quot;stations&quot;:null,&quot;source&quot;:&quot;fcst&quot;},{&quot;datetime&quot;:&quot;21:00:00&quot;,&quot;datetimeEpoch&quot;:1690212600,&quot;temp&quot;:27.2,&quot;feelslike&quot;:29.8,&quot;humidity&quot;:76.92,&quot;dew&quot;:22.8,&quot;precip&quot;:0.0,&quot;precipprob&quot;:9.5,&quot;snow&quot;:0.0,&quot;snowdepth&quot;:0.0,&quot;preciptype&quot;:null,&quot;windgust&quot;:33.5,&quot;windspeed&quot;:11.5,&quot;winddir&quot;:93.6,&quot;pressure&quot;:1002.0,&quot;visibility&quot;:24.1,&quot;cloudcover&quot;:5.0,&quot;solarradiation&quot;:0.0,&quot;solarenergy&quot;:0.0,&quot;uvindex&quot;:0.0,&quot;severerisk&quot;:10.0,&quot;conditions&quot;:&quot;Clear&quot;,&quot;icon&quot;:&quot;clear-night&quot;,&quot;stations&quot;:null,&quot;source&quot;:&quot;fcst&quot;},{&quot;datetime&quot;:&quot;22:00:00&quot;,&quot;datetimeEpoch&quot;:1690216200,&quot;temp&quot;:26.6,&quot;feelslike&quot;:26.6,&quot;humidity&quot;:79.2,&quot;dew&quot;:22.7,&quot;precip&quot;:0.0,&quot;precipprob&quot;:9.5,&quot;snow&quot;:0.0,&quot;snowdepth&quot;:0.0,&quot;preciptype&quot;:null,&quot;windgust&quot;:26.6,&quot;windspeed&quot;:9.0,&quot;winddir&quot;:94.1,&quot;pressure&quot;:1003.0,&quot;visibility&quot;:24.1,&quot;cloudcover&quot;:20.1,&quot;solarradiation&quot;:0.0,&quot;solarenergy&quot;:0.0,&quot;uvindex&quot;:0.0,&quot;severerisk&quot;:10.0,&quot;conditions&quot;:&quot;Partially cloudy&quot;,&quot;icon&quot;:&quot;partly-cloudy-night&quot;,&quot;stations&quot;:null,&quot;source&quot;:&quot;fcst&quot;},{&quot;datetime&quot;:&quot;23:00:00&quot;,&quot;datetimeEpoch&quot;:1690219800,&quot;temp&quot;:25.8,&quot;feelslike&quot;:25.8,&quot;humidity&quot;:83.03,&quot;dew&quot;:22.7,&quot;precip&quot;:0.0,&quot;precipprob&quot;:9.5,&quot;snow&quot;:0.0,&quot;snowdepth&quot;:0.0,&quot;preciptype&quot;:null,&quot;windgust&quot;:11.2,&quot;windspeed&quot;:6.5,&quot;winddir&quot;:85.2,&quot;pressure&quot;:1003.0,&quot;visibility&quot;:24.1,&quot;cloudcover&quot;:29.6,&quot;solarradiation&quot;:0.0,&quot;solarenergy&quot;:0.0,&quot;uvindex&quot;:0.0,&quot;severerisk&quot;:3.0,&quot;conditions&quot;:&quot;Partially cloudy&quot;,&quot;icon&quot;:&quot;partly-cloudy-night&quot;,&quot;stations&quot;:null,&quot;source&quot;:&quot;fcst&quot;}]},{&quot;datetime&quot;:&quot;2023-07-25&quot;,&quot;datetimeEpoch&quot;:1690223400,&quot;tempmax&quot;:32.9,&quot;tempmin&quot;:23.9,&quot;temp&quot;:28.1,&quot;feelslikemax&quot;:38.1,&quot;feelslikemin&quot;:23.9,&quot;feelslike&quot;:30.6,&quot;dew&quot;:23.1,&quot;humidity&quot;:75.5,&quot;precip&quot;:0.7,&quot;precipprob&quot;:23.8,&quot;precipcover&quot;:29.17,&quot;preciptype&quot;:[&quot;rain&quot;],&quot;snow&quot;:0.0,&quot;snowdepth&quot;:0.0,&quot;windgust&quot;:31.7,&quot;windspeed&quot;:18.4,&quot;winddir&quot;:75.2,&quot;pressure&quot;:1002.0,&quot;cloudcover&quot;:50.5,&quot;visibility&quot;:24.0,&quot;solarradiation&quot;:272.6,&quot;solarenergy&quot;:23.6,&quot;uvindex&quot;:8.0,&quot;severerisk&quot;:30.0,&quot;sunrise&quot;:&quot;05:17:44&quot;,&quot;sunriseEpoch&quot;:1690242464,&quot;sunset&quot;:&quot;18:33:40&quot;,&quot;sunsetEpoch&quot;:1690290220,&quot;moonphase&quot;:0.25,&quot;conditions&quot;:&quot;Partially cloudy&quot;,&quot;description&quot;:&quot;Partly cloudy throughout the day.&quot;,&quot;icon&quot;:&quot;partly-cloudy-day&quot;,&quot;stations&quot;:null,&quot;source&quot;:&quot;fcst&quot;,&quot;hours&quot;:[{&quot;datetime&quot;:&quot;00:00:00&quot;,&quot;datetimeEpoch&quot;:1690223400,&quot;temp&quot;:25.1,&quot;feelslike&quot;:25.1,&quot;humidity&quot;:85.52,&quot;dew&quot;:22.5,&quot;precip&quot;:0.0,&quot;precipprob&quot;:9.5,&quot;snow&quot;:0.0,&quot;snowdepth&quot;:0.0,&quot;preciptype&quot;:null,&quot;windgust&quot;:9.4,&quot;windspeed&quot;:6.5,&quot;winddir&quot;:73.5,&quot;pressure&quot;:1003.0,&quot;visibility&quot;:24.1,&quot;cloudcover&quot;:19.9,&quot;solarradiation&quot;:0.0,&quot;solarenergy&quot;:0.0,&quot;uvindex&quot;:0.0,&quot;severerisk&quot;:3.0,&quot;conditions&quot;:&quot;Clear&quot;,&quot;icon&quot;:&quot;clear-night&quot;,&quot;stations&quot;:null,&quot;source&quot;:&quot;fcst&quot;},{&quot;datetime&quot;:&quot;01:00:00&quot;,&quot;datetimeEpoch&quot;:1690227000,&quot;temp&quot;:24.7,&quot;feelslike&quot;:24.7,&quot;humidity&quot;:86.52,&quot;dew&quot;:22.3,&quot;precip&quot;:0.0,&quot;precipprob&quot;:0.0,&quot;snow&quot;:0.0,&quot;snowdepth&quot;:0.0,&quot;preciptype&quot;:null,&quot;windgust&quot;:10.1,&quot;windspeed&quot;:7.2,&quot;winddir&quot;:56.8,&quot;pressure&quot;:1003.0,&quot;visibility&quot;:24.1,&quot;cloudcover&quot;:35.0,&quot;solarradiation&quot;:0.0,&quot;solarenergy&quot;:0.0,&quot;uvindex&quot;:0.0,&quot;severerisk&quot;:3.0,&quot;conditions&quot;:&quot;Partially cloudy&quot;,&quot;icon&quot;:&quot;partly-cloudy-night&quot;,&quot;stations&quot;:null,&quot;source&quot;:&quot;fcst&quot;},{&quot;datetime&quot;:&quot;02:00:00&quot;,&quot;datetimeEpoch&quot;:1690230600,&quot;temp&quot;:24.4,&quot;feelslike&quot;:24.4,&quot;humidity&quot;:87.56,&quot;dew&quot;:22.2,&quot;precip&quot;:0.0,&quot;precipprob&quot;:0.0,&quot;snow&quot;:0.0,&quot;snowdepth&quot;:0.0,&quot;preciptype&quot;:null,&quot;windgust&quot;:12.6,&quot;windspeed&quot;:6.8,&quot;winddir&quot;:61.2,&quot;pressure&quot;:1002.0,&quot;visibility&quot;:24.1,&quot;cloudcover&quot;:33.7,&quot;solarradiation&quot;:0.0,&quot;solarenergy&quot;:0.0,&quot;uvindex&quot;:0.0,&quot;severerisk&quot;:5.0,&quot;conditions&quot;:&quot;Partially cloudy&quot;,&quot;icon&quot;:&quot;partly-cloudy-night&quot;,&quot;stations&quot;:null,&quot;source&quot;:&quot;fcst&quot;},{&quot;datetime&quot;:&quot;03:00:00&quot;,&quot;datetimeEpoch&quot;:1690234200,&quot;temp&quot;:24.1,&quot;feelslike&quot;:24.1,&quot;humidity&quot;:89.69,&quot;dew&quot;:22.3,&quot;precip&quot;:0.0,&quot;precipprob&quot;:0.0,&quot;snow&quot;:0.0,&quot;snowdepth&quot;:0.0,&quot;preciptype&quot;:null,&quot;windgust&quot;:13.0,&quot;windspeed&quot;:6.5,&quot;winddir&quot;:60.9,&quot;pressure&quot;:1002.0,&quot;visibility&quot;:24.1,&quot;cloudcover&quot;:40.1,&quot;solarradiation&quot;:0.0,&quot;solarenergy&quot;:0.0,&quot;uvindex&quot;:0.0,&quot;severerisk&quot;:5.0,&quot;conditions&quot;:&quot;Partially cloudy&quot;,&quot;icon&quot;:&quot;partly-cloudy-night&quot;,&quot;stations&quot;:null,&quot;source&quot;:&quot;fcst&quot;},{&quot;datetime&quot;:&quot;04:00:00&quot;,&quot;datetimeEpoch&quot;:1690237800,&quot;temp&quot;:23.9,&quot;feelslike&quot;:23.9,&quot;humidity&quot;:91.88,&quot;dew&quot;:22.5,&quot;precip&quot;:0.0,&quot;precipprob&quot;:0.0,&quot;snow&quot;:0.0,&quot;snowdepth&quot;:0.0,&quot;preciptype&quot;:null,&quot;windgust&quot;:12.6,&quot;windspeed&quot;:6.5,&quot;winddir&quot;:52.5,&quot;pressure&quot;:1002.0,&quot;visibility&quot;:24.1,&quot;cloudcover&quot;:100.0,&quot;solarradiation&quot;:0.0,&quot;solarenergy&quot;:0.0,&quot;uvindex&quot;:0.0,&quot;severerisk&quot;:3.0,&quot;conditions&quot;:&quot;Overcast&quot;,&quot;icon&quot;:&quot;cloudy&quot;,&quot;stations&quot;:null,&quot;source&quot;:&quot;fcst&quot;},{&quot;datetime&quot;:&quot;05:00:00&quot;,&quot;datetimeEpoch&quot;:1690241400,&quot;temp&quot;:23.9,&quot;feelslike&quot;:23.9,&quot;humidity&quot;:92.44,&quot;dew&quot;:22.6,&quot;precip&quot;:0.0,&quot;precipprob&quot;:0.0,&quot;snow&quot;:0.0,&quot;snowdepth&quot;:0.0,&quot;preciptype&quot;:null,&quot;windgust&quot;:13.3,&quot;windspeed&quot;:6.1,&quot;winddir&quot;:58.8,&quot;pressure&quot;:1002.0,&quot;visibility&quot;:24.1,&quot;cloudcover&quot;:100.0,&quot;solarradiation&quot;:0.0,&quot;solarenergy&quot;:0.0,&quot;uvindex&quot;:0.0,&quot;severerisk&quot;:3.0,&quot;conditions&quot;:&quot;Overcast&quot;,&quot;icon&quot;:&quot;cloudy&quot;,&quot;stations&quot;:null,&quot;source&quot;:&quot;fcst&quot;},{&quot;datetime&quot;:&quot;06:00:00&quot;,&quot;datetimeEpoch&quot;:1690245000,&quot;temp&quot;:23.9,&quot;feelslike&quot;:23.9,&quot;humidity&quot;:93.57,&quot;dew&quot;:22.8,&quot;precip&quot;:0.0,&quot;precipprob&quot;:0.0,&quot;snow&quot;:0.0,&quot;snowdepth&quot;:0.0,&quot;preciptype&quot;:null,&quot;windgust&quot;:14.0,&quot;windspeed&quot;:6.1,&quot;winddir&quot;:58.6,&quot;pressure&quot;:1003.0,&quot;visibility&quot;:24.1,&quot;cloudcover&quot;:39.2,&quot;solarradiation&quot;:1.0,&quot;solarenergy&quot;:0.0,&quot;uvindex&quot;:0.0,&quot;severerisk&quot;:3.0,&quot;conditions&quot;:&quot;Partially cloudy&quot;,&quot;icon&quot;:&quot;partly-cloudy-day&quot;,&quot;stations&quot;:null,&quot;source&quot;:&quot;fcst&quot;},{&quot;datetime&quot;:&quot;07:00:00&quot;,&quot;datetimeEpoch&quot;:1690248600,&quot;temp&quot;:25.3,&quot;feelslike&quot;:25.3,&quot;humidity&quot;:88.7,&quot;dew&quot;:23.3,&quot;precip&quot;:0.0,&quot;precipprob&quot;:0.0,&quot;snow&quot;:0.0,&quot;snowdepth&quot;:0.0,&quot;preciptype&quot;:null,&quot;windgust&quot;:18.7,&quot;windspeed&quot;:7.6,&quot;winddir&quot;:59.8,&quot;pressure&quot;:1003.0,&quot;visibility&quot;:24.1,&quot;cloudcover&quot;:29.3,&quot;solarradiation&quot;:86.0,&quot;solarenergy&quot;:0.3,&quot;uvindex&quot;:1.0,&quot;severerisk&quot;:10.0,&quot;conditions&quot;:&quot;Partially cloudy&quot;,&quot;icon&quot;:&quot;partly-cloudy-day&quot;,&quot;stations&quot;:null,&quot;source&quot;:&quot;fcst&quot;},{&quot;datetime&quot;:&quot;08:00:00&quot;,&quot;datetimeEpoch&quot;:1690252200,&quot;temp&quot;:27.3,&quot;feelslike&quot;:30.3,&quot;humidity&quot;:79.77,&quot;dew&quot;:23.5,&quot;precip&quot;:0.0,&quot;precipprob&quot;:0.0,&quot;snow&quot;:0.0,&quot;snowdepth&quot;:0.0,&quot;preciptype&quot;:null,&quot;windgust&quot;:20.2,&quot;windspeed&quot;:11.5,&quot;winddir&quot;:72.5,&quot;pressure&quot;:1003.0,&quot;visibility&quot;:24.1,&quot;cloudcover&quot;:53.8,&quot;solarradiation&quot;:297.0,&quot;solarenergy&quot;:1.1,&quot;uvindex&quot;:3.0,&quot;severerisk&quot;:10.0,&quot;conditions&quot;:&quot;Partially cloudy&quot;,&quot;icon&quot;:&quot;partly-cloudy-day&quot;,&quot;stations&quot;:null,&quot;source&quot;:&quot;fcst&quot;},{&quot;datetime&quot;:&quot;09:00:00&quot;,&quot;datetimeEpoch&quot;:1690255800,&quot;temp&quot;:29.0,&quot;feelslike&quot;:33.0,&quot;humidity&quot;:72.25,&quot;dew&quot;:23.5,&quot;precip&quot;:0.1,&quot;precipprob&quot;:0.0,&quot;snow&quot;:0.0,&quot;snowdepth&quot;:0.0,&quot;preciptype&quot;:[&quot;rain&quot;],&quot;windgust&quot;:20.5,&quot;windspeed&quot;:13.7,&quot;winddir&quot;:76.5,&quot;pressure&quot;:1004.0,&quot;visibility&quot;:24.1,&quot;cloudcover&quot;:67.4,&quot;solarradiation&quot;:461.0,&quot;solarenergy&quot;:1.7,&quot;uvindex&quot;:5.0,&quot;severerisk&quot;:10.0,&quot;conditions&quot;:&quot;Partially cloudy&quot;,&quot;icon&quot;:&quot;partly-cloudy-day&quot;,&quot;stations&quot;:null,&quot;source&quot;:&quot;fcst&quot;},{&quot;datetime&quot;:&quot;10:00:00&quot;,&quot;datetimeEpoch&quot;:1690259400,&quot;temp&quot;:30.2,&quot;feelslike&quot;:34.8,&quot;humidity&quot;:67.42,&quot;dew&quot;:23.5,&quot;precip&quot;:0.0,&quot;precipprob&quot;:0.0,&quot;snow&quot;:0.0,&quot;snowdepth&quot;:0.0,&quot;preciptype&quot;:[&quot;rain&quot;],&quot;windgust&quot;:21.2,&quot;windspeed&quot;:15.1,&quot;winddir&quot;:78.1,&quot;pressure&quot;:1004.0,&quot;visibility&quot;:24.1,&quot;cloudcover&quot;:55.5,&quot;solarradiation&quot;:606.0,&quot;solarenergy&quot;:2.2,&quot;uvindex&quot;:6.0,&quot;severerisk&quot;:30.0,&quot;conditions&quot;:&quot;Partially cloudy&quot;,&quot;icon&quot;:&quot;partly-cloudy-day&quot;,&quot;stations&quot;:null,&quot;source&quot;:&quot;fcst&quot;},{&quot;datetime&quot;:&quot;11:00:00&quot;,&quot;datetimeEpoch&quot;:1690263000,&quot;temp&quot;:31.4,&quot;feelslike&quot;:36.4,&quot;humidity&quot;:62.95,&quot;dew&quot;:23.5,&quot;precip&quot;:0.1,&quot;precipprob&quot;:0.0,&quot;snow&quot;:0.0,&quot;snowdepth&quot;:0.0,&quot;preciptype&quot;:[&quot;rain&quot;],&quot;windgust&quot;:22.3,&quot;windspeed&quot;:16.2,&quot;winddir&quot;:76.6,&quot;pressure&quot;:1003.0,&quot;visibility&quot;:23.3,&quot;cloudcover&quot;:58.7,&quot;solarradiation&quot;:743.0,&quot;solarenergy&quot;:2.7,&quot;uvindex&quot;:7.0,&quot;severerisk&quot;:30.0,&quot;conditions&quot;:&quot;Partially cloudy&quot;,&quot;icon&quot;:&quot;partly-cloudy-day&quot;,&quot;stations&quot;:null,&quot;source&quot;:&quot;fcst&quot;},{&quot;datetime&quot;:&quot;12:00:00&quot;,&quot;datetimeEpoch&quot;:1690266600,&quot;temp&quot;:32.3,&quot;feelslike&quot;:37.4,&quot;humidity&quot;:59.1,&quot;dew&quot;:23.3,&quot;precip&quot;:0.1,&quot;precipprob&quot;:0.0,&quot;snow&quot;:0.0,&quot;snowdepth&quot;:0.0,&quot;preciptype&quot;:[&quot;rain&quot;],&quot;windgust&quot;:23.0,&quot;windspeed&quot;:17.3,&quot;winddir&quot;:77.6,&quot;pressure&quot;:1002.0,&quot;visibility&quot;:24.1,&quot;cloudcover&quot;:56.0,&quot;solarradiation&quot;:818.0,&quot;solarenergy&quot;:2.9,&quot;uvindex&quot;:8.0,&quot;severerisk&quot;:30.0,&quot;conditions&quot;:&quot;Partially cloudy&quot;,&quot;icon&quot;:&quot;partly-cloudy-day&quot;,&quot;stations&quot;:null,&quot;source&quot;:&quot;fcst&quot;},{&quot;datetime&quot;:&quot;13:00:00&quot;,&quot;datetimeEpoch&quot;:1690270200,&quot;temp&quot;:32.9,&quot;feelslike&quot;:38.1,&quot;humidity&quot;:56.79,&quot;dew&quot;:23.2,&quot;precip&quot;:0.1,&quot;precipprob&quot;:23.8,&quot;snow&quot;:0.0,&quot;snowdepth&quot;:0.0,&quot;preciptype&quot;:[&quot;rain&quot;],&quot;windgust&quot;:23.4,&quot;windspeed&quot;:17.6,&quot;winddir&quot;:83.8,&quot;pressure&quot;:1001.0,&quot;visibility&quot;:23.7,&quot;cloudcover&quot;:81.6,&quot;solarradiation&quot;:825.0,&quot;solarenergy&quot;:3.0,&quot;uvindex&quot;:8.0,&quot;severerisk&quot;:30.0,&quot;conditions&quot;:&quot;Partially cloudy&quot;,&quot;icon&quot;:&quot;partly-cloudy-day&quot;,&quot;stations&quot;:null,&quot;source&quot;:&quot;fcst&quot;},{&quot;datetime&quot;:&quot;14:00:00&quot;,&quot;datetimeEpoch&quot;:1690273800,&quot;temp&quot;:32.2,&quot;feelslike&quot;:37.4,&quot;humidity&quot;:59.8,&quot;dew&quot;:23.4,&quot;precip&quot;:0.1,&quot;precipprob&quot;:23.8,&quot;snow&quot;:0.0,&quot;snowdepth&quot;:0.0,&quot;preciptype&quot;:[&quot;rain&quot;],&quot;windgust&quot;:23.0,&quot;windspeed&quot;:18.0,&quot;winddir&quot;:84.0,&quot;pressure&quot;:1001.0,&quot;visibility&quot;:24.1,&quot;cloudcover&quot;:100.0,&quot;solarradiation&quot;:588.0,&quot;solarenergy&quot;:2.1,&quot;uvindex&quot;:6.0,&quot;severerisk&quot;:30.0,&quot;conditions&quot;:&quot;Overcast&quot;,&quot;icon&quot;:&quot;cloudy&quot;,&quot;stations&quot;:null,&quot;source&quot;:&quot;fcst&quot;},{&quot;datetime&quot;:&quot;15:00:00&quot;,&quot;datetimeEpoch&quot;:1690277400,&quot;temp&quot;:32.7,&quot;feelslike&quot;:37.8,&quot;humidity&quot;:57.43,&quot;dew&quot;:23.2,&quot;precip&quot;:0.1,&quot;precipprob&quot;:23.8,&quot;snow&quot;:0.0,&quot;snowdepth&quot;:0.0,&quot;preciptype&quot;:[&quot;rain&quot;],&quot;windgust&quot;:24.1,&quot;windspeed&quot;:18.4,&quot;winddir&quot;:76.7,&quot;pressure&quot;:1000.0,&quot;visibility&quot;:24.1,&quot;cloudcover&quot;:49.4,&quot;solarradiation&quot;:744.0,&quot;solarenergy&quot;:2.7,&quot;uvindex&quot;:7.0,&quot;severerisk&quot;:30.0,&quot;conditions&quot;:&quot;Partially cloudy&quot;,&quot;icon&quot;:&quot;partly-cloudy-day&quot;,&quot;stations&quot;:null,&quot;source&quot;:&quot;fcst&quot;},{&quot;datetime&quot;:&quot;16:00:00&quot;,&quot;datetimeEpoch&quot;:1690281000,&quot;temp&quot;:32.6,&quot;feelslike&quot;:37.6,&quot;humidity&quot;:57.41,&quot;dew&quot;:23.1,&quot;precip&quot;:0.1,&quot;precipprob&quot;:23.8,&quot;snow&quot;:0.0,&quot;snowdepth&quot;:0.0,&quot;preciptype&quot;:[&quot;rain&quot;],&quot;windgust&quot;:23.4,&quot;windspeed&quot;:17.6,&quot;winddir&quot;:67.8,&quot;pressure&quot;:1000.0,&quot;visibility&quot;:24.1,&quot;cloudcover&quot;:21.4,&quot;solarradiation&quot;:639.0,&quot;solarenergy&quot;:2.3,&quot;uvindex&quot;:6.0,&quot;severerisk&quot;:30.0,&quot;conditions&quot;:&quot;Partially cloudy&quot;,&quot;icon&quot;:&quot;partly-cloudy-day&quot;,&quot;stations&quot;:null,&quot;source&quot;:&quot;fcst&quot;},{&quot;datetime&quot;:&quot;17:00:00&quot;,&quot;datetimeEpoch&quot;:1690284600,&quot;temp&quot;:31.9,&quot;feelslike&quot;:36.6,&quot;humidity&quot;:59.73,&quot;dew&quot;:23.1,&quot;precip&quot;:0.0,&quot;precipprob&quot;:23.8,&quot;snow&quot;:0.0,&quot;snowdepth&quot;:0.0,&quot;preciptype&quot;:null,&quot;windgust&quot;:23.4,&quot;windspeed&quot;:16.6,&quot;winddir&quot;:72.7,&quot;pressure&quot;:1000.0,&quot;visibility&quot;:23.4,&quot;cloudcover&quot;:27.8,&quot;solarradiation&quot;:451.0,&quot;solarenergy&quot;:1.6,&quot;uvindex&quot;:5.0,&quot;severerisk&quot;:30.0,&quot;conditions&quot;:&quot;Partially cloudy&quot;,&quot;icon&quot;:&quot;partly-cloudy-day&quot;,&quot;stations&quot;:null,&quot;source&quot;:&quot;fcst&quot;},{&quot;datetime&quot;:&quot;18:00:00&quot;,&quot;datetimeEpoch&quot;:1690288200,&quot;temp&quot;:30.3,&quot;feelslike&quot;:34.9,&quot;humidity&quot;:67.04,&quot;dew&quot;:23.5,&quot;precip&quot;:0.0,&quot;precipprob&quot;:23.8,&quot;snow&quot;:0.0,&quot;snowdepth&quot;:0.0,&quot;preciptype&quot;:null,&quot;windgust&quot;:24.8,&quot;windspeed&quot;:14.0,&quot;winddir&quot;:86.1,&quot;pressure&quot;:1000.0,&quot;visibility&quot;:24.1,&quot;cloudcover&quot;:38.7,&quot;solarradiation&quot;:230.0,&quot;solarenergy&quot;:0.8,&quot;uvindex&quot;:2.0,&quot;severerisk&quot;:30.0,&quot;conditions&quot;:&quot;Partially cloudy&quot;,&quot;icon&quot;:&quot;partly-cloudy-day&quot;,&quot;stations&quot;:null,&quot;source&quot;:&quot;fcst&quot;},{&quot;datetime&quot;:&quot;19:00:00&quot;,&quot;datetimeEpoch&quot;:1690291800,&quot;temp&quot;:28.3,&quot;feelslike&quot;:31.8,&quot;humidity&quot;:74.34,&quot;dew&quot;:23.3,&quot;precip&quot;:0.0,&quot;precipprob&quot;:14.3,&quot;snow&quot;:0.0,&quot;snowdepth&quot;:0.0,&quot;preciptype&quot;:null,&quot;windgust&quot;:29.2,&quot;windspeed&quot;:9.7,&quot;winddir&quot;:90.0,&quot;pressure&quot;:1001.0,&quot;visibility&quot;:24.1,&quot;cloudcover&quot;:32.6,&quot;solarradiation&quot;:54.0,&quot;solarenergy&quot;:0.2,&quot;uvindex&quot;:0.0,&quot;severerisk&quot;:10.0,&quot;conditions&quot;:&quot;Partially cloudy&quot;,&quot;icon&quot;:&quot;partly-cloudy-night&quot;,&quot;stations&quot;:null,&quot;source&quot;:&quot;fcst&quot;},{&quot;datetime&quot;:&quot;20:00:00&quot;,&quot;datetimeEpoch&quot;:1690295400,&quot;temp&quot;:27.3,&quot;feelslike&quot;:30.1,&quot;humidity&quot;:78.34,&quot;dew&quot;:23.2,&quot;precip&quot;:0.0,&quot;precipprob&quot;:14.3,&quot;snow&quot;:0.0,&quot;snowdepth&quot;:0.0,&quot;preciptype&quot;:null,&quot;windgust&quot;:21.2,&quot;windspeed&quot;:6.8,&quot;winddir&quot;:83.4,&quot;pressure&quot;:1002.0,&quot;visibility&quot;:24.1,&quot;cloudcover&quot;:14.5,&quot;solarradiation&quot;:0.0,&quot;solarenergy&quot;:0.0,&quot;uvindex&quot;:0.0,&quot;severerisk&quot;:10.0,&quot;conditions&quot;:&quot;Clear&quot;,&quot;icon&quot;:&quot;clear-night&quot;,&quot;stations&quot;:null,&quot;source&quot;:&quot;fcst&quot;},{&quot;datetime&quot;:&quot;21:00:00&quot;,&quot;datetimeEpoch&quot;:1690299000,&quot;temp&quot;:26.8,&quot;feelslike&quot;:29.2,&quot;humidity&quot;:80.68,&quot;dew&quot;:23.2,&quot;precip&quot;:0.0,&quot;precipprob&quot;:14.3,&quot;snow&quot;:0.0,&quot;snowdepth&quot;:0.0,&quot;preciptype&quot;:null,&quot;windgust&quot;:28.4,&quot;windspeed&quot;:7.2,&quot;winddir&quot;:80.8,&quot;pressure&quot;:1002.0,&quot;visibility&quot;:24.1,&quot;cloudcover&quot;:36.8,&quot;solarradiation&quot;:0.0,&quot;solarenergy&quot;:0.0,&quot;uvindex&quot;:0.0,&quot;severerisk&quot;:10.0,&quot;conditions&quot;:&quot;Partially cloudy&quot;,&quot;icon&quot;:&quot;partly-cloudy-night&quot;,&quot;stations&quot;:null,&quot;source&quot;:&quot;fcst&quot;},{&quot;datetime&quot;:&quot;22:00:00&quot;,&quot;datetimeEpoch&quot;:1690302600,&quot;temp&quot;:26.7,&quot;feelslike&quot;:26.7,&quot;humidity&quot;:80.66,&quot;dew&quot;:23.1,&quot;precip&quot;:0.0,&quot;precipprob&quot;:14.3,&quot;snow&quot;:0.0,&quot;snowdepth&quot;:0.0,&quot;preciptype&quot;:null,&quot;windgust&quot;:31.7,&quot;windspeed&quot;:8.3,&quot;winddir&quot;:88.5,&quot;pressure&quot;:1003.0,&quot;visibility&quot;:24.1,&quot;cloudcover&quot;:48.6,&quot;solarradiation&quot;:0.0,&quot;solarenergy&quot;:0.0,&quot;uvindex&quot;:0.0,&quot;severerisk&quot;:10.0,&quot;conditions&quot;:&quot;Partially cloudy&quot;,&quot;icon&quot;:&quot;partly-cloudy-night&quot;,&quot;stations&quot;:null,&quot;source&quot;:&quot;fcst&quot;},{&quot;datetime&quot;:&quot;23:00:00&quot;,&quot;datetimeEpoch&quot;:1690306200,&quot;temp&quot;:26.2,&quot;feelslike&quot;:26.2,&quot;humidity&quot;:83.08,&quot;dew&quot;:23.1,&quot;precip&quot;:0.0,&quot;precipprob&quot;:14.3,&quot;snow&quot;:0.0,&quot;snowdepth&quot;:0.0,&quot;preciptype&quot;:null,&quot;windgust&quot;:27.7,&quot;windspeed&quot;:8.3,&quot;winddir&quot;:77.9,&quot;pressure&quot;:1003.0,&quot;visibility&quot;:24.1,&quot;cloudcover&quot;:71.7,&quot;solarradiation&quot;:0.0,&quot;solarenergy&quot;:0.0,&quot;uvindex&quot;:0.0,&quot;severerisk&quot;:10.0,&quot;conditions&quot;:&quot;Partially cloudy&quot;,&quot;icon&quot;:&quot;partly-cloudy-night&quot;,&quot;stations&quot;:null,&quot;source&quot;:&quot;fcst&quot;}]},{&quot;datetime&quot;:&quot;2023-07-26&quot;,&quot;datetimeEpoch&quot;:1690309800,&quot;tempmax&quot;:34.4,&quot;tempmin&quot;:24.0,&quot;temp&quot;:28.5,&quot;feelslikemax&quot;:38.9,&quot;feelslikemin&quot;:24.0,&quot;feelslike&quot;:31.3,&quot;dew&quot;:23.2,&quot;humidity&quot;:74.7,&quot;precip&quot;:0.3,&quot;precipprob&quot;:38.1,&quot;precipcover&quot;:12.5,&quot;preciptype&quot;:[&quot;rain&quot;],&quot;snow&quot;:0.0,&quot;snowdepth&quot;:0.0,&quot;windgust&quot;:32.0,&quot;windspeed&quot;:16.2,&quot;winddir&quot;:73.1,&quot;pressure&quot;:1001.6,&quot;cloudcover&quot;:58.3,&quot;visibility&quot;:24.1,&quot;solarradiation&quot;:261.6,&quot;solarenergy&quot;:22.5,&quot;uvindex&quot;:9.0,&quot;severerisk&quot;:30.0,&quot;sunrise&quot;:&quot;05:18:09&quot;,&quot;sunriseEpoch&quot;:1690328889,&quot;sunset&quot;:&quot;18:33:15&quot;,&quot;sunsetEpoch&quot;:1690376595,&quot;moonphase&quot;:0.25,&quot;conditions&quot;:&quot;Partially cloudy&quot;,&quot;description&quot;:&quot;Partly cloudy throughout the day with storms possible.&quot;,&quot;icon&quot;:&quot;partly-cloudy-day&quot;,&quot;stations&quot;:null,&quot;source&quot;:&quot;fcst&quot;,&quot;hours&quot;:[{&quot;datetime&quot;:&quot;00:00:00&quot;,&quot;datetimeEpoch&quot;:1690309800,&quot;temp&quot;:25.8,&quot;feelslike&quot;:25.8,&quot;humidity&quot;:85.07,&quot;dew&quot;:23.1,&quot;precip&quot;:0.0,&quot;precipprob&quot;:14.3,&quot;snow&quot;:0.0,&quot;snowdepth&quot;:0.0,&quot;preciptype&quot;:null,&quot;windgust&quot;:28.8,&quot;windspeed&quot;:7.9,&quot;winddir&quot;:69.1,&quot;pressure&quot;:1002.0,&quot;visibility&quot;:24.1,&quot;cloudcover&quot;:73.1,&quot;solarradiation&quot;:0.0,&quot;solarenergy&quot;:0.0,&quot;uvindex&quot;:0.0,&quot;severerisk&quot;:10.0,&quot;conditions&quot;:&quot;Partially cloudy&quot;,&quot;icon&quot;:&quot;partly-cloudy-night&quot;,&quot;stations&quot;:null,&quot;source&quot;:&quot;fcst&quot;},{&quot;datetime&quot;:&quot;01:00:00&quot;,&quot;datetimeEpoch&quot;:1690313400,&quot;temp&quot;:25.5,&quot;feelslike&quot;:25.5,&quot;humidity&quot;:87.12,&quot;dew&quot;:23.2,&quot;precip&quot;:0.0,&quot;precipprob&quot;:0.0,&quot;snow&quot;:0.0,&quot;snowdepth&quot;:0.0,&quot;preciptype&quot;:null,&quot;windgust&quot;:23.0,&quot;windspeed&quot;:7.6,&quot;winddir&quot;:60.9,&quot;pressure&quot;:1002.0,&quot;visibility&quot;:24.1,&quot;cloudcover&quot;:84.1,&quot;solarradiation&quot;:0.0,&quot;solarenergy&quot;:0.0,&quot;uvindex&quot;:0.0,&quot;severerisk&quot;:10.0,&quot;conditions&quot;:&quot;Partially cloudy&quot;,&quot;icon&quot;:&quot;partly-cloudy-night&quot;,&quot;stations&quot;:null,&quot;source&quot;:&quot;fcst&quot;},{&quot;datetime&quot;:&quot;02:00:00&quot;,&quot;datetimeEpoch&quot;:1690317000,&quot;temp&quot;:25.0,&quot;feelslike&quot;:25.0,&quot;humidity&quot;:90.3,&quot;dew&quot;:23.3,&quot;precip&quot;:0.0,&quot;precipprob&quot;:0.0,&quot;snow&quot;:0.0,&quot;snowdepth&quot;:0.0,&quot;preciptype&quot;:null,&quot;windgust&quot;:18.0,&quot;windspeed&quot;:6.8,&quot;winddir&quot;:59.6,&quot;pressure&quot;:1002.0,&quot;visibility&quot;:24.1,&quot;cloudcover&quot;:73.2,&quot;solarradiation&quot;:0.0,&quot;solarenergy&quot;:0.0,&quot;uvindex&quot;:0.0,&quot;severerisk&quot;:10.0,&quot;conditions&quot;:&quot;Partially cloudy&quot;,&quot;icon&quot;:&quot;partly-cloudy-night&quot;,&quot;stations&quot;:null,&quot;source&quot;:&quot;fcst&quot;},{&quot;datetime&quot;:&quot;03:00:00&quot;,&quot;datetimeEpoch&quot;:1690320600,&quot;temp&quot;:24.6,&quot;feelslike&quot;:24.6,&quot;humidity&quot;:92.48,&quot;dew&quot;:23.3,&quot;precip&quot;:0.0,&quot;precipprob&quot;:0.0,&quot;snow&quot;:0.0,&quot;snowdepth&quot;:0.0,&quot;preciptype&quot;:null,&quot;windgust&quot;:16.6,&quot;windspeed&quot;:6.5,&quot;winddir&quot;:60.9,&quot;pressure&quot;:1001.0,&quot;visibility&quot;:24.1,&quot;cloudcover&quot;:44.6,&quot;solarradiation&quot;:0.0,&quot;solarenergy&quot;:0.0,&quot;uvindex&quot;:0.0,&quot;severerisk&quot;:10.0,&quot;conditions&quot;:&quot;Partially cloudy&quot;,&quot;icon&quot;:&quot;partly-cloudy-night&quot;,&quot;stations&quot;:null,&quot;source&quot;:&quot;fcst&quot;},{&quot;datetime&quot;:&quot;04:00:00&quot;,&quot;datetimeEpoch&quot;:1690324200,&quot;temp&quot;:24.3,&quot;feelslike&quot;:24.3,&quot;humidity&quot;:94.16,&quot;dew&quot;:23.3,&quot;precip&quot;:0.0,&quot;precipprob&quot;:0.0,&quot;snow&quot;:0.0,&quot;snowdepth&quot;:0.0,&quot;preciptype&quot;:null,&quot;windgust&quot;:12.2,&quot;windspeed&quot;:6.1,&quot;winddir&quot;:52.9,&quot;pressure&quot;:1001.0,&quot;visibility&quot;:24.1,&quot;cloudcover&quot;:20.9,&quot;solarradiation&quot;:0.0,&quot;solarenergy&quot;:0.0,&quot;uvindex&quot;:0.0,&quot;severerisk&quot;:10.0,&quot;conditions&quot;:&quot;Partially cloudy&quot;,&quot;icon&quot;:&quot;partly-cloudy-night&quot;,&quot;stations&quot;:null,&quot;source&quot;:&quot;fcst&quot;},{&quot;datetime&quot;:&quot;05:00:00&quot;,&quot;datetimeEpoch&quot;:1690327800,&quot;temp&quot;:24.1,&quot;feelslike&quot;:24.1,&quot;humidity&quot;:95.3,&quot;dew&quot;:23.3,&quot;precip&quot;:0.0,&quot;precipprob&quot;:0.0,&quot;snow&quot;:0.0,&quot;snowdepth&quot;:0.0,&quot;preciptype&quot;:null,&quot;windgust&quot;:11.2,&quot;windspeed&quot;:6.1,&quot;winddir&quot;:56.0,&quot;pressure&quot;:1002.0,&quot;visibility&quot;:24.1,&quot;cloudcover&quot;:7.2,&quot;solarradiation&quot;:0.0,&quot;solarenergy&quot;:0.0,&quot;uvindex&quot;:0.0,&quot;severerisk&quot;:3.0,&quot;conditions&quot;:&quot;Clear&quot;,&quot;icon&quot;:&quot;clear-night&quot;,&quot;stations&quot;:null,&quot;source&quot;:&quot;fcst&quot;},{&quot;datetime&quot;:&quot;06:00:00&quot;,&quot;datetimeEpoch&quot;:1690331400,&quot;temp&quot;:24.0,&quot;feelslike&quot;:24.0,&quot;humidity&quot;:95.87,&quot;dew&quot;:23.3,&quot;precip&quot;:0.0,&quot;precipprob&quot;:0.0,&quot;snow&quot;:0.0,&quot;snowdepth&quot;:0.0,&quot;preciptype&quot;:null,&quot;windgust&quot;:15.8,&quot;windspeed&quot;:6.1,&quot;winddir&quot;:60.3,&quot;pressure&quot;:1002.0,&quot;visibility&quot;:24.1,&quot;cloudcover&quot;:9.5,&quot;solarradiation&quot;:1.0,&quot;solarenergy&quot;:0.0,&quot;uvindex&quot;:0.0,&quot;severerisk&quot;:3.0,&quot;conditions&quot;:&quot;Clear&quot;,&quot;icon&quot;:&quot;clear-day&quot;,&quot;stations&quot;:null,&quot;source&quot;:&quot;fcst&quot;},{&quot;datetime&quot;:&quot;07:00:00&quot;,&quot;datetimeEpoch&quot;:1690335000,&quot;temp&quot;:25.6,&quot;feelslike&quot;:25.6,&quot;humidity&quot;:88.72,&quot;dew&quot;:23.6,&quot;precip&quot;:0.0,&quot;precipprob&quot;:4.8,&quot;snow&quot;:0.0,&quot;snowdepth&quot;:0.0,&quot;preciptype&quot;:null,&quot;windgust&quot;:25.2,&quot;windspeed&quot;:9.0,&quot;winddir&quot;:67.6,&quot;pressure&quot;:1003.0,&quot;visibility&quot;:24.1,&quot;cloudcover&quot;:32.3,&quot;solarradiation&quot;:90.0,&quot;solarenergy&quot;:0.3,&quot;uvindex&quot;:1.0,&quot;severerisk&quot;:10.0,&quot;conditions&quot;:&quot;Partially cloudy&quot;,&quot;icon&quot;:&quot;partly-cloudy-day&quot;,&quot;stations&quot;:null,&quot;source&quot;:&quot;fcst&quot;},{&quot;datetime&quot;:&quot;08:00:00&quot;,&quot;datetimeEpoch&quot;:1690338600,&quot;temp&quot;:27.6,&quot;feelslike&quot;:30.9,&quot;humidity&quot;:78.86,&quot;dew&quot;:23.6,&quot;precip&quot;:0.0,&quot;precipprob&quot;:4.8,&quot;snow&quot;:0.0,&quot;snowdepth&quot;:0.0,&quot;preciptype&quot;:null,&quot;windgust&quot;:23.4,&quot;windspeed&quot;:13.3,&quot;winddir&quot;:81.3,&quot;pressure&quot;:1003.0,&quot;visibility&quot;:24.1,&quot;cloudcover&quot;:40.2,&quot;solarradiation&quot;:290.0,&quot;solarenergy&quot;:1.0,&quot;uvindex&quot;:3.0,&quot;severerisk&quot;:10.0,&quot;conditions&quot;:&quot;Partially cloudy&quot;,&quot;icon&quot;:&quot;partly-cloudy-day&quot;,&quot;stations&quot;:null,&quot;source&quot;:&quot;fcst&quot;},{&quot;datetime&quot;:&quot;09:00:00&quot;,&quot;datetimeEpoch&quot;:1690342200,&quot;temp&quot;:29.3,&quot;feelslike&quot;:33.6,&quot;humidity&quot;:71.44,&quot;dew&quot;:23.6,&quot;precip&quot;:0.0,&quot;precipprob&quot;:4.8,&quot;snow&quot;:0.0,&quot;snowdepth&quot;:0.0,&quot;preciptype&quot;:null,&quot;windgust&quot;:20.9,&quot;windspeed&quot;:14.4,&quot;winddir&quot;:81.2,&quot;pressure&quot;:1003.0,&quot;visibility&quot;:24.1,&quot;cloudcover&quot;:56.0,&quot;solarradiation&quot;:490.0,&quot;solarenergy&quot;:1.8,&quot;uvindex&quot;:5.0,&quot;severerisk&quot;:10.0,&quot;conditions&quot;:&quot;Partially cloudy&quot;,&quot;icon&quot;:&quot;partly-cloudy-day&quot;,&quot;stations&quot;:null,&quot;source&quot;:&quot;fcst&quot;},{&quot;datetime&quot;:&quot;10:00:00&quot;,&quot;datetimeEpoch&quot;:1690345800,&quot;temp&quot;:30.6,&quot;feelslike&quot;:35.4,&quot;humidity&quot;:66.29,&quot;dew&quot;:23.6,&quot;precip&quot;:0.1,&quot;precipprob&quot;:4.8,&quot;snow&quot;:0.0,&quot;snowdepth&quot;:0.0,&quot;preciptype&quot;:[&quot;rain&quot;],&quot;windgust&quot;:19.4,&quot;windspeed&quot;:14.0,&quot;winddir&quot;:75.3,&quot;pressure&quot;:1003.0,&quot;visibility&quot;:24.1,&quot;cloudcover&quot;:45.7,&quot;solarradiation&quot;:641.0,&quot;solarenergy&quot;:2.3,&quot;uvindex&quot;:6.0,&quot;severerisk&quot;:30.0,&quot;conditions&quot;:&quot;Partially cloudy&quot;,&quot;icon&quot;:&quot;partly-cloudy-day&quot;,&quot;stations&quot;:null,&quot;source&quot;:&quot;fcst&quot;},{&quot;datetime&quot;:&quot;11:00:00&quot;,&quot;datetimeEpoch&quot;:1690349400,&quot;temp&quot;:32.0,&quot;feelslike&quot;:37.1,&quot;humidity&quot;:60.48,&quot;dew&quot;:23.4,&quot;precip&quot;:0.1,&quot;precipprob&quot;:4.8,&quot;snow&quot;:0.0,&quot;snowdepth&quot;:0.0,&quot;preciptype&quot;:[&quot;rain&quot;],&quot;windgust&quot;:19.4,&quot;windspeed&quot;:15.1,&quot;winddir&quot;:76.6,&quot;pressure&quot;:1003.0,&quot;visibility&quot;:24.1,&quot;cloudcover&quot;:80.9,&quot;solarradiation&quot;:796.0,&quot;solarenergy&quot;:2.9,&quot;uvindex&quot;:8.0,&quot;severerisk&quot;:30.0,&quot;conditions&quot;:&quot;Partially cloudy&quot;,&quot;icon&quot;:&quot;partly-cloudy-day&quot;,&quot;stations&quot;:null,&quot;source&quot;:&quot;fcst&quot;},{&quot;datetime&quot;:&quot;12:00:00&quot;,&quot;datetimeEpoch&quot;:1690353000,&quot;temp&quot;:33.0,&quot;feelslike&quot;:38.1,&quot;humidity&quot;:56.13,&quot;dew&quot;:23.1,&quot;precip&quot;:0.0,&quot;precipprob&quot;:4.8,&quot;snow&quot;:0.0,&quot;snowdepth&quot;:0.0,&quot;preciptype&quot;:null,&quot;windgust&quot;:19.1,&quot;windspeed&quot;:15.5,&quot;winddir&quot;:77.5,&quot;pressure&quot;:1002.0,&quot;visibility&quot;:24.1,&quot;cloudcover&quot;:51.1,&quot;solarradiation&quot;:875.0,&quot;solarenergy&quot;:3.2,&quot;uvindex&quot;:9.0,&quot;severerisk&quot;:30.0,&quot;conditions&quot;:&quot;Partially cloudy&quot;,&quot;icon&quot;:&quot;partly-cloudy-day&quot;,&quot;stations&quot;:null,&quot;source&quot;:&quot;fcst&quot;},{&quot;datetime&quot;:&quot;13:00:00&quot;,&quot;datetimeEpoch&quot;:1690356600,&quot;temp&quot;:34.0,&quot;feelslike&quot;:38.8,&quot;humidity&quot;:51.49,&quot;dew&quot;:22.6,&quot;precip&quot;:0.0,&quot;precipprob&quot;:38.1,&quot;snow&quot;:0.0,&quot;snowdepth&quot;:0.0,&quot;preciptype&quot;:null,&quot;windgust&quot;:18.0,&quot;windspeed&quot;:14.4,&quot;winddir&quot;:76.1,&quot;pressure&quot;:1001.0,&quot;visibility&quot;:24.1,&quot;cloudcover&quot;:55.2,&quot;solarradiation&quot;:895.0,&quot;solarenergy&quot;:3.2,&quot;uvindex&quot;:9.0,&quot;severerisk&quot;:30.0,&quot;conditions&quot;:&quot;Partially cloudy&quot;,&quot;icon&quot;:&quot;partly-cloudy-day&quot;,&quot;stations&quot;:null,&quot;source&quot;:&quot;fcst&quot;},{&quot;datetime&quot;:&quot;14:00:00&quot;,&quot;datetimeEpoch&quot;:1690360200,&quot;temp&quot;:34.4,&quot;feelslike&quot;:38.9,&quot;humidity&quot;:49.14,&quot;dew&quot;:22.2,&quot;precip&quot;:0.0,&quot;precipprob&quot;:38.1,&quot;snow&quot;:0.0,&quot;snowdepth&quot;:0.0,&quot;preciptype&quot;:null,&quot;windgust&quot;:18.0,&quot;windspeed&quot;:15.1,&quot;winddir&quot;:67.6,&quot;pressure&quot;:1000.0,&quot;visibility&quot;:24.1,&quot;cloudcover&quot;:82.6,&quot;solarradiation&quot;:843.0,&quot;solarenergy&quot;:3.0,&quot;uvindex&quot;:8.0,&quot;severerisk&quot;:30.0,&quot;conditions&quot;:&quot;Partially cloudy&quot;,&quot;icon&quot;:&quot;partly-cloudy-day&quot;,&quot;stations&quot;:null,&quot;source&quot;:&quot;fcst&quot;},{&quot;datetime&quot;:&quot;15:00:00&quot;,&quot;datetimeEpoch&quot;:1690363800,&quot;temp&quot;:32.9,&quot;feelslike&quot;:37.3,&quot;humidity&quot;:54.43,&quot;dew&quot;:22.5,&quot;precip&quot;:0.0,&quot;precipprob&quot;:38.1,&quot;snow&quot;:0.0,&quot;snowdepth&quot;:0.0,&quot;preciptype&quot;:null,&quot;windgust&quot;:18.4,&quot;windspeed&quot;:16.2,&quot;winddir&quot;:58.0,&quot;pressure&quot;:1000.0,&quot;visibility&quot;:24.1,&quot;cloudcover&quot;:89.8,&quot;solarradiation&quot;:459.0,&quot;solarenergy&quot;:1.7,&quot;uvindex&quot;:5.0,&quot;severerisk&quot;:30.0,&quot;conditions&quot;:&quot;Partially cloudy&quot;,&quot;icon&quot;:&quot;partly-cloudy-day&quot;,&quot;stations&quot;:null,&quot;source&quot;:&quot;fcst&quot;},{&quot;datetime&quot;:&quot;16:00:00&quot;,&quot;datetimeEpoch&quot;:1690367400,&quot;temp&quot;:32.2,&quot;feelslike&quot;:36.7,&quot;humidity&quot;:57.67,&quot;dew&quot;:22.8,&quot;precip&quot;:0.0,&quot;precipprob&quot;:38.1,&quot;snow&quot;:0.0,&quot;snowdepth&quot;:0.0,&quot;preciptype&quot;:null,&quot;windgust&quot;:20.2,&quot;windspeed&quot;:14.8,&quot;winddir&quot;:65.1,&quot;pressure&quot;:1000.0,&quot;visibility&quot;:24.1,&quot;cloudcover&quot;:76.5,&quot;solarradiation&quot;:346.0,&quot;solarenergy&quot;:1.2,&quot;uvindex&quot;:3.0,&quot;severerisk&quot;:30.0,&quot;conditions&quot;:&quot;Partially cloudy&quot;,&quot;icon&quot;:&quot;partly-cloudy-day&quot;,&quot;stations&quot;:null,&quot;source&quot;:&quot;fcst&quot;},{&quot;datetime&quot;:&quot;17:00:00&quot;,&quot;datetimeEpoch&quot;:1690371000,&quot;temp&quot;:31.6,&quot;feelslike&quot;:36.3,&quot;humidity&quot;:60.75,&quot;dew&quot;:23.1,&quot;precip&quot;:0.0,&quot;precipprob&quot;:38.1,&quot;snow&quot;:0.0,&quot;snowdepth&quot;:0.0,&quot;preciptype&quot;:null,&quot;windgust&quot;:21.2,&quot;windspeed&quot;:14.4,&quot;winddir&quot;:84.6,&quot;pressure&quot;:1000.0,&quot;visibility&quot;:24.1,&quot;cloudcover&quot;:32.0,&quot;solarradiation&quot;:262.0,&quot;solarenergy&quot;:0.9,&quot;uvindex&quot;:3.0,&quot;severerisk&quot;:30.0,&quot;conditions&quot;:&quot;Partially cloudy&quot;,&quot;icon&quot;:&quot;partly-cloudy-day&quot;,&quot;stations&quot;:null,&quot;source&quot;:&quot;fcst&quot;},{&quot;datetime&quot;:&quot;18:00:00&quot;,&quot;datetimeEpoch&quot;:1690374600,&quot;temp&quot;:30.5,&quot;feelslike&quot;:35.3,&quot;humidity&quot;:66.67,&quot;dew&quot;:23.6,&quot;precip&quot;:0.1,&quot;precipprob&quot;:38.1,&quot;snow&quot;:0.0,&quot;snowdepth&quot;:0.0,&quot;preciptype&quot;:[&quot;rain&quot;],&quot;windgust&quot;:25.2,&quot;windspeed&quot;:13.7,&quot;winddir&quot;:88.4,&quot;pressure&quot;:1000.0,&quot;visibility&quot;:24.1,&quot;cloudcover&quot;:17.8,&quot;solarradiation&quot;:232.0,&quot;solarenergy&quot;:0.8,&quot;uvindex&quot;:2.0,&quot;severerisk&quot;:30.0,&quot;conditions&quot;:&quot;Clear&quot;,&quot;icon&quot;:&quot;clear-day&quot;,&quot;stations&quot;:null,&quot;source&quot;:&quot;fcst&quot;},{&quot;datetime&quot;:&quot;19:00:00&quot;,&quot;datetimeEpoch&quot;:1690378200,&quot;temp&quot;:28.6,&quot;feelslike&quot;:32.3,&quot;humidity&quot;:73.06,&quot;dew&quot;:23.3,&quot;precip&quot;:0.0,&quot;precipprob&quot;:9.5,&quot;snow&quot;:0.0,&quot;snowdepth&quot;:0.0,&quot;preciptype&quot;:null,&quot;windgust&quot;:28.8,&quot;windspeed&quot;:10.8,&quot;winddir&quot;:79.5,&quot;pressure&quot;:1001.0,&quot;visibility&quot;:24.1,&quot;cloudcover&quot;:77.9,&quot;solarradiation&quot;:58.0,&quot;solarenergy&quot;:0.2,&quot;uvindex&quot;:0.0,&quot;severerisk&quot;:10.0,&quot;conditions&quot;:&quot;Partially cloudy&quot;,&quot;icon&quot;:&quot;partly-cloudy-night&quot;,&quot;stations&quot;:null,&quot;source&quot;:&quot;fcst&quot;},{&quot;datetime&quot;:&quot;20:00:00&quot;,&quot;datetimeEpoch&quot;:1690381800,&quot;temp&quot;:27.9,&quot;feelslike&quot;:31.2,&quot;humidity&quot;:76.1,&quot;dew&quot;:23.3,&quot;precip&quot;:0.0,&quot;precipprob&quot;:9.5,&quot;snow&quot;:0.0,&quot;snowdepth&quot;:0.0,&quot;preciptype&quot;:null,&quot;windgust&quot;:28.1,&quot;windspeed&quot;:9.0,&quot;winddir&quot;:78.4,&quot;pressure&quot;:1001.0,&quot;visibility&quot;:24.1,&quot;cloudcover&quot;:100.0,&quot;solarradiation&quot;:0.0,&quot;solarenergy&quot;:0.0,&quot;uvindex&quot;:0.0,&quot;severerisk&quot;:10.0,&quot;conditions&quot;:&quot;Overcast&quot;,&quot;icon&quot;:&quot;cloudy&quot;,&quot;stations&quot;:null,&quot;source&quot;:&quot;fcst&quot;},{&quot;datetime&quot;:&quot;21:00:00&quot;,&quot;datetimeEpoch&quot;:1690385400,&quot;temp&quot;:27.3,&quot;feelslike&quot;:30.2,&quot;humidity&quot;:78.82,&quot;dew&quot;:23.3,&quot;precip&quot;:0.0,&quot;precipprob&quot;:9.5,&quot;snow&quot;:0.0,&quot;snowdepth&quot;:0.0,&quot;preciptype&quot;:null,&quot;windgust&quot;:27.0,&quot;windspeed&quot;:7.9,&quot;winddir&quot;:78.5,&quot;pressure&quot;:1002.0,&quot;visibility&quot;:24.1,&quot;cloudcover&quot;:100.0,&quot;solarradiation&quot;:0.0,&quot;solarenergy&quot;:0.0,&quot;uvindex&quot;:0.0,&quot;severerisk&quot;:10.0,&quot;conditions&quot;:&quot;Overcast&quot;,&quot;icon&quot;:&quot;cloudy&quot;,&quot;stations&quot;:null,&quot;source&quot;:&quot;fcst&quot;},{&quot;datetime&quot;:&quot;22:00:00&quot;,&quot;datetimeEpoch&quot;:1690389000,&quot;temp&quot;:27.2,&quot;feelslike&quot;:30.1,&quot;humidity&quot;:79.76,&quot;dew&quot;:23.4,&quot;precip&quot;:0.0,&quot;precipprob&quot;:9.5,&quot;snow&quot;:0.0,&quot;snowdepth&quot;:0.0,&quot;preciptype&quot;:null,&quot;windgust&quot;:32.0,&quot;windspeed&quot;:9.4,&quot;winddir&quot;:77.2,&quot;pressure&quot;:1002.0,&quot;visibility&quot;:24.1,&quot;cloudcover&quot;:99.9,&quot;solarradiation&quot;:0.0,&quot;solarenergy&quot;:0.0,&quot;uvindex&quot;:0.0,&quot;severerisk&quot;:10.0,&quot;conditions&quot;:&quot;Overcast&quot;,&quot;icon&quot;:&quot;cloudy&quot;,&quot;stations&quot;:null,&quot;source&quot;:&quot;fcst&quot;},{&quot;datetime&quot;:&quot;23:00:00&quot;,&quot;datetimeEpoch&quot;:1690392600,&quot;temp&quot;:26.8,&quot;feelslike&quot;:29.4,&quot;humidity&quot;:82.15,&quot;dew&quot;:23.5,&quot;precip&quot;:0.0,&quot;precipprob&quot;:9.5,&quot;snow&quot;:0.0,&quot;snowdepth&quot;:0.0,&quot;preciptype&quot;:null,&quot;windgust&quot;:31.7,&quot;windspeed&quot;:9.0,&quot;winddir&quot;:84.9,&quot;pressure&quot;:1002.0,&quot;visibility&quot;:24.1,&quot;cloudcover&quot;:48.0,&quot;solarradiation&quot;:0.0,&quot;solarenergy&quot;:0.0,&quot;uvindex&quot;:0.0,&quot;severerisk&quot;:10.0,&quot;conditions&quot;:&quot;Partially cloudy&quot;,&quot;icon&quot;:&quot;partly-cloudy-night&quot;,&quot;stations&quot;:null,&quot;source&quot;:&quot;fcst&quot;}]},{&quot;datetime&quot;:&quot;2023-07-27&quot;,&quot;datetimeEpoch&quot;:1690396200,&quot;tempmax&quot;:34.7,&quot;tempmin&quot;:24.6,&quot;temp&quot;:29.3,&quot;feelslikemax&quot;:39.7,&quot;feelslikemin&quot;:24.6,&quot;feelslike&quot;:32.4,&quot;dew&quot;:23.5,&quot;humidity&quot;:72.9,&quot;precip&quot;:0.8,&quot;precipprob&quot;:66.7,&quot;precipcover&quot;:12.5,&quot;preciptype&quot;:[&quot;rain&quot;],&quot;snow&quot;:0.0,&quot;snowdepth&quot;:0.0,&quot;windgust&quot;:26.6,&quot;windspeed&quot;:13.0,&quot;winddir&quot;:73.3,&quot;pressure&quot;:1000.8,&quot;cloudcover&quot;:83.9,&quot;visibility&quot;:24.1,&quot;solarradiation&quot;:248.2,&quot;solarenergy&quot;:21.4,&quot;uvindex&quot;:8.0,&quot;severerisk&quot;:30.0,&quot;sunrise&quot;:&quot;05:18:35&quot;,&quot;sunriseEpoch&quot;:1690415315,&quot;sunset&quot;:&quot;18:32:49&quot;,&quot;sunsetEpoch&quot;:1690462969,&quot;moonphase&quot;:0.32,&quot;conditions&quot;:&quot;Rain, Partially cloudy&quot;,&quot;description&quot;:&quot;Partly cloudy throughout the day with storms possible.&quot;,&quot;icon&quot;:&quot;rain&quot;,&quot;stations&quot;:null,&quot;source&quot;:&quot;fcst&quot;,&quot;hours&quot;:[{&quot;datetime&quot;:&quot;00:00:00&quot;,&quot;datetimeEpoch&quot;:1690396200,&quot;temp&quot;:26.3,&quot;feelslike&quot;:26.3,&quot;humidity&quot;:84.61,&quot;dew&quot;:23.5,&quot;precip&quot;:0.0,&quot;precipprob&quot;:9.5,&quot;snow&quot;:0.0,&quot;snowdepth&quot;:0.0,&quot;preciptype&quot;:null,&quot;windgust&quot;:26.6,&quot;windspeed&quot;:7.6,&quot;winddir&quot;:80.7,&quot;pressure&quot;:1002.0,&quot;visibility&quot;:24.1,&quot;cloudcover&quot;:83.1,&quot;solarradiation&quot;:0.0,&quot;solarenergy&quot;:0.0,&quot;uvindex&quot;:0.0,&quot;severerisk&quot;:10.0,&quot;conditions&quot;:&quot;Partially cloudy&quot;,&quot;icon&quot;:&quot;partly-cloudy-night&quot;,&quot;stations&quot;:null,&quot;source&quot;:&quot;fcst&quot;},{&quot;datetime&quot;:&quot;01:00:00&quot;,&quot;datetimeEpoch&quot;:1690399800,&quot;temp&quot;:25.9,&quot;feelslike&quot;:25.9,&quot;humidity&quot;:86.63,&quot;dew&quot;:23.5,&quot;precip&quot;:0.0,&quot;precipprob&quot;:14.3,&quot;snow&quot;:0.0,&quot;snowdepth&quot;:0.0,&quot;preciptype&quot;:null,&quot;windgust&quot;:14.8,&quot;windspeed&quot;:5.8,&quot;winddir&quot;:81.0,&quot;pressure&quot;:1002.0,&quot;visibility&quot;:24.1,&quot;cloudcover&quot;:38.1,&quot;solarradiation&quot;:0.0,&quot;solarenergy&quot;:0.0,&quot;uvindex&quot;:0.0,&quot;severerisk&quot;:10.0,&quot;conditions&quot;:&quot;Partially cloudy&quot;,&quot;icon&quot;:&quot;partly-cloudy-night&quot;,&quot;stations&quot;:null,&quot;source&quot;:&quot;fcst&quot;},{&quot;datetime&quot;:&quot;02:00:00&quot;,&quot;datetimeEpoch&quot;:1690403400,&quot;temp&quot;:25.5,&quot;feelslike&quot;:25.5,&quot;humidity&quot;:88.72,&quot;dew&quot;:23.5,&quot;precip&quot;:0.0,&quot;precipprob&quot;:14.3,&quot;snow&quot;:0.0,&quot;snowdepth&quot;:0.0,&quot;preciptype&quot;:null,&quot;windgust&quot;:9.7,&quot;windspeed&quot;:6.1,&quot;winddir&quot;:58.5,&quot;pressure&quot;:1001.0,&quot;visibility&quot;:24.1,&quot;cloudcover&quot;:56.2,&quot;solarradiation&quot;:0.0,&quot;solarenergy&quot;:0.0,&quot;uvindex&quot;:0.0,&quot;severerisk&quot;:10.0,&quot;conditions&quot;:&quot;Partially cloudy&quot;,&quot;icon&quot;:&quot;partly-cloudy-night&quot;,&quot;stations&quot;:null,&quot;source&quot;:&quot;fcst&quot;},{&quot;datetime&quot;:&quot;03:00:00&quot;,&quot;datetimeEpoch&quot;:1690407000,&quot;temp&quot;:25.2,&quot;feelslike&quot;:25.2,&quot;humidity&quot;:90.31,&quot;dew&quot;:23.5,&quot;precip&quot;:0.0,&quot;precipprob&quot;:14.3,&quot;snow&quot;:0.0,&quot;snowdepth&quot;:0.0,&quot;preciptype&quot;:null,&quot;windgust&quot;:7.2,&quot;windspeed&quot;:5.8,&quot;winddir&quot;:52.0,&quot;pressure&quot;:1001.0,&quot;visibility&quot;:24.1,&quot;cloudcover&quot;:15.0,&quot;solarradiation&quot;:0.0,&quot;solarenergy&quot;:0.0,&quot;uvindex&quot;:0.0,&quot;severerisk&quot;:10.0,&quot;conditions&quot;:&quot;Clear&quot;,&quot;icon&quot;:&quot;clear-night&quot;,&quot;stations&quot;:null,&quot;source&quot;:&quot;fcst&quot;},{&quot;datetime&quot;:&quot;04:00:00&quot;,&quot;datetimeEpoch&quot;:1690410600,&quot;temp&quot;:25.0,&quot;feelslike&quot;:25.0,&quot;humidity&quot;:91.95,&quot;dew&quot;:23.6,&quot;precip&quot;:0.0,&quot;precipprob&quot;:14.3,&quot;snow&quot;:0.0,&quot;snowdepth&quot;:0.0,&quot;preciptype&quot;:null,&quot;windgust&quot;:8.3,&quot;windspeed&quot;:5.8,&quot;winddir&quot;:53.6,&quot;pressure&quot;:1001.0,&quot;visibility&quot;:24.1,&quot;cloudcover&quot;:32.9,&quot;solarradiation&quot;:0.0,&quot;solarenergy&quot;:0.0,&quot;uvindex&quot;:0.0,&quot;severerisk&quot;:10.0,&quot;conditions&quot;:&quot;Partially cloudy&quot;,&quot;icon&quot;:&quot;partly-cloudy-night&quot;,&quot;stations&quot;:null,&quot;source&quot;:&quot;fcst&quot;},{&quot;datetime&quot;:&quot;05:00:00&quot;,&quot;datetimeEpoch&quot;:1690414200,&quot;temp&quot;:24.8,&quot;feelslike&quot;:24.8,&quot;humidity&quot;:93.05,&quot;dew&quot;:23.6,&quot;precip&quot;:0.0,&quot;precipprob&quot;:14.3,&quot;snow&quot;:0.0,&quot;snowdepth&quot;:0.0,&quot;preciptype&quot;:null,&quot;windgust&quot;:5.0,&quot;windspeed&quot;:5.0,&quot;winddir&quot;:57.1,&quot;pressure&quot;:1001.0,&quot;visibility&quot;:24.1,&quot;cloudcover&quot;:11.9,&quot;solarradiation&quot;:0.0,&quot;solarenergy&quot;:0.0,&quot;uvindex&quot;:0.0,&quot;severerisk&quot;:10.0,&quot;conditions&quot;:&quot;Clear&quot;,&quot;icon&quot;:&quot;clear-night&quot;,&quot;stations&quot;:null,&quot;source&quot;:&quot;fcst&quot;},{&quot;datetime&quot;:&quot;06:00:00&quot;,&quot;datetimeEpoch&quot;:1690417800,&quot;temp&quot;:24.6,&quot;feelslike&quot;:24.6,&quot;humidity&quot;:94.74,&quot;dew&quot;:23.7,&quot;precip&quot;:0.0,&quot;precipprob&quot;:14.3,&quot;snow&quot;:0.0,&quot;snowdepth&quot;:0.0,&quot;preciptype&quot;:null,&quot;windgust&quot;:4.3,&quot;windspeed&quot;:4.3,&quot;winddir&quot;:52.6,&quot;pressure&quot;:1002.0,&quot;visibility&quot;:24.1,&quot;cloudcover&quot;:97.3,&quot;solarradiation&quot;:1.0,&quot;solarenergy&quot;:0.0,&quot;uvindex&quot;:0.0,&quot;severerisk&quot;:10.0,&quot;conditions&quot;:&quot;Overcast&quot;,&quot;icon&quot;:&quot;cloudy&quot;,&quot;stations&quot;:null,&quot;source&quot;:&quot;fcst&quot;},{&quot;datetime&quot;:&quot;07:00:00&quot;,&quot;datetimeEpoch&quot;:1690421400,&quot;temp&quot;:26.3,&quot;feelslike&quot;:26.3,&quot;humidity&quot;:86.67,&quot;dew&quot;:23.9,&quot;precip&quot;:0.0,&quot;precipprob&quot;:42.9,&quot;snow&quot;:0.0,&quot;snowdepth&quot;:0.0,&quot;preciptype&quot;:null,&quot;windgust&quot;:11.5,&quot;windspeed&quot;:5.4,&quot;winddir&quot;:56.8,&quot;pressure&quot;:1002.0,&quot;visibility&quot;:24.1,&quot;cloudcover&quot;:100.0,&quot;solarradiation&quot;:87.0,&quot;solarenergy&quot;:0.3,&quot;uvindex&quot;:1.0,&quot;severerisk&quot;:10.0,&quot;conditions&quot;:&quot;Overcast&quot;,&quot;icon&quot;:&quot;cloudy&quot;,&quot;stations&quot;:null,&quot;source&quot;:&quot;fcst&quot;},{&quot;datetime&quot;:&quot;08:00:00&quot;,&quot;datetimeEpoch&quot;:1690425000,&quot;temp&quot;:28.3,&quot;feelslike&quot;:32.2,&quot;humidity&quot;:76.62,&quot;dew&quot;:23.8,&quot;precip&quot;:0.0,&quot;precipprob&quot;:42.9,&quot;snow&quot;:0.0,&quot;snowdepth&quot;:0.0,&quot;preciptype&quot;:null,&quot;windgust&quot;:15.1,&quot;windspeed&quot;:8.3,&quot;winddir&quot;:67.1,&quot;pressure&quot;:1002.0,&quot;visibility&quot;:24.1,&quot;cloudcover&quot;:95.4,&quot;solarradiation&quot;:291.0,&quot;solarenergy&quot;:1.0,&quot;uvindex&quot;:3.0,&quot;severerisk&quot;:10.0,&quot;conditions&quot;:&quot;Overcast&quot;,&quot;icon&quot;:&quot;cloudy&quot;,&quot;stations&quot;:null,&quot;source&quot;:&quot;fcst&quot;},{&quot;datetime&quot;:&quot;09:00:00&quot;,&quot;datetimeEpoch&quot;:1690428600,&quot;temp&quot;:30.0,&quot;feelslike&quot;:34.5,&quot;humidity&quot;:68.2,&quot;dew&quot;:23.5,&quot;precip&quot;:0.0,&quot;precipprob&quot;:42.9,&quot;snow&quot;:0.0,&quot;snowdepth&quot;:0.0,&quot;preciptype&quot;:null,&quot;windgust&quot;:13.7,&quot;windspeed&quot;:9.7,&quot;winddir&quot;:74.1,&quot;pressure&quot;:1002.0,&quot;visibility&quot;:24.1,&quot;cloudcover&quot;:100.0,&quot;solarradiation&quot;:500.0,&quot;solarenergy&quot;:1.8,&quot;uvindex&quot;:5.0,&quot;severerisk&quot;:10.0,&quot;conditions&quot;:&quot;Overcast&quot;,&quot;icon&quot;:&quot;cloudy&quot;,&quot;stations&quot;:null,&quot;source&quot;:&quot;fcst&quot;},{&quot;datetime&quot;:&quot;10:00:00&quot;,&quot;datetimeEpoch&quot;:1690432200,&quot;temp&quot;:31.5,&quot;feelslike&quot;:36.4,&quot;humidity&quot;:62.22,&quot;dew&quot;:23.4,&quot;precip&quot;:0.0,&quot;precipprob&quot;:42.9,&quot;snow&quot;:0.0,&quot;snowdepth&quot;:0.0,&quot;preciptype&quot;:null,&quot;windgust&quot;:13.7,&quot;windspeed&quot;:10.8,&quot;winddir&quot;:76.2,&quot;pressure&quot;:1002.0,&quot;visibility&quot;:24.1,&quot;cloudcover&quot;:100.0,&quot;solarradiation&quot;:673.0,&quot;solarenergy&quot;:2.4,&quot;uvindex&quot;:7.0,&quot;severerisk&quot;:30.0,&quot;conditions&quot;:&quot;Overcast&quot;,&quot;icon&quot;:&quot;cloudy&quot;,&quot;stations&quot;:null,&quot;source&quot;:&quot;fcst&quot;},{&quot;datetime&quot;:&quot;11:00:00&quot;,&quot;datetimeEpoch&quot;:1690435800,&quot;temp&quot;:32.9,&quot;feelslike&quot;:38.1,&quot;humidity&quot;:56.79,&quot;dew&quot;:23.2,&quot;precip&quot;:0.0,&quot;precipprob&quot;:42.9,&quot;snow&quot;:0.0,&quot;snowdepth&quot;:0.0,&quot;preciptype&quot;:[&quot;rain&quot;],&quot;windgust&quot;:12.2,&quot;windspeed&quot;:10.4,&quot;winddir&quot;:70.4,&quot;pressure&quot;:1002.0,&quot;visibility&quot;:24.1,&quot;cloudcover&quot;:100.0,&quot;solarradiation&quot;:820.0,&quot;solarenergy&quot;:3.0,&quot;uvindex&quot;:8.0,&quot;severerisk&quot;:30.0,&quot;conditions&quot;:&quot;Overcast&quot;,&quot;icon&quot;:&quot;cloudy&quot;,&quot;stations&quot;:null,&quot;source&quot;:&quot;fcst&quot;},{&quot;datetime&quot;:&quot;12:00:00&quot;,&quot;datetimeEpoch&quot;:1690439400,&quot;temp&quot;:33.9,&quot;feelslike&quot;:39.1,&quot;humidity&quot;:53.05,&quot;dew&quot;:23.0,&quot;precip&quot;:0.0,&quot;precipprob&quot;:42.9,&quot;snow&quot;:0.0,&quot;snowdepth&quot;:0.0,&quot;preciptype&quot;:null,&quot;windgust&quot;:11.9,&quot;windspeed&quot;:10.4,&quot;winddir&quot;:67.0,&quot;pressure&quot;:1001.0,&quot;visibility&quot;:24.1,&quot;cloudcover&quot;:98.4,&quot;solarradiation&quot;:820.0,&quot;solarenergy&quot;:3.0,&quot;uvindex&quot;:8.0,&quot;severerisk&quot;:30.0,&quot;conditions&quot;:&quot;Overcast&quot;,&quot;icon&quot;:&quot;cloudy&quot;,&quot;stations&quot;:null,&quot;source&quot;:&quot;fcst&quot;},{&quot;datetime&quot;:&quot;13:00:00&quot;,&quot;datetimeEpoch&quot;:1690443000,&quot;temp&quot;:34.4,&quot;feelslike&quot;:39.4,&quot;humidity&quot;:50.66,&quot;dew&quot;:22.7,&quot;precip&quot;:0.0,&quot;precipprob&quot;:66.7,&quot;snow&quot;:0.0,&quot;snowdepth&quot;:0.0,&quot;preciptype&quot;:[&quot;rain&quot;],&quot;windgust&quot;:12.6,&quot;windspeed&quot;:10.8,&quot;winddir&quot;:66.3,&quot;pressure&quot;:1000.0,&quot;visibility&quot;:24.1,&quot;cloudcover&quot;:100.0,&quot;solarradiation&quot;:734.0,&quot;solarenergy&quot;:2.6,&quot;uvindex&quot;:7.0,&quot;severerisk&quot;:30.0,&quot;conditions&quot;:&quot;Rain, Overcast&quot;,&quot;icon&quot;:&quot;rain&quot;,&quot;stations&quot;:null,&quot;source&quot;:&quot;fcst&quot;},{&quot;datetime&quot;:&quot;14:00:00&quot;,&quot;datetimeEpoch&quot;:1690446600,&quot;temp&quot;:34.7,&quot;feelslike&quot;:39.7,&quot;humidity&quot;:49.52,&quot;dew&quot;:22.6,&quot;precip&quot;:0.0,&quot;precipprob&quot;:66.7,&quot;snow&quot;:0.0,&quot;snowdepth&quot;:0.0,&quot;preciptype&quot;:[&quot;rain&quot;],&quot;windgust&quot;:13.0,&quot;windspeed&quot;:12.2,&quot;winddir&quot;:73.0,&quot;pressure&quot;:999.0,&quot;visibility&quot;:24.1,&quot;cloudcover&quot;:100.0,&quot;solarradiation&quot;:649.0,&quot;solarenergy&quot;:2.3,&quot;uvindex&quot;:6.0,&quot;severerisk&quot;:30.0,&quot;conditions&quot;:&quot;Rain, Overcast&quot;,&quot;icon&quot;:&quot;rain&quot;,&quot;stations&quot;:null,&quot;source&quot;:&quot;fcst&quot;},{&quot;datetime&quot;:&quot;15:00:00&quot;,&quot;datetimeEpoch&quot;:1690450200,&quot;temp&quot;:34.0,&quot;feelslike&quot;:39.1,&quot;humidity&quot;:52.43,&quot;dew&quot;:22.9,&quot;precip&quot;:0.0,&quot;precipprob&quot;:66.7,&quot;snow&quot;:0.0,&quot;snowdepth&quot;:0.0,&quot;preciptype&quot;:[&quot;rain&quot;],&quot;windgust&quot;:14.0,&quot;windspeed&quot;:12.6,&quot;winddir&quot;:68.4,&quot;pressure&quot;:999.0,&quot;visibility&quot;:24.1,&quot;cloudcover&quot;:100.0,&quot;solarradiation&quot;:415.0,&quot;solarenergy&quot;:1.5,&quot;uvindex&quot;:4.0,&quot;severerisk&quot;:30.0,&quot;conditions&quot;:&quot;Rain, Overcast&quot;,&quot;icon&quot;:&quot;rain&quot;,&quot;stations&quot;:null,&quot;source&quot;:&quot;fcst&quot;},{&quot;datetime&quot;:&quot;16:00:00&quot;,&quot;datetimeEpoch&quot;:1690453800,&quot;temp&quot;:33.7,&quot;feelslike&quot;:38.6,&quot;humidity&quot;:53.0,&quot;dew&quot;:22.8,&quot;precip&quot;:0.1,&quot;precipprob&quot;:66.7,&quot;snow&quot;:0.0,&quot;snowdepth&quot;:0.0,&quot;preciptype&quot;:[&quot;rain&quot;],&quot;windgust&quot;:14.4,&quot;windspeed&quot;:13.0,&quot;winddir&quot;:65.8,&quot;pressure&quot;:999.0,&quot;visibility&quot;:24.1,&quot;cloudcover&quot;:100.0,&quot;solarradiation&quot;:392.0,&quot;solarenergy&quot;:1.4,&quot;uvindex&quot;:4.0,&quot;severerisk&quot;:30.0,&quot;conditions&quot;:&quot;Rain, Overcast&quot;,&quot;icon&quot;:&quot;rain&quot;,&quot;stations&quot;:null,&quot;source&quot;:&quot;fcst&quot;},{&quot;datetime&quot;:&quot;17:00:00&quot;,&quot;datetimeEpoch&quot;:1690457400,&quot;temp&quot;:33.1,&quot;feelslike&quot;:38.3,&quot;humidity&quot;:56.16,&quot;dew&quot;:23.2,&quot;precip&quot;:0.0,&quot;precipprob&quot;:66.7,&quot;snow&quot;:0.0,&quot;snowdepth&quot;:0.0,&quot;preciptype&quot;:[&quot;rain&quot;],&quot;windgust&quot;:14.4,&quot;windspeed&quot;:11.5,&quot;winddir&quot;:78.1,&quot;pressure&quot;:999.0,&quot;visibility&quot;:24.1,&quot;cloudcover&quot;:100.0,&quot;solarradiation&quot;:345.0,&quot;solarenergy&quot;:1.2,&quot;uvindex&quot;:3.0,&quot;severerisk&quot;:30.0,&quot;conditions&quot;:&quot;Rain, Overcast&quot;,&quot;icon&quot;:&quot;rain&quot;,&quot;stations&quot;:null,&quot;source&quot;:&quot;fcst&quot;},{&quot;datetime&quot;:&quot;18:00:00&quot;,&quot;datetimeEpoch&quot;:1690461000,&quot;temp&quot;:31.8,&quot;feelslike&quot;:37.4,&quot;humidity&quot;:63.04,&quot;dew&quot;:23.9,&quot;precip&quot;:0.0,&quot;precipprob&quot;:66.7,&quot;snow&quot;:0.0,&quot;snowdepth&quot;:0.0,&quot;preciptype&quot;:[&quot;rain&quot;],&quot;windgust&quot;:19.1,&quot;windspeed&quot;:9.7,&quot;winddir&quot;:95.5,&quot;pressure&quot;:999.0,&quot;visibility&quot;:24.1,&quot;cloudcover&quot;:100.0,&quot;solarradiation&quot;:186.0,&quot;solarenergy&quot;:0.7,&quot;uvindex&quot;:2.0,&quot;severerisk&quot;:30.0,&quot;conditions&quot;:&quot;Rain, Overcast&quot;,&quot;icon&quot;:&quot;rain&quot;,&quot;stations&quot;:null,&quot;source&quot;:&quot;fcst&quot;},{&quot;datetime&quot;:&quot;19:00:00&quot;,&quot;datetimeEpoch&quot;:1690464600,&quot;temp&quot;:29.9,&quot;feelslike&quot;:34.6,&quot;humidity&quot;:69.84,&quot;dew&quot;:23.8,&quot;precip&quot;:0.0,&quot;precipprob&quot;:61.9,&quot;snow&quot;:0.0,&quot;snowdepth&quot;:0.0,&quot;preciptype&quot;:[&quot;rain&quot;],&quot;windgust&quot;:19.1,&quot;windspeed&quot;:8.3,&quot;winddir&quot;:101.5,&quot;pressure&quot;:999.0,&quot;visibility&quot;:24.1,&quot;cloudcover&quot;:100.0,&quot;solarradiation&quot;:44.0,&quot;solarenergy&quot;:0.2,&quot;uvindex&quot;:0.0,&quot;severerisk&quot;:30.0,&quot;conditions&quot;:&quot;Rain, Overcast&quot;,&quot;icon&quot;:&quot;rain&quot;,&quot;stations&quot;:null,&quot;source&quot;:&quot;fcst&quot;},{&quot;datetime&quot;:&quot;20:00:00&quot;,&quot;datetimeEpoch&quot;:1690468200,&quot;temp&quot;:28.9,&quot;feelslike&quot;:33.1,&quot;humidity&quot;:74.0,&quot;dew&quot;:23.8,&quot;precip&quot;:0.0,&quot;precipprob&quot;:61.9,&quot;snow&quot;:0.0,&quot;snowdepth&quot;:0.0,&quot;preciptype&quot;:[&quot;rain&quot;],&quot;windgust&quot;:26.3,&quot;windspeed&quot;:7.9,&quot;winddir&quot;:98.9,&quot;pressure&quot;:1000.0,&quot;visibility&quot;:24.1,&quot;cloudcover&quot;:98.6,&quot;solarradiation&quot;:0.0,&quot;solarenergy&quot;:0.0,&quot;uvindex&quot;:0.0,&quot;severerisk&quot;:30.0,&quot;conditions&quot;:&quot;Rain, Overcast&quot;,&quot;icon&quot;:&quot;rain&quot;,&quot;stations&quot;:null,&quot;source&quot;:&quot;fcst&quot;},{&quot;datetime&quot;:&quot;21:00:00&quot;,&quot;datetimeEpoch&quot;:1690471800,&quot;temp&quot;:28.2,&quot;feelslike&quot;:32.1,&quot;humidity&quot;:77.53,&quot;dew&quot;:23.9,&quot;precip&quot;:0.0,&quot;precipprob&quot;:61.9,&quot;snow&quot;:0.0,&quot;snowdepth&quot;:0.0,&quot;preciptype&quot;:[&quot;rain&quot;],&quot;windgust&quot;:17.6,&quot;windspeed&quot;:6.1,&quot;winddir&quot;:91.9,&quot;pressure&quot;:1001.0,&quot;visibility&quot;:24.1,&quot;cloudcover&quot;:97.9,&quot;solarradiation&quot;:0.0,&quot;solarenergy&quot;:0.0,&quot;uvindex&quot;:0.0,&quot;severerisk&quot;:30.0,&quot;conditions&quot;:&quot;Rain, Overcast&quot;,&quot;icon&quot;:&quot;rain&quot;,&quot;stations&quot;:null,&quot;source&quot;:&quot;fcst&quot;},{&quot;datetime&quot;:&quot;22:00:00&quot;,&quot;datetimeEpoch&quot;:1690475400,&quot;temp&quot;:27.1,&quot;feelslike&quot;:30.3,&quot;humidity&quot;:84.69,&quot;dew&quot;:24.3,&quot;precip&quot;:0.6,&quot;precipprob&quot;:61.9,&quot;snow&quot;:0.0,&quot;snowdepth&quot;:0.0,&quot;preciptype&quot;:[&quot;rain&quot;],&quot;windgust&quot;:3.6,&quot;windspeed&quot;:3.2,&quot;winddir&quot;:70.0,&quot;pressure&quot;:1002.0,&quot;visibility&quot;:24.1,&quot;cloudcover&quot;:97.6,&quot;solarradiation&quot;:0.0,&quot;solarenergy&quot;:0.0,&quot;uvindex&quot;:0.0,&quot;severerisk&quot;:30.0,&quot;conditions&quot;:&quot;Rain, Overcast&quot;,&quot;icon&quot;:&quot;rain&quot;,&quot;stations&quot;:null,&quot;source&quot;:&quot;fcst&quot;},{&quot;datetime&quot;:&quot;23:00:00&quot;,&quot;datetimeEpoch&quot;:1690479000,&quot;temp&quot;:26.9,&quot;feelslike&quot;:29.9,&quot;humidity&quot;:85.69,&quot;dew&quot;:24.3,&quot;precip&quot;:0.1,&quot;precipprob&quot;:61.9,&quot;snow&quot;:0.0,&quot;snowdepth&quot;:0.0,&quot;preciptype&quot;:[&quot;rain&quot;],&quot;windgust&quot;:3.6,&quot;windspeed&quot;:3.6,&quot;winddir&quot;:84.6,&quot;pressure&quot;:1001.0,&quot;visibility&quot;:24.1,&quot;cloudcover&quot;:90.2,&quot;solarradiation&quot;:0.0,&quot;solarenergy&quot;:0.0,&quot;uvindex&quot;:0.0,&quot;severerisk&quot;:30.0,&quot;conditions&quot;:&quot;Rain, Overcast&quot;,&quot;icon&quot;:&quot;rain&quot;,&quot;stations&quot;:null,&quot;source&quot;:&quot;fcst&quot;}]},{&quot;datetime&quot;:&quot;2023-07-28&quot;,&quot;datetimeEpoch&quot;:1690482600,&quot;tempmax&quot;:37.0,&quot;tempmin&quot;:25.5,&quot;temp&quot;:29.9,&quot;feelslikemax&quot;:42.6,&quot;feelslikemin&quot;:25.5,&quot;feelslike&quot;:33.2,&quot;dew&quot;:23.9,&quot;humidity&quot;:72.4,&quot;precip&quot;:5.6,&quot;precipprob&quot;:76.2,&quot;precipcover&quot;:12.5,&quot;preciptype&quot;:[&quot;rain&quot;],&quot;snow&quot;:0.0,&quot;snowdepth&quot;:0.0,&quot;windgust&quot;:24.1,&quot;windspeed&quot;:10.8,&quot;winddir&quot;:300.2,&quot;pressure&quot;:999.2,&quot;cloudcover&quot;:84.3,&quot;visibility&quot;:22.1,&quot;solarradiation&quot;:210.1,&quot;solarenergy&quot;:18.3,&quot;uvindex&quot;:8.0,&quot;severerisk&quot;:30.0,&quot;sunrise&quot;:&quot;05:19:00&quot;,&quot;sunriseEpoch&quot;:1690501740,&quot;sunset&quot;:&quot;18:32:22&quot;,&quot;sunsetEpoch&quot;:1690549342,&quot;moonphase&quot;:0.35,&quot;conditions&quot;:&quot;Rain, Partially cloudy&quot;,&quot;description&quot;:&quot;Partly cloudy throughout the day with storms possible.&quot;,&quot;icon&quot;:&quot;rain&quot;,&quot;stations&quot;:null,&quot;source&quot;:&quot;fcst&quot;,&quot;hours&quot;:[{&quot;datetime&quot;:&quot;00:00:00&quot;,&quot;datetimeEpoch&quot;:1690482600,&quot;temp&quot;:26.7,&quot;feelslike&quot;:26.7,&quot;humidity&quot;:86.19,&quot;dew&quot;:24.2,&quot;precip&quot;:0.0,&quot;precipprob&quot;:61.9,&quot;snow&quot;:0.0,&quot;snowdepth&quot;:0.0,&quot;preciptype&quot;:[&quot;rain&quot;],&quot;windgust&quot;:3.2,&quot;windspeed&quot;:3.2,&quot;winddir&quot;:59.4,&quot;pressure&quot;:1001.0,&quot;visibility&quot;:24.1,&quot;cloudcover&quot;:96.7,&quot;solarradiation&quot;:0.0,&quot;solarenergy&quot;:0.0,&quot;uvindex&quot;:0.0,&quot;severerisk&quot;:30.0,&quot;conditions&quot;:&quot;Rain, Overcast&quot;,&quot;icon&quot;:&quot;rain&quot;,&quot;stations&quot;:null,&quot;source&quot;:&quot;fcst&quot;},{&quot;datetime&quot;:&quot;01:00:00&quot;,&quot;datetimeEpoch&quot;:1690486200,&quot;temp&quot;:26.4,&quot;feelslike&quot;:26.4,&quot;humidity&quot;:87.73,&quot;dew&quot;:24.2,&quot;precip&quot;:0.0,&quot;precipprob&quot;:42.9,&quot;snow&quot;:0.0,&quot;snowdepth&quot;:0.0,&quot;preciptype&quot;:null,&quot;windgust&quot;:4.0,&quot;windspeed&quot;:4.0,&quot;winddir&quot;:69.9,&quot;pressure&quot;:1000.0,&quot;visibility&quot;:24.1,&quot;cloudcover&quot;:33.5,&quot;solarradiation&quot;:0.0,&quot;solarenergy&quot;:0.0,&quot;uvindex&quot;:0.0,&quot;severerisk&quot;:30.0,&quot;conditions&quot;:&quot;Partially cloudy&quot;,&quot;icon&quot;:&quot;partly-cloudy-night&quot;,&quot;stations&quot;:null,&quot;source&quot;:&quot;fcst&quot;},{&quot;datetime&quot;:&quot;02:00:00&quot;,&quot;datetimeEpoch&quot;:1690489800,&quot;temp&quot;:26.1,&quot;feelslike&quot;:26.1,&quot;humidity&quot;:88.76,&quot;dew&quot;:24.1,&quot;precip&quot;:0.0,&quot;precipprob&quot;:42.9,&quot;snow&quot;:0.0,&quot;snowdepth&quot;:0.0,&quot;preciptype&quot;:null,&quot;windgust&quot;:4.7,&quot;windspeed&quot;:5.0,&quot;winddir&quot;:65.4,&quot;pressure&quot;:1000.0,&quot;visibility&quot;:24.1,&quot;cloudcover&quot;:74.4,&quot;solarradiation&quot;:0.0,&quot;solarenergy&quot;:0.0,&quot;uvindex&quot;:0.0,&quot;severerisk&quot;:30.0,&quot;conditions&quot;:&quot;Partially cloudy&quot;,&quot;icon&quot;:&quot;partly-cloudy-night&quot;,&quot;stations&quot;:null,&quot;source&quot;:&quot;fcst&quot;},{&quot;datetime&quot;:&quot;03:00:00&quot;,&quot;datetimeEpoch&quot;:1690493400,&quot;temp&quot;:25.9,&quot;feelslike&quot;:25.9,&quot;humidity&quot;:89.28,&quot;dew&quot;:24.0,&quot;precip&quot;:0.0,&quot;precipprob&quot;:42.9,&quot;snow&quot;:0.0,&quot;snowdepth&quot;:0.0,&quot;preciptype&quot;:null,&quot;windgust&quot;:3.6,&quot;windspeed&quot;:3.6,&quot;winddir&quot;:64.8,&quot;pressure&quot;:999.0,&quot;visibility&quot;:24.1,&quot;cloudcover&quot;:95.3,&quot;solarradiation&quot;:0.0,&quot;solarenergy&quot;:0.0,&quot;uvindex&quot;:0.0,&quot;severerisk&quot;:30.0,&quot;conditions&quot;:&quot;Overcast&quot;,&quot;icon&quot;:&quot;cloudy&quot;,&quot;stations&quot;:null,&quot;source&quot;:&quot;fcst&quot;},{&quot;datetime&quot;:&quot;04:00:00&quot;,&quot;datetimeEpoch&quot;:1690497000,&quot;temp&quot;:25.7,&quot;feelslike&quot;:25.7,&quot;humidity&quot;:90.35,&quot;dew&quot;:24.0,&quot;precip&quot;:0.0,&quot;precipprob&quot;:42.9,&quot;snow&quot;:0.0,&quot;snowdepth&quot;:0.0,&quot;preciptype&quot;:null,&quot;windgust&quot;:4.0,&quot;windspeed&quot;:4.0,&quot;winddir&quot;:62.6,&quot;pressure&quot;:999.0,&quot;visibility&quot;:24.1,&quot;cloudcover&quot;:5.0,&quot;solarradiation&quot;:0.0,&quot;solarenergy&quot;:0.0,&quot;uvindex&quot;:0.0,&quot;severerisk&quot;:10.0,&quot;conditions&quot;:&quot;Clear&quot;,&quot;icon&quot;:&quot;clear-night&quot;,&quot;stations&quot;:null,&quot;source&quot;:&quot;fcst&quot;},{&quot;datetime&quot;:&quot;05:00:00&quot;,&quot;datetimeEpoch&quot;:1690500600,&quot;temp&quot;:25.6,&quot;feelslike&quot;:25.6,&quot;humidity&quot;:90.34,&quot;dew&quot;:23.9,&quot;precip&quot;:0.0,&quot;precipprob&quot;:42.9,&quot;snow&quot;:0.0,&quot;snowdepth&quot;:0.0,&quot;preciptype&quot;:null,&quot;windgust&quot;:2.9,&quot;windspeed&quot;:2.9,&quot;winddir&quot;:54.0,&quot;pressure&quot;:1000.0,&quot;visibility&quot;:24.1,&quot;cloudcover&quot;:27.2,&quot;solarradiation&quot;:0.0,&quot;solarenergy&quot;:0.0,&quot;uvindex&quot;:0.0,&quot;severerisk&quot;:10.0,&quot;conditions&quot;:&quot;Partially cloudy&quot;,&quot;icon&quot;:&quot;partly-cloudy-night&quot;,&quot;stations&quot;:null,&quot;source&quot;:&quot;fcst&quot;},{&quot;datetime&quot;:&quot;06:00:00&quot;,&quot;datetimeEpoch&quot;:1690504200,&quot;temp&quot;:25.5,&quot;feelslike&quot;:25.5,&quot;humidity&quot;:90.88,&quot;dew&quot;:23.9,&quot;precip&quot;:0.0,&quot;precipprob&quot;:42.9,&quot;snow&quot;:0.0,&quot;snowdepth&quot;:0.0,&quot;preciptype&quot;:null,&quot;windgust&quot;:2.5,&quot;windspeed&quot;:2.5,&quot;winddir&quot;:81.2,&quot;pressure&quot;:1000.0,&quot;visibility&quot;:24.1,&quot;cloudcover&quot;:99.1,&quot;solarradiation&quot;:0.0,&quot;solarenergy&quot;:0.0,&quot;uvindex&quot;:0.0,&quot;severerisk&quot;:10.0,&quot;conditions&quot;:&quot;Overcast&quot;,&quot;icon&quot;:&quot;cloudy&quot;,&quot;stations&quot;:null,&quot;source&quot;:&quot;fcst&quot;},{&quot;datetime&quot;:&quot;07:00:00&quot;,&quot;datetimeEpoch&quot;:1690507800,&quot;temp&quot;:27.6,&quot;feelslike&quot;:31.1,&quot;humidity&quot;:80.94,&quot;dew&quot;:24.0,&quot;precip&quot;:0.0,&quot;precipprob&quot;:71.4,&quot;snow&quot;:0.0,&quot;snowdepth&quot;:0.0,&quot;preciptype&quot;:[&quot;rain&quot;],&quot;windgust&quot;:2.4,&quot;windspeed&quot;:2.2,&quot;winddir&quot;:60.5,&quot;pressure&quot;:1000.3,&quot;visibility&quot;:24.1,&quot;cloudcover&quot;:92.6,&quot;solarradiation&quot;:97.7,&quot;solarenergy&quot;:0.4,&quot;uvindex&quot;:1.0,&quot;severerisk&quot;:30.0,&quot;conditions&quot;:&quot;Rain, Overcast&quot;,&quot;icon&quot;:&quot;rain&quot;,&quot;stations&quot;:null,&quot;source&quot;:&quot;fcst&quot;},{&quot;datetime&quot;:&quot;08:00:00&quot;,&quot;datetimeEpoch&quot;:1690511400,&quot;temp&quot;:29.7,&quot;feelslike&quot;:34.7,&quot;humidity&quot;:72.23,&quot;dew&quot;:24.1,&quot;precip&quot;:0.0,&quot;precipprob&quot;:71.4,&quot;snow&quot;:0.0,&quot;snowdepth&quot;:0.0,&quot;preciptype&quot;:[&quot;rain&quot;],&quot;windgust&quot;:2.3,&quot;windspeed&quot;:1.8,&quot;winddir&quot;:39.9,&quot;pressure&quot;:1000.7,&quot;visibility&quot;:24.1,&quot;cloudcover&quot;:86.2,&quot;solarradiation&quot;:195.3,&quot;solarenergy&quot;:0.7,&quot;uvindex&quot;:2.0,&quot;severerisk&quot;:30.0,&quot;conditions&quot;:&quot;Rain, Partially cloudy&quot;,&quot;icon&quot;:&quot;rain&quot;,&quot;stations&quot;:null,&quot;source&quot;:&quot;fcst&quot;},{&quot;datetime&quot;:&quot;09:00:00&quot;,&quot;datetimeEpoch&quot;:1690515000,&quot;temp&quot;:31.8,&quot;feelslike&quot;:37.9,&quot;humidity&quot;:64.57,&quot;dew&quot;:24.3,&quot;precip&quot;:0.1,&quot;precipprob&quot;:71.4,&quot;snow&quot;:0.0,&quot;snowdepth&quot;:0.0,&quot;preciptype&quot;:[&quot;rain&quot;],&quot;windgust&quot;:2.2,&quot;windspeed&quot;:1.4,&quot;winddir&quot;:19.2,&quot;pressure&quot;:1001.0,&quot;visibility&quot;:24.1,&quot;cloudcover&quot;:79.7,&quot;solarradiation&quot;:293.0,&quot;solarenergy&quot;:1.1,&quot;uvindex&quot;:3.0,&quot;severerisk&quot;:30.0,&quot;conditions&quot;:&quot;Rain, Partially cloudy&quot;,&quot;icon&quot;:&quot;rain&quot;,&quot;stations&quot;:null,&quot;source&quot;:&quot;fcst&quot;},{&quot;datetime&quot;:&quot;10:00:00&quot;,&quot;datetimeEpoch&quot;:1690518600,&quot;temp&quot;:33.5,&quot;feelslike&quot;:39.5,&quot;humidity&quot;:56.6,&quot;dew&quot;:23.7,&quot;precip&quot;:0.0,&quot;precipprob&quot;:71.4,&quot;snow&quot;:0.0,&quot;snowdepth&quot;:0.0,&quot;preciptype&quot;:[&quot;rain&quot;],&quot;windgust&quot;:4.7,&quot;windspeed&quot;:2.9,&quot;winddir&quot;:110.8,&quot;pressure&quot;:1000.3,&quot;visibility&quot;:24.1,&quot;cloudcover&quot;:84.3,&quot;solarradiation&quot;:471.3,&quot;solarenergy&quot;:1.7,&quot;uvindex&quot;:5.0,&quot;severerisk&quot;:30.0,&quot;conditions&quot;:&quot;Rain, Partially cloudy&quot;,&quot;icon&quot;:&quot;rain&quot;,&quot;stations&quot;:null,&quot;source&quot;:&quot;fcst&quot;},{&quot;datetime&quot;:&quot;11:00:00&quot;,&quot;datetimeEpoch&quot;:1690522200,&quot;temp&quot;:35.2,&quot;feelslike&quot;:41.1,&quot;humidity&quot;:49.67,&quot;dew&quot;:23.1,&quot;precip&quot;:0.0,&quot;precipprob&quot;:71.4,&quot;snow&quot;:0.0,&quot;snowdepth&quot;:0.0,&quot;preciptype&quot;:[&quot;rain&quot;],&quot;windgust&quot;:7.2,&quot;windspeed&quot;:4.3,&quot;winddir&quot;:202.5,&quot;pressure&quot;:999.7,&quot;visibility&quot;:24.1,&quot;cloudcover&quot;:89.0,&quot;solarradiation&quot;:649.7,&quot;solarenergy&quot;:2.4,&quot;uvindex&quot;:6.0,&quot;severerisk&quot;:30.0,&quot;conditions&quot;:&quot;Rain, Partially cloudy&quot;,&quot;icon&quot;:&quot;rain&quot;,&quot;stations&quot;:null,&quot;source&quot;:&quot;fcst&quot;},{&quot;datetime&quot;:&quot;12:00:00&quot;,&quot;datetimeEpoch&quot;:1690525800,&quot;temp&quot;:37.0,&quot;feelslike&quot;:42.6,&quot;humidity&quot;:43.63,&quot;dew&quot;:22.6,&quot;precip&quot;:0.0,&quot;precipprob&quot;:71.4,&quot;snow&quot;:0.0,&quot;snowdepth&quot;:0.0,&quot;preciptype&quot;:[&quot;rain&quot;],&quot;windgust&quot;:9.7,&quot;windspeed&quot;:5.8,&quot;winddir&quot;:294.1,&quot;pressure&quot;:999.0,&quot;visibility&quot;:24.1,&quot;cloudcover&quot;:93.6,&quot;solarradiation&quot;:828.0,&quot;solarenergy&quot;:3.0,&quot;uvindex&quot;:8.0,&quot;severerisk&quot;:30.0,&quot;conditions&quot;:&quot;Rain, Overcast&quot;,&quot;icon&quot;:&quot;rain&quot;,&quot;stations&quot;:null,&quot;source&quot;:&quot;fcst&quot;},{&quot;datetime&quot;:&quot;13:00:00&quot;,&quot;datetimeEpoch&quot;:1690529400,&quot;temp&quot;:35.7,&quot;feelslike&quot;:41.5,&quot;humidity&quot;:47.92,&quot;dew&quot;:23.0,&quot;precip&quot;:0.0,&quot;precipprob&quot;:71.4,&quot;snow&quot;:0.0,&quot;snowdepth&quot;:0.0,&quot;preciptype&quot;:[&quot;rain&quot;],&quot;windgust&quot;:8.8,&quot;windspeed&quot;:5.2,&quot;winddir&quot;:303.3,&quot;pressure&quot;:998.3,&quot;visibility&quot;:24.1,&quot;cloudcover&quot;:92.7,&quot;solarradiation&quot;:635.0,&quot;solarenergy&quot;:2.3,&quot;uvindex&quot;:6.0,&quot;severerisk&quot;:30.0,&quot;conditions&quot;:&quot;Rain, Overcast&quot;,&quot;icon&quot;:&quot;rain&quot;,&quot;stations&quot;:null,&quot;source&quot;:&quot;fcst&quot;},{&quot;datetime&quot;:&quot;14:00:00&quot;,&quot;datetimeEpoch&quot;:1690533000,&quot;temp&quot;:34.5,&quot;feelslike&quot;:40.5,&quot;humidity&quot;:52.67,&quot;dew&quot;:23.4,&quot;precip&quot;:0.0,&quot;precipprob&quot;:71.4,&quot;snow&quot;:0.0,&quot;snowdepth&quot;:0.0,&quot;preciptype&quot;:[&quot;rain&quot;],&quot;windgust&quot;:7.8,&quot;windspeed&quot;:4.6,&quot;winddir&quot;:312.4,&quot;pressure&quot;:997.7,&quot;visibility&quot;:24.1,&quot;cloudcover&quot;:91.8,&quot;solarradiation&quot;:442.0,&quot;solarenergy&quot;:1.6,&quot;uvindex&quot;:4.0,&quot;severerisk&quot;:30.0,&quot;conditions&quot;:&quot;Rain, Overcast&quot;,&quot;icon&quot;:&quot;rain&quot;,&quot;stations&quot;:null,&quot;source&quot;:&quot;fcst&quot;},{&quot;datetime&quot;:&quot;15:00:00&quot;,&quot;datetimeEpoch&quot;:1690536600,&quot;temp&quot;:33.3,&quot;feelslike&quot;:39.4,&quot;humidity&quot;:57.92,&quot;dew&quot;:23.9,&quot;precip&quot;:0.4,&quot;precipprob&quot;:71.4,&quot;snow&quot;:0.0,&quot;snowdepth&quot;:0.0,&quot;preciptype&quot;:[&quot;rain&quot;],&quot;windgust&quot;:6.8,&quot;windspeed&quot;:4.0,&quot;winddir&quot;:321.6,&quot;pressure&quot;:997.0,&quot;visibility&quot;:24.1,&quot;cloudcover&quot;:90.9,&quot;solarradiation&quot;:249.0,&quot;solarenergy&quot;:0.9,&quot;uvindex&quot;:2.0,&quot;severerisk&quot;:30.0,&quot;conditions&quot;:&quot;Rain, Overcast&quot;,&quot;icon&quot;:&quot;rain&quot;,&quot;stations&quot;:null,&quot;source&quot;:&quot;fcst&quot;},{&quot;datetime&quot;:&quot;16:00:00&quot;,&quot;datetimeEpoch&quot;:1690540200,&quot;temp&quot;:32.9,&quot;feelslike&quot;:38.9,&quot;humidity&quot;:58.78,&quot;dew&quot;:23.8,&quot;precip&quot;:0.0,&quot;precipprob&quot;:71.4,&quot;snow&quot;:0.0,&quot;snowdepth&quot;:0.0,&quot;preciptype&quot;:[&quot;rain&quot;],&quot;windgust&quot;:6.1,&quot;windspeed&quot;:3.0,&quot;winddir&quot;:254.4,&quot;pressure&quot;:997.0,&quot;visibility&quot;:24.1,&quot;cloudcover&quot;:93.9,&quot;solarradiation&quot;:269.0,&quot;solarenergy&quot;:1.0,&quot;uvindex&quot;:3.0,&quot;severerisk&quot;:30.0,&quot;conditions&quot;:&quot;Rain, Overcast&quot;,&quot;icon&quot;:&quot;rain&quot;,&quot;stations&quot;:null,&quot;source&quot;:&quot;fcst&quot;},{&quot;datetime&quot;:&quot;17:00:00&quot;,&quot;datetimeEpoch&quot;:1690543800,&quot;temp&quot;:32.6,&quot;feelslike&quot;:38.4,&quot;humidity&quot;:59.66,&quot;dew&quot;:23.7,&quot;precip&quot;:0.0,&quot;precipprob&quot;:71.4,&quot;snow&quot;:0.0,&quot;snowdepth&quot;:0.0,&quot;preciptype&quot;:[&quot;rain&quot;],&quot;windgust&quot;:5.4,&quot;windspeed&quot;:2.0,&quot;winddir&quot;:187.2,&quot;pressure&quot;:997.0,&quot;visibility&quot;:24.1,&quot;cloudcover&quot;:97.0,&quot;solarradiation&quot;:289.0,&quot;solarenergy&quot;:1.0,&quot;uvindex&quot;:3.0,&quot;severerisk&quot;:30.0,&quot;conditions&quot;:&quot;Rain, Overcast&quot;,&quot;icon&quot;:&quot;rain&quot;,&quot;stations&quot;:null,&quot;source&quot;:&quot;fcst&quot;},{&quot;datetime&quot;:&quot;18:00:00&quot;,&quot;datetimeEpoch&quot;:1690547400,&quot;temp&quot;:32.3,&quot;feelslike&quot;:37.8,&quot;humidity&quot;:60.55,&quot;dew&quot;:23.7,&quot;precip&quot;:0.0,&quot;precipprob&quot;:71.4,&quot;snow&quot;:0.0,&quot;snowdepth&quot;:0.0,&quot;preciptype&quot;:[&quot;rain&quot;],&quot;windgust&quot;:4.7,&quot;windspeed&quot;:1.1,&quot;winddir&quot;:120.0,&quot;pressure&quot;:997.0,&quot;visibility&quot;:24.1,&quot;cloudcover&quot;:100.0,&quot;solarradiation&quot;:309.0,&quot;solarenergy&quot;:1.1,&quot;uvindex&quot;:3.0,&quot;severerisk&quot;:30.0,&quot;conditions&quot;:&quot;Rain, Overcast&quot;,&quot;icon&quot;:&quot;rain&quot;,&quot;stations&quot;:null,&quot;source&quot;:&quot;fcst&quot;},{&quot;datetime&quot;:&quot;19:00:00&quot;,&quot;datetimeEpoch&quot;:1690551000,&quot;temp&quot;:30.4,&quot;feelslike&quot;:35.6,&quot;humidity&quot;:67.89,&quot;dew&quot;:23.9,&quot;precip&quot;:0.0,&quot;precipprob&quot;:76.2,&quot;snow&quot;:0.0,&quot;snowdepth&quot;:0.0,&quot;preciptype&quot;:[&quot;rain&quot;],&quot;windgust&quot;:11.2,&quot;windspeed&quot;:4.3,&quot;winddir&quot;:168.9,&quot;pressure&quot;:998.0,&quot;visibility&quot;:18.7,&quot;cloudcover&quot;:100.0,&quot;solarradiation&quot;:206.7,&quot;solarenergy&quot;:0.7,&quot;uvindex&quot;:0.0,&quot;severerisk&quot;:30.0,&quot;conditions&quot;:&quot;Rain, Overcast&quot;,&quot;icon&quot;:&quot;rain&quot;,&quot;stations&quot;:null,&quot;source&quot;:&quot;fcst&quot;},{&quot;datetime&quot;:&quot;20:00:00&quot;,&quot;datetimeEpoch&quot;:1690554600,&quot;temp&quot;:28.7,&quot;feelslike&quot;:33.1,&quot;humidity&quot;:76.22,&quot;dew&quot;:24.1,&quot;precip&quot;:0.0,&quot;precipprob&quot;:76.2,&quot;snow&quot;:0.0,&quot;snowdepth&quot;:0.0,&quot;preciptype&quot;:[&quot;rain&quot;],&quot;windgust&quot;:17.6,&quot;windspeed&quot;:7.6,&quot;winddir&quot;:217.7,&quot;pressure&quot;:999.0,&quot;visibility&quot;:13.2,&quot;cloudcover&quot;:100.0,&quot;solarradiation&quot;:104.3,&quot;solarenergy&quot;:0.4,&quot;uvindex&quot;:0.0,&quot;severerisk&quot;:30.0,&quot;conditions&quot;:&quot;Rain, Overcast&quot;,&quot;icon&quot;:&quot;rain&quot;,&quot;stations&quot;:null,&quot;source&quot;:&quot;fcst&quot;},{&quot;datetime&quot;:&quot;21:00:00&quot;,&quot;datetimeEpoch&quot;:1690558200,&quot;temp&quot;:26.9,&quot;feelslike&quot;:29.9,&quot;humidity&quot;:85.69,&quot;dew&quot;:24.3,&quot;precip&quot;:5.1,&quot;precipprob&quot;:76.2,&quot;snow&quot;:0.0,&quot;snowdepth&quot;:0.0,&quot;preciptype&quot;:[&quot;rain&quot;],&quot;windgust&quot;:24.1,&quot;windspeed&quot;:10.8,&quot;winddir&quot;:266.6,&quot;pressure&quot;:1000.0,&quot;visibility&quot;:7.8,&quot;cloudcover&quot;:100.0,&quot;solarradiation&quot;:2.0,&quot;solarenergy&quot;:0.0,&quot;uvindex&quot;:0.0,&quot;severerisk&quot;:10.0,&quot;conditions&quot;:&quot;Rain, Overcast&quot;,&quot;icon&quot;:&quot;rain&quot;,&quot;stations&quot;:null,&quot;source&quot;:&quot;fcst&quot;},{&quot;datetime&quot;:&quot;22:00:00&quot;,&quot;datetimeEpoch&quot;:1690561800,&quot;temp&quot;:26.5,&quot;feelslike&quot;:26.5,&quot;humidity&quot;:88.26,&quot;dew&quot;:24.4,&quot;precip&quot;:0.0,&quot;precipprob&quot;:76.2,&quot;snow&quot;:0.0,&quot;snowdepth&quot;:0.0,&quot;preciptype&quot;:[&quot;rain&quot;],&quot;windgust&quot;:17.6,&quot;windspeed&quot;:8.4,&quot;winddir&quot;:281.3,&quot;pressure&quot;:1000.0,&quot;visibility&quot;:13.2,&quot;cloudcover&quot;:100.0,&quot;solarradiation&quot;:1.3,&quot;solarenergy&quot;:0.0,&quot;uvindex&quot;:0.0,&quot;severerisk&quot;:30.0,&quot;conditions&quot;:&quot;Rain, Overcast&quot;,&quot;icon&quot;:&quot;rain&quot;,&quot;stations&quot;:null,&quot;source&quot;:&quot;fcst&quot;},{&quot;datetime&quot;:&quot;23:00:00&quot;,&quot;datetimeEpoch&quot;:1690565400,&quot;temp&quot;:26.1,&quot;feelslike&quot;:26.1,&quot;humidity&quot;:90.92,&quot;dew&quot;:24.4,&quot;precip&quot;:0.0,&quot;precipprob&quot;:76.2,&quot;snow&quot;:0.0,&quot;snowdepth&quot;:0.0,&quot;preciptype&quot;:[&quot;rain&quot;],&quot;windgust&quot;:11.2,&quot;windspeed&quot;:6.0,&quot;winddir&quot;:296.0,&quot;pressure&quot;:1000.0,&quot;visibility&quot;:18.7,&quot;cloudcover&quot;:100.0,&quot;solarradiation&quot;:0.7,&quot;solarenergy&quot;:0.0,&quot;uvindex&quot;:0.0,&quot;severerisk&quot;:30.0,&quot;conditions&quot;:&quot;Rain, Overcast&quot;,&quot;icon&quot;:&quot;rain&quot;,&quot;stations&quot;:null,&quot;source&quot;:&quot;fcst&quot;}]},{&quot;datetime&quot;:&quot;2023-07-29&quot;,&quot;datetimeEpoch&quot;:1690569000,&quot;tempmax&quot;:30.5,&quot;tempmin&quot;:24.0,&quot;temp&quot;:27.1,&quot;feelslikemax&quot;:35.4,&quot;feelslikemin&quot;:24.0,&quot;feelslike&quot;:29.4,&quot;dew&quot;:24.0,&quot;humidity&quot;:83.6,&quot;precip&quot;:22.8,&quot;precipprob&quot;:81.0,&quot;precipcover&quot;:33.33,&quot;preciptype&quot;:[&quot;rain&quot;],&quot;snow&quot;:0.0,&quot;snowdepth&quot;:0.0,&quot;windgust&quot;:15.5,&quot;windspeed&quot;:9.7,&quot;winddir&quot;:300.9,&quot;pressure&quot;:999.5,&quot;cloudcover&quot;:97.6,&quot;visibility&quot;:18.3,&quot;solarradiation&quot;:204.5,&quot;solarenergy&quot;:17.9,&quot;uvindex&quot;:6.0,&quot;severerisk&quot;:30.0,&quot;sunrise&quot;:&quot;05:19:25&quot;,&quot;sunriseEpoch&quot;:1690588165,&quot;sunset&quot;:&quot;18:31:54&quot;,&quot;sunsetEpoch&quot;:1690635714,&quot;moonphase&quot;:0.38,&quot;conditions&quot;:&quot;Rain, Overcast&quot;,&quot;description&quot;:&quot;Cloudy skies throughout the day with storms possible.&quot;,&quot;icon&quot;:&quot;rain&quot;,&quot;stations&quot;:null,&quot;source&quot;:&quot;fcst&quot;,&quot;hours&quot;:[{&quot;datetime&quot;:&quot;00:00:00&quot;,&quot;datetimeEpoch&quot;:1690569000,&quot;temp&quot;:25.7,&quot;feelslike&quot;:25.7,&quot;humidity&quot;:93.66,&quot;dew&quot;:24.6,&quot;precip&quot;:5.9,&quot;precipprob&quot;:76.2,&quot;snow&quot;:0.0,&quot;snowdepth&quot;:0.0,&quot;preciptype&quot;:[&quot;rain&quot;],&quot;windgust&quot;:4.7,&quot;windspeed&quot;:3.6,&quot;winddir&quot;:310.7,&quot;pressure&quot;:1000.0,&quot;visibility&quot;:24.1,&quot;cloudcover&quot;:100.0,&quot;solarradiation&quot;:0.0,&quot;solarenergy&quot;:0.0,&quot;uvindex&quot;:0.0,&quot;severerisk&quot;:30.0,&quot;conditions&quot;:&quot;Rain, Overcast&quot;,&quot;icon&quot;:&quot;rain&quot;,&quot;stations&quot;:null,&quot;source&quot;:&quot;fcst&quot;},{&quot;datetime&quot;:&quot;01:00:00&quot;,&quot;datetimeEpoch&quot;:1690572600,&quot;temp&quot;:25.4,&quot;feelslike&quot;:25.4,&quot;humidity&quot;:94.02,&quot;dew&quot;:24.3,&quot;precip&quot;:0.0,&quot;precipprob&quot;:66.7,&quot;snow&quot;:0.0,&quot;snowdepth&quot;:0.0,&quot;preciptype&quot;:[&quot;rain&quot;],&quot;windgust&quot;:5.8,&quot;windspeed&quot;:4.3,&quot;winddir&quot;:316.6,&quot;pressure&quot;:999.7,&quot;visibility&quot;:24.1,&quot;cloudcover&quot;:100.0,&quot;solarradiation&quot;:0.0,&quot;solarenergy&quot;:0.0,&quot;uvindex&quot;:0.0,&quot;severerisk&quot;:10.0,&quot;conditions&quot;:&quot;Rain, Overcast&quot;,&quot;icon&quot;:&quot;rain&quot;,&quot;stations&quot;:null,&quot;source&quot;:&quot;fcst&quot;},{&quot;datetime&quot;:&quot;02:00:00&quot;,&quot;datetimeEpoch&quot;:1690576200,&quot;temp&quot;:25.1,&quot;feelslike&quot;:25.1,&quot;humidity&quot;:94.38,&quot;dew&quot;:24.1,&quot;precip&quot;:0.0,&quot;precipprob&quot;:66.7,&quot;snow&quot;:0.0,&quot;snowdepth&quot;:0.0,&quot;preciptype&quot;:[&quot;rain&quot;],&quot;windgust&quot;:6.8,&quot;windspeed&quot;:5.0,&quot;winddir&quot;:322.4,&quot;pressure&quot;:999.3,&quot;visibility&quot;:24.1,&quot;cloudcover&quot;:100.0,&quot;solarradiation&quot;:0.0,&quot;solarenergy&quot;:0.0,&quot;uvindex&quot;:0.0,&quot;severerisk&quot;:10.0,&quot;conditions&quot;:&quot;Rain, Overcast&quot;,&quot;icon&quot;:&quot;rain&quot;,&quot;stations&quot;:null,&quot;source&quot;:&quot;fcst&quot;},{&quot;datetime&quot;:&quot;03:00:00&quot;,&quot;datetimeEpoch&quot;:1690579800,&quot;temp&quot;:24.8,&quot;feelslike&quot;:24.8,&quot;humidity&quot;:94.75,&quot;dew&quot;:23.9,&quot;precip&quot;:1.9,&quot;precipprob&quot;:66.7,&quot;snow&quot;:0.0,&quot;snowdepth&quot;:0.0,&quot;preciptype&quot;:[&quot;rain&quot;],&quot;windgust&quot;:7.9,&quot;windspeed&quot;:5.8,&quot;winddir&quot;:328.3,&quot;pressure&quot;:999.0,&quot;visibility&quot;:24.1,&quot;cloudcover&quot;:100.0,&quot;solarradiation&quot;:0.0,&quot;solarenergy&quot;:0.0,&quot;uvindex&quot;:0.0,&quot;severerisk&quot;:10.0,&quot;conditions&quot;:&quot;Rain, Overcast&quot;,&quot;icon&quot;:&quot;rain&quot;,&quot;stations&quot;:null,&quot;source&quot;:&quot;fcst&quot;},{&quot;datetime&quot;:&quot;04:00:00&quot;,&quot;datetimeEpoch&quot;:1690583400,&quot;temp&quot;:24.5,&quot;feelslike&quot;:24.5,&quot;humidity&quot;:94.74,&quot;dew&quot;:23.6,&quot;precip&quot;:0.0,&quot;precipprob&quot;:66.7,&quot;snow&quot;:0.0,&quot;snowdepth&quot;:0.0,&quot;preciptype&quot;:[&quot;rain&quot;],&quot;windgust&quot;:6.1,&quot;windspeed&quot;:4.6,&quot;winddir&quot;:309.4,&quot;pressure&quot;:999.3,&quot;visibility&quot;:17.7,&quot;cloudcover&quot;:100.0,&quot;solarradiation&quot;:0.0,&quot;solarenergy&quot;:0.0,&quot;uvindex&quot;:0.0,&quot;severerisk&quot;:10.0,&quot;conditions&quot;:&quot;Rain, Overcast&quot;,&quot;icon&quot;:&quot;rain&quot;,&quot;stations&quot;:null,&quot;source&quot;:&quot;fcst&quot;},{&quot;datetime&quot;:&quot;05:00:00&quot;,&quot;datetimeEpoch&quot;:1690587000,&quot;temp&quot;:24.2,&quot;feelslike&quot;:24.2,&quot;humidity&quot;:94.73,&quot;dew&quot;:23.3,&quot;precip&quot;:0.0,&quot;precipprob&quot;:66.7,&quot;snow&quot;:0.0,&quot;snowdepth&quot;:0.0,&quot;preciptype&quot;:[&quot;rain&quot;],&quot;windgust&quot;:4.3,&quot;windspeed&quot;:3.4,&quot;winddir&quot;:290.6,&quot;pressure&quot;:999.7,&quot;visibility&quot;:11.2,&quot;cloudcover&quot;:100.0,&quot;solarradiation&quot;:0.0,&quot;solarenergy&quot;:0.0,&quot;uvindex&quot;:0.0,&quot;severerisk&quot;:3.0,&quot;conditions&quot;:&quot;Rain, Overcast&quot;,&quot;icon&quot;:&quot;rain&quot;,&quot;stations&quot;:null,&quot;source&quot;:&quot;fcst&quot;},{&quot;datetime&quot;:&quot;06:00:00&quot;,&quot;datetimeEpoch&quot;:1690590600,&quot;temp&quot;:24.0,&quot;feelslike&quot;:24.0,&quot;humidity&quot;:94.72,&quot;dew&quot;:23.1,&quot;precip&quot;:5.0,&quot;precipprob&quot;:66.7,&quot;snow&quot;:0.0,&quot;snowdepth&quot;:0.0,&quot;preciptype&quot;:[&quot;rain&quot;],&quot;windgust&quot;:2.5,&quot;windspeed&quot;:2.2,&quot;winddir&quot;:271.7,&quot;pressure&quot;:1000.0,&quot;visibility&quot;:4.8,&quot;cloudcover&quot;:100.0,&quot;solarradiation&quot;:0.0,&quot;solarenergy&quot;:0.0,&quot;uvindex&quot;:0.0,&quot;severerisk&quot;:3.0,&quot;conditions&quot;:&quot;Rain, Overcast&quot;,&quot;icon&quot;:&quot;rain&quot;,&quot;stations&quot;:null,&quot;source&quot;:&quot;fcst&quot;},{&quot;datetime&quot;:&quot;07:00:00&quot;,&quot;datetimeEpoch&quot;:1690594200,&quot;temp&quot;:25.0,&quot;feelslike&quot;:25.0,&quot;humidity&quot;:89.94,&quot;dew&quot;:23.2,&quot;precip&quot;:0.0,&quot;precipprob&quot;:66.7,&quot;snow&quot;:0.0,&quot;snowdepth&quot;:0.0,&quot;preciptype&quot;:[&quot;rain&quot;],&quot;windgust&quot;:4.7,&quot;windspeed&quot;:3.1,&quot;winddir&quot;:272.6,&quot;pressure&quot;:1000.3,&quot;visibility&quot;:11.2,&quot;cloudcover&quot;:100.0,&quot;solarradiation&quot;:51.7,&quot;solarenergy&quot;:0.3,&quot;uvindex&quot;:1.0,&quot;severerisk&quot;:10.0,&quot;conditions&quot;:&quot;Rain, Overcast&quot;,&quot;icon&quot;:&quot;rain&quot;,&quot;stations&quot;:null,&quot;source&quot;:&quot;fcst&quot;},{&quot;datetime&quot;:&quot;08:00:00&quot;,&quot;datetimeEpoch&quot;:1690597800,&quot;temp&quot;:26.0,&quot;feelslike&quot;:26.0,&quot;humidity&quot;:85.44,&quot;dew&quot;:23.4,&quot;precip&quot;:0.0,&quot;precipprob&quot;:66.7,&quot;snow&quot;:0.0,&quot;snowdepth&quot;:0.0,&quot;preciptype&quot;:[&quot;rain&quot;],&quot;windgust&quot;:6.8,&quot;windspeed&quot;:4.1,&quot;winddir&quot;:273.6,&quot;pressure&quot;:1000.7,&quot;visibility&quot;:17.7,&quot;cloudcover&quot;:100.0,&quot;solarradiation&quot;:103.3,&quot;solarenergy&quot;:0.5,&quot;uvindex&quot;:1.0,&quot;severerisk&quot;:10.0,&quot;conditions&quot;:&quot;Rain, Overcast&quot;,&quot;icon&quot;:&quot;rain&quot;,&quot;stations&quot;:null,&quot;source&quot;:&quot;fcst&quot;},{&quot;datetime&quot;:&quot;09:00:00&quot;,&quot;datetimeEpoch&quot;:1690601400,&quot;temp&quot;:27.1,&quot;feelslike&quot;:30.0,&quot;humidity&quot;:81.2,&quot;dew&quot;:23.6,&quot;precip&quot;:1.4,&quot;precipprob&quot;:66.7,&quot;snow&quot;:0.0,&quot;snowdepth&quot;:0.0,&quot;preciptype&quot;:[&quot;rain&quot;],&quot;windgust&quot;:9.0,&quot;windspeed&quot;:5.0,&quot;winddir&quot;:274.5,&quot;pressure&quot;:1001.0,&quot;visibility&quot;:24.1,&quot;cloudcover&quot;:100.0,&quot;solarradiation&quot;:155.0,&quot;solarenergy&quot;:0.6,&quot;uvindex&quot;:2.0,&quot;severerisk&quot;:10.0,&quot;conditions&quot;:&quot;Rain, Overcast&quot;,&quot;icon&quot;:&quot;rain&quot;,&quot;stations&quot;:null,&quot;source&quot;:&quot;fcst&quot;},{&quot;datetime&quot;:&quot;10:00:00&quot;,&quot;datetimeEpoch&quot;:1690605000,&quot;temp&quot;:28.2,&quot;feelslike&quot;:31.9,&quot;humidity&quot;:76.15,&quot;dew&quot;:23.6,&quot;precip&quot;:0.0,&quot;precipprob&quot;:66.7,&quot;snow&quot;:0.0,&quot;snowdepth&quot;:0.0,&quot;preciptype&quot;:[&quot;rain&quot;],&quot;windgust&quot;:10.6,&quot;windspeed&quot;:6.6,&quot;winddir&quot;:283.4,&quot;pressure&quot;:1000.7,&quot;visibility&quot;:21.4,&quot;cloudcover&quot;:94.8,&quot;solarradiation&quot;:294.3,&quot;solarenergy&quot;:1.1,&quot;uvindex&quot;:3.0,&quot;severerisk&quot;:10.0,&quot;conditions&quot;:&quot;Rain, Overcast&quot;,&quot;icon&quot;:&quot;rain&quot;,&quot;stations&quot;:null,&quot;source&quot;:&quot;fcst&quot;},{&quot;datetime&quot;:&quot;11:00:00&quot;,&quot;datetimeEpoch&quot;:1690608600,&quot;temp&quot;:29.3,&quot;feelslike&quot;:33.7,&quot;humidity&quot;:71.45,&quot;dew&quot;:23.6,&quot;precip&quot;:0.0,&quot;precipprob&quot;:66.7,&quot;snow&quot;:0.0,&quot;snowdepth&quot;:0.0,&quot;preciptype&quot;:[&quot;rain&quot;],&quot;windgust&quot;:12.1,&quot;windspeed&quot;:8.2,&quot;winddir&quot;:292.4,&quot;pressure&quot;:1000.3,&quot;visibility&quot;:18.6,&quot;cloudcover&quot;:89.6,&quot;solarradiation&quot;:433.7,&quot;solarenergy&quot;:1.6,&quot;uvindex&quot;:4.0,&quot;severerisk&quot;:10.0,&quot;conditions&quot;:&quot;Rain, Partially cloudy&quot;,&quot;icon&quot;:&quot;rain&quot;,&quot;stations&quot;:null,&quot;source&quot;:&quot;fcst&quot;},{&quot;datetime&quot;:&quot;12:00:00&quot;,&quot;datetimeEpoch&quot;:1690612200,&quot;temp&quot;:30.5,&quot;feelslike&quot;:35.4,&quot;humidity&quot;:67.07,&quot;dew&quot;:23.7,&quot;precip&quot;:0.6,&quot;precipprob&quot;:66.7,&quot;snow&quot;:0.0,&quot;snowdepth&quot;:0.0,&quot;preciptype&quot;:[&quot;rain&quot;],&quot;windgust&quot;:13.7,&quot;windspeed&quot;:9.7,&quot;winddir&quot;:301.3,&quot;pressure&quot;:1000.0,&quot;visibility&quot;:15.9,&quot;cloudcover&quot;:84.4,&quot;solarradiation&quot;:573.0,&quot;solarenergy&quot;:2.1,&quot;uvindex&quot;:6.0,&quot;severerisk&quot;:30.0,&quot;conditions&quot;:&quot;Rain, Partially cloudy&quot;,&quot;icon&quot;:&quot;rain&quot;,&quot;stations&quot;:null,&quot;source&quot;:&quot;fcst&quot;},{&quot;datetime&quot;:&quot;13:00:00&quot;,&quot;datetimeEpoch&quot;:1690615800,&quot;temp&quot;:30.2,&quot;feelslike&quot;:35.3,&quot;humidity&quot;:69.08,&quot;dew&quot;:23.9,&quot;precip&quot;:0.0,&quot;precipprob&quot;:81.0,&quot;snow&quot;:0.0,&quot;snowdepth&quot;:0.0,&quot;preciptype&quot;:[&quot;rain&quot;],&quot;windgust&quot;:14.3,&quot;windspeed&quot;:9.4,&quot;winddir&quot;:308.3,&quot;pressure&quot;:999.3,&quot;visibility&quot;:15.2,&quot;cloudcover&quot;:89.6,&quot;solarradiation&quot;:580.0,&quot;solarenergy&quot;:2.1,&quot;uvindex&quot;:6.0,&quot;severerisk&quot;:30.0,&quot;conditions&quot;:&quot;Rain, Partially cloudy&quot;,&quot;icon&quot;:&quot;rain&quot;,&quot;stations&quot;:null,&quot;source&quot;:&quot;fcst&quot;},{&quot;datetime&quot;:&quot;14:00:00&quot;,&quot;datetimeEpoch&quot;:1690619400,&quot;temp&quot;:30.0,&quot;feelslike&quot;:35.3,&quot;humidity&quot;:71.14,&quot;dew&quot;:24.2,&quot;precip&quot;:0.0,&quot;precipprob&quot;:81.0,&quot;snow&quot;:0.0,&quot;snowdepth&quot;:0.0,&quot;preciptype&quot;:[&quot;rain&quot;],&quot;windgust&quot;:14.9,&quot;windspeed&quot;:9.0,&quot;winddir&quot;:315.3,&quot;pressure&quot;:998.7,&quot;visibility&quot;:14.4,&quot;cloudcover&quot;:94.8,&quot;solarradiation&quot;:587.0,&quot;solarenergy&quot;:2.1,&quot;uvindex&quot;:6.0,&quot;severerisk&quot;:30.0,&quot;conditions&quot;:&quot;Rain, Overcast&quot;,&quot;icon&quot;:&quot;rain&quot;,&quot;stations&quot;:null,&quot;source&quot;:&quot;fcst&quot;},{&quot;datetime&quot;:&quot;15:00:00&quot;,&quot;datetimeEpoch&quot;:1690623000,&quot;temp&quot;:29.8,&quot;feelslike&quot;:35.2,&quot;humidity&quot;:73.26,&quot;dew&quot;:24.5,&quot;precip&quot;:4.9,&quot;precipprob&quot;:81.0,&quot;snow&quot;:0.0,&quot;snowdepth&quot;:0.0,&quot;preciptype&quot;:[&quot;rain&quot;],&quot;windgust&quot;:15.5,&quot;windspeed&quot;:8.6,&quot;winddir&quot;:322.3,&quot;pressure&quot;:998.0,&quot;visibility&quot;:13.7,&quot;cloudcover&quot;:100.0,&quot;solarradiation&quot;:594.0,&quot;solarenergy&quot;:2.1,&quot;uvindex&quot;:6.0,&quot;severerisk&quot;:30.0,&quot;conditions&quot;:&quot;Rain, Overcast&quot;,&quot;icon&quot;:&quot;rain&quot;,&quot;stations&quot;:null,&quot;source&quot;:&quot;fcst&quot;},{&quot;datetime&quot;:&quot;16:00:00&quot;,&quot;datetimeEpoch&quot;:1690626600,&quot;temp&quot;:29.4,&quot;feelslike&quot;:34.8,&quot;humidity&quot;:75.43,&quot;dew&quot;:24.6,&quot;precip&quot;:0.0,&quot;precipprob&quot;:81.0,&quot;snow&quot;:0.0,&quot;snowdepth&quot;:0.0,&quot;preciptype&quot;:[&quot;rain&quot;],&quot;windgust&quot;:13.9,&quot;windspeed&quot;:7.7,&quot;winddir&quot;:317.1,&quot;pressure&quot;:998.0,&quot;visibility&quot;:14.4,&quot;cloudcover&quot;:98.7,&quot;solarradiation&quot;:496.3,&quot;solarenergy&quot;:1.8,&quot;uvindex&quot;:5.0,&quot;severerisk&quot;:30.0,&quot;conditions&quot;:&quot;Rain, Overcast&quot;,&quot;icon&quot;:&quot;rain&quot;,&quot;stations&quot;:null,&quot;source&quot;:&quot;fcst&quot;},{&quot;datetime&quot;:&quot;17:00:00&quot;,&quot;datetimeEpoch&quot;:1690630200,&quot;temp&quot;:29.0,&quot;feelslike&quot;:34.3,&quot;humidity&quot;:77.66,&quot;dew&quot;:24.7,&quot;precip&quot;:0.0,&quot;precipprob&quot;:81.0,&quot;snow&quot;:0.0,&quot;snowdepth&quot;:0.0,&quot;preciptype&quot;:[&quot;rain&quot;],&quot;windgust&quot;:12.4,&quot;windspeed&quot;:6.7,&quot;winddir&quot;:312.0,&quot;pressure&quot;:998.0,&quot;visibility&quot;:15.0,&quot;cloudcover&quot;:97.4,&quot;solarradiation&quot;:398.7,&quot;solarenergy&quot;:1.4,&quot;uvindex&quot;:4.0,&quot;severerisk&quot;:30.0,&quot;conditions&quot;:&quot;Rain, Overcast&quot;,&quot;icon&quot;:&quot;rain&quot;,&quot;stations&quot;:null,&quot;source&quot;:&quot;fcst&quot;},{&quot;datetime&quot;:&quot;18:00:00&quot;,&quot;datetimeEpoch&quot;:1690633800,&quot;temp&quot;:28.7,&quot;feelslike&quot;:33.8,&quot;humidity&quot;:79.96,&quot;dew&quot;:24.9,&quot;precip&quot;:2.4,&quot;precipprob&quot;:81.0,&quot;snow&quot;:0.0,&quot;snowdepth&quot;:0.0,&quot;preciptype&quot;:[&quot;rain&quot;],&quot;windgust&quot;:10.8,&quot;windspeed&quot;:5.8,&quot;winddir&quot;:306.8,&quot;pressure&quot;:998.0,&quot;visibility&quot;:15.7,&quot;cloudcover&quot;:96.1,&quot;solarradiation&quot;:301.0,&quot;solarenergy&quot;:1.1,&quot;uvindex&quot;:3.0,&quot;severerisk&quot;:30.0,&quot;conditions&quot;:&quot;Rain, Overcast&quot;,&quot;icon&quot;:&quot;rain&quot;,&quot;stations&quot;:null,&quot;source&quot;:&quot;fcst&quot;},{&quot;datetime&quot;:&quot;19:00:00&quot;,&quot;datetimeEpoch&quot;:1690637400,&quot;temp&quot;:27.9,&quot;feelslike&quot;:32.1,&quot;humidity&quot;:81.96,&quot;dew&quot;:24.5,&quot;precip&quot;:0.0,&quot;precipprob&quot;:61.9,&quot;snow&quot;:0.0,&quot;snowdepth&quot;:0.0,&quot;preciptype&quot;:[&quot;rain&quot;],&quot;windgust&quot;:8.4,&quot;windspeed&quot;:4.9,&quot;winddir&quot;:291.9,&quot;pressure&quot;:998.7,&quot;visibility&quot;:18.5,&quot;cloudcover&quot;:97.4,&quot;solarradiation&quot;:205.0,&quot;solarenergy&quot;:0.7,&quot;uvindex&quot;:0.0,&quot;severerisk&quot;:30.0,&quot;conditions&quot;:&quot;Rain, Overcast&quot;,&quot;icon&quot;:&quot;rain&quot;,&quot;stations&quot;:null,&quot;source&quot;:&quot;fcst&quot;},{&quot;datetime&quot;:&quot;20:00:00&quot;,&quot;datetimeEpoch&quot;:1690641000,&quot;temp&quot;:27.1,&quot;feelslike&quot;:30.4,&quot;humidity&quot;:84.03,&quot;dew&quot;:24.2,&quot;precip&quot;:0.0,&quot;precipprob&quot;:61.9,&quot;snow&quot;:0.0,&quot;snowdepth&quot;:0.0,&quot;preciptype&quot;:[&quot;rain&quot;],&quot;windgust&quot;:6.0,&quot;windspeed&quot;:4.1,&quot;winddir&quot;:277.1,&quot;pressure&quot;:999.3,&quot;visibility&quot;:21.3,&quot;cloudcover&quot;:98.7,&quot;solarradiation&quot;:109.0,&quot;solarenergy&quot;:0.4,&quot;uvindex&quot;:0.0,&quot;severerisk&quot;:10.0,&quot;conditions&quot;:&quot;Rain, Overcast&quot;,&quot;icon&quot;:&quot;rain&quot;,&quot;stations&quot;:null,&quot;source&quot;:&quot;fcst&quot;},{&quot;datetime&quot;:&quot;21:00:00&quot;,&quot;datetimeEpoch&quot;:1690644600,&quot;temp&quot;:26.4,&quot;feelslike&quot;:26.4,&quot;humidity&quot;:86.16,&quot;dew&quot;:23.9,&quot;precip&quot;:0.7,&quot;precipprob&quot;:61.9,&quot;snow&quot;:0.0,&quot;snowdepth&quot;:0.0,&quot;preciptype&quot;:[&quot;rain&quot;],&quot;windgust&quot;:3.6,&quot;windspeed&quot;:3.2,&quot;winddir&quot;:262.2,&quot;pressure&quot;:1000.0,&quot;visibility&quot;:24.1,&quot;cloudcover&quot;:100.0,&quot;solarradiation&quot;:13.0,&quot;solarenergy&quot;:0.0,&quot;uvindex&quot;:0.0,&quot;severerisk&quot;:10.0,&quot;conditions&quot;:&quot;Rain, Overcast&quot;,&quot;icon&quot;:&quot;rain&quot;,&quot;stations&quot;:null,&quot;source&quot;:&quot;fcst&quot;},{&quot;datetime&quot;:&quot;22:00:00&quot;,&quot;datetimeEpoch&quot;:1690648200,&quot;temp&quot;:26.2,&quot;feelslike&quot;:26.2,&quot;humidity&quot;:86.84,&quot;dew&quot;:23.9,&quot;precip&quot;:0.0,&quot;precipprob&quot;:61.9,&quot;snow&quot;:0.0,&quot;snowdepth&quot;:0.0,&quot;preciptype&quot;:[&quot;rain&quot;],&quot;windgust&quot;:3.2,&quot;windspeed&quot;:2.9,&quot;winddir&quot;:267.0,&quot;pressure&quot;:1000.0,&quot;visibility&quot;:24.1,&quot;cloudcover&quot;:100.0,&quot;solarradiation&quot;:8.7,&quot;solarenergy&quot;:0.0,&quot;uvindex&quot;:0.0,&quot;severerisk&quot;:10.0,&quot;conditions&quot;:&quot;Rain, Overcast&quot;,&quot;icon&quot;:&quot;rain&quot;,&quot;stations&quot;:null,&quot;source&quot;:&quot;fcst&quot;},{&quot;datetime&quot;:&quot;23:00:00&quot;,&quot;datetimeEpoch&quot;:1690651800,&quot;temp&quot;:26.1,&quot;feelslike&quot;:26.1,&quot;humidity&quot;:87.53,&quot;dew&quot;:23.9,&quot;precip&quot;:0.0,&quot;precipprob&quot;:61.9,&quot;snow&quot;:0.0,&quot;snowdepth&quot;:0.0,&quot;preciptype&quot;:[&quot;rain&quot;],&quot;windgust&quot;:2.9,&quot;windspeed&quot;:2.5,&quot;winddir&quot;:271.8,&quot;pressure&quot;:1000.0,&quot;visibility&quot;:24.1,&quot;cloudcover&quot;:100.0,&quot;solarradiation&quot;:4.3,&quot;solarenergy&quot;:0.0,&quot;uvindex&quot;:0.0,&quot;severerisk&quot;:10.0,&quot;conditions&quot;:&quot;Rain, Overcast&quot;,&quot;icon&quot;:&quot;rain&quot;,&quot;stations&quot;:null,&quot;source&quot;:&quot;fcst&quot;}]},{&quot;datetime&quot;:&quot;2023-07-30&quot;,&quot;datetimeEpoch&quot;:1690655400,&quot;tempmax&quot;:31.2,&quot;tempmin&quot;:24.6,&quot;temp&quot;:27.4,&quot;feelslikemax&quot;:35.9,&quot;feelslikemin&quot;:24.6,&quot;feelslike&quot;:29.6,&quot;dew&quot;:23.9,&quot;humidity&quot;:81.9,&quot;precip&quot;:5.5,&quot;precipprob&quot;:81.0,&quot;precipcover&quot;:33.33,&quot;preciptype&quot;:[&quot;rain&quot;],&quot;snow&quot;:0.0,&quot;snowdepth&quot;:0.0,&quot;windgust&quot;:17.6,&quot;windspeed&quot;:12.2,&quot;winddir&quot;:36.7,&quot;pressure&quot;:998.6,&quot;cloudcover&quot;:99.2,&quot;visibility&quot;:19.5,&quot;solarradiation&quot;:186.1,&quot;solarenergy&quot;:15.9,&quot;uvindex&quot;:6.0,&quot;severerisk&quot;:30.0,&quot;sunrise&quot;:&quot;05:19:50&quot;,&quot;sunriseEpoch&quot;:1690674590,&quot;sunset&quot;:&quot;18:31:25&quot;,&quot;sunsetEpoch&quot;:1690722085,&quot;moonphase&quot;:0.42,&quot;conditions&quot;:&quot;Rain, Overcast&quot;,&quot;description&quot;:&quot;Cloudy skies throughout the day with storms possible.&quot;,&quot;icon&quot;:&quot;rain&quot;,&quot;stations&quot;:null,&quot;source&quot;:&quot;fcst&quot;,&quot;hours&quot;:[{&quot;datetime&quot;:&quot;00:00:00&quot;,&quot;datetimeEpoch&quot;:1690655400,&quot;temp&quot;:26.0,&quot;feelslike&quot;:26.0,&quot;humidity&quot;:88.22,&quot;dew&quot;:23.9,&quot;precip&quot;:0.2,&quot;precipprob&quot;:61.9,&quot;snow&quot;:0.0,&quot;snowdepth&quot;:0.0,&quot;preciptype&quot;:[&quot;rain&quot;],&quot;windgust&quot;:2.5,&quot;windspeed&quot;:2.2,&quot;winddir&quot;:276.6,&quot;pressure&quot;:1000.0,&quot;visibility&quot;:24.1,&quot;cloudcover&quot;:100.0,&quot;solarradiation&quot;:0.0,&quot;solarenergy&quot;:0.0,&quot;uvindex&quot;:0.0,&quot;severerisk&quot;:10.0,&quot;conditions&quot;:&quot;Rain, Overcast&quot;,&quot;icon&quot;:&quot;rain&quot;,&quot;stations&quot;:null,&quot;source&quot;:&quot;fcst&quot;},{&quot;datetime&quot;:&quot;01:00:00&quot;,&quot;datetimeEpoch&quot;:1690659000,&quot;temp&quot;:25.7,&quot;feelslike&quot;:25.7,&quot;humidity&quot;:89.09,&quot;dew&quot;:23.8,&quot;precip&quot;:0.0,&quot;precipprob&quot;:57.1,&quot;snow&quot;:0.0,&quot;snowdepth&quot;:0.0,&quot;preciptype&quot;:[&quot;rain&quot;],&quot;windgust&quot;:2.3,&quot;windspeed&quot;:2.0,&quot;winddir&quot;:191.3,&quot;pressure&quot;:999.3,&quot;visibility&quot;:24.1,&quot;cloudcover&quot;:100.0,&quot;solarradiation&quot;:0.0,&quot;solarenergy&quot;:0.0,&quot;uvindex&quot;:0.0,&quot;severerisk&quot;:10.0,&quot;conditions&quot;:&quot;Rain, Overcast&quot;,&quot;icon&quot;:&quot;rain&quot;,&quot;stations&quot;:null,&quot;source&quot;:&quot;fcst&quot;},{&quot;datetime&quot;:&quot;02:00:00&quot;,&quot;datetimeEpoch&quot;:1690662600,&quot;temp&quot;:25.5,&quot;feelslike&quot;:25.5,&quot;humidity&quot;:89.97,&quot;dew&quot;:23.7,&quot;precip&quot;:0.0,&quot;precipprob&quot;:57.1,&quot;snow&quot;:0.0,&quot;snowdepth&quot;:0.0,&quot;preciptype&quot;:[&quot;rain&quot;],&quot;windgust&quot;:2.0,&quot;windspeed&quot;:1.9,&quot;winddir&quot;:106.1,&quot;pressure&quot;:998.7,&quot;visibility&quot;:24.1,&quot;cloudcover&quot;:100.0,&quot;solarradiation&quot;:0.0,&quot;solarenergy&quot;:0.0,&quot;uvindex&quot;:0.0,&quot;severerisk&quot;:10.0,&quot;conditions&quot;:&quot;Rain, Overcast&quot;,&quot;icon&quot;:&quot;rain&quot;,&quot;stations&quot;:null,&quot;source&quot;:&quot;fcst&quot;},{&quot;datetime&quot;:&quot;03:00:00&quot;,&quot;datetimeEpoch&quot;:1690666200,&quot;temp&quot;:25.3,&quot;feelslike&quot;:25.3,&quot;humidity&quot;:90.87,&quot;dew&quot;:23.7,&quot;precip&quot;:0.3,&quot;precipprob&quot;:57.1,&quot;snow&quot;:0.0,&quot;snowdepth&quot;:0.0,&quot;preciptype&quot;:[&quot;rain&quot;],&quot;windgust&quot;:1.8,&quot;windspeed&quot;:1.8,&quot;winddir&quot;:20.8,&quot;pressure&quot;:998.0,&quot;visibility&quot;:24.1,&quot;cloudcover&quot;:100.0,&quot;solarradiation&quot;:0.0,&quot;solarenergy&quot;:0.0,&quot;uvindex&quot;:0.0,&quot;severerisk&quot;:10.0,&quot;conditions&quot;:&quot;Rain, Overcast&quot;,&quot;icon&quot;:&quot;rain&quot;,&quot;stations&quot;:null,&quot;source&quot;:&quot;fcst&quot;},{&quot;datetime&quot;:&quot;04:00:00&quot;,&quot;datetimeEpoch&quot;:1690669800,&quot;temp&quot;:25.0,&quot;feelslike&quot;:25.0,&quot;humidity&quot;:92.32,&quot;dew&quot;:23.7,&quot;precip&quot;:0.0,&quot;precipprob&quot;:57.1,&quot;snow&quot;:0.0,&quot;snowdepth&quot;:0.0,&quot;preciptype&quot;:[&quot;rain&quot;],&quot;windgust&quot;:2.3,&quot;windspeed&quot;:2.2,&quot;winddir&quot;:22.3,&quot;pressure&quot;:998.3,&quot;visibility&quot;:24.1,&quot;cloudcover&quot;:100.0,&quot;solarradiation&quot;:0.0,&quot;solarenergy&quot;:0.0,&quot;uvindex&quot;:0.0,&quot;severerisk&quot;:10.0,&quot;conditions&quot;:&quot;Rain, Overcast&quot;,&quot;icon&quot;:&quot;rain&quot;,&quot;stations&quot;:null,&quot;source&quot;:&quot;fcst&quot;},{&quot;datetime&quot;:&quot;05:00:00&quot;,&quot;datetimeEpoch&quot;:1690673400,&quot;temp&quot;:24.8,&quot;feelslike&quot;:24.8,&quot;humidity&quot;:93.8,&quot;dew&quot;:23.7,&quot;precip&quot;:0.0,&quot;precipprob&quot;:57.1,&quot;snow&quot;:0.0,&quot;snowdepth&quot;:0.0,&quot;preciptype&quot;:[&quot;rain&quot;],&quot;windgust&quot;:2.8,&quot;windspeed&quot;:2.5,&quot;winddir&quot;:23.8,&quot;pressure&quot;:998.7,&quot;visibility&quot;:24.1,&quot;cloudcover&quot;:100.0,&quot;solarradiation&quot;:0.0,&quot;solarenergy&quot;:0.0,&quot;uvindex&quot;:0.0,&quot;severerisk&quot;:10.0,&quot;conditions&quot;:&quot;Rain, Overcast&quot;,&quot;icon&quot;:&quot;rain&quot;,&quot;stations&quot;:null,&quot;source&quot;:&quot;fcst&quot;},{&quot;datetime&quot;:&quot;06:00:00&quot;,&quot;datetimeEpoch&quot;:1690677000,&quot;temp&quot;:24.6,&quot;feelslike&quot;:24.6,&quot;humidity&quot;:95.31,&quot;dew&quot;:23.8,&quot;precip&quot;:1.7,&quot;precipprob&quot;:57.1,&quot;snow&quot;:0.0,&quot;snowdepth&quot;:0.0,&quot;preciptype&quot;:[&quot;rain&quot;],&quot;windgust&quot;:3.2,&quot;windspeed&quot;:2.9,&quot;winddir&quot;:25.3,&quot;pressure&quot;:999.0,&quot;visibility&quot;:24.1,&quot;cloudcover&quot;:100.0,&quot;solarradiation&quot;:0.0,&quot;solarenergy&quot;:0.0,&quot;uvindex&quot;:0.0,&quot;severerisk&quot;:10.0,&quot;conditions&quot;:&quot;Rain, Overcast&quot;,&quot;icon&quot;:&quot;rain&quot;,&quot;stations&quot;:null,&quot;source&quot;:&quot;fcst&quot;},{&quot;datetime&quot;:&quot;07:00:00&quot;,&quot;datetimeEpoch&quot;:1690680600,&quot;temp&quot;:25.0,&quot;feelslike&quot;:25.0,&quot;humidity&quot;:93.07,&quot;dew&quot;:23.8,&quot;precip&quot;:0.0,&quot;precipprob&quot;:81.0,&quot;snow&quot;:0.0,&quot;snowdepth&quot;:0.0,&quot;preciptype&quot;:[&quot;rain&quot;],&quot;windgust&quot;:5.0,&quot;windspeed&quot;:3.0,&quot;winddir&quot;:21.1,&quot;pressure&quot;:999.3,&quot;visibility&quot;:18.6,&quot;cloudcover&quot;:99.2,&quot;solarradiation&quot;:23.0,&quot;solarenergy&quot;:0.1,&quot;uvindex&quot;:0.0,&quot;severerisk&quot;:10.0,&quot;conditions&quot;:&quot;Rain, Overcast&quot;,&quot;icon&quot;:&quot;rain&quot;,&quot;stations&quot;:null,&quot;source&quot;:&quot;fcst&quot;},{&quot;datetime&quot;:&quot;08:00:00&quot;,&quot;datetimeEpoch&quot;:1690684200,&quot;temp&quot;:25.5,&quot;feelslike&quot;:25.5,&quot;humidity&quot;:90.88,&quot;dew&quot;:23.9,&quot;precip&quot;:0.0,&quot;precipprob&quot;:81.0,&quot;snow&quot;:0.0,&quot;snowdepth&quot;:0.0,&quot;preciptype&quot;:[&quot;rain&quot;],&quot;windgust&quot;:6.8,&quot;windspeed&quot;:3.1,&quot;winddir&quot;:16.8,&quot;pressure&quot;:999.7,&quot;visibility&quot;:13.2,&quot;cloudcover&quot;:98.3,&quot;solarradiation&quot;:46.0,&quot;solarenergy&quot;:0.1,&quot;uvindex&quot;:0.0,&quot;severerisk&quot;:10.0,&quot;conditions&quot;:&quot;Rain, Overcast&quot;,&quot;icon&quot;:&quot;rain&quot;,&quot;stations&quot;:null,&quot;source&quot;:&quot;fcst&quot;},{&quot;datetime&quot;:&quot;09:00:00&quot;,&quot;datetimeEpoch&quot;:1690687800,&quot;temp&quot;:26.0,&quot;feelslike&quot;:26.0,&quot;humidity&quot;:88.75,&quot;dew&quot;:24.0,&quot;precip&quot;:0.5,&quot;precipprob&quot;:81.0,&quot;snow&quot;:0.0,&quot;snowdepth&quot;:0.0,&quot;preciptype&quot;:[&quot;rain&quot;],&quot;windgust&quot;:8.6,&quot;windspeed&quot;:3.2,&quot;winddir&quot;:12.6,&quot;pressure&quot;:1000.0,&quot;visibility&quot;:7.7,&quot;cloudcover&quot;:97.5,&quot;solarradiation&quot;:69.0,&quot;solarenergy&quot;:0.2,&quot;uvindex&quot;:1.0,&quot;severerisk&quot;:10.0,&quot;conditions&quot;:&quot;Rain, Overcast&quot;,&quot;icon&quot;:&quot;rain&quot;,&quot;stations&quot;:null,&quot;source&quot;:&quot;fcst&quot;},{&quot;datetime&quot;:&quot;10:00:00&quot;,&quot;datetimeEpoch&quot;:1690691400,&quot;temp&quot;:27.3,&quot;feelslike&quot;:30.7,&quot;humidity&quot;:82.05,&quot;dew&quot;:24.0,&quot;precip&quot;:0.0,&quot;precipprob&quot;:81.0,&quot;snow&quot;:0.0,&quot;snowdepth&quot;:0.0,&quot;preciptype&quot;:[&quot;rain&quot;],&quot;windgust&quot;:11.0,&quot;windspeed&quot;:5.5,&quot;winddir&quot;:14.7,&quot;pressure&quot;:999.7,&quot;visibility&quot;:7.3,&quot;cloudcover&quot;:98.3,&quot;solarradiation&quot;:229.3,&quot;solarenergy&quot;:0.8,&quot;uvindex&quot;:2.0,&quot;severerisk&quot;:10.0,&quot;conditions&quot;:&quot;Rain, Overcast&quot;,&quot;icon&quot;:&quot;rain&quot;,&quot;stations&quot;:null,&quot;source&quot;:&quot;fcst&quot;},{&quot;datetime&quot;:&quot;11:00:00&quot;,&quot;datetimeEpoch&quot;:1690695000,&quot;temp&quot;:28.7,&quot;feelslike&quot;:33.1,&quot;humidity&quot;:75.92,&quot;dew&quot;:24.0,&quot;precip&quot;:0.0,&quot;precipprob&quot;:81.0,&quot;snow&quot;:0.0,&quot;snowdepth&quot;:0.0,&quot;preciptype&quot;:[&quot;rain&quot;],&quot;windgust&quot;:13.4,&quot;windspeed&quot;:7.8,&quot;winddir&quot;:16.8,&quot;pressure&quot;:999.3,&quot;visibility&quot;:6.9,&quot;cloudcover&quot;:99.2,&quot;solarradiation&quot;:389.7,&quot;solarenergy&quot;:1.4,&quot;uvindex&quot;:4.0,&quot;severerisk&quot;:10.0,&quot;conditions&quot;:&quot;Rain, Overcast&quot;,&quot;icon&quot;:&quot;rain&quot;,&quot;stations&quot;:null,&quot;source&quot;:&quot;fcst&quot;},{&quot;datetime&quot;:&quot;12:00:00&quot;,&quot;datetimeEpoch&quot;:1690698600,&quot;temp&quot;:30.1,&quot;feelslike&quot;:35.2,&quot;humidity&quot;:70.3,&quot;dew&quot;:24.1,&quot;precip&quot;:2.1,&quot;precipprob&quot;:81.0,&quot;snow&quot;:0.0,&quot;snowdepth&quot;:0.0,&quot;preciptype&quot;:[&quot;rain&quot;],&quot;windgust&quot;:15.8,&quot;windspeed&quot;:10.1,&quot;winddir&quot;:18.9,&quot;pressure&quot;:999.0,&quot;visibility&quot;:6.5,&quot;cloudcover&quot;:100.0,&quot;solarradiation&quot;:550.0,&quot;solarenergy&quot;:2.0,&quot;uvindex&quot;:6.0,&quot;severerisk&quot;:30.0,&quot;conditions&quot;:&quot;Rain, Overcast&quot;,&quot;icon&quot;:&quot;rain&quot;,&quot;stations&quot;:null,&quot;source&quot;:&quot;fcst&quot;},{&quot;datetime&quot;:&quot;13:00:00&quot;,&quot;datetimeEpoch&quot;:1690702200,&quot;temp&quot;:30.4,&quot;feelslike&quot;:35.5,&quot;humidity&quot;:67.74,&quot;dew&quot;:23.8,&quot;precip&quot;:0.0,&quot;precipprob&quot;:81.0,&quot;snow&quot;:0.0,&quot;snowdepth&quot;:0.0,&quot;preciptype&quot;:[&quot;rain&quot;],&quot;windgust&quot;:16.2,&quot;windspeed&quot;:10.8,&quot;winddir&quot;:25.4,&quot;pressure&quot;:998.3,&quot;visibility&quot;:12.4,&quot;cloudcover&quot;:100.0,&quot;solarradiation&quot;:556.3,&quot;solarenergy&quot;:2.0,&quot;uvindex&quot;:6.0,&quot;severerisk&quot;:30.0,&quot;conditions&quot;:&quot;Rain, Overcast&quot;,&quot;icon&quot;:&quot;rain&quot;,&quot;stations&quot;:null,&quot;source&quot;:&quot;fcst&quot;},{&quot;datetime&quot;:&quot;14:00:00&quot;,&quot;datetimeEpoch&quot;:1690705800,&quot;temp&quot;:30.8,&quot;feelslike&quot;:35.7,&quot;humidity&quot;:65.28,&quot;dew&quot;:23.5,&quot;precip&quot;:0.0,&quot;precipprob&quot;:81.0,&quot;snow&quot;:0.0,&quot;snowdepth&quot;:0.0,&quot;preciptype&quot;:[&quot;rain&quot;],&quot;windgust&quot;:16.6,&quot;windspeed&quot;:11.5,&quot;winddir&quot;:31.8,&quot;pressure&quot;:997.7,&quot;visibility&quot;:18.2,&quot;cloudcover&quot;:100.0,&quot;solarradiation&quot;:562.7,&quot;solarenergy&quot;:2.0,&quot;uvindex&quot;:6.0,&quot;severerisk&quot;:10.0,&quot;conditions&quot;:&quot;Rain, Overcast&quot;,&quot;icon&quot;:&quot;rain&quot;,&quot;stations&quot;:null,&quot;source&quot;:&quot;fcst&quot;},{&quot;datetime&quot;:&quot;15:00:00&quot;,&quot;datetimeEpoch&quot;:1690709400,&quot;temp&quot;:31.2,&quot;feelslike&quot;:35.9,&quot;humidity&quot;:62.91,&quot;dew&quot;:23.3,&quot;precip&quot;:0.5,&quot;precipprob&quot;:81.0,&quot;snow&quot;:0.0,&quot;snowdepth&quot;:0.0,&quot;preciptype&quot;:[&quot;rain&quot;],&quot;windgust&quot;:16.9,&quot;windspeed&quot;:12.2,&quot;winddir&quot;:38.3,&quot;pressure&quot;:997.0,&quot;visibility&quot;:24.1,&quot;cloudcover&quot;:100.0,&quot;solarradiation&quot;:569.0,&quot;solarenergy&quot;:2.0,&quot;uvindex&quot;:6.0,&quot;severerisk&quot;:10.0,&quot;conditions&quot;:&quot;Rain, Overcast&quot;,&quot;icon&quot;:&quot;rain&quot;,&quot;stations&quot;:null,&quot;source&quot;:&quot;fcst&quot;},{&quot;datetime&quot;:&quot;16:00:00&quot;,&quot;datetimeEpoch&quot;:1690713000,&quot;temp&quot;:30.5,&quot;feelslike&quot;:35.4,&quot;humidity&quot;:66.55,&quot;dew&quot;:23.6,&quot;precip&quot;:0.0,&quot;precipprob&quot;:81.0,&quot;snow&quot;:0.0,&quot;snowdepth&quot;:0.0,&quot;preciptype&quot;:[&quot;rain&quot;],&quot;windgust&quot;:17.2,&quot;windspeed&quot;:10.4,&quot;winddir&quot;:42.8,&quot;pressure&quot;:997.0,&quot;visibility&quot;:24.1,&quot;cloudcover&quot;:100.0,&quot;solarradiation&quot;:474.7,&quot;solarenergy&quot;:1.7,&quot;uvindex&quot;:5.0,&quot;severerisk&quot;:30.0,&quot;conditions&quot;:&quot;Rain, Overcast&quot;,&quot;icon&quot;:&quot;rain&quot;,&quot;stations&quot;:null,&quot;source&quot;:&quot;fcst&quot;},{&quot;datetime&quot;:&quot;17:00:00&quot;,&quot;datetimeEpoch&quot;:1690716600,&quot;temp&quot;:29.9,&quot;feelslike&quot;:34.9,&quot;humidity&quot;:70.41,&quot;dew&quot;:23.9,&quot;precip&quot;:0.0,&quot;precipprob&quot;:81.0,&quot;snow&quot;:0.0,&quot;snowdepth&quot;:0.0,&quot;preciptype&quot;:[&quot;rain&quot;],&quot;windgust&quot;:17.4,&quot;windspeed&quot;:8.6,&quot;winddir&quot;:47.2,&quot;pressure&quot;:997.0,&quot;visibility&quot;:24.1,&quot;cloudcover&quot;:100.0,&quot;solarradiation&quot;:380.3,&quot;solarenergy&quot;:1.3,&quot;uvindex&quot;:4.0,&quot;severerisk&quot;:30.0,&quot;conditions&quot;:&quot;Rain, Overcast&quot;,&quot;icon&quot;:&quot;rain&quot;,&quot;stations&quot;:null,&quot;source&quot;:&quot;fcst&quot;},{&quot;datetime&quot;:&quot;18:00:00&quot;,&quot;datetimeEpoch&quot;:1690720200,&quot;temp&quot;:29.3,&quot;feelslike&quot;:34.2,&quot;humidity&quot;:74.51,&quot;dew&quot;:24.3,&quot;precip&quot;:0.1,&quot;precipprob&quot;:81.0,&quot;snow&quot;:0.0,&quot;snowdepth&quot;:0.0,&quot;preciptype&quot;:[&quot;rain&quot;],&quot;windgust&quot;:17.6,&quot;windspeed&quot;:6.8,&quot;winddir&quot;:51.7,&quot;pressure&quot;:997.0,&quot;visibility&quot;:24.1,&quot;cloudcover&quot;:100.0,&quot;solarradiation&quot;:286.0,&quot;solarenergy&quot;:1.0,&quot;uvindex&quot;:3.0,&quot;severerisk&quot;:30.0,&quot;conditions&quot;:&quot;Rain, Overcast&quot;,&quot;icon&quot;:&quot;rain&quot;,&quot;stations&quot;:null,&quot;source&quot;:&quot;fcst&quot;},{&quot;datetime&quot;:&quot;19:00:00&quot;,&quot;datetimeEpoch&quot;:1690723800,&quot;temp&quot;:28.5,&quot;feelslike&quot;:32.9,&quot;humidity&quot;:77.43,&quot;dew&quot;:24.2,&quot;precip&quot;:0.0,&quot;precipprob&quot;:71.4,&quot;snow&quot;:0.0,&quot;snowdepth&quot;:0.0,&quot;preciptype&quot;:[&quot;rain&quot;],&quot;windgust&quot;:13.4,&quot;windspeed&quot;:6.2,&quot;winddir&quot;:57.0,&quot;pressure&quot;:997.7,&quot;visibility&quot;:24.1,&quot;cloudcover&quot;:100.0,&quot;solarradiation&quot;:195.7,&quot;solarenergy&quot;:0.7,&quot;uvindex&quot;:0.0,&quot;severerisk&quot;:30.0,&quot;conditions&quot;:&quot;Rain, Overcast&quot;,&quot;icon&quot;:&quot;rain&quot;,&quot;stations&quot;:null,&quot;source&quot;:&quot;fcst&quot;},{&quot;datetime&quot;:&quot;20:00:00&quot;,&quot;datetimeEpoch&quot;:1690727400,&quot;temp&quot;:27.7,&quot;feelslike&quot;:31.5,&quot;humidity&quot;:80.48,&quot;dew&quot;:24.1,&quot;precip&quot;:0.0,&quot;precipprob&quot;:71.4,&quot;snow&quot;:0.0,&quot;snowdepth&quot;:0.0,&quot;preciptype&quot;:[&quot;rain&quot;],&quot;windgust&quot;:9.2,&quot;windspeed&quot;:5.6,&quot;winddir&quot;:62.2,&quot;pressure&quot;:998.3,&quot;visibility&quot;:24.1,&quot;cloudcover&quot;:100.0,&quot;solarradiation&quot;:105.3,&quot;solarenergy&quot;:0.4,&quot;uvindex&quot;:0.0,&quot;severerisk&quot;:30.0,&quot;conditions&quot;:&quot;Rain, Overcast&quot;,&quot;icon&quot;:&quot;rain&quot;,&quot;stations&quot;:null,&quot;source&quot;:&quot;fcst&quot;},{&quot;datetime&quot;:&quot;21:00:00&quot;,&quot;datetimeEpoch&quot;:1690731000,&quot;temp&quot;:27.0,&quot;feelslike&quot;:30.0,&quot;humidity&quot;:83.67,&quot;dew&quot;:24.0,&quot;precip&quot;:0.1,&quot;precipprob&quot;:71.4,&quot;snow&quot;:0.0,&quot;snowdepth&quot;:0.0,&quot;preciptype&quot;:[&quot;rain&quot;],&quot;windgust&quot;:5.0,&quot;windspeed&quot;:5.0,&quot;winddir&quot;:67.5,&quot;pressure&quot;:999.0,&quot;visibility&quot;:24.1,&quot;cloudcover&quot;:100.0,&quot;solarradiation&quot;:15.0,&quot;solarenergy&quot;:0.1,&quot;uvindex&quot;:0.0,&quot;severerisk&quot;:30.0,&quot;conditions&quot;:&quot;Rain, Overcast&quot;,&quot;icon&quot;:&quot;rain&quot;,&quot;stations&quot;:null,&quot;source&quot;:&quot;fcst&quot;},{&quot;datetime&quot;:&quot;22:00:00&quot;,&quot;datetimeEpoch&quot;:1690734600,&quot;temp&quot;:26.5,&quot;feelslike&quot;:26.5,&quot;humidity&quot;:86.17,&quot;dew&quot;:24.0,&quot;precip&quot;:0.0,&quot;precipprob&quot;:71.4,&quot;snow&quot;:0.0,&quot;snowdepth&quot;:0.0,&quot;preciptype&quot;:[&quot;rain&quot;],&quot;windgust&quot;:5.3,&quot;windspeed&quot;:5.2,&quot;winddir&quot;:60.3,&quot;pressure&quot;:999.0,&quot;visibility&quot;:21.2,&quot;cloudcover&quot;:96.1,&quot;solarradiation&quot;:10.0,&quot;solarenergy&quot;:0.1,&quot;uvindex&quot;:0.0,&quot;severerisk&quot;:10.0,&quot;conditions&quot;:&quot;Rain, Overcast&quot;,&quot;icon&quot;:&quot;rain&quot;,&quot;stations&quot;:null,&quot;source&quot;:&quot;fcst&quot;},{&quot;datetime&quot;:&quot;23:00:00&quot;,&quot;datetimeEpoch&quot;:1690738200,&quot;temp&quot;:26.0,&quot;feelslike&quot;:26.0,&quot;humidity&quot;:88.76,&quot;dew&quot;:24.0,&quot;precip&quot;:0.0,&quot;precipprob&quot;:71.4,&quot;snow&quot;:0.0,&quot;snowdepth&quot;:0.0,&quot;preciptype&quot;:[&quot;rain&quot;],&quot;windgust&quot;:5.5,&quot;windspeed&quot;:5.3,&quot;winddir&quot;:53.0,&quot;pressure&quot;:999.0,&quot;visibility&quot;:18.4,&quot;cloudcover&quot;:92.2,&quot;solarradiation&quot;:5.0,&quot;solarenergy&quot;:0.0,&quot;uvindex&quot;:0.0,&quot;severerisk&quot;:10.0,&quot;conditions&quot;:&quot;Rain, Overcast&quot;,&quot;icon&quot;:&quot;rain&quot;,&quot;stations&quot;:null,&quot;source&quot;:&quot;fcst&quot;}]},{&quot;datetime&quot;:&quot;2023-07-31&quot;,&quot;datetimeEpoch&quot;:1690741800,&quot;tempmax&quot;:31.3,&quot;tempmin&quot;:24.4,&quot;temp&quot;:27.1,&quot;feelslikemax&quot;:36.6,&quot;feelslikemin&quot;:24.4,&quot;feelslike&quot;:29.3,&quot;dew&quot;:24.2,&quot;humidity&quot;:85.0,&quot;precip&quot;:7.4,&quot;precipprob&quot;:71.4,&quot;precipcover&quot;:33.33,&quot;preciptype&quot;:[&quot;rain&quot;],&quot;snow&quot;:0.0,&quot;snowdepth&quot;:0.0,&quot;windgust&quot;:31.7,&quot;windspeed&quot;:20.2,&quot;winddir&quot;:61.1,&quot;pressure&quot;:997.7,&quot;cloudcover&quot;:69.5,&quot;visibility&quot;:21.7,&quot;solarradiation&quot;:225.1,&quot;solarenergy&quot;:19.2,&quot;uvindex&quot;:8.0,&quot;severerisk&quot;:30.0,&quot;sunrise&quot;:&quot;05:20:14&quot;,&quot;sunriseEpoch&quot;:1690761014,&quot;sunset&quot;:&quot;18:30:55&quot;,&quot;sunsetEpoch&quot;:1690808455,&quot;moonphase&quot;:0.45,&quot;conditions&quot;:&quot;Rain, Partially cloudy&quot;,&quot;description&quot;:&quot;Partly cloudy throughout the day with storms possible.&quot;,&quot;icon&quot;:&quot;rain&quot;,&quot;stations&quot;:null,&quot;source&quot;:&quot;fcst&quot;,&quot;hours&quot;:[{&quot;datetime&quot;:&quot;00:00:00&quot;,&quot;datetimeEpoch&quot;:1690741800,&quot;temp&quot;:25.6,&quot;feelslike&quot;:25.6,&quot;humidity&quot;:91.43,&quot;dew&quot;:24.1,&quot;precip&quot;:0.6,&quot;precipprob&quot;:71.4,&quot;snow&quot;:0.0,&quot;snowdepth&quot;:0.0,&quot;preciptype&quot;:[&quot;rain&quot;],&quot;windgust&quot;:5.8,&quot;windspeed&quot;:5.4,&quot;winddir&quot;:45.8,&quot;pressure&quot;:999.0,&quot;visibility&quot;:15.5,&quot;cloudcover&quot;:88.3,&quot;solarradiation&quot;:0.0,&quot;solarenergy&quot;:0.0,&quot;uvindex&quot;:0.0,&quot;severerisk&quot;:10.0,&quot;conditions&quot;:&quot;Rain, Partially cloudy&quot;,&quot;icon&quot;:&quot;rain&quot;,&quot;stations&quot;:null,&quot;source&quot;:&quot;fcst&quot;},{&quot;datetime&quot;:&quot;01:00:00&quot;,&quot;datetimeEpoch&quot;:1690745400,&quot;temp&quot;:25.3,&quot;feelslike&quot;:25.3,&quot;humidity&quot;:92.89,&quot;dew&quot;:24.0,&quot;precip&quot;:0.0,&quot;precipprob&quot;:71.4,&quot;snow&quot;:0.0,&quot;snowdepth&quot;:0.0,&quot;preciptype&quot;:[&quot;rain&quot;],&quot;windgust&quot;:6.6,&quot;windspeed&quot;:5.6,&quot;winddir&quot;:45.3,&quot;pressure&quot;:998.3,&quot;visibility&quot;:18.4,&quot;cloudcover&quot;:90.2,&quot;solarradiation&quot;:0.0,&quot;solarenergy&quot;:0.0,&quot;uvindex&quot;:0.0,&quot;severerisk&quot;:10.0,&quot;conditions&quot;:&quot;Rain, Overcast&quot;,&quot;icon&quot;:&quot;rain&quot;,&quot;stations&quot;:null,&quot;source&quot;:&quot;fcst&quot;},{&quot;datetime&quot;:&quot;02:00:00&quot;,&quot;datetimeEpoch&quot;:1690749000,&quot;temp&quot;:25.0,&quot;feelslike&quot;:25.0,&quot;humidity&quot;:94.38,&quot;dew&quot;:24.0,&quot;precip&quot;:0.0,&quot;precipprob&quot;:71.4,&quot;snow&quot;:0.0,&quot;snowdepth&quot;:0.0,&quot;preciptype&quot;:[&quot;rain&quot;],&quot;windgust&quot;:7.4,&quot;windspeed&quot;:5.9,&quot;winddir&quot;:44.8,&quot;pressure&quot;:997.7,&quot;visibility&quot;:21.2,&quot;cloudcover&quot;:92.2,&quot;solarradiation&quot;:0.0,&quot;solarenergy&quot;:0.0,&quot;uvindex&quot;:0.0,&quot;severerisk&quot;:10.0,&quot;conditions&quot;:&quot;Rain, Overcast&quot;,&quot;icon&quot;:&quot;rain&quot;,&quot;stations&quot;:null,&quot;source&quot;:&quot;fcst&quot;},{&quot;datetime&quot;:&quot;03:00:00&quot;,&quot;datetimeEpoch&quot;:1690752600,&quot;temp&quot;:24.7,&quot;feelslike&quot;:24.7,&quot;humidity&quot;:95.89,&quot;dew&quot;:24.0,&quot;precip&quot;:2.2,&quot;precipprob&quot;:71.4,&quot;snow&quot;:0.0,&quot;snowdepth&quot;:0.0,&quot;preciptype&quot;:[&quot;rain&quot;],&quot;windgust&quot;:8.3,&quot;windspeed&quot;:6.1,&quot;winddir&quot;:44.3,&quot;pressure&quot;:997.0,&quot;visibility&quot;:24.1,&quot;cloudcover&quot;:94.1,&quot;solarradiation&quot;:0.0,&quot;solarenergy&quot;:0.0,&quot;uvindex&quot;:0.0,&quot;severerisk&quot;:10.0,&quot;conditions&quot;:&quot;Rain, Overcast&quot;,&quot;icon&quot;:&quot;rain&quot;,&quot;stations&quot;:null,&quot;source&quot;:&quot;fcst&quot;},{&quot;datetime&quot;:&quot;04:00:00&quot;,&quot;datetimeEpoch&quot;:1690756200,&quot;temp&quot;:24.6,&quot;feelslike&quot;:24.6,&quot;humidity&quot;:96.08,&quot;dew&quot;:23.9,&quot;precip&quot;:0.0,&quot;precipprob&quot;:71.4,&quot;snow&quot;:0.0,&quot;snowdepth&quot;:0.0,&quot;preciptype&quot;:[&quot;rain&quot;],&quot;windgust&quot;:7.8,&quot;windspeed&quot;:5.9,&quot;winddir&quot;:36.9,&quot;pressure&quot;:997.3,&quot;visibility&quot;:24.1,&quot;cloudcover&quot;:83.3,&quot;solarradiation&quot;:0.0,&quot;solarenergy&quot;:0.0,&quot;uvindex&quot;:0.0,&quot;severerisk&quot;:10.0,&quot;conditions&quot;:&quot;Rain, Partially cloudy&quot;,&quot;icon&quot;:&quot;rain&quot;,&quot;stations&quot;:null,&quot;source&quot;:&quot;fcst&quot;},{&quot;datetime&quot;:&quot;05:00:00&quot;,&quot;datetimeEpoch&quot;:1690759800,&quot;temp&quot;:24.5,&quot;feelslike&quot;:24.5,&quot;humidity&quot;:96.27,&quot;dew&quot;:23.8,&quot;precip&quot;:0.0,&quot;precipprob&quot;:71.4,&quot;snow&quot;:0.0,&quot;snowdepth&quot;:0.0,&quot;preciptype&quot;:[&quot;rain&quot;],&quot;windgust&quot;:7.3,&quot;windspeed&quot;:5.6,&quot;winddir&quot;:29.5,&quot;pressure&quot;:997.7,&quot;visibility&quot;:24.1,&quot;cloudcover&quot;:72.5,&quot;solarradiation&quot;:0.0,&quot;solarenergy&quot;:0.0,&quot;uvindex&quot;:0.0,&quot;severerisk&quot;:10.0,&quot;conditions&quot;:&quot;Rain, Partially cloudy&quot;,&quot;icon&quot;:&quot;rain&quot;,&quot;stations&quot;:null,&quot;source&quot;:&quot;fcst&quot;},{&quot;datetime&quot;:&quot;06:00:00&quot;,&quot;datetimeEpoch&quot;:1690763400,&quot;temp&quot;:24.4,&quot;feelslike&quot;:24.4,&quot;humidity&quot;:96.46,&quot;dew&quot;:23.8,&quot;precip&quot;:0.5,&quot;precipprob&quot;:71.4,&quot;snow&quot;:0.0,&quot;snowdepth&quot;:0.0,&quot;preciptype&quot;:[&quot;rain&quot;],&quot;windgust&quot;:6.8,&quot;windspeed&quot;:5.4,&quot;winddir&quot;:22.1,&quot;pressure&quot;:998.0,&quot;visibility&quot;:24.1,&quot;cloudcover&quot;:61.7,&quot;solarradiation&quot;:0.0,&quot;solarenergy&quot;:0.0,&quot;uvindex&quot;:0.0,&quot;severerisk&quot;:10.0,&quot;conditions&quot;:&quot;Rain, Partially cloudy&quot;,&quot;icon&quot;:&quot;rain&quot;,&quot;stations&quot;:null,&quot;source&quot;:&quot;fcst&quot;},{&quot;datetime&quot;:&quot;07:00:00&quot;,&quot;datetimeEpoch&quot;:1690767000,&quot;temp&quot;:25.2,&quot;feelslike&quot;:25.2,&quot;humidity&quot;:92.52,&quot;dew&quot;:23.9,&quot;precip&quot;:0.0,&quot;precipprob&quot;:71.4,&quot;snow&quot;:0.0,&quot;snowdepth&quot;:0.0,&quot;preciptype&quot;:[&quot;rain&quot;],&quot;windgust&quot;:15.1,&quot;windspeed&quot;:8.6,&quot;winddir&quot;:35.0,&quot;pressure&quot;:998.7,&quot;visibility&quot;:24.1,&quot;cloudcover&quot;:74.5,&quot;solarradiation&quot;:66.3,&quot;solarenergy&quot;:0.2,&quot;uvindex&quot;:1.0,&quot;severerisk&quot;:10.0,&quot;conditions&quot;:&quot;Rain, Partially cloudy&quot;,&quot;icon&quot;:&quot;rain&quot;,&quot;stations&quot;:null,&quot;source&quot;:&quot;fcst&quot;},{&quot;datetime&quot;:&quot;08:00:00&quot;,&quot;datetimeEpoch&quot;:1690770600,&quot;temp&quot;:25.9,&quot;feelslike&quot;:25.9,&quot;humidity&quot;:88.75,&quot;dew&quot;:23.9,&quot;precip&quot;:0.0,&quot;precipprob&quot;:71.4,&quot;snow&quot;:0.0,&quot;snowdepth&quot;:0.0,&quot;preciptype&quot;:[&quot;rain&quot;],&quot;windgust&quot;:23.4,&quot;windspeed&quot;:11.9,&quot;winddir&quot;:47.9,&quot;pressure&quot;:999.3,&quot;visibility&quot;:24.1,&quot;cloudcover&quot;:87.2,&quot;solarradiation&quot;:132.7,&quot;solarenergy&quot;:0.5,&quot;uvindex&quot;:1.0,&quot;severerisk&quot;:10.0,&quot;conditions&quot;:&quot;Rain, Partially cloudy&quot;,&quot;icon&quot;:&quot;rain&quot;,&quot;stations&quot;:null,&quot;source&quot;:&quot;fcst&quot;},{&quot;datetime&quot;:&quot;09:00:00&quot;,&quot;datetimeEpoch&quot;:1690774200,&quot;temp&quot;:26.8,&quot;feelslike&quot;:29.6,&quot;humidity&quot;:85.17,&quot;dew&quot;:24.1,&quot;precip&quot;:0.3,&quot;precipprob&quot;:71.4,&quot;snow&quot;:0.0,&quot;snowdepth&quot;:0.0,&quot;preciptype&quot;:[&quot;rain&quot;],&quot;windgust&quot;:31.7,&quot;windspeed&quot;:15.1,&quot;winddir&quot;:60.8,&quot;pressure&quot;:1000.0,&quot;visibility&quot;:24.1,&quot;cloudcover&quot;:100.0,&quot;solarradiation&quot;:199.0,&quot;solarenergy&quot;:0.7,&quot;uvindex&quot;:2.0,&quot;severerisk&quot;:10.0,&quot;conditions&quot;:&quot;Rain, Overcast&quot;,&quot;icon&quot;:&quot;rain&quot;,&quot;stations&quot;:null,&quot;source&quot;:&quot;fcst&quot;},{&quot;datetime&quot;:&quot;10:00:00&quot;,&quot;datetimeEpoch&quot;:1690777800,&quot;temp&quot;:28.0,&quot;feelslike&quot;:31.9,&quot;humidity&quot;:79.08,&quot;dew&quot;:24.0,&quot;precip&quot;:0.0,&quot;precipprob&quot;:71.4,&quot;snow&quot;:0.0,&quot;snowdepth&quot;:0.0,&quot;preciptype&quot;:[&quot;rain&quot;],&quot;windgust&quot;:31.0,&quot;windspeed&quot;:16.6,&quot;winddir&quot;:63.5,&quot;pressure&quot;:999.3,&quot;visibility&quot;:24.1,&quot;cloudcover&quot;:90.5,&quot;solarradiation&quot;:262.7,&quot;solarenergy&quot;:0.9,&quot;uvindex&quot;:3.0,&quot;severerisk&quot;:10.0,&quot;conditions&quot;:&quot;Rain, Overcast&quot;,&quot;icon&quot;:&quot;rain&quot;,&quot;stations&quot;:null,&quot;source&quot;:&quot;fcst&quot;},{&quot;datetime&quot;:&quot;11:00:00&quot;,&quot;datetimeEpoch&quot;:1690781400,&quot;temp&quot;:29.2,&quot;feelslike&quot;:33.9,&quot;humidity&quot;:73.47,&quot;dew&quot;:24.0,&quot;precip&quot;:0.0,&quot;precipprob&quot;:71.4,&quot;snow&quot;:0.0,&quot;snowdepth&quot;:0.0,&quot;preciptype&quot;:[&quot;rain&quot;],&quot;windgust&quot;:30.2,&quot;windspeed&quot;:18.0,&quot;winddir&quot;:66.3,&quot;pressure&quot;:998.7,&quot;visibility&quot;:24.1,&quot;cloudcover&quot;:81.1,&quot;solarradiation&quot;:326.3,&quot;solarenergy&quot;:1.2,&quot;uvindex&quot;:3.0,&quot;severerisk&quot;:10.0,&quot;conditions&quot;:&quot;Rain, Partially cloudy&quot;,&quot;icon&quot;:&quot;rain&quot;,&quot;stations&quot;:null,&quot;source&quot;:&quot;fcst&quot;},{&quot;datetime&quot;:&quot;12:00:00&quot;,&quot;datetimeEpoch&quot;:1690785000,&quot;temp&quot;:30.5,&quot;feelslike&quot;:35.7,&quot;humidity&quot;:68.3,&quot;dew&quot;:24.0,&quot;precip&quot;:0.2,&quot;precipprob&quot;:71.4,&quot;snow&quot;:0.0,&quot;snowdepth&quot;:0.0,&quot;preciptype&quot;:[&quot;rain&quot;],&quot;windgust&quot;:29.5,&quot;windspeed&quot;:19.4,&quot;winddir&quot;:69.0,&quot;pressure&quot;:998.0,&quot;visibility&quot;:24.1,&quot;cloudcover&quot;:71.6,&quot;solarradiation&quot;:390.0,&quot;solarenergy&quot;:1.4,&quot;uvindex&quot;:4.0,&quot;severerisk&quot;:30.0,&quot;conditions&quot;:&quot;Rain, Partially cloudy&quot;,&quot;icon&quot;:&quot;rain&quot;,&quot;stations&quot;:null,&quot;source&quot;:&quot;fcst&quot;},{&quot;datetime&quot;:&quot;13:00:00&quot;,&quot;datetimeEpoch&quot;:1690788600,&quot;temp&quot;:30.7,&quot;feelslike&quot;:36.0,&quot;humidity&quot;:66.99,&quot;dew&quot;:23.9,&quot;precip&quot;:0.0,&quot;precipprob&quot;:71.4,&quot;snow&quot;:0.0,&quot;snowdepth&quot;:0.0,&quot;preciptype&quot;:[&quot;rain&quot;],&quot;windgust&quot;:28.9,&quot;windspeed&quot;:19.7,&quot;winddir&quot;:69.5,&quot;pressure&quot;:997.3,&quot;visibility&quot;:24.1,&quot;cloudcover&quot;:61.9,&quot;solarradiation&quot;:523.7,&quot;solarenergy&quot;:1.9,&quot;uvindex&quot;:5.0,&quot;severerisk&quot;:30.0,&quot;conditions&quot;:&quot;Rain, Partially cloudy&quot;,&quot;icon&quot;:&quot;rain&quot;,&quot;stations&quot;:null,&quot;source&quot;:&quot;fcst&quot;},{&quot;datetime&quot;:&quot;14:00:00&quot;,&quot;datetimeEpoch&quot;:1690792200,&quot;temp&quot;:31.0,&quot;feelslike&quot;:36.3,&quot;humidity&quot;:65.72,&quot;dew&quot;:23.8,&quot;precip&quot;:0.0,&quot;precipprob&quot;:71.4,&quot;snow&quot;:0.0,&quot;snowdepth&quot;:0.0,&quot;preciptype&quot;:[&quot;rain&quot;],&quot;windgust&quot;:28.3,&quot;windspeed&quot;:19.9,&quot;winddir&quot;:70.0,&quot;pressure&quot;:996.7,&quot;visibility&quot;:24.1,&quot;cloudcover&quot;:52.1,&quot;solarradiation&quot;:657.3,&quot;solarenergy&quot;:2.3,&quot;uvindex&quot;:7.0,&quot;severerisk&quot;:30.0,&quot;conditions&quot;:&quot;Rain, Partially cloudy&quot;,&quot;icon&quot;:&quot;rain&quot;,&quot;stations&quot;:null,&quot;source&quot;:&quot;fcst&quot;},{&quot;datetime&quot;:&quot;15:00:00&quot;,&quot;datetimeEpoch&quot;:1690795800,&quot;temp&quot;:31.3,&quot;feelslike&quot;:36.6,&quot;humidity&quot;:64.47,&quot;dew&quot;:23.8,&quot;precip&quot;:0.4,&quot;precipprob&quot;:71.4,&quot;snow&quot;:0.0,&quot;snowdepth&quot;:0.0,&quot;preciptype&quot;:[&quot;rain&quot;],&quot;windgust&quot;:27.7,&quot;windspeed&quot;:20.2,&quot;winddir&quot;:70.5,&quot;pressure&quot;:996.0,&quot;visibility&quot;:24.1,&quot;cloudcover&quot;:42.4,&quot;solarradiation&quot;:791.0,&quot;solarenergy&quot;:2.8,&quot;uvindex&quot;:8.0,&quot;severerisk&quot;:30.0,&quot;conditions&quot;:&quot;Rain, Partially cloudy&quot;,&quot;icon&quot;:&quot;rain&quot;,&quot;stations&quot;:null,&quot;source&quot;:&quot;fcst&quot;},{&quot;datetime&quot;:&quot;16:00:00&quot;,&quot;datetimeEpoch&quot;:1690799400,&quot;temp&quot;:30.2,&quot;feelslike&quot;:35.6,&quot;humidity&quot;:70.6,&quot;dew&quot;:24.2,&quot;precip&quot;:0.0,&quot;precipprob&quot;:71.4,&quot;snow&quot;:0.0,&quot;snowdepth&quot;:0.0,&quot;preciptype&quot;:[&quot;rain&quot;],&quot;windgust&quot;:28.3,&quot;windspeed&quot;:17.5,&quot;winddir&quot;:66.8,&quot;pressure&quot;:996.0,&quot;visibility&quot;:21.1,&quot;cloudcover&quot;:30.1,&quot;solarradiation&quot;:661.3,&quot;solarenergy&quot;:2.3,&quot;uvindex&quot;:7.0,&quot;severerisk&quot;:30.0,&quot;conditions&quot;:&quot;Rain, Partially cloudy&quot;,&quot;icon&quot;:&quot;rain&quot;,&quot;stations&quot;:null,&quot;source&quot;:&quot;fcst&quot;},{&quot;datetime&quot;:&quot;17:00:00&quot;,&quot;datetimeEpoch&quot;:1690803000,&quot;temp&quot;:29.1,&quot;feelslike&quot;:34.3,&quot;humidity&quot;:77.35,&quot;dew&quot;:24.7,&quot;precip&quot;:0.0,&quot;precipprob&quot;:71.4,&quot;snow&quot;:0.0,&quot;snowdepth&quot;:0.0,&quot;preciptype&quot;:[&quot;rain&quot;],&quot;windgust&quot;:28.9,&quot;windspeed&quot;:14.9,&quot;winddir&quot;:63.1,&quot;pressure&quot;:996.0,&quot;visibility&quot;:18.0,&quot;cloudcover&quot;:17.9,&quot;solarradiation&quot;:531.7,&quot;solarenergy&quot;:1.9,&quot;uvindex&quot;:5.0,&quot;severerisk&quot;:30.0,&quot;conditions&quot;:&quot;Rain&quot;,&quot;icon&quot;:&quot;rain&quot;,&quot;stations&quot;:null,&quot;source&quot;:&quot;fcst&quot;},{&quot;datetime&quot;:&quot;18:00:00&quot;,&quot;datetimeEpoch&quot;:1690806600,&quot;temp&quot;:28.0,&quot;feelslike&quot;:32.7,&quot;humidity&quot;:84.79,&quot;dew&quot;:25.2,&quot;precip&quot;:2.7,&quot;precipprob&quot;:71.4,&quot;snow&quot;:0.0,&quot;snowdepth&quot;:0.0,&quot;preciptype&quot;:[&quot;rain&quot;],&quot;windgust&quot;:29.5,&quot;windspeed&quot;:12.2,&quot;winddir&quot;:59.4,&quot;pressure&quot;:996.0,&quot;visibility&quot;:15.0,&quot;cloudcover&quot;:5.6,&quot;solarradiation&quot;:402.0,&quot;solarenergy&quot;:1.4,&quot;uvindex&quot;:4.0,&quot;severerisk&quot;:30.0,&quot;conditions&quot;:&quot;Rain&quot;,&quot;icon&quot;:&quot;rain&quot;,&quot;stations&quot;:null,&quot;source&quot;:&quot;fcst&quot;},{&quot;datetime&quot;:&quot;19:00:00&quot;,&quot;datetimeEpoch&quot;:1690810200,&quot;temp&quot;:27.3,&quot;feelslike&quot;:31.2,&quot;humidity&quot;:87.29,&quot;dew&quot;:25.0,&quot;precip&quot;:0.0,&quot;precipprob&quot;:71.4,&quot;snow&quot;:0.0,&quot;snowdepth&quot;:0.0,&quot;preciptype&quot;:[&quot;rain&quot;],&quot;windgust&quot;:29.4,&quot;windspeed&quot;:11.2,&quot;winddir&quot;:62.7,&quot;pressure&quot;:996.7,&quot;visibility&quot;:18.0,&quot;cloudcover&quot;:36.4,&quot;solarradiation&quot;:274.3,&quot;solarenergy&quot;:1.0,&quot;uvindex&quot;:0.0,&quot;severerisk&quot;:30.0,&quot;conditions&quot;:&quot;Rain, Partially cloudy&quot;,&quot;icon&quot;:&quot;rain&quot;,&quot;stations&quot;:null,&quot;source&quot;:&quot;fcst&quot;},{&quot;datetime&quot;:&quot;20:00:00&quot;,&quot;datetimeEpoch&quot;:1690813800,&quot;temp&quot;:26.6,&quot;feelslike&quot;:26.6,&quot;humidity&quot;:89.88,&quot;dew&quot;:24.8,&quot;precip&quot;:0.0,&quot;precipprob&quot;:71.4,&quot;snow&quot;:0.0,&quot;snowdepth&quot;:0.0,&quot;preciptype&quot;:[&quot;rain&quot;],&quot;windgust&quot;:29.3,&quot;windspeed&quot;:10.1,&quot;winddir&quot;:66.1,&quot;pressure&quot;:997.3,&quot;visibility&quot;:21.1,&quot;cloudcover&quot;:67.3,&quot;solarradiation&quot;:146.7,&quot;solarenergy&quot;:0.5,&quot;uvindex&quot;:0.0,&quot;severerisk&quot;:30.0,&quot;conditions&quot;:&quot;Rain, Partially cloudy&quot;,&quot;icon&quot;:&quot;rain&quot;,&quot;stations&quot;:null,&quot;source&quot;:&quot;fcst&quot;},{&quot;datetime&quot;:&quot;21:00:00&quot;,&quot;datetimeEpoch&quot;:1690817400,&quot;temp&quot;:26.0,&quot;feelslike&quot;:26.0,&quot;humidity&quot;:92.56,&quot;dew&quot;:24.7,&quot;precip&quot;:0.5,&quot;precipprob&quot;:71.4,&quot;snow&quot;:0.0,&quot;snowdepth&quot;:0.0,&quot;preciptype&quot;:[&quot;rain&quot;],&quot;windgust&quot;:29.2,&quot;windspeed&quot;:9.0,&quot;winddir&quot;:69.4,&quot;pressure&quot;:998.0,&quot;visibility&quot;:24.1,&quot;cloudcover&quot;:98.1,&quot;solarradiation&quot;:19.0,&quot;solarenergy&quot;:0.1,&quot;uvindex&quot;:0.0,&quot;severerisk&quot;:10.0,&quot;conditions&quot;:&quot;Rain, Overcast&quot;,&quot;icon&quot;:&quot;rain&quot;,&quot;stations&quot;:null,&quot;source&quot;:&quot;fcst&quot;},{&quot;datetime&quot;:&quot;22:00:00&quot;,&quot;datetimeEpoch&quot;:1690821000,&quot;temp&quot;:25.7,&quot;feelslike&quot;:25.7,&quot;humidity&quot;:94.03,&quot;dew&quot;:24.6,&quot;precip&quot;:0.0,&quot;precipprob&quot;:71.4,&quot;snow&quot;:0.0,&quot;snowdepth&quot;:0.0,&quot;preciptype&quot;:[&quot;rain&quot;],&quot;windgust&quot;:23.4,&quot;windspeed&quot;:8.2,&quot;winddir&quot;:71.0,&quot;pressure&quot;:998.0,&quot;visibility&quot;:19.8,&quot;cloudcover&quot;:88.9,&quot;solarradiation&quot;:12.7,&quot;solarenergy&quot;:0.1,&quot;uvindex&quot;:0.0,&quot;severerisk&quot;:10.0,&quot;conditions&quot;:&quot;Rain, Partially cloudy&quot;,&quot;icon&quot;:&quot;rain&quot;,&quot;stations&quot;:null,&quot;source&quot;:&quot;fcst&quot;},{&quot;datetime&quot;:&quot;23:00:00&quot;,&quot;datetimeEpoch&quot;:1690824600,&quot;temp&quot;:25.4,&quot;feelslike&quot;:25.4,&quot;humidity&quot;:95.53,&quot;dew&quot;:24.6,&quot;precip&quot;:0.0,&quot;precipprob&quot;:71.4,&quot;snow&quot;:0.0,&quot;snowdepth&quot;:0.0,&quot;preciptype&quot;:[&quot;rain&quot;],&quot;windgust&quot;:17.6,&quot;windspeed&quot;:7.3,&quot;winddir&quot;:72.7,&quot;pressure&quot;:998.0,&quot;visibility&quot;:15.5,&quot;cloudcover&quot;:79.8,&quot;solarradiation&quot;:6.3,&quot;solarenergy&quot;:0.0,&quot;uvindex&quot;:0.0,&quot;severerisk&quot;:10.0,&quot;conditions&quot;:&quot;Rain, Partially cloudy&quot;,&quot;icon&quot;:&quot;rain&quot;,&quot;stations&quot;:null,&quot;source&quot;:&quot;fcst&quot;}]},{&quot;datetime&quot;:&quot;2023-08-01&quot;,&quot;datetimeEpoch&quot;:1690828200,&quot;tempmax&quot;:27.4,&quot;tempmin&quot;:24.4,&quot;temp&quot;:25.6,&quot;feelslikemax&quot;:31.1,&quot;feelslikemin&quot;:24.4,&quot;feelslike&quot;:26.1,&quot;dew&quot;:24.0,&quot;humidity&quot;:91.3,&quot;precip&quot;:10.1,&quot;precipprob&quot;:71.4,&quot;precipcover&quot;:29.17,&quot;preciptype&quot;:[&quot;rain&quot;],&quot;snow&quot;:0.0,&quot;snowdepth&quot;:0.0,&quot;windgust&quot;:29.5,&quot;windspeed&quot;:15.5,&quot;winddir&quot;:237.9,&quot;pressure&quot;:998.8,&quot;cloudcover&quot;:96.3,&quot;visibility&quot;:18.8,&quot;solarradiation&quot;:109.3,&quot;solarenergy&quot;:9.3,&quot;uvindex&quot;:5.0,&quot;severerisk&quot;:30.0,&quot;sunrise&quot;:&quot;05:20:39&quot;,&quot;sunriseEpoch&quot;:1690847439,&quot;sunset&quot;:&quot;18:30:23&quot;,&quot;sunsetEpoch&quot;:1690894823,&quot;moonphase&quot;:0.48,&quot;conditions&quot;:&quot;Rain, Overcast&quot;,&quot;description&quot;:&quot;Cloudy skies throughout the day with storms possible.&quot;,&quot;icon&quot;:&quot;rain&quot;,&quot;stations&quot;:null,&quot;source&quot;:&quot;fcst&quot;,&quot;hours&quot;:[{&quot;datetime&quot;:&quot;00:00:00&quot;,&quot;datetimeEpoch&quot;:1690828200,&quot;temp&quot;:25.1,&quot;feelslike&quot;:25.1,&quot;humidity&quot;:97.06,&quot;dew&quot;:24.6,&quot;precip&quot;:0.8,&quot;precipprob&quot;:71.4,&quot;snow&quot;:0.0,&quot;snowdepth&quot;:0.0,&quot;preciptype&quot;:[&quot;rain&quot;],&quot;windgust&quot;:11.9,&quot;windspeed&quot;:6.5,&quot;winddir&quot;:74.3,&quot;pressure&quot;:998.0,&quot;visibility&quot;:11.2,&quot;cloudcover&quot;:70.6,&quot;solarradiation&quot;:0.0,&quot;solarenergy&quot;:0.0,&quot;uvindex&quot;:0.0,&quot;severerisk&quot;:10.0,&quot;conditions&quot;:&quot;Rain, Partially cloudy&quot;,&quot;icon&quot;:&quot;rain&quot;,&quot;stations&quot;:null,&quot;source&quot;:&quot;fcst&quot;},{&quot;datetime&quot;:&quot;01:00:00&quot;,&quot;datetimeEpoch&quot;:1690831800,&quot;temp&quot;:25.1,&quot;feelslike&quot;:25.1,&quot;humidity&quot;:96.29,&quot;dew&quot;:24.4,&quot;precip&quot;:0.0,&quot;precipprob&quot;:71.4,&quot;snow&quot;:0.0,&quot;snowdepth&quot;:0.0,&quot;preciptype&quot;:[&quot;rain&quot;],&quot;windgust&quot;:9.5,&quot;windspeed&quot;:5.4,&quot;winddir&quot;:86.1,&quot;pressure&quot;:997.7,&quot;visibility&quot;:10.8,&quot;cloudcover&quot;:78.1,&quot;solarradiation&quot;:0.0,&quot;solarenergy&quot;:0.0,&quot;uvindex&quot;:0.0,&quot;severerisk&quot;:10.0,&quot;conditions&quot;:&quot;Rain, Partially cloudy&quot;,&quot;icon&quot;:&quot;rain&quot;,&quot;stations&quot;:null,&quot;source&quot;:&quot;fcst&quot;},{&quot;datetime&quot;:&quot;02:00:00&quot;,&quot;datetimeEpoch&quot;:1690835400,&quot;temp&quot;:25.1,&quot;feelslike&quot;:25.1,&quot;humidity&quot;:95.52,&quot;dew&quot;:24.4,&quot;precip&quot;:0.0,&quot;precipprob&quot;:71.4,&quot;snow&quot;:0.0,&quot;snowdepth&quot;:0.0,&quot;preciptype&quot;:[&quot;rain&quot;],&quot;windgust&quot;:7.1,&quot;windspeed&quot;:4.3,&quot;winddir&quot;:97.9,&quot;pressure&quot;:997.3,&quot;visibility&quot;:10.4,&quot;cloudcover&quot;:85.5,&quot;solarradiation&quot;:0.0,&quot;solarenergy&quot;:0.0,&quot;uvindex&quot;:0.0,&quot;severerisk&quot;:10.0,&quot;conditions&quot;:&quot;Rain, Partially cloudy&quot;,&quot;icon&quot;:&quot;rain&quot;,&quot;stations&quot;:null,&quot;source&quot;:&quot;fcst&quot;},{&quot;datetime&quot;:&quot;03:00:00&quot;,&quot;datetimeEpoch&quot;:1690839000,&quot;temp&quot;:25.2,&quot;feelslike&quot;:25.2,&quot;humidity&quot;:94.76,&quot;dew&quot;:24.3,&quot;precip&quot;:2.9,&quot;precipprob&quot;:71.4,&quot;snow&quot;:0.0,&quot;snowdepth&quot;:0.0,&quot;preciptype&quot;:[&quot;rain&quot;],&quot;windgust&quot;:4.7,&quot;windspeed&quot;:3.2,&quot;winddir&quot;:109.7,&quot;pressure&quot;:997.0,&quot;visibility&quot;:10.0,&quot;cloudcover&quot;:93.0,&quot;solarradiation&quot;:0.0,&quot;solarenergy&quot;:0.0,&quot;uvindex&quot;:0.0,&quot;severerisk&quot;:10.0,&quot;conditions&quot;:&quot;Rain, Overcast&quot;,&quot;icon&quot;:&quot;rain&quot;,&quot;stations&quot;:null,&quot;source&quot;:&quot;fcst&quot;},{&quot;datetime&quot;:&quot;04:00:00&quot;,&quot;datetimeEpoch&quot;:1690842600,&quot;temp&quot;:25.2,&quot;feelslike&quot;:25.2,&quot;humidity&quot;:94.95,&quot;dew&quot;:24.3,&quot;precip&quot;:0.0,&quot;precipprob&quot;:71.4,&quot;snow&quot;:0.0,&quot;snowdepth&quot;:0.0,&quot;preciptype&quot;:[&quot;rain&quot;],&quot;windgust&quot;:3.8,&quot;windspeed&quot;:2.6,&quot;winddir&quot;:137.3,&quot;pressure&quot;:997.3,&quot;visibility&quot;:11.0,&quot;cloudcover&quot;:94.7,&quot;solarradiation&quot;:0.0,&quot;solarenergy&quot;:0.0,&quot;uvindex&quot;:0.0,&quot;severerisk&quot;:10.0,&quot;conditions&quot;:&quot;Rain, Overcast&quot;,&quot;icon&quot;:&quot;rain&quot;,&quot;stations&quot;:null,&quot;source&quot;:&quot;fcst&quot;},{&quot;datetime&quot;:&quot;05:00:00&quot;,&quot;datetimeEpoch&quot;:1690846200,&quot;temp&quot;:25.2,&quot;feelslike&quot;:25.2,&quot;humidity&quot;:95.14,&quot;dew&quot;:24.3,&quot;precip&quot;:0.0,&quot;precipprob&quot;:71.4,&quot;snow&quot;:0.0,&quot;snowdepth&quot;:0.0,&quot;preciptype&quot;:[&quot;rain&quot;],&quot;windgust&quot;:3.0,&quot;windspeed&quot;:2.0,&quot;winddir&quot;:164.9,&quot;pressure&quot;:997.7,&quot;visibility&quot;:11.9,&quot;cloudcover&quot;:96.5,&quot;solarradiation&quot;:0.0,&quot;solarenergy&quot;:0.0,&quot;uvindex&quot;:0.0,&quot;severerisk&quot;:10.0,&quot;conditions&quot;:&quot;Rain, Overcast&quot;,&quot;icon&quot;:&quot;rain&quot;,&quot;stations&quot;:null,&quot;source&quot;:&quot;fcst&quot;},{&quot;datetime&quot;:&quot;06:00:00&quot;,&quot;datetimeEpoch&quot;:1690849800,&quot;temp&quot;:25.2,&quot;feelslike&quot;:25.2,&quot;humidity&quot;:95.33,&quot;dew&quot;:24.4,&quot;precip&quot;:2.2,&quot;precipprob&quot;:71.4,&quot;snow&quot;:0.0,&quot;snowdepth&quot;:0.0,&quot;preciptype&quot;:[&quot;rain&quot;],&quot;windgust&quot;:2.2,&quot;windspeed&quot;:1.4,&quot;winddir&quot;:192.5,&quot;pressure&quot;:998.0,&quot;visibility&quot;:12.9,&quot;cloudcover&quot;:98.2,&quot;solarradiation&quot;:0.0,&quot;solarenergy&quot;:0.0,&quot;uvindex&quot;:0.0,&quot;severerisk&quot;:10.0,&quot;conditions&quot;:&quot;Rain, Overcast&quot;,&quot;icon&quot;:&quot;rain&quot;,&quot;stations&quot;:null,&quot;source&quot;:&quot;fcst&quot;},{&quot;datetime&quot;:&quot;07:00:00&quot;,&quot;datetimeEpoch&quot;:1690853400,&quot;temp&quot;:25.3,&quot;feelslike&quot;:25.3,&quot;humidity&quot;:94.96,&quot;dew&quot;:24.5,&quot;precip&quot;:0.0,&quot;precipprob&quot;:71.4,&quot;snow&quot;:0.0,&quot;snowdepth&quot;:0.0,&quot;preciptype&quot;:[&quot;rain&quot;],&quot;windgust&quot;:4.2,&quot;windspeed&quot;:2.5,&quot;winddir&quot;:211.1,&quot;pressure&quot;:998.7,&quot;visibility&quot;:13.9,&quot;cloudcover&quot;:98.8,&quot;solarradiation&quot;:10.7,&quot;solarenergy&quot;:0.0,&quot;uvindex&quot;:0.0,&quot;severerisk&quot;:10.0,&quot;conditions&quot;:&quot;Rain, Overcast&quot;,&quot;icon&quot;:&quot;rain&quot;,&quot;stations&quot;:null,&quot;source&quot;:&quot;fcst&quot;},{&quot;datetime&quot;:&quot;08:00:00&quot;,&quot;datetimeEpoch&quot;:1690857000,&quot;temp&quot;:25.5,&quot;feelslike&quot;:25.5,&quot;humidity&quot;:94.59,&quot;dew&quot;:24.6,&quot;precip&quot;:0.0,&quot;precipprob&quot;:71.4,&quot;snow&quot;:0.0,&quot;snowdepth&quot;:0.0,&quot;preciptype&quot;:[&quot;rain&quot;],&quot;windgust&quot;:6.2,&quot;windspeed&quot;:3.6,&quot;winddir&quot;:229.7,&quot;pressure&quot;:999.3,&quot;visibility&quot;:14.8,&quot;cloudcover&quot;:99.4,&quot;solarradiation&quot;:21.3,&quot;solarenergy&quot;:0.1,&quot;uvindex&quot;:0.0,&quot;severerisk&quot;:10.0,&quot;conditions&quot;:&quot;Rain, Overcast&quot;,&quot;icon&quot;:&quot;rain&quot;,&quot;stations&quot;:null,&quot;source&quot;:&quot;fcst&quot;},{&quot;datetime&quot;:&quot;09:00:00&quot;,&quot;datetimeEpoch&quot;:1690860600,&quot;temp&quot;:25.7,&quot;feelslike&quot;:25.7,&quot;humidity&quot;:94.22,&quot;dew&quot;:24.7,&quot;precip&quot;:1.9,&quot;precipprob&quot;:71.4,&quot;snow&quot;:0.0,&quot;snowdepth&quot;:0.0,&quot;preciptype&quot;:[&quot;rain&quot;],&quot;windgust&quot;:8.3,&quot;windspeed&quot;:4.7,&quot;winddir&quot;:248.3,&quot;pressure&quot;:1000.0,&quot;visibility&quot;:15.8,&quot;cloudcover&quot;:100.0,&quot;solarradiation&quot;:32.0,&quot;solarenergy&quot;:0.1,&quot;uvindex&quot;:0.0,&quot;severerisk&quot;:10.0,&quot;conditions&quot;:&quot;Rain, Overcast&quot;,&quot;icon&quot;:&quot;rain&quot;,&quot;stations&quot;:null,&quot;source&quot;:&quot;fcst&quot;},{&quot;datetime&quot;:&quot;10:00:00&quot;,&quot;datetimeEpoch&quot;:1690864200,&quot;temp&quot;:25.9,&quot;feelslike&quot;:25.9,&quot;humidity&quot;:92.55,&quot;dew&quot;:24.6,&quot;precip&quot;:0.0,&quot;precipprob&quot;:71.4,&quot;snow&quot;:0.0,&quot;snowdepth&quot;:0.0,&quot;preciptype&quot;:[&quot;rain&quot;],&quot;windgust&quot;:11.4,&quot;windspeed&quot;:6.7,&quot;winddir&quot;:251.6,&quot;pressure&quot;:1000.0,&quot;visibility&quot;:18.6,&quot;cloudcover&quot;:99.7,&quot;solarradiation&quot;:75.7,&quot;solarenergy&quot;:0.3,&quot;uvindex&quot;:1.0,&quot;severerisk&quot;:10.0,&quot;conditions&quot;:&quot;Rain, Overcast&quot;,&quot;icon&quot;:&quot;rain&quot;,&quot;stations&quot;:null,&quot;source&quot;:&quot;fcst&quot;},{&quot;datetime&quot;:&quot;11:00:00&quot;,&quot;datetimeEpoch&quot;:1690867800,&quot;temp&quot;:26.1,&quot;feelslike&quot;:26.1,&quot;humidity&quot;:90.92,&quot;dew&quot;:24.5,&quot;precip&quot;:0.0,&quot;precipprob&quot;:71.4,&quot;snow&quot;:0.0,&quot;snowdepth&quot;:0.0,&quot;preciptype&quot;:[&quot;rain&quot;],&quot;windgust&quot;:14.5,&quot;windspeed&quot;:8.8,&quot;winddir&quot;:254.8,&quot;pressure&quot;:1000.0,&quot;visibility&quot;:21.3,&quot;cloudcover&quot;:99.5,&quot;solarradiation&quot;:119.3,&quot;solarenergy&quot;:0.4,&quot;uvindex&quot;:1.0,&quot;severerisk&quot;:10.0,&quot;conditions&quot;:&quot;Rain, Overcast&quot;,&quot;icon&quot;:&quot;rain&quot;,&quot;stations&quot;:null,&quot;source&quot;:&quot;fcst&quot;},{&quot;datetime&quot;:&quot;12:00:00&quot;,&quot;datetimeEpoch&quot;:1690871400,&quot;temp&quot;:26.4,&quot;feelslike&quot;:26.4,&quot;humidity&quot;:89.32,&quot;dew&quot;:24.5,&quot;precip&quot;:0.7,&quot;precipprob&quot;:71.4,&quot;snow&quot;:0.0,&quot;snowdepth&quot;:0.0,&quot;preciptype&quot;:[&quot;rain&quot;],&quot;windgust&quot;:17.6,&quot;windspeed&quot;:10.8,&quot;winddir&quot;:258.1,&quot;pressure&quot;:1000.0,&quot;visibility&quot;:24.1,&quot;cloudcover&quot;:99.2,&quot;solarradiation&quot;:163.0,&quot;solarenergy&quot;:0.6,&quot;uvindex&quot;:2.0,&quot;severerisk&quot;:10.0,&quot;conditions&quot;:&quot;Rain, Overcast&quot;,&quot;icon&quot;:&quot;rain&quot;,&quot;stations&quot;:null,&quot;source&quot;:&quot;fcst&quot;},{&quot;datetime&quot;:&quot;13:00:00&quot;,&quot;datetimeEpoch&quot;:1690875000,&quot;temp&quot;:26.7,&quot;feelslike&quot;:29.7,&quot;humidity&quot;:87.76,&quot;dew&quot;:24.5,&quot;precip&quot;:0.0,&quot;precipprob&quot;:66.7,&quot;snow&quot;:0.0,&quot;snowdepth&quot;:0.0,&quot;preciptype&quot;:[&quot;rain&quot;],&quot;windgust&quot;:19.1,&quot;windspeed&quot;:12.4,&quot;winddir&quot;:249.6,&quot;pressure&quot;:999.3,&quot;visibility&quot;:24.1,&quot;cloudcover&quot;:99.5,&quot;solarradiation&quot;:277.0,&quot;solarenergy&quot;:1.0,&quot;uvindex&quot;:3.0,&quot;severerisk&quot;:10.0,&quot;conditions&quot;:&quot;Rain, Overcast&quot;,&quot;icon&quot;:&quot;rain&quot;,&quot;stations&quot;:null,&quot;source&quot;:&quot;fcst&quot;},{&quot;datetime&quot;:&quot;14:00:00&quot;,&quot;datetimeEpoch&quot;:1690878600,&quot;temp&quot;:27.0,&quot;feelslike&quot;:30.4,&quot;humidity&quot;:86.23,&quot;dew&quot;:24.5,&quot;precip&quot;:0.0,&quot;precipprob&quot;:66.7,&quot;snow&quot;:0.0,&quot;snowdepth&quot;:0.0,&quot;preciptype&quot;:[&quot;rain&quot;],&quot;windgust&quot;:20.5,&quot;windspeed&quot;:13.9,&quot;winddir&quot;:241.1,&quot;pressure&quot;:998.7,&quot;visibility&quot;:24.1,&quot;cloudcover&quot;:99.7,&quot;solarradiation&quot;:391.0,&quot;solarenergy&quot;:1.4,&quot;uvindex&quot;:4.0,&quot;severerisk&quot;:10.0,&quot;conditions&quot;:&quot;Rain, Overcast&quot;,&quot;icon&quot;:&quot;rain&quot;,&quot;stations&quot;:null,&quot;source&quot;:&quot;fcst&quot;},{&quot;datetime&quot;:&quot;15:00:00&quot;,&quot;datetimeEpoch&quot;:1690882200,&quot;temp&quot;:27.4,&quot;feelslike&quot;:31.1,&quot;humidity&quot;:84.72,&quot;dew&quot;:24.6,&quot;precip&quot;:1.4,&quot;precipprob&quot;:66.7,&quot;snow&quot;:0.0,&quot;snowdepth&quot;:0.0,&quot;preciptype&quot;:[&quot;rain&quot;],&quot;windgust&quot;:22.0,&quot;windspeed&quot;:15.5,&quot;winddir&quot;:232.6,&quot;pressure&quot;:998.0,&quot;visibility&quot;:24.1,&quot;cloudcover&quot;:100.0,&quot;solarradiation&quot;:505.0,&quot;solarenergy&quot;:1.8,&quot;uvindex&quot;:5.0,&quot;severerisk&quot;:30.0,&quot;conditions&quot;:&quot;Rain, Overcast&quot;,&quot;icon&quot;:&quot;rain&quot;,&quot;stations&quot;:null,&quot;source&quot;:&quot;fcst&quot;},{&quot;datetime&quot;:&quot;16:00:00&quot;,&quot;datetimeEpoch&quot;:1690885800,&quot;temp&quot;:26.7,&quot;feelslike&quot;:29.6,&quot;humidity&quot;:86.02,&quot;dew&quot;:24.2,&quot;precip&quot;:0.0,&quot;precipprob&quot;:66.7,&quot;snow&quot;:0.0,&quot;snowdepth&quot;:0.0,&quot;preciptype&quot;:[&quot;rain&quot;],&quot;windgust&quot;:24.0,&quot;windspeed&quot;:14.3,&quot;winddir&quot;:235.7,&quot;pressure&quot;:998.0,&quot;visibility&quot;:24.1,&quot;cloudcover&quot;:100.0,&quot;solarradiation&quot;:393.0,&quot;solarenergy&quot;:1.4,&quot;uvindex&quot;:4.0,&quot;severerisk&quot;:10.0,&quot;conditions&quot;:&quot;Rain, Overcast&quot;,&quot;icon&quot;:&quot;rain&quot;,&quot;stations&quot;:null,&quot;source&quot;:&quot;fcst&quot;},{&quot;datetime&quot;:&quot;17:00:00&quot;,&quot;datetimeEpoch&quot;:1690889400,&quot;temp&quot;:26.1,&quot;feelslike&quot;:26.1,&quot;humidity&quot;:87.35,&quot;dew&quot;:23.8,&quot;precip&quot;:0.0,&quot;precipprob&quot;:66.7,&quot;snow&quot;:0.0,&quot;snowdepth&quot;:0.0,&quot;preciptype&quot;:[&quot;rain&quot;],&quot;windgust&quot;:26.0,&quot;windspeed&quot;:13.1,&quot;winddir&quot;:238.7,&quot;pressure&quot;:998.0,&quot;visibility&quot;:24.1,&quot;cloudcover&quot;:100.0,&quot;solarradiation&quot;:281.0,&quot;solarenergy&quot;:1.0,&quot;uvindex&quot;:3.0,&quot;severerisk&quot;:3.0,&quot;conditions&quot;:&quot;Rain, Overcast&quot;,&quot;icon&quot;:&quot;rain&quot;,&quot;stations&quot;:null,&quot;source&quot;:&quot;fcst&quot;},{&quot;datetime&quot;:&quot;18:00:00&quot;,&quot;datetimeEpoch&quot;:1690893000,&quot;temp&quot;:25.5,&quot;feelslike&quot;:25.5,&quot;humidity&quot;:88.72,&quot;dew&quot;:23.5,&quot;precip&quot;:0.2,&quot;precipprob&quot;:66.7,&quot;snow&quot;:0.0,&quot;snowdepth&quot;:0.0,&quot;preciptype&quot;:[&quot;rain&quot;],&quot;windgust&quot;:28.1,&quot;windspeed&quot;:11.9,&quot;winddir&quot;:241.8,&quot;pressure&quot;:998.0,&quot;visibility&quot;:24.1,&quot;cloudcover&quot;:100.0,&quot;solarradiation&quot;:169.0,&quot;solarenergy&quot;:0.6,&quot;uvindex&quot;:2.0,&quot;severerisk&quot;:3.0,&quot;conditions&quot;:&quot;Rain, Overcast&quot;,&quot;icon&quot;:&quot;rain&quot;,&quot;stations&quot;:null,&quot;source&quot;:&quot;fcst&quot;},{&quot;datetime&quot;:&quot;19:00:00&quot;,&quot;datetimeEpoch&quot;:1690896600,&quot;temp&quot;:25.2,&quot;feelslike&quot;:25.2,&quot;humidity&quot;:88.69,&quot;dew&quot;:23.2,&quot;precip&quot;:0.0,&quot;precipprob&quot;:57.1,&quot;snow&quot;:0.0,&quot;snowdepth&quot;:0.0,&quot;preciptype&quot;:[&quot;rain&quot;],&quot;windgust&quot;:28.6,&quot;windspeed&quot;:11.5,&quot;winddir&quot;:242.2,&quot;pressure&quot;:999.0,&quot;visibility&quot;:24.1,&quot;cloudcover&quot;:99.9,&quot;solarradiation&quot;:114.3,&quot;solarenergy&quot;:0.4,&quot;uvindex&quot;:0.0,&quot;severerisk&quot;:3.0,&quot;conditions&quot;:&quot;Rain, Overcast&quot;,&quot;icon&quot;:&quot;rain&quot;,&quot;stations&quot;:null,&quot;source&quot;:&quot;fcst&quot;},{&quot;datetime&quot;:&quot;20:00:00&quot;,&quot;datetimeEpoch&quot;:1690900200,&quot;temp&quot;:24.9,&quot;feelslike&quot;:24.9,&quot;humidity&quot;:88.67,&quot;dew&quot;:22.9,&quot;precip&quot;:0.0,&quot;precipprob&quot;:57.1,&quot;snow&quot;:0.0,&quot;snowdepth&quot;:0.0,&quot;preciptype&quot;:[&quot;rain&quot;],&quot;windgust&quot;:29.0,&quot;windspeed&quot;:11.2,&quot;winddir&quot;:242.7,&quot;pressure&quot;:1000.0,&quot;visibility&quot;:24.1,&quot;cloudcover&quot;:99.7,&quot;solarradiation&quot;:59.7,&quot;solarenergy&quot;:0.2,&quot;uvindex&quot;:0.0,&quot;severerisk&quot;:10.0,&quot;conditions&quot;:&quot;Rain, Overcast&quot;,&quot;icon&quot;:&quot;rain&quot;,&quot;stations&quot;:null,&quot;source&quot;:&quot;fcst&quot;},{&quot;datetime&quot;:&quot;21:00:00&quot;,&quot;datetimeEpoch&quot;:1690903800,&quot;temp&quot;:24.6,&quot;feelslike&quot;:24.6,&quot;humidity&quot;:88.64,&quot;dew&quot;:22.6,&quot;precip&quot;:0.0,&quot;precipprob&quot;:57.1,&quot;snow&quot;:0.0,&quot;snowdepth&quot;:0.0,&quot;preciptype&quot;:[&quot;rain&quot;],&quot;windgust&quot;:29.5,&quot;windspeed&quot;:10.8,&quot;winddir&quot;:243.1,&quot;pressure&quot;:1001.0,&quot;visibility&quot;:24.1,&quot;cloudcover&quot;:99.6,&quot;solarradiation&quot;:5.0,&quot;solarenergy&quot;:0.0,&quot;uvindex&quot;:0.0,&quot;severerisk&quot;:10.0,&quot;conditions&quot;:&quot;Rain, Overcast&quot;,&quot;icon&quot;:&quot;rain&quot;,&quot;stations&quot;:null,&quot;source&quot;:&quot;fcst&quot;},{&quot;datetime&quot;:&quot;22:00:00&quot;,&quot;datetimeEpoch&quot;:1690907400,&quot;temp&quot;:24.4,&quot;feelslike&quot;:24.4,&quot;humidity&quot;:88.82,&quot;dew&quot;:22.5,&quot;precip&quot;:0.0,&quot;precipprob&quot;:57.1,&quot;snow&quot;:0.0,&quot;snowdepth&quot;:0.0,&quot;preciptype&quot;:[&quot;rain&quot;],&quot;windgust&quot;:29.2,&quot;windspeed&quot;:10.7,&quot;winddir&quot;:244.8,&quot;pressure&quot;:1000.7,&quot;visibility&quot;:24.1,&quot;cloudcover&quot;:99.7,&quot;solarradiation&quot;:3.3,&quot;solarenergy&quot;:0.0,&quot;uvindex&quot;:0.0,&quot;severerisk&quot;:10.0,&quot;conditions&quot;:&quot;Rain, Overcast&quot;,&quot;icon&quot;:&quot;rain&quot;,&quot;stations&quot;:null,&quot;source&quot;:&quot;fcst&quot;},{&quot;datetime&quot;:&quot;23:00:00&quot;,&quot;datetimeEpoch&quot;:1690911000,&quot;temp&quot;:24.4,&quot;feelslike&quot;:24.4,&quot;humidity&quot;:88.99,&quot;dew&quot;:22.4,&quot;precip&quot;:0.0,&quot;precipprob&quot;:57.1,&quot;snow&quot;:0.0,&quot;snowdepth&quot;:0.0,&quot;preciptype&quot;:[&quot;rain&quot;],&quot;windgust&quot;:28.8,&quot;windspeed&quot;:10.6,&quot;winddir&quot;:246.5,&quot;pressure&quot;:1000.3,&quot;visibility&quot;:24.1,&quot;cloudcover&quot;:99.9,&quot;solarradiation&quot;:1.7,&quot;solarenergy&quot;:0.0,&quot;uvindex&quot;:0.0,&quot;severerisk&quot;:10.0,&quot;conditions&quot;:&quot;Rain, Overcast&quot;,&quot;icon&quot;:&quot;rain&quot;,&quot;stations&quot;:null,&quot;source&quot;:&quot;fcst&quot;}]},{&quot;datetime&quot;:&quot;2023-08-02&quot;,&quot;datetimeEpoch&quot;:1690914600,&quot;tempmax&quot;:28.8,&quot;tempmin&quot;:23.9,&quot;temp&quot;:25.5,&quot;feelslikemax&quot;:32.7,&quot;feelslikemin&quot;:23.9,&quot;feelslike&quot;:26.4,&quot;dew&quot;:22.8,&quot;humidity&quot;:85.2,&quot;precip&quot;:0.5,&quot;precipprob&quot;:61.9,&quot;precipcover&quot;:16.67,&quot;preciptype&quot;:[&quot;rain&quot;],&quot;snow&quot;:0.0,&quot;snowdepth&quot;:0.0,&quot;windgust&quot;:28.4,&quot;windspeed&quot;:15.5,&quot;winddir&quot;:237.4,&quot;pressure&quot;:999.3,&quot;cloudcover&quot;:80.6,&quot;visibility&quot;:24.1,&quot;solarradiation&quot;:185.3,&quot;solarenergy&quot;:16.2,&quot;uvindex&quot;:7.0,&quot;severerisk&quot;:10.0,&quot;sunrise&quot;:&quot;05:21:04&quot;,&quot;sunriseEpoch&quot;:1690933864,&quot;sunset&quot;:&quot;18:29:51&quot;,&quot;sunsetEpoch&quot;:1690981191,&quot;moonphase&quot;:0.5,&quot;conditions&quot;:&quot;Rain, Partially cloudy&quot;,&quot;description&quot;:&quot;Partly cloudy throughout the day with a chance of rain throughout the day.&quot;,&quot;icon&quot;:&quot;rain&quot;,&quot;stations&quot;:null,&quot;source&quot;:&quot;fcst&quot;,&quot;hours&quot;:[{&quot;datetime&quot;:&quot;00:00:00&quot;,&quot;datetimeEpoch&quot;:1690914600,&quot;temp&quot;:24.3,&quot;feelslike&quot;:24.3,&quot;humidity&quot;:89.16,&quot;dew&quot;:22.4,&quot;precip&quot;:0.0,&quot;precipprob&quot;:57.1,&quot;snow&quot;:0.0,&quot;snowdepth&quot;:0.0,&quot;preciptype&quot;:[&quot;rain&quot;],&quot;windgust&quot;:28.4,&quot;windspeed&quot;:10.4,&quot;winddir&quot;:248.2,&quot;pressure&quot;:1000.0,&quot;visibility&quot;:24.1,&quot;cloudcover&quot;:100.0,&quot;solarradiation&quot;:0.0,&quot;solarenergy&quot;:0.0,&quot;uvindex&quot;:0.0,&quot;severerisk&quot;:10.0,&quot;conditions&quot;:&quot;Rain, Overcast&quot;,&quot;icon&quot;:&quot;rain&quot;,&quot;stations&quot;:null,&quot;source&quot;:&quot;fcst&quot;},{&quot;datetime&quot;:&quot;01:00:00&quot;,&quot;datetimeEpoch&quot;:1690918200,&quot;temp&quot;:24.2,&quot;feelslike&quot;:24.2,&quot;humidity&quot;:89.34,&quot;dew&quot;:22.3,&quot;precip&quot;:0.0,&quot;precipprob&quot;:61.9,&quot;snow&quot;:0.0,&quot;snowdepth&quot;:0.0,&quot;preciptype&quot;:[&quot;rain&quot;],&quot;windgust&quot;:27.1,&quot;windspeed&quot;:9.4,&quot;winddir&quot;:248.2,&quot;pressure&quot;:999.7,&quot;visibility&quot;:24.1,&quot;cloudcover&quot;:100.0,&quot;solarradiation&quot;:0.0,&quot;solarenergy&quot;:0.0,&quot;uvindex&quot;:0.0,&quot;severerisk&quot;:10.0,&quot;conditions&quot;:&quot;Rain, Overcast&quot;,&quot;icon&quot;:&quot;rain&quot;,&quot;stations&quot;:null,&quot;source&quot;:&quot;fcst&quot;},{&quot;datetime&quot;:&quot;02:00:00&quot;,&quot;datetimeEpoch&quot;:1690921800,&quot;temp&quot;:24.1,&quot;feelslike&quot;:24.1,&quot;humidity&quot;:89.51,&quot;dew&quot;:22.3,&quot;precip&quot;:0.0,&quot;precipprob&quot;:61.9,&quot;snow&quot;:0.0,&quot;snowdepth&quot;:0.0,&quot;preciptype&quot;:[&quot;rain&quot;],&quot;windgust&quot;:25.8,&quot;windspeed&quot;:8.3,&quot;winddir&quot;:248.1,&quot;pressure&quot;:999.3,&quot;visibility&quot;:24.1,&quot;cloudcover&quot;:100.0,&quot;solarradiation&quot;:0.0,&quot;solarenergy&quot;:0.0,&quot;uvindex&quot;:0.0,&quot;severerisk&quot;:10.0,&quot;conditions&quot;:&quot;Rain, Overcast&quot;,&quot;icon&quot;:&quot;rain&quot;,&quot;stations&quot;:null,&quot;source&quot;:&quot;fcst&quot;},{&quot;datetime&quot;:&quot;03:00:00&quot;,&quot;datetimeEpoch&quot;:1690925400,&quot;temp&quot;:24.1,&quot;feelslike&quot;:24.1,&quot;humidity&quot;:89.69,&quot;dew&quot;:22.3,&quot;precip&quot;:0.1,&quot;precipprob&quot;:61.9,&quot;snow&quot;:0.0,&quot;snowdepth&quot;:0.0,&quot;preciptype&quot;:[&quot;rain&quot;],&quot;windgust&quot;:24.5,&quot;windspeed&quot;:7.2,&quot;winddir&quot;:248.1,&quot;pressure&quot;:999.0,&quot;visibility&quot;:24.1,&quot;cloudcover&quot;:100.0,&quot;solarradiation&quot;:0.0,&quot;solarenergy&quot;:0.0,&quot;uvindex&quot;:0.0,&quot;severerisk&quot;:10.0,&quot;conditions&quot;:&quot;Rain, Overcast&quot;,&quot;icon&quot;:&quot;rain&quot;,&quot;stations&quot;:null,&quot;source&quot;:&quot;fcst&quot;},{&quot;datetime&quot;:&quot;04:00:00&quot;,&quot;datetimeEpoch&quot;:1690929000,&quot;temp&quot;:24.0,&quot;feelslike&quot;:24.0,&quot;humidity&quot;:90.23,&quot;dew&quot;:22.3,&quot;precip&quot;:0.0,&quot;precipprob&quot;:61.9,&quot;snow&quot;:0.0,&quot;snowdepth&quot;:0.0,&quot;preciptype&quot;:[&quot;rain&quot;],&quot;windgust&quot;:23.0,&quot;windspeed&quot;:6.5,&quot;winddir&quot;:247.2,&quot;pressure&quot;:999.0,&quot;visibility&quot;:24.1,&quot;cloudcover&quot;:99.9,&quot;solarradiation&quot;:0.0,&quot;solarenergy&quot;:0.0,&quot;uvindex&quot;:0.0,&quot;severerisk&quot;:10.0,&quot;conditions&quot;:&quot;Rain, Overcast&quot;,&quot;icon&quot;:&quot;rain&quot;,&quot;stations&quot;:null,&quot;source&quot;:&quot;fcst&quot;},{&quot;datetime&quot;:&quot;05:00:00&quot;,&quot;datetimeEpoch&quot;:1690932600,&quot;temp&quot;:23.9,&quot;feelslike&quot;:23.9,&quot;humidity&quot;:90.78,&quot;dew&quot;:22.3,&quot;precip&quot;:0.0,&quot;precipprob&quot;:61.9,&quot;snow&quot;:0.0,&quot;snowdepth&quot;:0.0,&quot;preciptype&quot;:[&quot;rain&quot;],&quot;windgust&quot;:21.6,&quot;windspeed&quot;:5.8,&quot;winddir&quot;:246.3,&quot;pressure&quot;:999.0,&quot;visibility&quot;:24.1,&quot;cloudcover&quot;:99.7,&quot;solarradiation&quot;:0.0,&quot;solarenergy&quot;:0.0,&quot;uvindex&quot;:0.0,&quot;severerisk&quot;:10.0,&quot;conditions&quot;:&quot;Rain, Overcast&quot;,&quot;icon&quot;:&quot;rain&quot;,&quot;stations&quot;:null,&quot;source&quot;:&quot;fcst&quot;},{&quot;datetime&quot;:&quot;06:00:00&quot;,&quot;datetimeEpoch&quot;:1690936200,&quot;temp&quot;:23.9,&quot;feelslike&quot;:23.9,&quot;humidity&quot;:91.33,&quot;dew&quot;:22.4,&quot;precip&quot;:0.0,&quot;precipprob&quot;:61.9,&quot;snow&quot;:0.0,&quot;snowdepth&quot;:0.0,&quot;preciptype&quot;:[&quot;rain&quot;],&quot;windgust&quot;:20.2,&quot;windspeed&quot;:5.0,&quot;winddir&quot;:245.4,&quot;pressure&quot;:999.0,&quot;visibility&quot;:24.1,&quot;cloudcover&quot;:99.6,&quot;solarradiation&quot;:0.0,&quot;solarenergy&quot;:0.0,&quot;uvindex&quot;:0.0,&quot;severerisk&quot;:10.0,&quot;conditions&quot;:&quot;Rain, Overcast&quot;,&quot;icon&quot;:&quot;rain&quot;,&quot;stations&quot;:null,&quot;source&quot;:&quot;fcst&quot;},{&quot;datetime&quot;:&quot;07:00:00&quot;,&quot;datetimeEpoch&quot;:1690939800,&quot;temp&quot;:24.2,&quot;feelslike&quot;:24.2,&quot;humidity&quot;:90.25,&quot;dew&quot;:22.5,&quot;precip&quot;:0.0,&quot;precipprob&quot;:47.6,&quot;snow&quot;:0.0,&quot;snowdepth&quot;:0.0,&quot;preciptype&quot;:[&quot;rain&quot;],&quot;windgust&quot;:18.4,&quot;windspeed&quot;:6.1,&quot;winddir&quot;:245.5,&quot;pressure&quot;:999.7,&quot;visibility&quot;:24.1,&quot;cloudcover&quot;:96.5,&quot;solarradiation&quot;:22.7,&quot;solarenergy&quot;:0.1,&quot;uvindex&quot;:0.0,&quot;severerisk&quot;:10.0,&quot;conditions&quot;:&quot;Rain, Overcast&quot;,&quot;icon&quot;:&quot;rain&quot;,&quot;stations&quot;:null,&quot;source&quot;:&quot;fcst&quot;},{&quot;datetime&quot;:&quot;08:00:00&quot;,&quot;datetimeEpoch&quot;:1690943400,&quot;temp&quot;:24.5,&quot;feelslike&quot;:24.5,&quot;humidity&quot;:89.18,&quot;dew&quot;:22.6,&quot;precip&quot;:0.0,&quot;precipprob&quot;:47.6,&quot;snow&quot;:0.0,&quot;snowdepth&quot;:0.0,&quot;preciptype&quot;:[&quot;rain&quot;],&quot;windgust&quot;:16.6,&quot;windspeed&quot;:7.2,&quot;winddir&quot;:245.7,&quot;pressure&quot;:1000.3,&quot;visibility&quot;:24.1,&quot;cloudcover&quot;:93.3,&quot;solarradiation&quot;:45.3,&quot;solarenergy&quot;:0.1,&quot;uvindex&quot;:0.0,&quot;severerisk&quot;:10.0,&quot;conditions&quot;:&quot;Rain, Overcast&quot;,&quot;icon&quot;:&quot;rain&quot;,&quot;stations&quot;:null,&quot;source&quot;:&quot;fcst&quot;},{&quot;datetime&quot;:&quot;09:00:00&quot;,&quot;datetimeEpoch&quot;:1690947000,&quot;temp&quot;:24.9,&quot;feelslike&quot;:24.9,&quot;humidity&quot;:88.13,&quot;dew&quot;:22.8,&quot;precip&quot;:0.1,&quot;precipprob&quot;:47.6,&quot;snow&quot;:0.0,&quot;snowdepth&quot;:0.0,&quot;preciptype&quot;:[&quot;rain&quot;],&quot;windgust&quot;:14.8,&quot;windspeed&quot;:8.3,&quot;winddir&quot;:245.8,&quot;pressure&quot;:1001.0,&quot;visibility&quot;:24.1,&quot;cloudcover&quot;:90.2,&quot;solarradiation&quot;:68.0,&quot;solarenergy&quot;:0.2,&quot;uvindex&quot;:1.0,&quot;severerisk&quot;:10.0,&quot;conditions&quot;:&quot;Rain, Overcast&quot;,&quot;icon&quot;:&quot;rain&quot;,&quot;stations&quot;:null,&quot;source&quot;:&quot;fcst&quot;},{&quot;datetime&quot;:&quot;10:00:00&quot;,&quot;datetimeEpoch&quot;:1690950600,&quot;temp&quot;:25.8,&quot;feelslike&quot;:25.8,&quot;humidity&quot;:84.39,&quot;dew&quot;:22.9,&quot;precip&quot;:0.0,&quot;precipprob&quot;:47.6,&quot;snow&quot;:0.0,&quot;snowdepth&quot;:0.0,&quot;preciptype&quot;:[&quot;rain&quot;],&quot;windgust&quot;:14.3,&quot;windspeed&quot;:9.6,&quot;winddir&quot;:243.0,&quot;pressure&quot;:1000.7,&quot;visibility&quot;:24.1,&quot;cloudcover&quot;:81.2,&quot;solarradiation&quot;:183.3,&quot;solarenergy&quot;:0.6,&quot;uvindex&quot;:2.0,&quot;severerisk&quot;:10.0,&quot;conditions&quot;:&quot;Rain, Partially cloudy&quot;,&quot;icon&quot;:&quot;rain&quot;,&quot;stations&quot;:null,&quot;source&quot;:&quot;fcst&quot;},{&quot;datetime&quot;:&quot;11:00:00&quot;,&quot;datetimeEpoch&quot;:1690954200,&quot;temp&quot;:26.7,&quot;feelslike&quot;:26.7,&quot;humidity&quot;:80.83,&quot;dew&quot;:23.1,&quot;precip&quot;:0.0,&quot;precipprob&quot;:47.6,&quot;snow&quot;:0.0,&quot;snowdepth&quot;:0.0,&quot;preciptype&quot;:[&quot;rain&quot;],&quot;windgust&quot;:13.8,&quot;windspeed&quot;:10.9,&quot;winddir&quot;:240.2,&quot;pressure&quot;:1000.3,&quot;visibility&quot;:24.1,&quot;cloudcover&quot;:72.2,&quot;solarradiation&quot;:298.7,&quot;solarenergy&quot;:1.1,&quot;uvindex&quot;:3.0,&quot;severerisk&quot;:10.0,&quot;conditions&quot;:&quot;Rain, Partially cloudy&quot;,&quot;icon&quot;:&quot;rain&quot;,&quot;stations&quot;:null,&quot;source&quot;:&quot;fcst&quot;},{&quot;datetime&quot;:&quot;12:00:00&quot;,&quot;datetimeEpoch&quot;:1690957800,&quot;temp&quot;:27.6,&quot;feelslike&quot;:30.7,&quot;humidity&quot;:77.44,&quot;dew&quot;:23.3,&quot;precip&quot;:0.1,&quot;precipprob&quot;:47.6,&quot;snow&quot;:0.0,&quot;snowdepth&quot;:0.0,&quot;preciptype&quot;:[&quot;rain&quot;],&quot;windgust&quot;:13.3,&quot;windspeed&quot;:12.2,&quot;winddir&quot;:237.4,&quot;pressure&quot;:1000.0,&quot;visibility&quot;:24.1,&quot;cloudcover&quot;:63.2,&quot;solarradiation&quot;:414.0,&quot;solarenergy&quot;:1.5,&quot;uvindex&quot;:4.0,&quot;severerisk&quot;:10.0,&quot;conditions&quot;:&quot;Rain, Partially cloudy&quot;,&quot;icon&quot;:&quot;rain&quot;,&quot;stations&quot;:null,&quot;source&quot;:&quot;fcst&quot;},{&quot;datetime&quot;:&quot;13:00:00&quot;,&quot;datetimeEpoch&quot;:1690961400,&quot;temp&quot;:27.9,&quot;feelslike&quot;:31.4,&quot;humidity&quot;:75.81,&quot;dew&quot;:23.3,&quot;precip&quot;:0.0,&quot;precipprob&quot;:57.1,&quot;snow&quot;:0.0,&quot;snowdepth&quot;:0.0,&quot;preciptype&quot;:[&quot;rain&quot;],&quot;windgust&quot;:13.9,&quot;windspeed&quot;:13.3,&quot;winddir&quot;:235.4,&quot;pressure&quot;:999.3,&quot;visibility&quot;:24.1,&quot;cloudcover&quot;:62.2,&quot;solarradiation&quot;:503.7,&quot;solarenergy&quot;:1.8,&quot;uvindex&quot;:5.0,&quot;severerisk&quot;:10.0,&quot;conditions&quot;:&quot;Rain, Partially cloudy&quot;,&quot;icon&quot;:&quot;rain&quot;,&quot;stations&quot;:null,&quot;source&quot;:&quot;fcst&quot;},{&quot;datetime&quot;:&quot;14:00:00&quot;,&quot;datetimeEpoch&quot;:1690965000,&quot;temp&quot;:28.4,&quot;feelslike&quot;:32.0,&quot;humidity&quot;:74.21,&quot;dew&quot;:23.3,&quot;precip&quot;:0.0,&quot;precipprob&quot;:57.1,&quot;snow&quot;:0.0,&quot;snowdepth&quot;:0.0,&quot;preciptype&quot;:[&quot;rain&quot;],&quot;windgust&quot;:14.5,&quot;windspeed&quot;:14.4,&quot;winddir&quot;:233.3,&quot;pressure&quot;:998.7,&quot;visibility&quot;:24.1,&quot;cloudcover&quot;:61.3,&quot;solarradiation&quot;:593.3,&quot;solarenergy&quot;:2.2,&quot;uvindex&quot;:6.0,&quot;severerisk&quot;:10.0,&quot;conditions&quot;:&quot;Rain, Partially cloudy&quot;,&quot;icon&quot;:&quot;rain&quot;,&quot;stations&quot;:null,&quot;source&quot;:&quot;fcst&quot;},{&quot;datetime&quot;:&quot;15:00:00&quot;,&quot;datetimeEpoch&quot;:1690968600,&quot;temp&quot;:28.8,&quot;feelslike&quot;:32.7,&quot;humidity&quot;:72.65,&quot;dew&quot;:23.4,&quot;precip&quot;:0.2,&quot;precipprob&quot;:57.1,&quot;snow&quot;:0.0,&quot;snowdepth&quot;:0.0,&quot;preciptype&quot;:[&quot;rain&quot;],&quot;windgust&quot;:15.1,&quot;windspeed&quot;:15.5,&quot;winddir&quot;:231.3,&quot;pressure&quot;:998.0,&quot;visibility&quot;:24.1,&quot;cloudcover&quot;:60.3,&quot;solarradiation&quot;:683.0,&quot;solarenergy&quot;:2.5,&quot;uvindex&quot;:7.0,&quot;severerisk&quot;:10.0,&quot;conditions&quot;:&quot;Rain, Partially cloudy&quot;,&quot;icon&quot;:&quot;rain&quot;,&quot;stations&quot;:null,&quot;source&quot;:&quot;fcst&quot;},{&quot;datetime&quot;:&quot;16:00:00&quot;,&quot;datetimeEpoch&quot;:1690972200,&quot;temp&quot;:28.0,&quot;feelslike&quot;:31.5,&quot;humidity&quot;:75.82,&quot;dew&quot;:23.4,&quot;precip&quot;:0.0,&quot;precipprob&quot;:57.1,&quot;snow&quot;:0.0,&quot;snowdepth&quot;:0.0,&quot;preciptype&quot;:[&quot;rain&quot;],&quot;windgust&quot;:17.5,&quot;windspeed&quot;:15.0,&quot;winddir&quot;:229.9,&quot;pressure&quot;:998.0,&quot;visibility&quot;:24.1,&quot;cloudcover&quot;:54.0,&quot;solarradiation&quot;:556.3,&quot;solarenergy&quot;:2.0,&quot;uvindex&quot;:6.0,&quot;severerisk&quot;:10.0,&quot;conditions&quot;:&quot;Rain, Partially cloudy&quot;,&quot;icon&quot;:&quot;rain&quot;,&quot;stations&quot;:null,&quot;source&quot;:&quot;fcst&quot;},{&quot;datetime&quot;:&quot;17:00:00&quot;,&quot;datetimeEpoch&quot;:1690975800,&quot;temp&quot;:27.3,&quot;feelslike&quot;:30.3,&quot;humidity&quot;:79.14,&quot;dew&quot;:23.4,&quot;precip&quot;:0.0,&quot;precipprob&quot;:57.1,&quot;snow&quot;:0.0,&quot;snowdepth&quot;:0.0,&quot;preciptype&quot;:[&quot;rain&quot;],&quot;windgust&quot;:19.9,&quot;windspeed&quot;:14.5,&quot;winddir&quot;:228.5,&quot;pressure&quot;:998.0,&quot;visibility&quot;:24.1,&quot;cloudcover&quot;:47.7,&quot;solarradiation&quot;:429.7,&quot;solarenergy&quot;:1.6,&quot;uvindex&quot;:4.0,&quot;severerisk&quot;:10.0,&quot;conditions&quot;:&quot;Rain, Partially cloudy&quot;,&quot;icon&quot;:&quot;rain&quot;,&quot;stations&quot;:null,&quot;source&quot;:&quot;fcst&quot;},{&quot;datetime&quot;:&quot;18:00:00&quot;,&quot;datetimeEpoch&quot;:1690979400,&quot;temp&quot;:26.6,&quot;feelslike&quot;:26.6,&quot;humidity&quot;:82.62,&quot;dew&quot;:23.4,&quot;precip&quot;:0.0,&quot;precipprob&quot;:57.1,&quot;snow&quot;:0.0,&quot;snowdepth&quot;:0.0,&quot;preciptype&quot;:[&quot;rain&quot;],&quot;windgust&quot;:22.3,&quot;windspeed&quot;:14.0,&quot;winddir&quot;:227.1,&quot;pressure&quot;:998.0,&quot;visibility&quot;:24.1,&quot;cloudcover&quot;:41.4,&quot;solarradiation&quot;:303.0,&quot;solarenergy&quot;:1.1,&quot;uvindex&quot;:3.0,&quot;severerisk&quot;:10.0,&quot;conditions&quot;:&quot;Rain, Partially cloudy&quot;,&quot;icon&quot;:&quot;rain&quot;,&quot;stations&quot;:null,&quot;source&quot;:&quot;fcst&quot;},{&quot;datetime&quot;:&quot;19:00:00&quot;,&quot;datetimeEpoch&quot;:1690983000,&quot;temp&quot;:25.8,&quot;feelslike&quot;:25.8,&quot;humidity&quot;:85.08,&quot;dew&quot;:23.1,&quot;precip&quot;:0.0,&quot;precipprob&quot;:47.6,&quot;snow&quot;:0.0,&quot;snowdepth&quot;:0.0,&quot;preciptype&quot;:[&quot;rain&quot;],&quot;windgust&quot;:24.0,&quot;windspeed&quot;:12.4,&quot;winddir&quot;:229.3,&quot;pressure&quot;:998.7,&quot;visibility&quot;:24.1,&quot;cloudcover&quot;:57.5,&quot;solarradiation&quot;:206.7,&quot;solarenergy&quot;:0.8,&quot;uvindex&quot;:0.0,&quot;severerisk&quot;:10.0,&quot;conditions&quot;:&quot;Rain, Partially cloudy&quot;,&quot;icon&quot;:&quot;rain&quot;,&quot;stations&quot;:null,&quot;source&quot;:&quot;fcst&quot;},{&quot;datetime&quot;:&quot;20:00:00&quot;,&quot;datetimeEpoch&quot;:1690986600,&quot;temp&quot;:25.1,&quot;feelslike&quot;:25.1,&quot;humidity&quot;:87.62,&quot;dew&quot;:22.9,&quot;precip&quot;:0.0,&quot;precipprob&quot;:47.6,&quot;snow&quot;:0.0,&quot;snowdepth&quot;:0.0,&quot;preciptype&quot;:[&quot;rain&quot;],&quot;windgust&quot;:25.7,&quot;windspeed&quot;:10.7,&quot;winddir&quot;:231.5,&quot;pressure&quot;:999.3,&quot;visibility&quot;:24.1,&quot;cloudcover&quot;:73.7,&quot;solarradiation&quot;:110.3,&quot;solarenergy&quot;:0.4,&quot;uvindex&quot;:0.0,&quot;severerisk&quot;:10.0,&quot;conditions&quot;:&quot;Rain, Partially cloudy&quot;,&quot;icon&quot;:&quot;rain&quot;,&quot;stations&quot;:null,&quot;source&quot;:&quot;fcst&quot;},{&quot;datetime&quot;:&quot;21:00:00&quot;,&quot;datetimeEpoch&quot;:1690990200,&quot;temp&quot;:24.4,&quot;feelslike&quot;:24.4,&quot;humidity&quot;:90.26,&quot;dew&quot;:22.7,&quot;precip&quot;:0.0,&quot;precipprob&quot;:47.6,&quot;snow&quot;:0.0,&quot;snowdepth&quot;:0.0,&quot;preciptype&quot;:[&quot;rain&quot;],&quot;windgust&quot;:27.4,&quot;windspeed&quot;:9.0,&quot;winddir&quot;:233.7,&quot;pressure&quot;:1000.0,&quot;visibility&quot;:24.1,&quot;cloudcover&quot;:89.8,&quot;solarradiation&quot;:14.0,&quot;solarenergy&quot;:0.1,&quot;uvindex&quot;:0.0,&quot;severerisk&quot;:10.0,&quot;conditions&quot;:&quot;Rain, Partially cloudy&quot;,&quot;icon&quot;:&quot;rain&quot;,&quot;stations&quot;:null,&quot;source&quot;:&quot;fcst&quot;},{&quot;datetime&quot;:&quot;22:00:00&quot;,&quot;datetimeEpoch&quot;:1690993800,&quot;temp&quot;:24.3,&quot;feelslike&quot;:24.3,&quot;humidity&quot;:90.44,&quot;dew&quot;:22.6,&quot;precip&quot;:0.0,&quot;precipprob&quot;:47.6,&quot;snow&quot;:0.0,&quot;snowdepth&quot;:0.0,&quot;preciptype&quot;:[&quot;rain&quot;],&quot;windgust&quot;:27.4,&quot;windspeed&quot;:8.9,&quot;winddir&quot;:234.8,&quot;pressure&quot;:999.7,&quot;visibility&quot;:24.1,&quot;cloudcover&quot;:93.2,&quot;solarradiation&quot;:9.3,&quot;solarenergy&quot;:0.1,&quot;uvindex&quot;:0.0,&quot;severerisk&quot;:10.0,&quot;conditions&quot;:&quot;Rain, Overcast&quot;,&quot;icon&quot;:&quot;rain&quot;,&quot;stations&quot;:null,&quot;source&quot;:&quot;fcst&quot;},{&quot;datetime&quot;:&quot;23:00:00&quot;,&quot;datetimeEpoch&quot;:1690997400,&quot;temp&quot;:24.2,&quot;feelslike&quot;:24.2,&quot;humidity&quot;:90.61,&quot;dew&quot;:22.6,&quot;precip&quot;:0.0,&quot;precipprob&quot;:47.6,&quot;snow&quot;:0.0,&quot;snowdepth&quot;:0.0,&quot;preciptype&quot;:[&quot;rain&quot;],&quot;windgust&quot;:27.4,&quot;windspeed&quot;:8.8,&quot;winddir&quot;:235.9,&quot;pressure&quot;:999.3,&quot;visibility&quot;:24.1,&quot;cloudcover&quot;:96.6,&quot;solarradiation&quot;:4.7,&quot;solarenergy&quot;:0.0,&quot;uvindex&quot;:0.0,&quot;severerisk&quot;:10.0,&quot;conditions&quot;:&quot;Rain, Overcast&quot;,&quot;icon&quot;:&quot;rain&quot;,&quot;stations&quot;:null,&quot;source&quot;:&quot;fcst&quot;}]},{&quot;datetime&quot;:&quot;2023-08-03&quot;,&quot;datetimeEpoch&quot;:1691001000,&quot;tempmax&quot;:32.5,&quot;tempmin&quot;:23.9,&quot;temp&quot;:26.8,&quot;feelslikemax&quot;:38.1,&quot;feelslikemin&quot;:23.9,&quot;feelslike&quot;:28.8,&quot;dew&quot;:23.6,&quot;humidity&quot;:83.4,&quot;precip&quot;:6.7,&quot;precipprob&quot;:61.9,&quot;precipcover&quot;:16.67,&quot;preciptype&quot;:[&quot;rain&quot;],&quot;snow&quot;:0.0,&quot;snowdepth&quot;:0.0,&quot;windgust&quot;:27.4,&quot;windspeed&quot;:8.6,&quot;winddir&quot;:238.5,&quot;pressure&quot;:997.7,&quot;cloudcover&quot;:99.3,&quot;visibility&quot;:22.0,&quot;solarradiation&quot;:186.4,&quot;solarenergy&quot;:16.2,&quot;uvindex&quot;:7.0,&quot;severerisk&quot;:30.0,&quot;sunrise&quot;:&quot;05:21:28&quot;,&quot;sunriseEpoch&quot;:1691020288,&quot;sunset&quot;:&quot;18:29:18&quot;,&quot;sunsetEpoch&quot;:1691067558,&quot;moonphase&quot;:0.55,&quot;conditions&quot;:&quot;Rain, Overcast&quot;,&quot;description&quot;:&quot;Cloudy skies throughout the day with storms possible.&quot;,&quot;icon&quot;:&quot;rain&quot;,&quot;stations&quot;:null,&quot;source&quot;:&quot;fcst&quot;,&quot;hours&quot;:[{&quot;datetime&quot;:&quot;00:00:00&quot;,&quot;datetimeEpoch&quot;:1691001000,&quot;temp&quot;:24.2,&quot;feelslike&quot;:24.2,&quot;humidity&quot;:90.79,&quot;dew&quot;:22.6,&quot;precip&quot;:0.0,&quot;precipprob&quot;:47.6,&quot;snow&quot;:0.0,&quot;snowdepth&quot;:0.0,&quot;preciptype&quot;:[&quot;rain&quot;],&quot;windgust&quot;:27.4,&quot;windspeed&quot;:8.6,&quot;winddir&quot;:237.0,&quot;pressure&quot;:999.0,&quot;visibility&quot;:24.1,&quot;cloudcover&quot;:100.0,&quot;solarradiation&quot;:0.0,&quot;solarenergy&quot;:0.0,&quot;uvindex&quot;:0.0,&quot;severerisk&quot;:10.0,&quot;conditions&quot;:&quot;Rain, Overcast&quot;,&quot;icon&quot;:&quot;rain&quot;,&quot;stations&quot;:null,&quot;source&quot;:&quot;fcst&quot;},{&quot;datetime&quot;:&quot;01:00:00&quot;,&quot;datetimeEpoch&quot;:1691004600,&quot;temp&quot;:24.1,&quot;feelslike&quot;:24.1,&quot;humidity&quot;:90.98,&quot;dew&quot;:22.6,&quot;precip&quot;:0.0,&quot;precipprob&quot;:57.1,&quot;snow&quot;:0.0,&quot;snowdepth&quot;:0.0,&quot;preciptype&quot;:[&quot;rain&quot;],&quot;windgust&quot;:26.5,&quot;windspeed&quot;:8.2,&quot;winddir&quot;:237.0,&quot;pressure&quot;:998.7,&quot;visibility&quot;:24.1,&quot;cloudcover&quot;:100.0,&quot;solarradiation&quot;:0.0,&quot;solarenergy&quot;:0.0,&quot;uvindex&quot;:0.0,&quot;severerisk&quot;:10.0,&quot;conditions&quot;:&quot;Rain, Overcast&quot;,&quot;icon&quot;:&quot;rain&quot;,&quot;stations&quot;:null,&quot;source&quot;:&quot;fcst&quot;},{&quot;datetime&quot;:&quot;02:00:00&quot;,&quot;datetimeEpoch&quot;:1691008200,&quot;temp&quot;:24.1,&quot;feelslike&quot;:24.1,&quot;humidity&quot;:91.16,&quot;dew&quot;:22.6,&quot;precip&quot;:0.0,&quot;precipprob&quot;:57.1,&quot;snow&quot;:0.0,&quot;snowdepth&quot;:0.0,&quot;preciptype&quot;:[&quot;rain&quot;],&quot;windgust&quot;:25.7,&quot;windspeed&quot;:7.7,&quot;winddir&quot;:236.9,&quot;pressure&quot;:998.3,&quot;visibility&quot;:24.1,&quot;cloudcover&quot;:100.0,&quot;solarradiation&quot;:0.0,&quot;solarenergy&quot;:0.0,&quot;uvindex&quot;:0.0,&quot;severerisk&quot;:10.0,&quot;conditions&quot;:&quot;Rain, Overcast&quot;,&quot;icon&quot;:&quot;rain&quot;,&quot;stations&quot;:null,&quot;source&quot;:&quot;fcst&quot;},{&quot;datetime&quot;:&quot;03:00:00&quot;,&quot;datetimeEpoch&quot;:1691011800,&quot;temp&quot;:24.1,&quot;feelslike&quot;:24.1,&quot;humidity&quot;:91.34,&quot;dew&quot;:22.6,&quot;precip&quot;:0.0,&quot;precipprob&quot;:57.1,&quot;snow&quot;:0.0,&quot;snowdepth&quot;:0.0,&quot;preciptype&quot;:[&quot;rain&quot;],&quot;windgust&quot;:24.8,&quot;windspeed&quot;:7.2,&quot;winddir&quot;:236.9,&quot;pressure&quot;:998.0,&quot;visibility&quot;:24.1,&quot;cloudcover&quot;:100.0,&quot;solarradiation&quot;:0.0,&quot;solarenergy&quot;:0.0,&quot;uvindex&quot;:0.0,&quot;severerisk&quot;:10.0,&quot;conditions&quot;:&quot;Rain, Overcast&quot;,&quot;icon&quot;:&quot;rain&quot;,&quot;stations&quot;:null,&quot;source&quot;:&quot;fcst&quot;},{&quot;datetime&quot;:&quot;04:00:00&quot;,&quot;datetimeEpoch&quot;:1691015400,&quot;temp&quot;:24.0,&quot;feelslike&quot;:24.0,&quot;humidity&quot;:91.89,&quot;dew&quot;:22.6,&quot;precip&quot;:0.0,&quot;precipprob&quot;:57.1,&quot;snow&quot;:0.0,&quot;snowdepth&quot;:0.0,&quot;preciptype&quot;:[&quot;rain&quot;],&quot;windgust&quot;:23.6,&quot;windspeed&quot;:6.7,&quot;winddir&quot;:239.5,&quot;pressure&quot;:998.0,&quot;visibility&quot;:24.1,&quot;cloudcover&quot;:100.0,&quot;solarradiation&quot;:0.0,&quot;solarenergy&quot;:0.0,&quot;uvindex&quot;:0.0,&quot;severerisk&quot;:10.0,&quot;conditions&quot;:&quot;Rain, Overcast&quot;,&quot;icon&quot;:&quot;rain&quot;,&quot;stations&quot;:null,&quot;source&quot;:&quot;fcst&quot;},{&quot;datetime&quot;:&quot;05:00:00&quot;,&quot;datetimeEpoch&quot;:1691019000,&quot;temp&quot;:23.9,&quot;feelslike&quot;:23.9,&quot;humidity&quot;:92.45,&quot;dew&quot;:22.6,&quot;precip&quot;:0.0,&quot;precipprob&quot;:57.1,&quot;snow&quot;:0.0,&quot;snowdepth&quot;:0.0,&quot;preciptype&quot;:[&quot;rain&quot;],&quot;windgust&quot;:22.4,&quot;windspeed&quot;:6.2,&quot;winddir&quot;:242.0,&quot;pressure&quot;:998.0,&quot;visibility&quot;:24.1,&quot;cloudcover&quot;:100.0,&quot;solarradiation&quot;:0.0,&quot;solarenergy&quot;:0.0,&quot;uvindex&quot;:0.0,&quot;severerisk&quot;:10.0,&quot;conditions&quot;:&quot;Rain, Overcast&quot;,&quot;icon&quot;:&quot;rain&quot;,&quot;stations&quot;:null,&quot;source&quot;:&quot;fcst&quot;},{&quot;datetime&quot;:&quot;06:00:00&quot;,&quot;datetimeEpoch&quot;:1691022600,&quot;temp&quot;:23.9,&quot;feelslike&quot;:23.9,&quot;humidity&quot;:93.01,&quot;dew&quot;:22.7,&quot;precip&quot;:0.0,&quot;precipprob&quot;:57.1,&quot;snow&quot;:0.0,&quot;snowdepth&quot;:0.0,&quot;preciptype&quot;:[&quot;rain&quot;],&quot;windgust&quot;:21.2,&quot;windspeed&quot;:5.8,&quot;winddir&quot;:244.6,&quot;pressure&quot;:998.0,&quot;visibility&quot;:24.1,&quot;cloudcover&quot;:100.0,&quot;solarradiation&quot;:0.0,&quot;solarenergy&quot;:0.0,&quot;uvindex&quot;:0.0,&quot;severerisk&quot;:10.0,&quot;conditions&quot;:&quot;Rain, Overcast&quot;,&quot;icon&quot;:&quot;rain&quot;,&quot;stations&quot;:null,&quot;source&quot;:&quot;fcst&quot;},{&quot;datetime&quot;:&quot;07:00:00&quot;,&quot;datetimeEpoch&quot;:1691026200,&quot;temp&quot;:24.3,&quot;feelslike&quot;:24.3,&quot;humidity&quot;:91.91,&quot;dew&quot;:22.9,&quot;precip&quot;:0.0,&quot;precipprob&quot;:57.1,&quot;snow&quot;:0.0,&quot;snowdepth&quot;:0.0,&quot;preciptype&quot;:[&quot;rain&quot;],&quot;windgust&quot;:17.3,&quot;windspeed&quot;:5.5,&quot;winddir&quot;:245.0,&quot;pressure&quot;:998.7,&quot;visibility&quot;:24.1,&quot;cloudcover&quot;:100.0,&quot;solarradiation&quot;:17.7,&quot;solarenergy&quot;:0.1,&quot;uvindex&quot;:0.0,&quot;severerisk&quot;:10.0,&quot;conditions&quot;:&quot;Rain, Overcast&quot;,&quot;icon&quot;:&quot;rain&quot;,&quot;stations&quot;:null,&quot;source&quot;:&quot;fcst&quot;},{&quot;datetime&quot;:&quot;08:00:00&quot;,&quot;datetimeEpoch&quot;:1691029800,&quot;temp&quot;:24.7,&quot;feelslike&quot;:24.7,&quot;humidity&quot;:90.83,&quot;dew&quot;:23.1,&quot;precip&quot;:0.0,&quot;precipprob&quot;:57.1,&quot;snow&quot;:0.0,&quot;snowdepth&quot;:0.0,&quot;preciptype&quot;:[&quot;rain&quot;],&quot;windgust&quot;:13.3,&quot;windspeed&quot;:5.3,&quot;winddir&quot;:245.3,&quot;pressure&quot;:999.3,&quot;visibility&quot;:24.1,&quot;cloudcover&quot;:100.0,&quot;solarradiation&quot;:35.3,&quot;solarenergy&quot;:0.1,&quot;uvindex&quot;:0.0,&quot;severerisk&quot;:10.0,&quot;conditions&quot;:&quot;Rain, Overcast&quot;,&quot;icon&quot;:&quot;rain&quot;,&quot;stations&quot;:null,&quot;source&quot;:&quot;fcst&quot;},{&quot;datetime&quot;:&quot;09:00:00&quot;,&quot;datetimeEpoch&quot;:1691033400,&quot;temp&quot;:25.1,&quot;feelslike&quot;:25.1,&quot;humidity&quot;:89.76,&quot;dew&quot;:23.3,&quot;precip&quot;:0.0,&quot;precipprob&quot;:57.1,&quot;snow&quot;:0.0,&quot;snowdepth&quot;:0.0,&quot;preciptype&quot;:[&quot;rain&quot;],&quot;windgust&quot;:9.4,&quot;windspeed&quot;:5.0,&quot;winddir&quot;:245.7,&quot;pressure&quot;:1000.0,&quot;visibility&quot;:24.1,&quot;cloudcover&quot;:100.0,&quot;solarradiation&quot;:53.0,&quot;solarenergy&quot;:0.2,&quot;uvindex&quot;:1.0,&quot;severerisk&quot;:10.0,&quot;conditions&quot;:&quot;Rain, Overcast&quot;,&quot;icon&quot;:&quot;rain&quot;,&quot;stations&quot;:null,&quot;source&quot;:&quot;fcst&quot;},{&quot;datetime&quot;:&quot;10:00:00&quot;,&quot;datetimeEpoch&quot;:1691037000,&quot;temp&quot;:26.4,&quot;feelslike&quot;:26.4,&quot;humidity&quot;:83.78,&quot;dew&quot;:23.5,&quot;precip&quot;:0.0,&quot;precipprob&quot;:57.1,&quot;snow&quot;:0.0,&quot;snowdepth&quot;:0.0,&quot;preciptype&quot;:[&quot;rain&quot;],&quot;windgust&quot;:7.4,&quot;windspeed&quot;:5.2,&quot;winddir&quot;:240.0,&quot;pressure&quot;:999.3,&quot;visibility&quot;:24.1,&quot;cloudcover&quot;:99.8,&quot;solarradiation&quot;:162.3,&quot;solarenergy&quot;:0.6,&quot;uvindex&quot;:2.0,&quot;severerisk&quot;:10.0,&quot;conditions&quot;:&quot;Rain, Overcast&quot;,&quot;icon&quot;:&quot;rain&quot;,&quot;stations&quot;:null,&quot;source&quot;:&quot;fcst&quot;},{&quot;datetime&quot;:&quot;11:00:00&quot;,&quot;datetimeEpoch&quot;:1691040600,&quot;temp&quot;:27.9,&quot;feelslike&quot;:31.5,&quot;humidity&quot;:78.27,&quot;dew&quot;:23.7,&quot;precip&quot;:0.0,&quot;precipprob&quot;:57.1,&quot;snow&quot;:0.0,&quot;snowdepth&quot;:0.0,&quot;preciptype&quot;:[&quot;rain&quot;],&quot;windgust&quot;:5.5,&quot;windspeed&quot;:5.3,&quot;winddir&quot;:234.4,&quot;pressure&quot;:998.7,&quot;visibility&quot;:24.1,&quot;cloudcover&quot;:99.5,&quot;solarradiation&quot;:271.7,&quot;solarenergy&quot;:1.0,&quot;uvindex&quot;:3.0,&quot;severerisk&quot;:10.0,&quot;conditions&quot;:&quot;Rain, Overcast&quot;,&quot;icon&quot;:&quot;rain&quot;,&quot;stations&quot;:null,&quot;source&quot;:&quot;fcst&quot;},{&quot;datetime&quot;:&quot;12:00:00&quot;,&quot;datetimeEpoch&quot;:1691044200,&quot;temp&quot;:29.3,&quot;feelslike&quot;:33.9,&quot;humidity&quot;:73.18,&quot;dew&quot;:24.0,&quot;precip&quot;:0.2,&quot;precipprob&quot;:57.1,&quot;snow&quot;:0.0,&quot;snowdepth&quot;:0.0,&quot;preciptype&quot;:[&quot;rain&quot;],&quot;windgust&quot;:3.6,&quot;windspeed&quot;:5.4,&quot;winddir&quot;:228.7,&quot;pressure&quot;:998.0,&quot;visibility&quot;:24.1,&quot;cloudcover&quot;:99.3,&quot;solarradiation&quot;:381.0,&quot;solarenergy&quot;:1.4,&quot;uvindex&quot;:4.0,&quot;severerisk&quot;:10.0,&quot;conditions&quot;:&quot;Rain, Overcast&quot;,&quot;icon&quot;:&quot;rain&quot;,&quot;stations&quot;:null,&quot;source&quot;:&quot;fcst&quot;},{&quot;datetime&quot;:&quot;13:00:00&quot;,&quot;datetimeEpoch&quot;:1691047800,&quot;temp&quot;:30.3,&quot;feelslike&quot;:35.4,&quot;humidity&quot;:68.41,&quot;dew&quot;:23.9,&quot;precip&quot;:0.0,&quot;precipprob&quot;:61.9,&quot;snow&quot;:0.0,&quot;snowdepth&quot;:0.0,&quot;preciptype&quot;:[&quot;rain&quot;],&quot;windgust&quot;:4.2,&quot;windspeed&quot;:4.7,&quot;winddir&quot;:234.9,&quot;pressure&quot;:997.0,&quot;visibility&quot;:24.1,&quot;cloudcover&quot;:98.5,&quot;solarradiation&quot;:485.7,&quot;solarenergy&quot;:1.8,&quot;uvindex&quot;:5.0,&quot;severerisk&quot;:10.0,&quot;conditions&quot;:&quot;Rain, Overcast&quot;,&quot;icon&quot;:&quot;rain&quot;,&quot;stations&quot;:null,&quot;source&quot;:&quot;fcst&quot;},{&quot;datetime&quot;:&quot;14:00:00&quot;,&quot;datetimeEpoch&quot;:1691051400,&quot;temp&quot;:31.4,&quot;feelslike&quot;:36.8,&quot;humidity&quot;:63.98,&quot;dew&quot;:23.8,&quot;precip&quot;:0.0,&quot;precipprob&quot;:61.9,&quot;snow&quot;:0.0,&quot;snowdepth&quot;:0.0,&quot;preciptype&quot;:[&quot;rain&quot;],&quot;windgust&quot;:4.8,&quot;windspeed&quot;:4.0,&quot;winddir&quot;:241.2,&quot;pressure&quot;:996.0,&quot;visibility&quot;:24.1,&quot;cloudcover&quot;:97.8,&quot;solarradiation&quot;:590.3,&quot;solarenergy&quot;:2.1,&quot;uvindex&quot;:6.0,&quot;severerisk&quot;:10.0,&quot;conditions&quot;:&quot;Rain, Overcast&quot;,&quot;icon&quot;:&quot;rain&quot;,&quot;stations&quot;:null,&quot;source&quot;:&quot;fcst&quot;},{&quot;datetime&quot;:&quot;15:00:00&quot;,&quot;datetimeEpoch&quot;:1691055000,&quot;temp&quot;:32.5,&quot;feelslike&quot;:38.1,&quot;humidity&quot;:59.87,&quot;dew&quot;:23.7,&quot;precip&quot;:0.1,&quot;precipprob&quot;:61.9,&quot;snow&quot;:0.0,&quot;snowdepth&quot;:0.0,&quot;preciptype&quot;:[&quot;rain&quot;],&quot;windgust&quot;:5.4,&quot;windspeed&quot;:3.2,&quot;winddir&quot;:247.4,&quot;pressure&quot;:995.0,&quot;visibility&quot;:24.1,&quot;cloudcover&quot;:97.0,&quot;solarradiation&quot;:695.0,&quot;solarenergy&quot;:2.5,&quot;uvindex&quot;:7.0,&quot;severerisk&quot;:30.0,&quot;conditions&quot;:&quot;Rain, Overcast&quot;,&quot;icon&quot;:&quot;rain&quot;,&quot;stations&quot;:null,&quot;source&quot;:&quot;fcst&quot;},{&quot;datetime&quot;:&quot;16:00:00&quot;,&quot;datetimeEpoch&quot;:1691058600,&quot;temp&quot;:31.4,&quot;feelslike&quot;:37.3,&quot;humidity&quot;:65.41,&quot;dew&quot;:24.2,&quot;precip&quot;:0.0,&quot;precipprob&quot;:61.9,&quot;snow&quot;:0.0,&quot;snowdepth&quot;:0.0,&quot;preciptype&quot;:[&quot;rain&quot;],&quot;windgust&quot;:5.4,&quot;windspeed&quot;:3.1,&quot;winddir&quot;:244.6,&quot;pressure&quot;:995.3,&quot;visibility&quot;:18.5,&quot;cloudcover&quot;:97.5,&quot;solarradiation&quot;:580.7,&quot;solarenergy&quot;:2.1,&quot;uvindex&quot;:6.0,&quot;severerisk&quot;:30.0,&quot;conditions&quot;:&quot;Rain, Overcast&quot;,&quot;icon&quot;:&quot;rain&quot;,&quot;stations&quot;:null,&quot;source&quot;:&quot;fcst&quot;},{&quot;datetime&quot;:&quot;17:00:00&quot;,&quot;datetimeEpoch&quot;:1691062200,&quot;temp&quot;:30.4,&quot;feelslike&quot;:36.4,&quot;humidity&quot;:71.5,&quot;dew&quot;:24.7,&quot;precip&quot;:0.0,&quot;precipprob&quot;:61.9,&quot;snow&quot;:0.0,&quot;snowdepth&quot;:0.0,&quot;preciptype&quot;:[&quot;rain&quot;],&quot;windgust&quot;:5.4,&quot;windspeed&quot;:3.0,&quot;winddir&quot;:241.7,&quot;pressure&quot;:995.7,&quot;visibility&quot;:13.0,&quot;cloudcover&quot;:97.9,&quot;solarradiation&quot;:466.3,&quot;solarenergy&quot;:1.7,&quot;uvindex&quot;:5.0,&quot;severerisk&quot;:30.0,&quot;conditions&quot;:&quot;Rain, Overcast&quot;,&quot;icon&quot;:&quot;rain&quot;,&quot;stations&quot;:null,&quot;source&quot;:&quot;fcst&quot;},{&quot;datetime&quot;:&quot;18:00:00&quot;,&quot;datetimeEpoch&quot;:1691065800,&quot;temp&quot;:29.4,&quot;feelslike&quot;:35.3,&quot;humidity&quot;:78.17,&quot;dew&quot;:25.2,&quot;precip&quot;:1.9,&quot;precipprob&quot;:61.9,&quot;snow&quot;:0.0,&quot;snowdepth&quot;:0.0,&quot;preciptype&quot;:[&quot;rain&quot;],&quot;windgust&quot;:5.4,&quot;windspeed&quot;:2.9,&quot;winddir&quot;:238.9,&quot;pressure&quot;:996.0,&quot;visibility&quot;:7.4,&quot;cloudcover&quot;:98.4,&quot;solarradiation&quot;:352.0,&quot;solarenergy&quot;:1.3,&quot;uvindex&quot;:4.0,&quot;severerisk&quot;:30.0,&quot;conditions&quot;:&quot;Rain, Overcast&quot;,&quot;icon&quot;:&quot;rain&quot;,&quot;stations&quot;:null,&quot;source&quot;:&quot;fcst&quot;},{&quot;datetime&quot;:&quot;19:00:00&quot;,&quot;datetimeEpoch&quot;:1691069400,&quot;temp&quot;:28.1,&quot;feelslike&quot;:32.7,&quot;humidity&quot;:82.31,&quot;dew&quot;:24.8,&quot;precip&quot;:0.0,&quot;precipprob&quot;:61.9,&quot;snow&quot;:0.0,&quot;snowdepth&quot;:0.0,&quot;preciptype&quot;:[&quot;rain&quot;],&quot;windgust&quot;:4.8,&quot;windspeed&quot;:3.2,&quot;winddir&quot;:233.4,&quot;pressure&quot;:996.7,&quot;visibility&quot;:12.9,&quot;cloudcover&quot;:98.9,&quot;solarradiation&quot;:238.0,&quot;solarenergy&quot;:0.9,&quot;uvindex&quot;:0.0,&quot;severerisk&quot;:30.0,&quot;conditions&quot;:&quot;Rain, Overcast&quot;,&quot;icon&quot;:&quot;rain&quot;,&quot;stations&quot;:null,&quot;source&quot;:&quot;fcst&quot;},{&quot;datetime&quot;:&quot;20:00:00&quot;,&quot;datetimeEpoch&quot;:1691073000,&quot;temp&quot;:26.8,&quot;feelslike&quot;:29.9,&quot;humidity&quot;:86.72,&quot;dew&quot;:24.4,&quot;precip&quot;:0.0,&quot;precipprob&quot;:61.9,&quot;snow&quot;:0.0,&quot;snowdepth&quot;:0.0,&quot;preciptype&quot;:[&quot;rain&quot;],&quot;windgust&quot;:4.2,&quot;windspeed&quot;:3.6,&quot;winddir&quot;:227.9,&quot;pressure&quot;:997.3,&quot;visibility&quot;:18.3,&quot;cloudcover&quot;:99.5,&quot;solarradiation&quot;:124.0,&quot;solarenergy&quot;:0.4,&quot;uvindex&quot;:0.0,&quot;severerisk&quot;:10.0,&quot;conditions&quot;:&quot;Rain, Overcast&quot;,&quot;icon&quot;:&quot;rain&quot;,&quot;stations&quot;:null,&quot;source&quot;:&quot;fcst&quot;},{&quot;datetime&quot;:&quot;21:00:00&quot;,&quot;datetimeEpoch&quot;:1691076600,&quot;temp&quot;:25.6,&quot;feelslike&quot;:25.6,&quot;humidity&quot;:91.43,&quot;dew&quot;:24.1,&quot;precip&quot;:4.5,&quot;precipprob&quot;:61.9,&quot;snow&quot;:0.0,&quot;snowdepth&quot;:0.0,&quot;preciptype&quot;:[&quot;rain&quot;],&quot;windgust&quot;:3.6,&quot;windspeed&quot;:4.0,&quot;winddir&quot;:222.4,&quot;pressure&quot;:998.0,&quot;visibility&quot;:23.8,&quot;cloudcover&quot;:100.0,&quot;solarradiation&quot;:10.0,&quot;solarenergy&quot;:0.0,&quot;uvindex&quot;:0.0,&quot;severerisk&quot;:10.0,&quot;conditions&quot;:&quot;Rain, Overcast&quot;,&quot;icon&quot;:&quot;rain&quot;,&quot;stations&quot;:null,&quot;source&quot;:&quot;fcst&quot;},{&quot;datetime&quot;:&quot;22:00:00&quot;,&quot;datetimeEpoch&quot;:1691080200,&quot;temp&quot;:25.4,&quot;feelslike&quot;:25.4,&quot;humidity&quot;:92.34,&quot;dew&quot;:24.0,&quot;precip&quot;:0.0,&quot;precipprob&quot;:61.9,&quot;snow&quot;:0.0,&quot;snowdepth&quot;:0.0,&quot;preciptype&quot;:[&quot;rain&quot;],&quot;windgust&quot;:3.8,&quot;windspeed&quot;:4.1,&quot;winddir&quot;:233.6,&quot;pressure&quot;:998.0,&quot;visibility&quot;:23.9,&quot;cloudcover&quot;:100.0,&quot;solarradiation&quot;:6.7,&quot;solarenergy&quot;:0.0,&quot;uvindex&quot;:0.0,&quot;severerisk&quot;:10.0,&quot;conditions&quot;:&quot;Rain, Overcast&quot;,&quot;icon&quot;:&quot;rain&quot;,&quot;stations&quot;:null,&quot;source&quot;:&quot;fcst&quot;},{&quot;datetime&quot;:&quot;23:00:00&quot;,&quot;datetimeEpoch&quot;:1691083800,&quot;temp&quot;:25.2,&quot;feelslike&quot;:25.2,&quot;humidity&quot;:93.26,&quot;dew&quot;:24.0,&quot;precip&quot;:0.0,&quot;precipprob&quot;:61.9,&quot;snow&quot;:0.0,&quot;snowdepth&quot;:0.0,&quot;preciptype&quot;:[&quot;rain&quot;],&quot;windgust&quot;:4.1,&quot;windspeed&quot;:4.2,&quot;winddir&quot;:244.7,&quot;pressure&quot;:998.0,&quot;visibility&quot;:24.0,&quot;cloudcover&quot;:100.0,&quot;solarradiation&quot;:3.3,&quot;solarenergy&quot;:0.0,&quot;uvindex&quot;:0.0,&quot;severerisk&quot;:10.0,&quot;conditions&quot;:&quot;Rain, Overcast&quot;,&quot;icon&quot;:&quot;rain&quot;,&quot;stations&quot;:null,&quot;source&quot;:&quot;fcst&quot;}]},{&quot;datetime&quot;:&quot;2023-08-04&quot;,&quot;datetimeEpoch&quot;:1691087400,&quot;tempmax&quot;:32.5,&quot;tempmin&quot;:24.2,&quot;temp&quot;:28.0,&quot;feelslikemax&quot;:37.6,&quot;feelslikemin&quot;:24.2,&quot;feelslike&quot;:30.5,&quot;dew&quot;:23.8,&quot;humidity&quot;:79.6,&quot;precip&quot;:1.3,&quot;precipprob&quot;:81.0,&quot;precipcover&quot;:12.5,&quot;preciptype&quot;:[&quot;rain&quot;],&quot;snow&quot;:0.0,&quot;snowdepth&quot;:0.0,&quot;windgust&quot;:22.7,&quot;windspeed&quot;:14.0,&quot;winddir&quot;:84.1,&quot;pressure&quot;:996.9,&quot;cloudcover&quot;:71.9,&quot;visibility&quot;:23.1,&quot;solarradiation&quot;:262.6,&quot;solarenergy&quot;:23.1,&quot;uvindex&quot;:8.0,&quot;severerisk&quot;:30.0,&quot;sunrise&quot;:&quot;05:21:52&quot;,&quot;sunriseEpoch&quot;:1691106712,&quot;sunset&quot;:&quot;18:28:43&quot;,&quot;sunsetEpoch&quot;:1691153923,&quot;moonphase&quot;:0.59,&quot;conditions&quot;:&quot;Rain, Partially cloudy&quot;,&quot;description&quot;:&quot;Partly cloudy throughout the day with storms possible.&quot;,&quot;icon&quot;:&quot;rain&quot;,&quot;stations&quot;:null,&quot;source&quot;:&quot;fcst&quot;,&quot;hours&quot;:[{&quot;datetime&quot;:&quot;00:00:00&quot;,&quot;datetimeEpoch&quot;:1691087400,&quot;temp&quot;:25.0,&quot;feelslike&quot;:25.0,&quot;humidity&quot;:94.19,&quot;dew&quot;:24.0,&quot;precip&quot;:0.0,&quot;precipprob&quot;:61.9,&quot;snow&quot;:0.0,&quot;snowdepth&quot;:0.0,&quot;preciptype&quot;:[&quot;rain&quot;],&quot;windgust&quot;:4.3,&quot;windspeed&quot;:4.3,&quot;winddir&quot;:255.9,&quot;pressure&quot;:998.0,&quot;visibility&quot;:24.1,&quot;cloudcover&quot;:100.0,&quot;solarradiation&quot;:0.0,&quot;solarenergy&quot;:0.0,&quot;uvindex&quot;:0.0,&quot;severerisk&quot;:10.0,&quot;conditions&quot;:&quot;Rain, Overcast&quot;,&quot;icon&quot;:&quot;rain&quot;,&quot;stations&quot;:null,&quot;source&quot;:&quot;fcst&quot;},{&quot;datetime&quot;:&quot;01:00:00&quot;,&quot;datetimeEpoch&quot;:1691091000,&quot;temp&quot;:24.9,&quot;feelslike&quot;:24.9,&quot;humidity&quot;:94.94,&quot;dew&quot;:24.0,&quot;precip&quot;:0.0,&quot;precipprob&quot;:61.9,&quot;snow&quot;:0.0,&quot;snowdepth&quot;:0.0,&quot;preciptype&quot;:[&quot;rain&quot;],&quot;windgust&quot;:3.8,&quot;windspeed&quot;:3.8,&quot;winddir&quot;:257.3,&quot;pressure&quot;:997.3,&quot;visibility&quot;:24.1,&quot;cloudcover&quot;:82.5,&quot;solarradiation&quot;:0.0,&quot;solarenergy&quot;:0.0,&quot;uvindex&quot;:0.0,&quot;severerisk&quot;:10.0,&quot;conditions&quot;:&quot;Rain, Partially cloudy&quot;,&quot;icon&quot;:&quot;rain&quot;,&quot;stations&quot;:null,&quot;source&quot;:&quot;fcst&quot;},{&quot;datetime&quot;:&quot;02:00:00&quot;,&quot;datetimeEpoch&quot;:1691094600,&quot;temp&quot;:24.8,&quot;feelslike&quot;:24.8,&quot;humidity&quot;:95.7,&quot;dew&quot;:24.0,&quot;precip&quot;:0.0,&quot;precipprob&quot;:61.9,&quot;snow&quot;:0.0,&quot;snowdepth&quot;:0.0,&quot;preciptype&quot;:[&quot;rain&quot;],&quot;windgust&quot;:3.4,&quot;windspeed&quot;:3.4,&quot;winddir&quot;:258.7,&quot;pressure&quot;:996.7,&quot;visibility&quot;:24.1,&quot;cloudcover&quot;:64.9,&quot;solarradiation&quot;:0.0,&quot;solarenergy&quot;:0.0,&quot;uvindex&quot;:0.0,&quot;severerisk&quot;:10.0,&quot;conditions&quot;:&quot;Rain, Partially cloudy&quot;,&quot;icon&quot;:&quot;rain&quot;,&quot;stations&quot;:null,&quot;source&quot;:&quot;fcst&quot;},{&quot;datetime&quot;:&quot;03:00:00&quot;,&quot;datetimeEpoch&quot;:1691098200,&quot;temp&quot;:24.7,&quot;feelslike&quot;:24.7,&quot;humidity&quot;:96.47,&quot;dew&quot;:24.1,&quot;precip&quot;:0.0,&quot;precipprob&quot;:61.9,&quot;snow&quot;:0.0,&quot;snowdepth&quot;:0.0,&quot;preciptype&quot;:[&quot;rain&quot;],&quot;windgust&quot;:2.9,&quot;windspeed&quot;:2.9,&quot;winddir&quot;:260.1,&quot;pressure&quot;:996.0,&quot;visibility&quot;:24.1,&quot;cloudcover&quot;:47.4,&quot;solarradiation&quot;:0.0,&quot;solarenergy&quot;:0.0,&quot;uvindex&quot;:0.0,&quot;severerisk&quot;:10.0,&quot;conditions&quot;:&quot;Rain, Partially cloudy&quot;,&quot;icon&quot;:&quot;rain&quot;,&quot;stations&quot;:null,&quot;source&quot;:&quot;fcst&quot;},{&quot;datetime&quot;:&quot;04:00:00&quot;,&quot;datetimeEpoch&quot;:1691101800,&quot;temp&quot;:24.5,&quot;feelslike&quot;:24.5,&quot;humidity&quot;:96.85,&quot;dew&quot;:23.9,&quot;precip&quot;:0.0,&quot;precipprob&quot;:61.9,&quot;snow&quot;:0.0,&quot;snowdepth&quot;:0.0,&quot;preciptype&quot;:[&quot;rain&quot;],&quot;windgust&quot;:2.6,&quot;windspeed&quot;:2.5,&quot;winddir&quot;:260.1,&quot;pressure&quot;:996.3,&quot;visibility&quot;:24.1,&quot;cloudcover&quot;:64.8,&quot;solarradiation&quot;:0.0,&quot;solarenergy&quot;:0.0,&quot;uvindex&quot;:0.0,&quot;severerisk&quot;:10.0,&quot;conditions&quot;:&quot;Rain, Partially cloudy&quot;,&quot;icon&quot;:&quot;rain&quot;,&quot;stations&quot;:null,&quot;source&quot;:&quot;fcst&quot;},{&quot;datetime&quot;:&quot;05:00:00&quot;,&quot;datetimeEpoch&quot;:1691105400,&quot;temp&quot;:24.3,&quot;feelslike&quot;:24.3,&quot;humidity&quot;:97.24,&quot;dew&quot;:23.9,&quot;precip&quot;:0.0,&quot;precipprob&quot;:61.9,&quot;snow&quot;:0.0,&quot;snowdepth&quot;:0.0,&quot;preciptype&quot;:[&quot;rain&quot;],&quot;windgust&quot;:2.4,&quot;windspeed&quot;:2.2,&quot;winddir&quot;:260.0,&quot;pressure&quot;:996.7,&quot;visibility&quot;:24.1,&quot;cloudcover&quot;:82.2,&quot;solarradiation&quot;:0.0,&quot;solarenergy&quot;:0.0,&quot;uvindex&quot;:0.0,&quot;severerisk&quot;:10.0,&quot;conditions&quot;:&quot;Rain, Partially cloudy&quot;,&quot;icon&quot;:&quot;rain&quot;,&quot;stations&quot;:null,&quot;source&quot;:&quot;fcst&quot;},{&quot;datetime&quot;:&quot;06:00:00&quot;,&quot;datetimeEpoch&quot;:1691109000,&quot;temp&quot;:24.2,&quot;feelslike&quot;:24.2,&quot;humidity&quot;:97.62,&quot;dew&quot;:23.8,&quot;precip&quot;:0.0,&quot;precipprob&quot;:61.9,&quot;snow&quot;:0.0,&quot;snowdepth&quot;:0.0,&quot;preciptype&quot;:[&quot;rain&quot;],&quot;windgust&quot;:2.2,&quot;windspeed&quot;:1.8,&quot;winddir&quot;:260.0,&quot;pressure&quot;:997.0,&quot;visibility&quot;:24.1,&quot;cloudcover&quot;:99.6,&quot;solarradiation&quot;:0.0,&quot;solarenergy&quot;:0.0,&quot;uvindex&quot;:0.0,&quot;severerisk&quot;:10.0,&quot;conditions&quot;:&quot;Rain, Overcast&quot;,&quot;icon&quot;:&quot;rain&quot;,&quot;stations&quot;:null,&quot;source&quot;:&quot;fcst&quot;},{&quot;datetime&quot;:&quot;07:00:00&quot;,&quot;datetimeEpoch&quot;:1691112600,&quot;temp&quot;:25.6,&quot;feelslike&quot;:25.6,&quot;humidity&quot;:90.53,&quot;dew&quot;:23.9,&quot;precip&quot;:0.0,&quot;precipprob&quot;:71.4,&quot;snow&quot;:0.0,&quot;snowdepth&quot;:0.0,&quot;preciptype&quot;:[&quot;rain&quot;],&quot;windgust&quot;:5.8,&quot;windspeed&quot;:3.6,&quot;winddir&quot;:200.1,&quot;pressure&quot;:997.3,&quot;visibility&quot;:21.4,&quot;cloudcover&quot;:78.2,&quot;solarradiation&quot;:89.0,&quot;solarenergy&quot;:0.3,&quot;uvindex&quot;:1.0,&quot;severerisk&quot;:10.0,&quot;conditions&quot;:&quot;Rain, Partially cloudy&quot;,&quot;icon&quot;:&quot;rain&quot;,&quot;stations&quot;:null,&quot;source&quot;:&quot;fcst&quot;},{&quot;datetime&quot;:&quot;08:00:00&quot;,&quot;datetimeEpoch&quot;:1691116200,&quot;temp&quot;:27.1,&quot;feelslike&quot;:30.3,&quot;humidity&quot;:84.02,&quot;dew&quot;:24.2,&quot;precip&quot;:0.0,&quot;precipprob&quot;:71.4,&quot;snow&quot;:0.0,&quot;snowdepth&quot;:0.0,&quot;preciptype&quot;:[&quot;rain&quot;],&quot;windgust&quot;:9.4,&quot;windspeed&quot;:5.4,&quot;winddir&quot;:140.2,&quot;pressure&quot;:997.7,&quot;visibility&quot;:18.8,&quot;cloudcover&quot;:56.8,&quot;solarradiation&quot;:178.0,&quot;solarenergy&quot;:0.7,&quot;uvindex&quot;:2.0,&quot;severerisk&quot;:10.0,&quot;conditions&quot;:&quot;Rain, Partially cloudy&quot;,&quot;icon&quot;:&quot;rain&quot;,&quot;stations&quot;:null,&quot;source&quot;:&quot;fcst&quot;},{&quot;datetime&quot;:&quot;09:00:00&quot;,&quot;datetimeEpoch&quot;:1691119800,&quot;temp&quot;:28.6,&quot;feelslike&quot;:33.2,&quot;humidity&quot;:78.06,&quot;dew&quot;:24.4,&quot;precip&quot;:0.3,&quot;precipprob&quot;:71.4,&quot;snow&quot;:0.0,&quot;snowdepth&quot;:0.0,&quot;preciptype&quot;:[&quot;rain&quot;],&quot;windgust&quot;:13.0,&quot;windspeed&quot;:7.2,&quot;winddir&quot;:80.3,&quot;pressure&quot;:998.0,&quot;visibility&quot;:16.1,&quot;cloudcover&quot;:35.4,&quot;solarradiation&quot;:267.0,&quot;solarenergy&quot;:1.0,&quot;uvindex&quot;:3.0,&quot;severerisk&quot;:30.0,&quot;conditions&quot;:&quot;Rain, Partially cloudy&quot;,&quot;icon&quot;:&quot;rain&quot;,&quot;stations&quot;:null,&quot;source&quot;:&quot;fcst&quot;},{&quot;datetime&quot;:&quot;10:00:00&quot;,&quot;datetimeEpoch&quot;:1691123400,&quot;temp&quot;:29.9,&quot;feelslike&quot;:34.8,&quot;humidity&quot;:70.41,&quot;dew&quot;:23.9,&quot;precip&quot;:0.0,&quot;precipprob&quot;:71.4,&quot;snow&quot;:0.0,&quot;snowdepth&quot;:0.0,&quot;preciptype&quot;:[&quot;rain&quot;],&quot;windgust&quot;:14.3,&quot;windspeed&quot;:9.4,&quot;winddir&quot;:81.7,&quot;pressure&quot;:997.7,&quot;visibility&quot;:18.8,&quot;cloudcover&quot;:56.4,&quot;solarradiation&quot;:444.3,&quot;solarenergy&quot;:1.6,&quot;uvindex&quot;:4.0,&quot;severerisk&quot;:10.0,&quot;conditions&quot;:&quot;Rain, Partially cloudy&quot;,&quot;icon&quot;:&quot;rain&quot;,&quot;stations&quot;:null,&quot;source&quot;:&quot;fcst&quot;},{&quot;datetime&quot;:&quot;11:00:00&quot;,&quot;datetimeEpoch&quot;:1691127000,&quot;temp&quot;:31.2,&quot;feelslike&quot;:36.1,&quot;humidity&quot;:63.55,&quot;dew&quot;:23.4,&quot;precip&quot;:0.0,&quot;precipprob&quot;:71.4,&quot;snow&quot;:0.0,&quot;snowdepth&quot;:0.0,&quot;preciptype&quot;:[&quot;rain&quot;],&quot;windgust&quot;:15.6,&quot;windspeed&quot;:11.5,&quot;winddir&quot;:83.2,&quot;pressure&quot;:997.3,&quot;visibility&quot;:21.4,&quot;cloudcover&quot;:77.4,&quot;solarradiation&quot;:621.7,&quot;solarenergy&quot;:2.3,&quot;uvindex&quot;:6.0,&quot;severerisk&quot;:10.0,&quot;conditions&quot;:&quot;Rain, Partially cloudy&quot;,&quot;icon&quot;:&quot;rain&quot;,&quot;stations&quot;:null,&quot;source&quot;:&quot;fcst&quot;},{&quot;datetime&quot;:&quot;12:00:00&quot;,&quot;datetimeEpoch&quot;:1691130600,&quot;temp&quot;:32.5,&quot;feelslike&quot;:37.3,&quot;humidity&quot;:57.39,&quot;dew&quot;:23.0,&quot;precip&quot;:0.3,&quot;precipprob&quot;:71.4,&quot;snow&quot;:0.0,&quot;snowdepth&quot;:0.0,&quot;preciptype&quot;:[&quot;rain&quot;],&quot;windgust&quot;:16.9,&quot;windspeed&quot;:13.7,&quot;winddir&quot;:84.6,&quot;pressure&quot;:997.0,&quot;visibility&quot;:24.1,&quot;cloudcover&quot;:98.4,&quot;solarradiation&quot;:799.0,&quot;solarenergy&quot;:2.9,&quot;uvindex&quot;:8.0,&quot;severerisk&quot;:10.0,&quot;conditions&quot;:&quot;Rain, Overcast&quot;,&quot;icon&quot;:&quot;rain&quot;,&quot;stations&quot;:null,&quot;source&quot;:&quot;fcst&quot;},{&quot;datetime&quot;:&quot;13:00:00&quot;,&quot;datetimeEpoch&quot;:1691134200,&quot;temp&quot;:32.5,&quot;feelslike&quot;:37.4,&quot;humidity&quot;:57.74,&quot;dew&quot;:23.1,&quot;precip&quot;:0.0,&quot;precipprob&quot;:81.0,&quot;snow&quot;:0.0,&quot;snowdepth&quot;:0.0,&quot;preciptype&quot;:[&quot;rain&quot;],&quot;windgust&quot;:16.8,&quot;windspeed&quot;:13.8,&quot;winddir&quot;:84.0,&quot;pressure&quot;:996.3,&quot;visibility&quot;:24.1,&quot;cloudcover&quot;:97.0,&quot;solarradiation&quot;:772.0,&quot;solarenergy&quot;:2.8,&quot;uvindex&quot;:8.0,&quot;severerisk&quot;:10.0,&quot;conditions&quot;:&quot;Rain, Overcast&quot;,&quot;icon&quot;:&quot;rain&quot;,&quot;stations&quot;:null,&quot;source&quot;:&quot;fcst&quot;},{&quot;datetime&quot;:&quot;14:00:00&quot;,&quot;datetimeEpoch&quot;:1691137800,&quot;temp&quot;:32.5,&quot;feelslike&quot;:37.5,&quot;humidity&quot;:58.09,&quot;dew&quot;:23.2,&quot;precip&quot;:0.0,&quot;precipprob&quot;:81.0,&quot;snow&quot;:0.0,&quot;snowdepth&quot;:0.0,&quot;preciptype&quot;:[&quot;rain&quot;],&quot;windgust&quot;:16.7,&quot;windspeed&quot;:13.9,&quot;winddir&quot;:83.3,&quot;pressure&quot;:995.7,&quot;visibility&quot;:24.1,&quot;cloudcover&quot;:95.5,&quot;solarradiation&quot;:745.0,&quot;solarenergy&quot;:2.7,&quot;uvindex&quot;:7.0,&quot;severerisk&quot;:30.0,&quot;conditions&quot;:&quot;Rain, Overcast&quot;,&quot;icon&quot;:&quot;rain&quot;,&quot;stations&quot;:null,&quot;source&quot;:&quot;fcst&quot;},{&quot;datetime&quot;:&quot;15:00:00&quot;,&quot;datetimeEpoch&quot;:1691141400,&quot;temp&quot;:32.5,&quot;feelslike&quot;:37.6,&quot;humidity&quot;:58.44,&quot;dew&quot;:23.3,&quot;precip&quot;:0.0,&quot;precipprob&quot;:81.0,&quot;snow&quot;:0.0,&quot;snowdepth&quot;:0.0,&quot;preciptype&quot;:[&quot;rain&quot;],&quot;windgust&quot;:16.6,&quot;windspeed&quot;:14.0,&quot;winddir&quot;:82.7,&quot;pressure&quot;:995.0,&quot;visibility&quot;:24.1,&quot;cloudcover&quot;:94.1,&quot;solarradiation&quot;:718.0,&quot;solarenergy&quot;:2.6,&quot;uvindex&quot;:7.0,&quot;severerisk&quot;:30.0,&quot;conditions&quot;:&quot;Rain, Overcast&quot;,&quot;icon&quot;:&quot;rain&quot;,&quot;stations&quot;:null,&quot;source&quot;:&quot;fcst&quot;},{&quot;datetime&quot;:&quot;16:00:00&quot;,&quot;datetimeEpoch&quot;:1691145000,&quot;temp&quot;:31.5,&quot;feelslike&quot;:36.8,&quot;humidity&quot;:62.99,&quot;dew&quot;:23.6,&quot;precip&quot;:0.0,&quot;precipprob&quot;:81.0,&quot;snow&quot;:0.0,&quot;snowdepth&quot;:0.0,&quot;preciptype&quot;:[&quot;rain&quot;],&quot;windgust&quot;:18.6,&quot;windspeed&quot;:12.5,&quot;winddir&quot;:78.7,&quot;pressure&quot;:995.3,&quot;visibility&quot;:24.1,&quot;cloudcover&quot;:93.0,&quot;solarradiation&quot;:578.7,&quot;solarenergy&quot;:2.1,&quot;uvindex&quot;:6.0,&quot;severerisk&quot;:30.0,&quot;conditions&quot;:&quot;Rain, Overcast&quot;,&quot;icon&quot;:&quot;rain&quot;,&quot;stations&quot;:null,&quot;source&quot;:&quot;fcst&quot;},{&quot;datetime&quot;:&quot;17:00:00&quot;,&quot;datetimeEpoch&quot;:1691148600,&quot;temp&quot;:30.6,&quot;feelslike&quot;:35.9,&quot;humidity&quot;:67.91,&quot;dew&quot;:24.0,&quot;precip&quot;:0.0,&quot;precipprob&quot;:81.0,&quot;snow&quot;:0.0,&quot;snowdepth&quot;:0.0,&quot;preciptype&quot;:[&quot;rain&quot;],&quot;windgust&quot;:20.6,&quot;windspeed&quot;:10.9,&quot;winddir&quot;:74.7,&quot;pressure&quot;:995.7,&quot;visibility&quot;:24.1,&quot;cloudcover&quot;:91.8,&quot;solarradiation&quot;:439.3,&quot;solarenergy&quot;:1.6,&quot;uvindex&quot;:4.0,&quot;severerisk&quot;:30.0,&quot;conditions&quot;:&quot;Rain, Overcast&quot;,&quot;icon&quot;:&quot;rain&quot;,&quot;stations&quot;:null,&quot;source&quot;:&quot;fcst&quot;},{&quot;datetime&quot;:&quot;18:00:00&quot;,&quot;datetimeEpoch&quot;:1691152200,&quot;temp&quot;:29.7,&quot;feelslike&quot;:34.9,&quot;humidity&quot;:73.24,&quot;dew&quot;:24.4,&quot;precip&quot;:0.7,&quot;precipprob&quot;:81.0,&quot;snow&quot;:0.0,&quot;snowdepth&quot;:0.0,&quot;preciptype&quot;:[&quot;rain&quot;],&quot;windgust&quot;:22.7,&quot;windspeed&quot;:9.4,&quot;winddir&quot;:70.7,&quot;pressure&quot;:996.0,&quot;visibility&quot;:24.1,&quot;cloudcover&quot;:90.7,&quot;solarradiation&quot;:300.0,&quot;solarenergy&quot;:1.1,&quot;uvindex&quot;:3.0,&quot;severerisk&quot;:30.0,&quot;conditions&quot;:&quot;Rain, Overcast&quot;,&quot;icon&quot;:&quot;rain&quot;,&quot;stations&quot;:null,&quot;source&quot;:&quot;fcst&quot;},{&quot;datetime&quot;:&quot;19:00:00&quot;,&quot;datetimeEpoch&quot;:1691155800,&quot;temp&quot;:28.6,&quot;feelslike&quot;:33.0,&quot;humidity&quot;:76.82,&quot;dew&quot;:24.1,&quot;precip&quot;:0.0,&quot;precipprob&quot;:71.4,&quot;snow&quot;:0.0,&quot;snowdepth&quot;:0.0,&quot;preciptype&quot;:[&quot;rain&quot;],&quot;windgust&quot;:17.0,&quot;windspeed&quot;:8.2,&quot;winddir&quot;:75.0,&quot;pressure&quot;:996.7,&quot;visibility&quot;:24.1,&quot;cloudcover&quot;:63.6,&quot;solarradiation&quot;:205.7,&quot;solarenergy&quot;:0.8,&quot;uvindex&quot;:0.0,&quot;severerisk&quot;:30.0,&quot;conditions&quot;:&quot;Rain, Partially cloudy&quot;,&quot;icon&quot;:&quot;rain&quot;,&quot;stations&quot;:null,&quot;source&quot;:&quot;fcst&quot;},{&quot;datetime&quot;:&quot;20:00:00&quot;,&quot;datetimeEpoch&quot;:1691159400,&quot;temp&quot;:27.5,&quot;feelslike&quot;:31.0,&quot;humidity&quot;:80.61,&quot;dew&quot;:23.9,&quot;precip&quot;:0.0,&quot;precipprob&quot;:71.4,&quot;snow&quot;:0.0,&quot;snowdepth&quot;:0.0,&quot;preciptype&quot;:[&quot;rain&quot;],&quot;windgust&quot;:11.4,&quot;windspeed&quot;:7.0,&quot;winddir&quot;:79.3,&quot;pressure&quot;:997.3,&quot;visibility&quot;:24.1,&quot;cloudcover&quot;:36.4,&quot;solarradiation&quot;:111.3,&quot;solarenergy&quot;:0.4,&quot;uvindex&quot;:0.0,&quot;severerisk&quot;:10.0,&quot;conditions&quot;:&quot;Rain, Partially cloudy&quot;,&quot;icon&quot;:&quot;rain&quot;,&quot;stations&quot;:null,&quot;source&quot;:&quot;fcst&quot;},{&quot;datetime&quot;:&quot;21:00:00&quot;,&quot;datetimeEpoch&quot;:1691163000,&quot;temp&quot;:26.5,&quot;feelslike&quot;:26.5,&quot;humidity&quot;:84.63,&quot;dew&quot;:23.7,&quot;precip&quot;:0.0,&quot;precipprob&quot;:71.4,&quot;snow&quot;:0.0,&quot;snowdepth&quot;:0.0,&quot;preciptype&quot;:[&quot;rain&quot;],&quot;windgust&quot;:5.8,&quot;windspeed&quot;:5.8,&quot;winddir&quot;:83.6,&quot;pressure&quot;:998.0,&quot;visibility&quot;:24.1,&quot;cloudcover&quot;:9.3,&quot;solarradiation&quot;:17.0,&quot;solarenergy&quot;:0.1,&quot;uvindex&quot;:0.0,&quot;severerisk&quot;:10.0,&quot;conditions&quot;:&quot;Rain&quot;,&quot;icon&quot;:&quot;rain&quot;,&quot;stations&quot;:null,&quot;source&quot;:&quot;fcst&quot;},{&quot;datetime&quot;:&quot;22:00:00&quot;,&quot;datetimeEpoch&quot;:1691166600,&quot;temp&quot;:26.2,&quot;feelslike&quot;:26.2,&quot;humidity&quot;:85.46,&quot;dew&quot;:23.6,&quot;precip&quot;:0.0,&quot;precipprob&quot;:71.4,&quot;snow&quot;:0.0,&quot;snowdepth&quot;:0.0,&quot;preciptype&quot;:[&quot;rain&quot;],&quot;windgust&quot;:5.3,&quot;windspeed&quot;:5.3,&quot;winddir&quot;:79.1,&quot;pressure&quot;:998.0,&quot;visibility&quot;:24.1,&quot;cloudcover&quot;:39.5,&quot;solarradiation&quot;:11.3,&quot;solarenergy&quot;:0.1,&quot;uvindex&quot;:0.0,&quot;severerisk&quot;:10.0,&quot;conditions&quot;:&quot;Rain, Partially cloudy&quot;,&quot;icon&quot;:&quot;rain&quot;,&quot;stations&quot;:null,&quot;source&quot;:&quot;fcst&quot;},{&quot;datetime&quot;:&quot;23:00:00&quot;,&quot;datetimeEpoch&quot;:1691170200,&quot;temp&quot;:26.0,&quot;feelslike&quot;:26.0,&quot;humidity&quot;:86.3,&quot;dew&quot;:23.5,&quot;precip&quot;:0.0,&quot;precipprob&quot;:71.4,&quot;snow&quot;:0.0,&quot;snowdepth&quot;:0.0,&quot;preciptype&quot;:[&quot;rain&quot;],&quot;windgust&quot;:4.8,&quot;windspeed&quot;:4.8,&quot;winddir&quot;:74.6,&quot;pressure&quot;:998.0,&quot;visibility&quot;:24.1,&quot;cloudcover&quot;:69.7,&quot;solarradiation&quot;:5.7,&quot;solarenergy&quot;:0.0,&quot;uvindex&quot;:0.0,&quot;severerisk&quot;:10.0,&quot;conditions&quot;:&quot;Rain, Partially cloudy&quot;,&quot;icon&quot;:&quot;rain&quot;,&quot;stations&quot;:null,&quot;source&quot;:&quot;fcst&quot;}]},{&quot;datetime&quot;:&quot;2023-08-05&quot;,&quot;datetimeEpoch&quot;:1691173800,&quot;tempmax&quot;:32.2,&quot;tempmin&quot;:24.6,&quot;temp&quot;:27.9,&quot;feelslikemax&quot;:38.2,&quot;feelslikemin&quot;:24.6,&quot;feelslike&quot;:30.7,&quot;dew&quot;:24.1,&quot;humidity&quot;:80.8,&quot;precip&quot;:12.5,&quot;precipprob&quot;:95.2,&quot;precipcover&quot;:29.17,&quot;preciptype&quot;:[&quot;rain&quot;],&quot;snow&quot;:0.0,&quot;snowdepth&quot;:0.0,&quot;windgust&quot;:19.1,&quot;windspeed&quot;:15.1,&quot;winddir&quot;:66.7,&quot;pressure&quot;:997.7,&quot;cloudcover&quot;:60.8,&quot;visibility&quot;:17.7,&quot;solarradiation&quot;:268.6,&quot;solarenergy&quot;:22.8,&quot;uvindex&quot;:8.0,&quot;severerisk&quot;:30.0,&quot;sunrise&quot;:&quot;05:22:16&quot;,&quot;sunriseEpoch&quot;:1691193136,&quot;sunset&quot;:&quot;18:28:08&quot;,&quot;sunsetEpoch&quot;:1691240288,&quot;moonphase&quot;:0.62,&quot;conditions&quot;:&quot;Rain, Partially cloudy&quot;,&quot;description&quot;:&quot;Partly cloudy throughout the day with storms possible.&quot;,&quot;icon&quot;:&quot;rain&quot;,&quot;stations&quot;:null,&quot;source&quot;:&quot;fcst&quot;,&quot;hours&quot;:[{&quot;datetime&quot;:&quot;00:00:00&quot;,&quot;datetimeEpoch&quot;:1691173800,&quot;temp&quot;:25.8,&quot;feelslike&quot;:25.8,&quot;humidity&quot;:87.15,&quot;dew&quot;:23.5,&quot;precip&quot;:0.1,&quot;precipprob&quot;:71.4,&quot;snow&quot;:0.0,&quot;snowdepth&quot;:0.0,&quot;preciptype&quot;:[&quot;rain&quot;],&quot;windgust&quot;:4.3,&quot;windspeed&quot;:4.3,&quot;winddir&quot;:70.1,&quot;pressure&quot;:998.0,&quot;visibility&quot;:24.1,&quot;cloudcover&quot;:99.9,&quot;solarradiation&quot;:0.0,&quot;solarenergy&quot;:0.0,&quot;uvindex&quot;:0.0,&quot;severerisk&quot;:10.0,&quot;conditions&quot;:&quot;Rain, Overcast&quot;,&quot;icon&quot;:&quot;rain&quot;,&quot;stations&quot;:null,&quot;source&quot;:&quot;fcst&quot;},{&quot;datetime&quot;:&quot;01:00:00&quot;,&quot;datetimeEpoch&quot;:1691177400,&quot;temp&quot;:25.5,&quot;feelslike&quot;:25.5,&quot;humidity&quot;:88.36,&quot;dew&quot;:23.4,&quot;precip&quot;:0.0,&quot;precipprob&quot;:57.1,&quot;snow&quot;:0.0,&quot;snowdepth&quot;:0.0,&quot;preciptype&quot;:[&quot;rain&quot;],&quot;windgust&quot;:4.0,&quot;windspeed&quot;:4.0,&quot;winddir&quot;:67.6,&quot;pressure&quot;:997.7,&quot;visibility&quot;:24.1,&quot;cloudcover&quot;:68.2,&quot;solarradiation&quot;:0.0,&quot;solarenergy&quot;:0.0,&quot;uvindex&quot;:0.0,&quot;severerisk&quot;:10.0,&quot;conditions&quot;:&quot;Rain, Partially cloudy&quot;,&quot;icon&quot;:&quot;rain&quot;,&quot;stations&quot;:null,&quot;source&quot;:&quot;fcst&quot;},{&quot;datetime&quot;:&quot;02:00:00&quot;,&quot;datetimeEpoch&quot;:1691181000,&quot;temp&quot;:25.2,&quot;feelslike&quot;:25.2,&quot;humidity&quot;:89.59,&quot;dew&quot;:23.4,&quot;precip&quot;:0.0,&quot;precipprob&quot;:57.1,&quot;snow&quot;:0.0,&quot;snowdepth&quot;:0.0,&quot;preciptype&quot;:[&quot;rain&quot;],&quot;windgust&quot;:3.6,&quot;windspeed&quot;:3.6,&quot;winddir&quot;:65.0,&quot;pressure&quot;:997.3,&quot;visibility&quot;:24.1,&quot;cloudcover&quot;:36.4,&quot;solarradiation&quot;:0.0,&quot;solarenergy&quot;:0.0,&quot;uvindex&quot;:0.0,&quot;severerisk&quot;:10.0,&quot;conditions&quot;:&quot;Rain, Partially cloudy&quot;,&quot;icon&quot;:&quot;rain&quot;,&quot;stations&quot;:null,&quot;source&quot;:&quot;fcst&quot;},{&quot;datetime&quot;:&quot;03:00:00&quot;,&quot;datetimeEpoch&quot;:1691184600,&quot;temp&quot;:25.0,&quot;feelslike&quot;:25.0,&quot;humidity&quot;:90.85,&quot;dew&quot;:23.4,&quot;precip&quot;:1.2,&quot;precipprob&quot;:57.1,&quot;snow&quot;:0.0,&quot;snowdepth&quot;:0.0,&quot;preciptype&quot;:[&quot;rain&quot;],&quot;windgust&quot;:3.2,&quot;windspeed&quot;:3.2,&quot;winddir&quot;:62.5,&quot;pressure&quot;:997.0,&quot;visibility&quot;:24.1,&quot;cloudcover&quot;:4.7,&quot;solarradiation&quot;:0.0,&quot;solarenergy&quot;:0.0,&quot;uvindex&quot;:0.0,&quot;severerisk&quot;:10.0,&quot;conditions&quot;:&quot;Rain&quot;,&quot;icon&quot;:&quot;rain&quot;,&quot;stations&quot;:null,&quot;source&quot;:&quot;fcst&quot;},{&quot;datetime&quot;:&quot;04:00:00&quot;,&quot;datetimeEpoch&quot;:1691188200,&quot;temp&quot;:24.8,&quot;feelslike&quot;:24.8,&quot;humidity&quot;:91.76,&quot;dew&quot;:23.4,&quot;precip&quot;:0.0,&quot;precipprob&quot;:57.1,&quot;snow&quot;:0.0,&quot;snowdepth&quot;:0.0,&quot;preciptype&quot;:[&quot;rain&quot;],&quot;windgust&quot;:3.1,&quot;windspeed&quot;:3.1,&quot;winddir&quot;:51.1,&quot;pressure&quot;:997.3,&quot;visibility&quot;:24.1,&quot;cloudcover&quot;:23.0,&quot;solarradiation&quot;:0.0,&quot;solarenergy&quot;:0.0,&quot;uvindex&quot;:0.0,&quot;severerisk&quot;:10.0,&quot;conditions&quot;:&quot;Rain, Partially cloudy&quot;,&quot;icon&quot;:&quot;rain&quot;,&quot;stations&quot;:null,&quot;source&quot;:&quot;fcst&quot;},{&quot;datetime&quot;:&quot;05:00:00&quot;,&quot;datetimeEpoch&quot;:1691191800,&quot;temp&quot;:24.7,&quot;feelslike&quot;:24.7,&quot;humidity&quot;:92.68,&quot;dew&quot;:23.4,&quot;precip&quot;:0.0,&quot;precipprob&quot;:57.1,&quot;snow&quot;:0.0,&quot;snowdepth&quot;:0.0,&quot;preciptype&quot;:[&quot;rain&quot;],&quot;windgust&quot;:3.0,&quot;windspeed&quot;:3.0,&quot;winddir&quot;:39.6,&quot;pressure&quot;:997.7,&quot;visibility&quot;:24.1,&quot;cloudcover&quot;:41.2,&quot;solarradiation&quot;:0.0,&quot;solarenergy&quot;:0.0,&quot;uvindex&quot;:0.0,&quot;severerisk&quot;:10.0,&quot;conditions&quot;:&quot;Rain, Partially cloudy&quot;,&quot;icon&quot;:&quot;rain&quot;,&quot;stations&quot;:null,&quot;source&quot;:&quot;fcst&quot;},{&quot;datetime&quot;:&quot;06:00:00&quot;,&quot;datetimeEpoch&quot;:1691195400,&quot;temp&quot;:24.6,&quot;feelslike&quot;:24.6,&quot;humidity&quot;:93.61,&quot;dew&quot;:23.5,&quot;precip&quot;:0.0,&quot;precipprob&quot;:57.1,&quot;snow&quot;:0.0,&quot;snowdepth&quot;:0.0,&quot;preciptype&quot;:[&quot;rain&quot;],&quot;windgust&quot;:2.9,&quot;windspeed&quot;:2.9,&quot;winddir&quot;:28.2,&quot;pressure&quot;:998.0,&quot;visibility&quot;:24.1,&quot;cloudcover&quot;:59.5,&quot;solarradiation&quot;:0.0,&quot;solarenergy&quot;:0.0,&quot;uvindex&quot;:0.0,&quot;severerisk&quot;:10.0,&quot;conditions&quot;:&quot;Rain, Partially cloudy&quot;,&quot;icon&quot;:&quot;rain&quot;,&quot;stations&quot;:null,&quot;source&quot;:&quot;fcst&quot;},{&quot;datetime&quot;:&quot;07:00:00&quot;,&quot;datetimeEpoch&quot;:1691199000,&quot;temp&quot;:26.0,&quot;feelslike&quot;:26.0,&quot;humidity&quot;:87.7,&quot;dew&quot;:23.8,&quot;precip&quot;:0.0,&quot;precipprob&quot;:66.7,&quot;snow&quot;:0.0,&quot;snowdepth&quot;:0.0,&quot;preciptype&quot;:[&quot;rain&quot;],&quot;windgust&quot;:7.2,&quot;windspeed&quot;:5.2,&quot;winddir&quot;:42.2,&quot;pressure&quot;:998.3,&quot;visibility&quot;:24.1,&quot;cloudcover&quot;:56.5,&quot;solarradiation&quot;:96.7,&quot;solarenergy&quot;:0.3,&quot;uvindex&quot;:1.0,&quot;severerisk&quot;:10.0,&quot;conditions&quot;:&quot;Rain, Partially cloudy&quot;,&quot;icon&quot;:&quot;rain&quot;,&quot;stations&quot;:null,&quot;source&quot;:&quot;fcst&quot;},{&quot;datetime&quot;:&quot;08:00:00&quot;,&quot;datetimeEpoch&quot;:1691202600,&quot;temp&quot;:27.4,&quot;feelslike&quot;:31.0,&quot;humidity&quot;:82.23,&quot;dew&quot;:24.1,&quot;precip&quot;:0.0,&quot;precipprob&quot;:66.7,&quot;snow&quot;:0.0,&quot;snowdepth&quot;:0.0,&quot;preciptype&quot;:[&quot;rain&quot;],&quot;windgust&quot;:11.5,&quot;windspeed&quot;:7.4,&quot;winddir&quot;:56.3,&quot;pressure&quot;:998.7,&quot;visibility&quot;:24.1,&quot;cloudcover&quot;:53.4,&quot;solarradiation&quot;:193.3,&quot;solarenergy&quot;:0.7,&quot;uvindex&quot;:2.0,&quot;severerisk&quot;:10.0,&quot;conditions&quot;:&quot;Rain, Partially cloudy&quot;,&quot;icon&quot;:&quot;rain&quot;,&quot;stations&quot;:null,&quot;source&quot;:&quot;fcst&quot;},{&quot;datetime&quot;:&quot;09:00:00&quot;,&quot;datetimeEpoch&quot;:1691206200,&quot;temp&quot;:28.9,&quot;feelslike&quot;:33.8,&quot;humidity&quot;:77.17,&quot;dew&quot;:24.5,&quot;precip&quot;:1.6,&quot;precipprob&quot;:66.7,&quot;snow&quot;:0.0,&quot;snowdepth&quot;:0.0,&quot;preciptype&quot;:[&quot;rain&quot;],&quot;windgust&quot;:15.8,&quot;windspeed&quot;:9.7,&quot;winddir&quot;:70.3,&quot;pressure&quot;:999.0,&quot;visibility&quot;:24.1,&quot;cloudcover&quot;:50.4,&quot;solarradiation&quot;:290.0,&quot;solarenergy&quot;:1.0,&quot;uvindex&quot;:3.0,&quot;severerisk&quot;:30.0,&quot;conditions&quot;:&quot;Rain, Partially cloudy&quot;,&quot;icon&quot;:&quot;rain&quot;,&quot;stations&quot;:null,&quot;source&quot;:&quot;fcst&quot;},{&quot;datetime&quot;:&quot;10:00:00&quot;,&quot;datetimeEpoch&quot;:1691209800,&quot;temp&quot;:30.0,&quot;feelslike&quot;:35.2,&quot;humidity&quot;:71.13,&quot;dew&quot;:24.2,&quot;precip&quot;:0.0,&quot;precipprob&quot;:66.7,&quot;snow&quot;:0.0,&quot;snowdepth&quot;:0.0,&quot;preciptype&quot;:[&quot;rain&quot;],&quot;windgust&quot;:16.9,&quot;windspeed&quot;:11.2,&quot;winddir&quot;:70.3,&quot;pressure&quot;:998.7,&quot;visibility&quot;:19.2,&quot;cloudcover&quot;:64.2,&quot;solarradiation&quot;:446.0,&quot;solarenergy&quot;:1.6,&quot;uvindex&quot;:4.0,&quot;severerisk&quot;:30.0,&quot;conditions&quot;:&quot;Rain, Partially cloudy&quot;,&quot;icon&quot;:&quot;rain&quot;,&quot;stations&quot;:null,&quot;source&quot;:&quot;fcst&quot;},{&quot;datetime&quot;:&quot;11:00:00&quot;,&quot;datetimeEpoch&quot;:1691213400,&quot;temp&quot;:31.1,&quot;feelslike&quot;:36.4,&quot;humidity&quot;:65.6,&quot;dew&quot;:23.9,&quot;precip&quot;:0.0,&quot;precipprob&quot;:66.7,&quot;snow&quot;:0.0,&quot;snowdepth&quot;:0.0,&quot;preciptype&quot;:[&quot;rain&quot;],&quot;windgust&quot;:18.0,&quot;windspeed&quot;:12.6,&quot;winddir&quot;:70.2,&quot;pressure&quot;:998.3,&quot;visibility&quot;:14.3,&quot;cloudcover&quot;:78.0,&quot;solarradiation&quot;:602.0,&quot;solarenergy&quot;:2.1,&quot;uvindex&quot;:6.0,&quot;severerisk&quot;:30.0,&quot;conditions&quot;:&quot;Rain, Partially cloudy&quot;,&quot;icon&quot;:&quot;rain&quot;,&quot;stations&quot;:null,&quot;source&quot;:&quot;fcst&quot;},{&quot;datetime&quot;:&quot;12:00:00&quot;,&quot;datetimeEpoch&quot;:1691217000,&quot;temp&quot;:32.2,&quot;feelslike&quot;:37.6,&quot;humidity&quot;:60.52,&quot;dew&quot;:23.6,&quot;precip&quot;:0.7,&quot;precipprob&quot;:66.7,&quot;snow&quot;:0.0,&quot;snowdepth&quot;:0.0,&quot;preciptype&quot;:[&quot;rain&quot;],&quot;windgust&quot;:19.1,&quot;windspeed&quot;:14.0,&quot;winddir&quot;:70.2,&quot;pressure&quot;:998.0,&quot;visibility&quot;:9.4,&quot;cloudcover&quot;:91.8,&quot;solarradiation&quot;:758.0,&quot;solarenergy&quot;:2.7,&quot;uvindex&quot;:8.0,&quot;severerisk&quot;:30.0,&quot;conditions&quot;:&quot;Rain, Overcast&quot;,&quot;icon&quot;:&quot;rain&quot;,&quot;stations&quot;:null,&quot;source&quot;:&quot;fcst&quot;},{&quot;datetime&quot;:&quot;13:00:00&quot;,&quot;datetimeEpoch&quot;:1691220600,&quot;temp&quot;:32.1,&quot;feelslike&quot;:37.8,&quot;humidity&quot;:61.61,&quot;dew&quot;:23.8,&quot;precip&quot;:0.0,&quot;precipprob&quot;:95.2,&quot;snow&quot;:0.0,&quot;snowdepth&quot;:0.0,&quot;preciptype&quot;:[&quot;rain&quot;],&quot;windgust&quot;:19.0,&quot;windspeed&quot;:14.4,&quot;winddir&quot;:71.0,&quot;pressure&quot;:997.3,&quot;visibility&quot;:8.6,&quot;cloudcover&quot;:94.5,&quot;solarradiation&quot;:736.7,&quot;solarenergy&quot;:2.6,&quot;uvindex&quot;:7.0,&quot;severerisk&quot;:30.0,&quot;conditions&quot;:&quot;Rain, Overcast&quot;,&quot;icon&quot;:&quot;rain&quot;,&quot;stations&quot;:null,&quot;source&quot;:&quot;fcst&quot;},{&quot;datetime&quot;:&quot;14:00:00&quot;,&quot;datetimeEpoch&quot;:1691224200,&quot;temp&quot;:32.0,&quot;feelslike&quot;:38.0,&quot;humidity&quot;:62.72,&quot;dew&quot;:24.0,&quot;precip&quot;:0.0,&quot;precipprob&quot;:95.2,&quot;snow&quot;:0.0,&quot;snowdepth&quot;:0.0,&quot;preciptype&quot;:[&quot;rain&quot;],&quot;windgust&quot;:18.8,&quot;windspeed&quot;:14.8,&quot;winddir&quot;:71.8,&quot;pressure&quot;:996.7,&quot;visibility&quot;:7.7,&quot;cloudcover&quot;:97.3,&quot;solarradiation&quot;:715.3,&quot;solarenergy&quot;:2.6,&quot;uvindex&quot;:7.0,&quot;severerisk&quot;:30.0,&quot;conditions&quot;:&quot;Rain, Overcast&quot;,&quot;icon&quot;:&quot;rain&quot;,&quot;stations&quot;:null,&quot;source&quot;:&quot;fcst&quot;},{&quot;datetime&quot;:&quot;15:00:00&quot;,&quot;datetimeEpoch&quot;:1691227800,&quot;temp&quot;:32.0,&quot;feelslike&quot;:38.2,&quot;humidity&quot;:63.84,&quot;dew&quot;:24.3,&quot;precip&quot;:1.2,&quot;precipprob&quot;:95.2,&quot;snow&quot;:0.0,&quot;snowdepth&quot;:0.0,&quot;preciptype&quot;:[&quot;rain&quot;],&quot;windgust&quot;:18.7,&quot;windspeed&quot;:15.1,&quot;winddir&quot;:72.6,&quot;pressure&quot;:996.0,&quot;visibility&quot;:6.9,&quot;cloudcover&quot;:100.0,&quot;solarradiation&quot;:694.0,&quot;solarenergy&quot;:2.5,&quot;uvindex&quot;:7.0,&quot;severerisk&quot;:30.0,&quot;conditions&quot;:&quot;Rain, Overcast&quot;,&quot;icon&quot;:&quot;rain&quot;,&quot;stations&quot;:null,&quot;source&quot;:&quot;fcst&quot;},{&quot;datetime&quot;:&quot;16:00:00&quot;,&quot;datetimeEpoch&quot;:1691231400,&quot;temp&quot;:30.8,&quot;feelslike&quot;:36.8,&quot;humidity&quot;:69.59,&quot;dew&quot;:24.6,&quot;precip&quot;:0.0,&quot;precipprob&quot;:95.2,&quot;snow&quot;:0.0,&quot;snowdepth&quot;:0.0,&quot;preciptype&quot;:[&quot;rain&quot;],&quot;windgust&quot;:18.4,&quot;windspeed&quot;:12.8,&quot;winddir&quot;:69.8,&quot;pressure&quot;:996.0,&quot;visibility&quot;:6.1,&quot;cloudcover&quot;:100.0,&quot;solarradiation&quot;:594.3,&quot;solarenergy&quot;:2.1,&quot;uvindex&quot;:6.0,&quot;severerisk&quot;:30.0,&quot;conditions&quot;:&quot;Rain, Overcast&quot;,&quot;icon&quot;:&quot;rain&quot;,&quot;stations&quot;:null,&quot;source&quot;:&quot;fcst&quot;},{&quot;datetime&quot;:&quot;17:00:00&quot;,&quot;datetimeEpoch&quot;:1691235000,&quot;temp&quot;:29.6,&quot;feelslike&quot;:35.3,&quot;humidity&quot;:75.9,&quot;dew&quot;:24.9,&quot;precip&quot;:0.0,&quot;precipprob&quot;:95.2,&quot;snow&quot;:0.0,&quot;snowdepth&quot;:0.0,&quot;preciptype&quot;:[&quot;rain&quot;],&quot;windgust&quot;:18.0,&quot;windspeed&quot;:10.6,&quot;winddir&quot;:67.1,&quot;pressure&quot;:996.0,&quot;visibility&quot;:5.3,&quot;cloudcover&quot;:100.0,&quot;solarradiation&quot;:494.7,&quot;solarenergy&quot;:1.8,&quot;uvindex&quot;:5.0,&quot;severerisk&quot;:30.0,&quot;conditions&quot;:&quot;Rain, Overcast&quot;,&quot;icon&quot;:&quot;rain&quot;,&quot;stations&quot;:null,&quot;source&quot;:&quot;fcst&quot;},{&quot;datetime&quot;:&quot;18:00:00&quot;,&quot;datetimeEpoch&quot;:1691238600,&quot;temp&quot;:28.4,&quot;feelslike&quot;:33.5,&quot;humidity&quot;:82.83,&quot;dew&quot;:25.2,&quot;precip&quot;:3.8,&quot;precipprob&quot;:95.2,&quot;snow&quot;:0.0,&quot;snowdepth&quot;:0.0,&quot;preciptype&quot;:[&quot;rain&quot;],&quot;windgust&quot;:17.6,&quot;windspeed&quot;:8.3,&quot;winddir&quot;:64.3,&quot;pressure&quot;:996.0,&quot;visibility&quot;:4.5,&quot;cloudcover&quot;:100.0,&quot;solarradiation&quot;:395.0,&quot;solarenergy&quot;:1.4,&quot;uvindex&quot;:4.0,&quot;severerisk&quot;:30.0,&quot;conditions&quot;:&quot;Rain, Overcast&quot;,&quot;icon&quot;:&quot;rain&quot;,&quot;stations&quot;:null,&quot;source&quot;:&quot;fcst&quot;},{&quot;datetime&quot;:&quot;19:00:00&quot;,&quot;datetimeEpoch&quot;:1691242200,&quot;temp&quot;:27.7,&quot;feelslike&quot;:32.0,&quot;humidity&quot;:84.93,&quot;dew&quot;:24.9,&quot;precip&quot;:0.0,&quot;precipprob&quot;:81.0,&quot;snow&quot;:0.0,&quot;snowdepth&quot;:0.0,&quot;preciptype&quot;:[&quot;rain&quot;],&quot;windgust&quot;:13.3,&quot;windspeed&quot;:7.0,&quot;winddir&quot;:67.1,&quot;pressure&quot;:997.0,&quot;visibility&quot;:11.0,&quot;cloudcover&quot;:70.3,&quot;solarradiation&quot;:267.3,&quot;solarenergy&quot;:0.9,&quot;uvindex&quot;:0.0,&quot;severerisk&quot;:30.0,&quot;conditions&quot;:&quot;Rain, Partially cloudy&quot;,&quot;icon&quot;:&quot;rain&quot;,&quot;stations&quot;:null,&quot;source&quot;:&quot;fcst&quot;},{&quot;datetime&quot;:&quot;20:00:00&quot;,&quot;datetimeEpoch&quot;:1691245800,&quot;temp&quot;:27.0,&quot;feelslike&quot;:30.5,&quot;humidity&quot;:87.09,&quot;dew&quot;:24.7,&quot;precip&quot;:0.0,&quot;precipprob&quot;:81.0,&quot;snow&quot;:0.0,&quot;snowdepth&quot;:0.0,&quot;preciptype&quot;:[&quot;rain&quot;],&quot;windgust&quot;:9.0,&quot;windspeed&quot;:5.6,&quot;winddir&quot;:70.0,&quot;pressure&quot;:998.0,&quot;visibility&quot;:17.6,&quot;cloudcover&quot;:40.6,&quot;solarradiation&quot;:139.7,&quot;solarenergy&quot;:0.5,&quot;uvindex&quot;:0.0,&quot;severerisk&quot;:30.0,&quot;conditions&quot;:&quot;Rain, Partially cloudy&quot;,&quot;icon&quot;:&quot;rain&quot;,&quot;stations&quot;:null,&quot;source&quot;:&quot;fcst&quot;},{&quot;datetime&quot;:&quot;21:00:00&quot;,&quot;datetimeEpoch&quot;:1691249400,&quot;temp&quot;:26.4,&quot;feelslike&quot;:26.4,&quot;humidity&quot;:89.32,&quot;dew&quot;:24.5,&quot;precip&quot;:3.9,&quot;precipprob&quot;:81.0,&quot;snow&quot;:0.0,&quot;snowdepth&quot;:0.0,&quot;preciptype&quot;:[&quot;rain&quot;],&quot;windgust&quot;:4.7,&quot;windspeed&quot;:4.3,&quot;winddir&quot;:72.8,&quot;pressure&quot;:999.0,&quot;visibility&quot;:24.1,&quot;cloudcover&quot;:10.9,&quot;solarradiation&quot;:12.0,&quot;solarenergy&quot;:0.0,&quot;uvindex&quot;:0.0,&quot;severerisk&quot;:10.0,&quot;conditions&quot;:&quot;Rain&quot;,&quot;icon&quot;:&quot;rain&quot;,&quot;stations&quot;:null,&quot;source&quot;:&quot;fcst&quot;},{&quot;datetime&quot;:&quot;22:00:00&quot;,&quot;datetimeEpoch&quot;:1691253000,&quot;temp&quot;:26.1,&quot;feelslike&quot;:26.1,&quot;humidity&quot;:90.38,&quot;dew&quot;:24.4,&quot;precip&quot;:0.0,&quot;precipprob&quot;:81.0,&quot;snow&quot;:0.0,&quot;snowdepth&quot;:0.0,&quot;preciptype&quot;:[&quot;rain&quot;],&quot;windgust&quot;:4.2,&quot;windspeed&quot;:4.0,&quot;winddir&quot;:65.1,&quot;pressure&quot;:999.0,&quot;visibility&quot;:24.1,&quot;cloudcover&quot;:9.7,&quot;solarradiation&quot;:8.0,&quot;solarenergy&quot;:0.0,&quot;uvindex&quot;:0.0,&quot;severerisk&quot;:10.0,&quot;conditions&quot;:&quot;Rain&quot;,&quot;icon&quot;:&quot;rain&quot;,&quot;stations&quot;:null,&quot;source&quot;:&quot;fcst&quot;},{&quot;datetime&quot;:&quot;23:00:00&quot;,&quot;datetimeEpoch&quot;:1691256600,&quot;temp&quot;:25.8,&quot;feelslike&quot;:25.8,&quot;humidity&quot;:91.45,&quot;dew&quot;:24.3,&quot;precip&quot;:0.0,&quot;precipprob&quot;:81.0,&quot;snow&quot;:0.0,&quot;snowdepth&quot;:0.0,&quot;preciptype&quot;:[&quot;rain&quot;],&quot;windgust&quot;:3.7,&quot;windspeed&quot;:3.6,&quot;winddir&quot;:57.5,&quot;pressure&quot;:999.0,&quot;visibility&quot;:24.1,&quot;cloudcover&quot;:8.4,&quot;solarradiation&quot;:4.0,&quot;solarenergy&quot;:0.0,&quot;uvindex&quot;:0.0,&quot;severerisk&quot;:10.0,&quot;conditions&quot;:&quot;Rain&quot;,&quot;icon&quot;:&quot;rain&quot;,&quot;stations&quot;:null,&quot;source&quot;:&quot;fcst&quot;}]},{&quot;datetime&quot;:&quot;2023-08-06&quot;,&quot;datetimeEpoch&quot;:1691260200,&quot;tempmax&quot;:31.6,&quot;tempmin&quot;:24.7,&quot;temp&quot;:27.8,&quot;feelslikemax&quot;:38.5,&quot;feelslikemin&quot;:24.7,&quot;feelslike&quot;:31.0,&quot;dew&quot;:24.7,&quot;humidity&quot;:84.0,&quot;precip&quot;:26.6,&quot;precipprob&quot;:81.0,&quot;precipcover&quot;:33.33,&quot;preciptype&quot;:[&quot;rain&quot;],&quot;snow&quot;:0.0,&quot;snowdepth&quot;:0.0,&quot;windgust&quot;:10.8,&quot;windspeed&quot;:7.6,&quot;winddir&quot;:61.5,&quot;pressure&quot;:997.6,&quot;cloudcover&quot;:73.7,&quot;visibility&quot;:11.6,&quot;solarradiation&quot;:282.6,&quot;solarenergy&quot;:24.6,&quot;uvindex&quot;:8.0,&quot;severerisk&quot;:30.0,&quot;sunrise&quot;:&quot;05:22:40&quot;,&quot;sunriseEpoch&quot;:1691279560,&quot;sunset&quot;:&quot;18:27:31&quot;,&quot;sunsetEpoch&quot;:1691326651,&quot;moonphase&quot;:0.65,&quot;conditions&quot;:&quot;Rain, Partially cloudy&quot;,&quot;description&quot;:&quot;Partly cloudy throughout the day with storms possible.&quot;,&quot;icon&quot;:&quot;rain&quot;,&quot;stations&quot;:null,&quot;source&quot;:&quot;fcst&quot;,&quot;hours&quot;:[{&quot;datetime&quot;:&quot;00:00:00&quot;,&quot;datetimeEpoch&quot;:1691260200,&quot;temp&quot;:25.6,&quot;feelslike&quot;:25.6,&quot;humidity&quot;:92.54,&quot;dew&quot;:24.3,&quot;precip&quot;:0.4,&quot;precipprob&quot;:81.0,&quot;snow&quot;:0.0,&quot;snowdepth&quot;:0.0,&quot;preciptype&quot;:[&quot;rain&quot;],&quot;windgust&quot;:3.2,&quot;windspeed&quot;:3.2,&quot;winddir&quot;:49.8,&quot;pressure&quot;:999.0,&quot;visibility&quot;:24.1,&quot;cloudcover&quot;:7.2,&quot;solarradiation&quot;:0.0,&quot;solarenergy&quot;:0.0,&quot;uvindex&quot;:0.0,&quot;severerisk&quot;:10.0,&quot;conditions&quot;:&quot;Rain&quot;,&quot;icon&quot;:&quot;rain&quot;,&quot;stations&quot;:null,&quot;source&quot;:&quot;fcst&quot;},{&quot;datetime&quot;:&quot;01:00:00&quot;,&quot;datetimeEpoch&quot;:1691263800,&quot;temp&quot;:25.4,&quot;feelslike&quot;:25.4,&quot;humidity&quot;:92.9,&quot;dew&quot;:24.2,&quot;precip&quot;:0.0,&quot;precipprob&quot;:71.4,&quot;snow&quot;:0.0,&quot;snowdepth&quot;:0.0,&quot;preciptype&quot;:[&quot;rain&quot;],&quot;windgust&quot;:2.9,&quot;windspeed&quot;:2.9,&quot;winddir&quot;:37.4,&quot;pressure&quot;:998.3,&quot;visibility&quot;:24.1,&quot;cloudcover&quot;:34.6,&quot;solarradiation&quot;:0.0,&quot;solarenergy&quot;:0.0,&quot;uvindex&quot;:0.0,&quot;severerisk&quot;:10.0,&quot;conditions&quot;:&quot;Rain, Partially cloudy&quot;,&quot;icon&quot;:&quot;rain&quot;,&quot;stations&quot;:null,&quot;source&quot;:&quot;fcst&quot;},{&quot;datetime&quot;:&quot;02:00:00&quot;,&quot;datetimeEpoch&quot;:1691267400,&quot;temp&quot;:25.2,&quot;feelslike&quot;:25.2,&quot;humidity&quot;:93.26,&quot;dew&quot;:24.1,&quot;precip&quot;:0.0,&quot;precipprob&quot;:71.4,&quot;snow&quot;:0.0,&quot;snowdepth&quot;:0.0,&quot;preciptype&quot;:[&quot;rain&quot;],&quot;windgust&quot;:2.5,&quot;windspeed&quot;:2.5,&quot;winddir&quot;:25.1,&quot;pressure&quot;:997.7,&quot;visibility&quot;:24.1,&quot;cloudcover&quot;:62.0,&quot;solarradiation&quot;:0.0,&quot;solarenergy&quot;:0.0,&quot;uvindex&quot;:0.0,&quot;severerisk&quot;:10.0,&quot;conditions&quot;:&quot;Rain, Partially cloudy&quot;,&quot;icon&quot;:&quot;rain&quot;,&quot;stations&quot;:null,&quot;source&quot;:&quot;fcst&quot;},{&quot;datetime&quot;:&quot;03:00:00&quot;,&quot;datetimeEpoch&quot;:1691271000,&quot;temp&quot;:25.1,&quot;feelslike&quot;:25.1,&quot;humidity&quot;:93.63,&quot;dew&quot;:24.0,&quot;precip&quot;:0.2,&quot;precipprob&quot;:71.4,&quot;snow&quot;:0.0,&quot;snowdepth&quot;:0.0,&quot;preciptype&quot;:[&quot;rain&quot;],&quot;windgust&quot;:2.2,&quot;windspeed&quot;:2.2,&quot;winddir&quot;:12.7,&quot;pressure&quot;:997.0,&quot;visibility&quot;:24.1,&quot;cloudcover&quot;:89.4,&quot;solarradiation&quot;:0.0,&quot;solarenergy&quot;:0.0,&quot;uvindex&quot;:0.0,&quot;severerisk&quot;:10.0,&quot;conditions&quot;:&quot;Rain, Partially cloudy&quot;,&quot;icon&quot;:&quot;rain&quot;,&quot;stations&quot;:null,&quot;source&quot;:&quot;fcst&quot;},{&quot;datetime&quot;:&quot;04:00:00&quot;,&quot;datetimeEpoch&quot;:1691274600,&quot;temp&quot;:24.9,&quot;feelslike&quot;:24.9,&quot;humidity&quot;:94.0,&quot;dew&quot;:23.9,&quot;precip&quot;:0.0,&quot;precipprob&quot;:71.4,&quot;snow&quot;:0.0,&quot;snowdepth&quot;:0.0,&quot;preciptype&quot;:[&quot;rain&quot;],&quot;windgust&quot;:2.2,&quot;windspeed&quot;:2.2,&quot;winddir&quot;:32.5,&quot;pressure&quot;:997.3,&quot;visibility&quot;:21.2,&quot;cloudcover&quot;:80.5,&quot;solarradiation&quot;:0.0,&quot;solarenergy&quot;:0.0,&quot;uvindex&quot;:0.0,&quot;severerisk&quot;:10.0,&quot;conditions&quot;:&quot;Rain, Partially cloudy&quot;,&quot;icon&quot;:&quot;rain&quot;,&quot;stations&quot;:null,&quot;source&quot;:&quot;fcst&quot;},{&quot;datetime&quot;:&quot;05:00:00&quot;,&quot;datetimeEpoch&quot;:1691278200,&quot;temp&quot;:24.8,&quot;feelslike&quot;:24.8,&quot;humidity&quot;:94.37,&quot;dew&quot;:23.8,&quot;precip&quot;:0.0,&quot;precipprob&quot;:71.4,&quot;snow&quot;:0.0,&quot;snowdepth&quot;:0.0,&quot;preciptype&quot;:[&quot;rain&quot;],&quot;windgust&quot;:2.2,&quot;windspeed&quot;:2.2,&quot;winddir&quot;:52.3,&quot;pressure&quot;:997.7,&quot;visibility&quot;:18.4,&quot;cloudcover&quot;:71.7,&quot;solarradiation&quot;:0.0,&quot;solarenergy&quot;:0.0,&quot;uvindex&quot;:0.0,&quot;severerisk&quot;:10.0,&quot;conditions&quot;:&quot;Rain, Partially cloudy&quot;,&quot;icon&quot;:&quot;rain&quot;,&quot;stations&quot;:null,&quot;source&quot;:&quot;fcst&quot;},{&quot;datetime&quot;:&quot;06:00:00&quot;,&quot;datetimeEpoch&quot;:1691281800,&quot;temp&quot;:24.7,&quot;feelslike&quot;:24.7,&quot;humidity&quot;:94.74,&quot;dew&quot;:23.8,&quot;precip&quot;:3.7,&quot;precipprob&quot;:71.4,&quot;snow&quot;:0.0,&quot;snowdepth&quot;:0.0,&quot;preciptype&quot;:[&quot;rain&quot;],&quot;windgust&quot;:2.2,&quot;windspeed&quot;:2.2,&quot;winddir&quot;:72.1,&quot;pressure&quot;:998.0,&quot;visibility&quot;:15.5,&quot;cloudcover&quot;:62.8,&quot;solarradiation&quot;:0.0,&quot;solarenergy&quot;:0.0,&quot;uvindex&quot;:0.0,&quot;severerisk&quot;:10.0,&quot;conditions&quot;:&quot;Rain, Partially cloudy&quot;,&quot;icon&quot;:&quot;rain&quot;,&quot;stations&quot;:null,&quot;source&quot;:&quot;fcst&quot;},{&quot;datetime&quot;:&quot;07:00:00&quot;,&quot;datetimeEpoch&quot;:1691285400,&quot;temp&quot;:26.2,&quot;feelslike&quot;:26.2,&quot;humidity&quot;:88.59,&quot;dew&quot;:24.1,&quot;precip&quot;:0.0,&quot;precipprob&quot;:66.7,&quot;snow&quot;:0.0,&quot;snowdepth&quot;:0.0,&quot;preciptype&quot;:[&quot;rain&quot;],&quot;windgust&quot;:4.2,&quot;windspeed&quot;:2.6,&quot;winddir&quot;:64.2,&quot;pressure&quot;:998.3,&quot;visibility&quot;:12.4,&quot;cloudcover&quot;:59.4,&quot;solarradiation&quot;:96.3,&quot;solarenergy&quot;:0.3,&quot;uvindex&quot;:1.0,&quot;severerisk&quot;:10.0,&quot;conditions&quot;:&quot;Rain, Partially cloudy&quot;,&quot;icon&quot;:&quot;rain&quot;,&quot;stations&quot;:null,&quot;source&quot;:&quot;fcst&quot;},{&quot;datetime&quot;:&quot;08:00:00&quot;,&quot;datetimeEpoch&quot;:1691289000,&quot;temp&quot;:27.7,&quot;feelslike&quot;:31.6,&quot;humidity&quot;:82.92,&quot;dew&quot;:24.5,&quot;precip&quot;:0.0,&quot;precipprob&quot;:66.7,&quot;snow&quot;:0.0,&quot;snowdepth&quot;:0.0,&quot;preciptype&quot;:[&quot;rain&quot;],&quot;windgust&quot;:6.2,&quot;windspeed&quot;:3.1,&quot;winddir&quot;:56.3,&quot;pressure&quot;:998.7,&quot;visibility&quot;:9.2,&quot;cloudcover&quot;:55.9,&quot;solarradiation&quot;:192.7,&quot;solarenergy&quot;:0.7,&quot;uvindex&quot;:2.0,&quot;severerisk&quot;:10.0,&quot;conditions&quot;:&quot;Rain, Partially cloudy&quot;,&quot;icon&quot;:&quot;rain&quot;,&quot;stations&quot;:null,&quot;source&quot;:&quot;fcst&quot;},{&quot;datetime&quot;:&quot;09:00:00&quot;,&quot;datetimeEpoch&quot;:1691292600,&quot;temp&quot;:29.2,&quot;feelslike&quot;:34.6,&quot;humidity&quot;:77.68,&quot;dew&quot;:24.9,&quot;precip&quot;:3.1,&quot;precipprob&quot;:66.7,&quot;snow&quot;:0.0,&quot;snowdepth&quot;:0.0,&quot;preciptype&quot;:[&quot;rain&quot;],&quot;windgust&quot;:8.3,&quot;windspeed&quot;:3.6,&quot;winddir&quot;:48.4,&quot;pressure&quot;:999.0,&quot;visibility&quot;:6.1,&quot;cloudcover&quot;:52.5,&quot;solarradiation&quot;:289.0,&quot;solarenergy&quot;:1.0,&quot;uvindex&quot;:3.0,&quot;severerisk&quot;:30.0,&quot;conditions&quot;:&quot;Rain, Partially cloudy&quot;,&quot;icon&quot;:&quot;rain&quot;,&quot;stations&quot;:null,&quot;source&quot;:&quot;fcst&quot;},{&quot;datetime&quot;:&quot;10:00:00&quot;,&quot;datetimeEpoch&quot;:1691296200,&quot;temp&quot;:29.7,&quot;feelslike&quot;:35.5,&quot;humidity&quot;:75.77,&quot;dew&quot;:24.9,&quot;precip&quot;:0.0,&quot;precipprob&quot;:66.7,&quot;snow&quot;:0.0,&quot;snowdepth&quot;:0.0,&quot;preciptype&quot;:[&quot;rain&quot;],&quot;windgust&quot;:9.1,&quot;windspeed&quot;:4.9,&quot;winddir&quot;:52.5,&quot;pressure&quot;:998.7,&quot;visibility&quot;:5.9,&quot;cloudcover&quot;:51.9,&quot;solarradiation&quot;:444.7,&quot;solarenergy&quot;:1.6,&quot;uvindex&quot;:4.0,&quot;severerisk&quot;:30.0,&quot;conditions&quot;:&quot;Rain, Partially cloudy&quot;,&quot;icon&quot;:&quot;rain&quot;,&quot;stations&quot;:null,&quot;source&quot;:&quot;fcst&quot;},{&quot;datetime&quot;:&quot;11:00:00&quot;,&quot;datetimeEpoch&quot;:1691299800,&quot;temp&quot;:30.2,&quot;feelslike&quot;:36.4,&quot;humidity&quot;:73.91,&quot;dew&quot;:25.0,&quot;precip&quot;:0.0,&quot;precipprob&quot;:66.7,&quot;snow&quot;:0.0,&quot;snowdepth&quot;:0.0,&quot;preciptype&quot;:[&quot;rain&quot;],&quot;windgust&quot;:10.0,&quot;windspeed&quot;:6.2,&quot;winddir&quot;:56.7,&quot;pressure&quot;:998.3,&quot;visibility&quot;:5.7,&quot;cloudcover&quot;:51.2,&quot;solarradiation&quot;:600.3,&quot;solarenergy&quot;:2.1,&quot;uvindex&quot;:6.0,&quot;severerisk&quot;:30.0,&quot;conditions&quot;:&quot;Rain, Partially cloudy&quot;,&quot;icon&quot;:&quot;rain&quot;,&quot;stations&quot;:null,&quot;source&quot;:&quot;fcst&quot;},{&quot;datetime&quot;:&quot;12:00:00&quot;,&quot;datetimeEpoch&quot;:1691303400,&quot;temp&quot;:30.7,&quot;feelslike&quot;:37.3,&quot;humidity&quot;:72.11,&quot;dew&quot;:25.1,&quot;precip&quot;:4.1,&quot;precipprob&quot;:66.7,&quot;snow&quot;:0.0,&quot;snowdepth&quot;:0.0,&quot;preciptype&quot;:[&quot;rain&quot;],&quot;windgust&quot;:10.8,&quot;windspeed&quot;:7.6,&quot;winddir&quot;:60.8,&quot;pressure&quot;:998.0,&quot;visibility&quot;:5.5,&quot;cloudcover&quot;:50.6,&quot;solarradiation&quot;:756.0,&quot;solarenergy&quot;:2.7,&quot;uvindex&quot;:8.0,&quot;severerisk&quot;:30.0,&quot;conditions&quot;:&quot;Rain, Partially cloudy&quot;,&quot;icon&quot;:&quot;rain&quot;,&quot;stations&quot;:null,&quot;source&quot;:&quot;fcst&quot;},{&quot;datetime&quot;:&quot;13:00:00&quot;,&quot;datetimeEpoch&quot;:1691307000,&quot;temp&quot;:31.0,&quot;feelslike&quot;:37.7,&quot;humidity&quot;:70.75,&quot;dew&quot;:25.0,&quot;precip&quot;:0.0,&quot;precipprob&quot;:71.4,&quot;snow&quot;:0.0,&quot;snowdepth&quot;:0.0,&quot;preciptype&quot;:[&quot;rain&quot;],&quot;windgust&quot;:10.7,&quot;windspeed&quot;:7.3,&quot;winddir&quot;:62.2,&quot;pressure&quot;:997.3,&quot;visibility&quot;:5.7,&quot;cloudcover&quot;:67.1,&quot;solarradiation&quot;:769.7,&quot;solarenergy&quot;:2.8,&quot;uvindex&quot;:8.0,&quot;severerisk&quot;:30.0,&quot;conditions&quot;:&quot;Rain, Partially cloudy&quot;,&quot;icon&quot;:&quot;rain&quot;,&quot;stations&quot;:null,&quot;source&quot;:&quot;fcst&quot;},{&quot;datetime&quot;:&quot;14:00:00&quot;,&quot;datetimeEpoch&quot;:1691310600,&quot;temp&quot;:31.3,&quot;feelslike&quot;:38.1,&quot;humidity&quot;:69.41,&quot;dew&quot;:25.0,&quot;precip&quot;:0.0,&quot;precipprob&quot;:71.4,&quot;snow&quot;:0.0,&quot;snowdepth&quot;:0.0,&quot;preciptype&quot;:[&quot;rain&quot;],&quot;windgust&quot;:10.6,&quot;windspeed&quot;:7.1,&quot;winddir&quot;:63.7,&quot;pressure&quot;:996.7,&quot;visibility&quot;:5.8,&quot;cloudcover&quot;:83.5,&quot;solarradiation&quot;:783.3,&quot;solarenergy&quot;:2.8,&quot;uvindex&quot;:8.0,&quot;severerisk&quot;:30.0,&quot;conditions&quot;:&quot;Rain, Partially cloudy&quot;,&quot;icon&quot;:&quot;rain&quot;,&quot;stations&quot;:null,&quot;source&quot;:&quot;fcst&quot;},{&quot;datetime&quot;:&quot;15:00:00&quot;,&quot;datetimeEpoch&quot;:1691314200,&quot;temp&quot;:31.6,&quot;feelslike&quot;:38.5,&quot;humidity&quot;:68.1,&quot;dew&quot;:25.0,&quot;precip&quot;:3.8,&quot;precipprob&quot;:71.4,&quot;snow&quot;:0.0,&quot;snowdepth&quot;:0.0,&quot;preciptype&quot;:[&quot;rain&quot;],&quot;windgust&quot;:10.4,&quot;windspeed&quot;:6.8,&quot;winddir&quot;:65.1,&quot;pressure&quot;:996.0,&quot;visibility&quot;:6.0,&quot;cloudcover&quot;:100.0,&quot;solarradiation&quot;:797.0,&quot;solarenergy&quot;:2.9,&quot;uvindex&quot;:8.0,&quot;severerisk&quot;:30.0,&quot;conditions&quot;:&quot;Rain, Overcast&quot;,&quot;icon&quot;:&quot;rain&quot;,&quot;stations&quot;:null,&quot;source&quot;:&quot;fcst&quot;},{&quot;datetime&quot;:&quot;16:00:00&quot;,&quot;datetimeEpoch&quot;:1691317800,&quot;temp&quot;:30.8,&quot;feelslike&quot;:37.8,&quot;humidity&quot;:72.43,&quot;dew&quot;:25.3,&quot;precip&quot;:0.0,&quot;precipprob&quot;:71.4,&quot;snow&quot;:0.0,&quot;snowdepth&quot;:0.0,&quot;preciptype&quot;:[&quot;rain&quot;],&quot;windgust&quot;:9.0,&quot;windspeed&quot;:6.0,&quot;winddir&quot;:70.5,&quot;pressure&quot;:996.0,&quot;visibility&quot;:6.0,&quot;cloudcover&quot;:99.8,&quot;solarradiation&quot;:666.0,&quot;solarenergy&quot;:2.4,&quot;uvindex&quot;:7.0,&quot;severerisk&quot;:30.0,&quot;conditions&quot;:&quot;Rain, Overcast&quot;,&quot;icon&quot;:&quot;rain&quot;,&quot;stations&quot;:null,&quot;source&quot;:&quot;fcst&quot;},{&quot;datetime&quot;:&quot;17:00:00&quot;,&quot;datetimeEpoch&quot;:1691321400,&quot;temp&quot;:30.1,&quot;feelslike&quot;:37.1,&quot;humidity&quot;:77.05,&quot;dew&quot;:25.6,&quot;precip&quot;:0.0,&quot;precipprob&quot;:71.4,&quot;snow&quot;:0.0,&quot;snowdepth&quot;:0.0,&quot;preciptype&quot;:[&quot;rain&quot;],&quot;windgust&quot;:7.6,&quot;windspeed&quot;:5.2,&quot;winddir&quot;:76.0,&quot;pressure&quot;:996.0,&quot;visibility&quot;:5.9,&quot;cloudcover&quot;:99.6,&quot;solarradiation&quot;:535.0,&quot;solarenergy&quot;:2.0,&quot;uvindex&quot;:5.0,&quot;severerisk&quot;:30.0,&quot;conditions&quot;:&quot;Rain, Overcast&quot;,&quot;icon&quot;:&quot;rain&quot;,&quot;stations&quot;:null,&quot;source&quot;:&quot;fcst&quot;},{&quot;datetime&quot;:&quot;18:00:00&quot;,&quot;datetimeEpoch&quot;:1691325000,&quot;temp&quot;:29.4,&quot;feelslike&quot;:36.2,&quot;humidity&quot;:81.97,&quot;dew&quot;:26.0,&quot;precip&quot;:5.2,&quot;precipprob&quot;:71.4,&quot;snow&quot;:0.0,&quot;snowdepth&quot;:0.0,&quot;preciptype&quot;:[&quot;rain&quot;],&quot;windgust&quot;:6.1,&quot;windspeed&quot;:4.3,&quot;winddir&quot;:81.4,&quot;pressure&quot;:996.0,&quot;visibility&quot;:5.9,&quot;cloudcover&quot;:99.4,&quot;solarradiation&quot;:404.0,&quot;solarenergy&quot;:1.5,&quot;uvindex&quot;:4.0,&quot;severerisk&quot;:30.0,&quot;conditions&quot;:&quot;Rain, Overcast&quot;,&quot;icon&quot;:&quot;rain&quot;,&quot;stations&quot;:null,&quot;source&quot;:&quot;fcst&quot;},{&quot;datetime&quot;:&quot;19:00:00&quot;,&quot;datetimeEpoch&quot;:1691328600,&quot;temp&quot;:28.2,&quot;feelslike&quot;:33.4,&quot;humidity&quot;:85.15,&quot;dew&quot;:25.5,&quot;precip&quot;:0.0,&quot;precipprob&quot;:71.4,&quot;snow&quot;:0.0,&quot;snowdepth&quot;:0.0,&quot;preciptype&quot;:[&quot;rain&quot;],&quot;windgust&quot;:5.6,&quot;windspeed&quot;:4.4,&quot;winddir&quot;:76.4,&quot;pressure&quot;:996.7,&quot;visibility&quot;:5.8,&quot;cloudcover&quot;:98.6,&quot;solarradiation&quot;:274.3,&quot;solarenergy&quot;:1.0,&quot;uvindex&quot;:0.0,&quot;severerisk&quot;:30.0,&quot;conditions&quot;:&quot;Rain, Overcast&quot;,&quot;icon&quot;:&quot;rain&quot;,&quot;stations&quot;:null,&quot;source&quot;:&quot;fcst&quot;},{&quot;datetime&quot;:&quot;20:00:00&quot;,&quot;datetimeEpoch&quot;:1691332200,&quot;temp&quot;:27.0,&quot;feelslike&quot;:30.6,&quot;humidity&quot;:88.49,&quot;dew&quot;:25.0,&quot;precip&quot;:0.0,&quot;precipprob&quot;:71.4,&quot;snow&quot;:0.0,&quot;snowdepth&quot;:0.0,&quot;preciptype&quot;:[&quot;rain&quot;],&quot;windgust&quot;:5.2,&quot;windspeed&quot;:4.6,&quot;winddir&quot;:71.3,&quot;pressure&quot;:997.3,&quot;visibility&quot;:5.6,&quot;cloudcover&quot;:97.7,&quot;solarradiation&quot;:144.7,&quot;solarenergy&quot;:0.6,&quot;uvindex&quot;:0.0,&quot;severerisk&quot;:10.0,&quot;conditions&quot;:&quot;Rain, Overcast&quot;,&quot;icon&quot;:&quot;rain&quot;,&quot;stations&quot;:null,&quot;source&quot;:&quot;fcst&quot;},{&quot;datetime&quot;:&quot;21:00:00&quot;,&quot;datetimeEpoch&quot;:1691335800,&quot;temp&quot;:25.9,&quot;feelslike&quot;:25.9,&quot;humidity&quot;:92.0,&quot;dew&quot;:24.5,&quot;precip&quot;:6.1,&quot;precipprob&quot;:71.4,&quot;snow&quot;:0.0,&quot;snowdepth&quot;:0.0,&quot;preciptype&quot;:[&quot;rain&quot;],&quot;windgust&quot;:4.7,&quot;windspeed&quot;:4.7,&quot;winddir&quot;:66.3,&quot;pressure&quot;:998.0,&quot;visibility&quot;:5.5,&quot;cloudcover&quot;:96.9,&quot;solarradiation&quot;:15.0,&quot;solarenergy&quot;:0.1,&quot;uvindex&quot;:0.0,&quot;severerisk&quot;:10.0,&quot;conditions&quot;:&quot;Rain, Overcast&quot;,&quot;icon&quot;:&quot;rain&quot;,&quot;stations&quot;:null,&quot;source&quot;:&quot;fcst&quot;},{&quot;datetime&quot;:&quot;22:00:00&quot;,&quot;datetimeEpoch&quot;:1691339400,&quot;temp&quot;:25.8,&quot;feelslike&quot;:25.8,&quot;humidity&quot;:91.81,&quot;dew&quot;:24.4,&quot;precip&quot;:0.0,&quot;precipprob&quot;:71.4,&quot;snow&quot;:0.0,&quot;snowdepth&quot;:0.0,&quot;preciptype&quot;:[&quot;rain&quot;],&quot;windgust&quot;:4.0,&quot;windspeed&quot;:4.0,&quot;winddir&quot;:71.5,&quot;pressure&quot;:998.0,&quot;visibility&quot;:11.7,&quot;cloudcover&quot;:97.9,&quot;solarradiation&quot;:10.0,&quot;solarenergy&quot;:0.1,&quot;uvindex&quot;:0.0,&quot;severerisk&quot;:10.0,&quot;conditions&quot;:&quot;Rain, Overcast&quot;,&quot;icon&quot;:&quot;rain&quot;,&quot;stations&quot;:null,&quot;source&quot;:&quot;fcst&quot;},{&quot;datetime&quot;:&quot;23:00:00&quot;,&quot;datetimeEpoch&quot;:1691343000,&quot;temp&quot;:25.7,&quot;feelslike&quot;:25.7,&quot;humidity&quot;:91.63,&quot;dew&quot;:24.3,&quot;precip&quot;:0.0,&quot;precipprob&quot;:71.4,&quot;snow&quot;:0.0,&quot;snowdepth&quot;:0.0,&quot;preciptype&quot;:[&quot;rain&quot;],&quot;windgust&quot;:3.2,&quot;windspeed&quot;:3.2,&quot;winddir&quot;:76.8,&quot;pressure&quot;:998.0,&quot;visibility&quot;:17.9,&quot;cloudcover&quot;:99.0,&quot;solarradiation&quot;:5.0,&quot;solarenergy&quot;:0.0,&quot;uvindex&quot;:0.0,&quot;severerisk&quot;:10.0,&quot;conditions&quot;:&quot;Rain, Overcast&quot;,&quot;icon&quot;:&quot;rain&quot;,&quot;stations&quot;:null,&quot;source&quot;:&quot;fcst&quot;}]}],&quot;alerts&quot;:[],&quot;stations&quot;:{&quot;VERC&quot;:{&quot;distance&quot;:92547.0,&quot;latitude&quot;:23.31,&quot;longitude&quot;:85.32,&quot;useCount&quot;:0,&quot;id&quot;:&quot;VERC&quot;,&quot;name&quot;:&quot;VERC&quot;,&quot;quality&quot;:48,&quot;contribution&quot;:0.0}},&quot;currentConditions&quot;:{&quot;datetime&quot;:&quot;17:30:00&quot;,&quot;datetimeEpoch&quot;:1690113600,&quot;temp&quot;:28.0,&quot;feelslike&quot;:32.6,&quot;humidity&quot;:83.8,&quot;dew&quot;:25.0,&quot;precip&quot;:1.0,&quot;precipprob&quot;:95.2,&quot;snow&quot;:0.0,&quot;snowdepth&quot;:0.0,&quot;preciptype&quot;:[&quot;rain&quot;],&quot;windgust&quot;:null,&quot;windspeed&quot;:13.0,&quot;winddir&quot;:130.0,&quot;pressure&quot;:1006.0,&quot;visibility&quot;:4.0,&quot;cloudcover&quot;:88.0,&quot;solarradiation&quot;:249.0,&quot;solarenergy&quot;:0.9,&quot;uvindex&quot;:2.0,&quot;conditions&quot;:&quot;Rain, Partially cloudy&quot;,&quot;icon&quot;:&quot;rain&quot;,&quot;stations&quot;:[&quot;VERC&quot;],&quot;source&quot;:&quot;obs&quot;,&quot;sunrise&quot;:&quot;05:16:54&quot;,&quot;sunriseEpoch&quot;:1690069614,&quot;sunset&quot;:&quot;18:34:26&quot;,&quot;sunsetEpoch&quot;:1690117466,&quot;moonphase&quot;:0.18}}
" type="java.lang.AssertionError">
      <![CDATA[java.lang.AssertionError: 1 expectation failed.
Response body doesn't match expectation.
Expected: The content to match the given JSON schema.
error: instance type (number) does not match any allowed primitive type (allowed: ["null"])
    level: "error"
    schema: {"loadingURI":"#","pointer":"/properties/currentConditions/properties/precip"}
    instance: {"pointer":"/currentConditions/precip"}
    domain: "validation"
    keyword: "type"
    found: "number"
    expected: ["null"]
error: instance type (array) does not match any allowed primitive type (allowed: ["null"])
    level: "error"
    schema: {"loadingURI":"#","pointer":"/properties/currentConditions/properties/preciptype"}
    instance: {"pointer":"/currentConditions/preciptype"}
    domain: "validation"
    keyword: "type"
    found: "array"
    expected: ["null"]
error: object has missing required properties (["AV559","VIDP"])
    level: "error"
    schema: {"loadingURI":"#","pointer":"/properties/stations"}
    instance: {"pointer":"/stations"}
    domain: "validation"
    keyword: "required"
    required: ["AV559","VIDP"]
    missing: ["AV559","VIDP"]

  Actual: {"queryCost":1,"latitude":22.4867,"longitude":85.1946,"resolvedAddress":"Guragaon, Anandpur, JH, India","address":"Guragoan","timezone":"Asia/Kolkata","tzoffset":5.5,"description":"Similar temperatures continuing with a chance of rain multiple days.","days":[{"datetime":"2023-07-23","datetimeEpoch":1690050600,"tempmax":32.6,"tempmin":24.1,"temp":27.7,"feelslikemax":38.2,"feelslikemin":24.1,"feelslike":30.1,"dew":23.7,"humidity":80.1,"precip":3.3,"precipprob":100.0,"precipcover":41.67,"preciptype":["rain"],"snow":0.0,"snowdepth":0.0,"windgust":37.1,"windspeed":19.1,"winddir":103.3,"pressure":1003.9,"cloudcover":66.8,"visibility":23.1,"solarradiation":233.5,"solarenergy":20.2,"uvindex":8.0,"severerisk":60.0,"sunrise":"05:16:54","sunriseEpoch":1690069614,"sunset":"18:34:26","sunsetEpoch":1690117466,"moonphase":0.18,"conditions":"Rain, Partially cloudy","description":"Partly cloudy throughout the day with storms possible.","icon":"rain","stations":["remote"],"source":"comb","hours":[{"datetime":"00:00:00","datetimeEpoch":1690050600,"temp":24.9,"feelslike":24.9,"humidity":93.62,"dew":23.8,"precip":0.0,"precipprob":0.0,"snow":0.0,"snowdepth":0.0,"preciptype":null,"windgust":21.2,"windspeed":7.2,"winddir":74.0,"pressure":1006.0,"visibility":24.1,"cloudcover":99.2,"solarradiation":0.0,"solarenergy":0.0,"uvindex":0.0,"severerisk":10.0,"conditions":"Overcast","icon":"cloudy","stations":["remote"],"source":"obs"},{"datetime":"01:00:00","datetimeEpoch":1690054200,"temp":24.8,"feelslike":24.8,"humidity":94.18,"dew":23.8,"precip":0.0,"precipprob":0.0,"snow":0.0,"snowdepth":0.0,"preciptype":null,"windgust":20.2,"windspeed":6.8,"winddir":67.6,"pressure":1006.0,"visibility":24.1,"cloudcover":100.0,"solarradiation":0.0,"solarenergy":0.0,"uvindex":0.0,"severerisk":10.0,"conditions":"Overcast","icon":"cloudy","stations":["remote"],"source":"obs"},{"datetime":"02:00:00","datetimeEpoch":1690057800,"temp":24.6,"feelslike":24.6,"humidity":95.31,"dew":23.8,"precip":0.0,"precipprob":0.0,"snow":0.0,"snowdepth":0.0,"preciptype":null,"windgust":20.5,"windspeed":6.8,"winddir":68.7,"pressure":1005.0,"visibility":24.1,"cloudcover":100.0,"solarradiation":0.0,"solarenergy":0.0,"uvindex":0.0,"severerisk":10.0,"conditions":"Overcast","icon":"cloudy","stations":["remote"],"source":"obs"},{"datetime":"03:00:00","datetimeEpoch":1690061400,"temp":24.3,"feelslike":24.3,"humidity":97.04,"dew":23.8,"precip":0.0,"precipprob":0.0,"snow":0.0,"snowdepth":0.0,"preciptype":null,"windgust":19.1,"windspeed":6.5,"winddir":67.4,"pressure":1005.0,"visibility":24.1,"cloudcover":73.7,"solarradiation":0.0,"solarenergy":0.0,"uvindex":0.0,"severerisk":10.0,"conditions":"Partially cloudy","icon":"partly-cloudy-night","stations":["remote"],"source":"obs"},{"datetime":"04:00:00","datetimeEpoch":1690065000,"temp":24.2,"feelslike":24.2,"humidity":97.62,"dew":23.8,"precip":0.0,"precipprob":0.0,"snow":0.0,"snowdepth":0.0,"preciptype":null,"windgust":18.7,"windspeed":6.5,"winddir":61.7,"pressure":1005.0,"visibility":24.1,"cloudcover":23.8,"solarradiation":0.0,"solarenergy":0.0,"uvindex":0.0,"severerisk":10.0,"conditions":"Partially cloudy","icon":"partly-cloudy-night","stations":["remote"],"source":"obs"},{"datetime":"05:00:00","datetimeEpoch":1690068600,"temp":24.1,"feelslike":24.1,"humidity":98.21,"dew":23.8,"precip":0.0,"precipprob":0.0,"snow":0.0,"snowdepth":0.0,"preciptype":null,"windgust":18.0,"windspeed":6.1,"winddir":66.9,"pressure":1005.0,"visibility":24.1,"cloudcover":50.2,"solarradiation":0.0,"solarenergy":0.0,"uvindex":0.0,"severerisk":10.0,"conditions":"Partially cloudy","icon":"partly-cloudy-night","stations":["remote"],"source":"obs"},{"datetime":"06:00:00","datetimeEpoch":1690072200,"temp":24.2,"feelslike":24.2,"humidity":98.21,"dew":23.9,"precip":0.0,"precipprob":0.0,"snow":0.0,"snowdepth":0.0,"preciptype":null,"windgust":21.6,"windspeed":6.5,"winddir":65.6,"pressure":1005.0,"visibility":24.1,"cloudcover":100.0,"solarradiation":1.0,"solarenergy":0.0,"uvindex":0.0,"severerisk":10.0,"conditions":"Overcast","icon":"cloudy","stations":["remote"],"source":"obs"},{"datetime":"07:00:00","datetimeEpoch":1690075800,"temp":25.7,"feelslike":25.7,"humidity":90.89,"dew":24.1,"precip":0.0,"precipprob":0.0,"snow":0.0,"snowdepth":0.0,"preciptype":null,"windgust":29.9,"windspeed":9.7,"winddir":67.9,"pressure":1005.0,"visibility":24.1,"cloudcover":100.0,"solarradiation":76.0,"solarenergy":0.3,"uvindex":1.0,"severerisk":10.0,"conditions":"Overcast","icon":"cloudy","stations":["remote"],"source":"obs"},{"datetime":"08:00:00","datetimeEpoch":1690079400,"temp":27.1,"feelslike":30.1,"humidity":82.19,"dew":23.8,"precip":0.0,"precipprob":0.0,"snow":0.0,"snowdepth":0.0,"preciptype":null,"windgust":30.6,"windspeed":15.1,"winddir":80.8,"pressure":1005.0,"visibility":24.1,"cloudcover":100.0,"solarradiation":218.0,"solarenergy":0.8,"uvindex":2.0,"severerisk":10.0,"conditions":"Overcast","icon":"cloudy","stations":["remote"],"source":"obs"},{"datetime":"09:00:00","datetimeEpoch":1690083000,"temp":28.6,"feelslike":32.5,"humidity":74.39,"dew":23.6,"precip":0.0,"precipprob":0.0,"snow":0.0,"snowdepth":0.0,"preciptype":null,"windgust":28.8,"windspeed":18.0,"winddir":91.7,"pressure":1006.0,"visibility":24.1,"cloudcover":96.3,"solarradiation":415.0,"solarenergy":1.5,"uvindex":4.0,"severerisk":30.0,"conditions":"Overcast","icon":"cloudy","stations":["remote"],"source":"obs"},{"datetime":"10:00:00","datetimeEpoch":1690086600,"temp":30.4,"feelslike":35.2,"humidity":67.05,"dew":23.6,"precip":0.0,"precipprob":0.0,"snow":0.0,"snowdepth":0.0,"preciptype":null,"windgust":26.6,"windspeed":19.1,"winddir":95.4,"pressure":1005.0,"visibility":24.1,"cloudcover":57.4,"solarradiation":651.0,"solarenergy":2.3,"uvindex":7.0,"severerisk":30.0,"conditions":"Partially cloudy","icon":"partly-cloudy-day","stations":["remote"],"source":"obs"},{"datetime":"11:00:00","datetimeEpoch":1690090200,"temp":31.5,"feelslike":36.4,"humidity":62.22,"dew":23.4,"precip":0.1,"precipprob":100.0,"snow":0.0,"snowdepth":0.0,"preciptype":["rain"],"windgust":25.6,"windspeed":19.1,"winddir":96.0,"pressure":1005.0,"visibility":24.1,"cloudcover":81.2,"solarradiation":705.0,"solarenergy":2.5,"uvindex":7.0,"severerisk":30.0,"conditions":"Rain, Partially cloudy","icon":"rain","stations":["remote"],"source":"obs"},{"datetime":"12:00:00","datetimeEpoch":1690093800,"temp":31.8,"feelslike":36.8,"humidity":61.17,"dew":23.4,"precip":0.1,"precipprob":100.0,"snow":0.0,"snowdepth":0.0,"preciptype":["rain"],"windgust":25.2,"windspeed":18.0,"winddir":97.4,"pressure":1004.0,"visibility":18.3,"cloudcover":95.2,"solarradiation":669.0,"solarenergy":2.4,"uvindex":7.0,"severerisk":30.0,"conditions":"Rain, Overcast","icon":"rain","stations":["remote"],"source":"obs"},{"datetime":"13:00:00","datetimeEpoch":1690097400,"temp":31.4,"feelslike":36.3,"humidity":62.57,"dew":23.4,"precip":0.2,"precipprob":100.0,"snow":0.0,"snowdepth":0.0,"preciptype":["rain"],"windgust":24.5,"windspeed":17.6,"winddir":101.6,"pressure":1003.0,"visibility":23.4,"cloudcover":96.0,"solarradiation":484.0,"solarenergy":1.7,"uvindex":5.0,"severerisk":30.0,"conditions":"Rain, Overcast","icon":"rain","stations":["remote"],"source":"obs"},{"datetime":"14:00:00","datetimeEpoch":1690101000,"temp":31.1,"feelslike":36.2,"humidity":64.81,"dew":23.7,"precip":0.1,"precipprob":100.0,"snow":0.0,"snowdepth":0.0,"preciptype":["rain"],"windgust":22.7,"windspeed":15.1,"winddir":106.8,"pressure":1002.0,"visibility":24.1,"cloudcover":55.1,"solarradiation":382.0,"solarenergy":1.4,"uvindex":4.0,"severerisk":30.0,"conditions":"Rain, Partially cloudy","icon":"rain","stations":["remote"],"source":"obs"},{"datetime":"15:00:00","datetimeEpoch":1690104600,"temp":32.6,"feelslike":38.2,"humidity":59.53,"dew":23.7,"precip":0.3,"precipprob":100.0,"snow":0.0,"snowdepth":0.0,"preciptype":["rain"],"windgust":22.0,"windspeed":15.8,"winddir":114.2,"pressure":1001.0,"visibility":24.1,"cloudcover":55.2,"solarradiation":765.0,"solarenergy":2.8,"uvindex":8.0,"severerisk":30.0,"conditions":"Rain, Partially cloudy","icon":"rain","stations":["remote"],"source":"obs"},{"datetime":"16:00:00","datetimeEpoch":1690108200,"temp":32.0,"feelslike":37.7,"humidity":62.33,"dew":23.9,"precip":0.5,"precipprob":100.0,"snow":0.0,"snowdepth":0.0,"preciptype":["rain"],"windgust":20.9,"windspeed":15.1,"winddir":112.9,"pressure":1001.0,"visibility":24.1,"cloudcover":99.8,"solarradiation":581.0,"solarenergy":2.1,"uvindex":6.0,"severerisk":60.0,"conditions":"Rain, Overcast","icon":"rain","stations":["remote"],"source":"obs"},{"datetime":"17:00:00","datetimeEpoch":1690111800,"temp":30.7,"feelslike":36.1,"humidity":67.93,"dew":24.1,"precip":0.6,"precipprob":100.0,"snow":0.0,"snowdepth":0.0,"preciptype":["rain"],"windgust":23.0,"windspeed":14.0,"winddir":123.9,"pressure":1001.0,"visibility":7.7,"cloudcover":99.8,"solarradiation":359.0,"solarenergy":1.3,"uvindex":4.0,"severerisk":30.0,"conditions":"Rain, Overcast","icon":"rain","stations":["remote"],"source":"obs"},{"datetime":"18:00:00","datetimeEpoch":1690115400,"temp":29.4,"feelslike":34.1,"humidity":72.76,"dew":24.0,"precip":1.0,"precipprob":95.2,"snow":0.0,"snowdepth":0.0,"preciptype":["rain"],"windgust":26.3,"windspeed":13.0,"winddir":131.5,"pressure":1001.0,"visibility":24.1,"cloudcover":96.3,"solarradiation":249.0,"solarenergy":0.9,"uvindex":2.0,"severerisk":30.0,"conditions":"Rain, Overcast","icon":"rain","stations":null,"source":"fcst"},{"datetime":"19:00:00","datetimeEpoch":1690119000,"temp":27.5,"feelslike":30.8,"humidity":80.28,"dew":23.8,"precip":0.3,"precipprob":33.3,"snow":0.0,"snowdepth":0.0,"preciptype":["rain"],"windgust":26.6,"windspeed":10.8,"winddir":136.8,"pressure":1002.0,"visibility":24.1,"cloudcover":9.3,"solarradiation":49.0,"solarenergy":0.2,"uvindex":0.0,"severerisk":30.0,"conditions":"Clear","icon":"clear-night","stations":null,"source":"fcst"},{"datetime":"20:00:00","datetimeEpoch":1690122600,"temp":26.7,"feelslike":26.7,"humidity":82.64,"dew":23.5,"precip":0.1,"precipprob":33.3,"snow":0.0,"snowdepth":0.0,"preciptype":["rain"],"windgust":32.4,"windspeed":11.5,"winddir":140.8,"pressure":1003.0,"visibility":24.1,"cloudcover":5.9,"solarradiation":0.0,"solarenergy":0.0,"uvindex":0.0,"severerisk":10.0,"conditions":"Clear","icon":"clear-night","stations":null,"source":"fcst"},{"datetime":"21:00:00","datetimeEpoch":1690126200,"temp":26.3,"feelslike":26.3,"humidity":83.59,"dew":23.3,"precip":0.0,"precipprob":33.3,"snow":0.0,"snowdepth":0.0,"preciptype":null,"windgust":37.1,"windspeed":12.6,"winddir":140.4,"pressure":1004.0,"visibility":24.1,"cloudcover":0.0,"solarradiation":0.0,"solarenergy":0.0,"uvindex":0.0,"severerisk":10.0,"conditions":"Clear","icon":"clear-night","stations":null,"source":"fcst"},{"datetime":"22:00:00","datetimeEpoch":1690129800,"temp":26.0,"feelslike":26.0,"humidity":85.09,"dew":23.3,"precip":0.0,"precipprob":33.3,"snow":0.0,"snowdepth":0.0,"preciptype":null,"windgust":34.2,"windspeed":11.9,"winddir":134.7,"pressure":1004.0,"visibility":24.1,"cloudcover":3.5,"solarradiation":0.0,"solarenergy":0.0,"uvindex":0.0,"severerisk":10.0,"conditions":"Clear","icon":"clear-night","stations":null,"source":"fcst"},{"datetime":"23:00:00","datetimeEpoch":1690133400,"temp":25.6,"feelslike":25.6,"humidity":87.66,"dew":23.4,"precip":0.0,"precipprob":33.3,"snow":0.0,"snowdepth":0.0,"preciptype":null,"windgust":28.8,"windspeed":10.4,"winddir":132.4,"pressure":1004.0,"visibility":24.1,"cloudcover":5.0,"solarradiation":0.0,"solarenergy":0.0,"uvindex":0.0,"severerisk":10.0,"conditions":"Clear","icon":"clear-night","stations":null,"source":"fcst"}]},{"datetime":"2023-07-24","datetimeEpoch":1690137000,"tempmax":33.0,"tempmin":23.6,"temp":27.9,"feelslikemax":37.3,"feelslikemin":23.6,"feelslike":30.1,"dew":23.0,"humidity":76.3,"precip":0.1,"precipprob":33.3,"precipcover":4.17,"preciptype":["rain"],"snow":0.0,"snowdepth":0.0,"windgust":33.5,"windspeed":14.8,"winddir":93.3,"pressure":1002.4,"cloudcover":51.9,"visibility":24.1,"solarradiation":219.3,"solarenergy":18.9,"uvindex":7.0,"severerisk":30.0,"sunrise":"05:17:19","sunriseEpoch":1690156039,"sunset":"18:34:03","sunsetEpoch":1690203843,"moonphase":0.22,"conditions":"Partially cloudy","description":"Partly cloudy throughout the day with storms possible.","icon":"partly-cloudy-day","stations":null,"source":"fcst","hours":[{"datetime":"00:00:00","datetimeEpoch":1690137000,"temp":25.1,"feelslike":25.1,"humidity":89.76,"dew":23.3,"precip":0.0,"precipprob":33.3,"snow":0.0,"snowdepth":0.0,"preciptype":null,"windgust":22.0,"windspeed":7.9,"winddir":123.4,"pressure":1004.0,"visibility":24.1,"cloudcover":5.0,"solarradiation":0.0,"solarenergy":0.0,"uvindex":0.0,"severerisk":10.0,"conditions":"Clear","icon":"clear-night","stations":null,"source":"fcst"},{"datetime":"01:00:00","datetimeEpoch":1690140600,"temp":24.8,"feelslike":24.8,"humidity":91.94,"dew":23.4,"precip":0.0,"precipprob":4.8,"snow":0.0,"snowdepth":0.0,"preciptype":null,"windgust":11.9,"windspeed":5.8,"winddir":104.2,"pressure":1003.0,"visibility":24.1,"cloudcover":30.2,"solarradiation":0.0,"solarenergy":0.0,"uvindex":0.0,"severerisk":10.0,"conditions":"Partially cloudy","icon":"partly-cloudy-night","stations":null,"source":"fcst"},{"datetime":"02:00:00","datetimeEpoch":1690144200,"temp":24.4,"feelslike":24.4,"humidity":93.6,"dew":23.3,"precip":0.0,"precipprob":4.8,"snow":0.0,"snowdepth":0.0,"preciptype":null,"windgust":7.6,"windspeed":5.0,"winddir":87.2,"pressure":1003.0,"visibility":24.1,"cloudcover":80.9,"solarradiation":0.0,"solarenergy":0.0,"uvindex":0.0,"severerisk":10.0,"conditions":"Partially cloudy","icon":"partly-cloudy-night","stations":null,"source":"fcst"},{"datetime":"03:00:00","datetimeEpoch":1690147800,"temp":24.1,"feelslike":24.1,"humidity":95.3,"dew":23.3,"precip":0.0,"precipprob":4.8,"snow":0.0,"snowdepth":0.0,"preciptype":null,"windgust":5.8,"windspeed":5.0,"winddir":77.0,"pressure":1003.0,"visibility":24.1,"cloudcover":100.0,"solarradiation":0.0,"solarenergy":0.0,"uvindex":0.0,"severerisk":10.0,"conditions":"Overcast","icon":"cloudy","stations":null,"source":"fcst"},{"datetime":"04:00:00","datetimeEpoch":1690151400,"temp":23.9,"feelslike":23.9,"humidity":95.87,"dew":23.2,"precip":0.0,"precipprob":4.8,"snow":0.0,"snowdepth":0.0,"preciptype":null,"windgust":5.8,"windspeed":5.0,"winddir":72.2,"pressure":1003.0,"visibility":24.1,"cloudcover":84.5,"solarradiation":0.0,"solarenergy":0.0,"uvindex":0.0,"severerisk":10.0,"conditions":"Partially cloudy","icon":"partly-cloudy-night","stations":null,"source":"fcst"},{"datetime":"05:00:00","datetimeEpoch":1690155000,"temp":23.6,"feelslike":23.6,"humidity":97.61,"dew":23.2,"precip":0.0,"precipprob":4.8,"snow":0.0,"snowdepth":0.0,"preciptype":null,"windgust":5.8,"windspeed":5.0,"winddir":71.9,"pressure":1002.0,"visibility":24.1,"cloudcover":18.6,"solarradiation":0.0,"solarenergy":0.0,"uvindex":0.0,"severerisk":10.0,"conditions":"Clear","icon":"clear-night","stations":null,"source":"fcst"},{"datetime":"06:00:00","datetimeEpoch":1690158600,"temp":23.6,"feelslike":23.6,"humidity":97.61,"dew":23.2,"precip":0.0,"precipprob":4.8,"snow":0.0,"snowdepth":0.0,"preciptype":null,"windgust":7.9,"windspeed":5.8,"winddir":75.5,"pressure":1003.0,"visibility":24.1,"cloudcover":40.6,"solarradiation":1.0,"solarenergy":0.0,"uvindex":0.0,"severerisk":10.0,"conditions":"Partially cloudy","icon":"partly-cloudy-day","stations":null,"source":"fcst"},{"datetime":"07:00:00","datetimeEpoch":1690162200,"temp":25.2,"feelslike":25.2,"humidity":90.31,"dew":23.5,"precip":0.0,"precipprob":0.0,"snow":0.0,"snowdepth":0.0,"preciptype":null,"windgust":14.4,"windspeed":6.5,"winddir":90.4,"pressure":1003.0,"visibility":24.1,"cloudcover":19.7,"solarradiation":88.0,"solarenergy":0.3,"uvindex":1.0,"severerisk":10.0,"conditions":"Clear","icon":"clear-day","stations":null,"source":"fcst"},{"datetime":"08:00:00","datetimeEpoch":1690165800,"temp":27.1,"feelslike":29.9,"humidity":80.23,"dew":23.4,"precip":0.0,"precipprob":0.0,"snow":0.0,"snowdepth":0.0,"preciptype":null,"windgust":15.5,"windspeed":9.4,"winddir":104.6,"pressure":1004.0,"visibility":24.1,"cloudcover":49.0,"solarradiation":305.0,"solarenergy":1.1,"uvindex":3.0,"severerisk":10.0,"conditions":"Partially cloudy","icon":"partly-cloudy-day","stations":null,"source":"fcst"},{"datetime":"09:00:00","datetimeEpoch":1690169400,"temp":28.6,"feelslike":32.1,"humidity":72.18,"dew":23.1,"precip":0.0,"precipprob":0.0,"snow":0.0,"snowdepth":0.0,"preciptype":null,"windgust":15.1,"windspeed":10.4,"winddir":120.8,"pressure":1004.0,"visibility":24.1,"cloudcover":90.6,"solarradiation":474.0,"solarenergy":1.7,"uvindex":5.0,"severerisk":10.0,"conditions":"Overcast","icon":"cloudy","stations":null,"source":"fcst"},{"datetime":"10:00:00","datetimeEpoch":1690173000,"temp":30.0,"feelslike":33.9,"humidity":65.37,"dew":22.8,"precip":0.0,"precipprob":0.0,"snow":0.0,"snowdepth":0.0,"preciptype":["rain"],"windgust":15.1,"windspeed":11.2,"winddir":122.7,"pressure":1004.0,"visibility":24.1,"cloudcover":63.8,"solarradiation":602.0,"solarenergy":2.2,"uvindex":6.0,"severerisk":10.0,"conditions":"Partially cloudy","icon":"partly-cloudy-day","stations":null,"source":"fcst"},{"datetime":"11:00:00","datetimeEpoch":1690176600,"temp":31.0,"feelslike":35.0,"humidity":60.99,"dew":22.6,"precip":0.0,"precipprob":0.0,"snow":0.0,"snowdepth":0.0,"preciptype":["rain"],"windgust":13.7,"windspeed":10.4,"winddir":116.0,"pressure":1004.0,"visibility":24.1,"cloudcover":96.2,"solarradiation":665.0,"solarenergy":2.4,"uvindex":7.0,"severerisk":10.0,"conditions":"Overcast","icon":"cloudy","stations":null,"source":"fcst"},{"datetime":"12:00:00","datetimeEpoch":1690180200,"temp":31.0,"feelslike":34.8,"humidity":60.25,"dew":22.4,"precip":0.1,"precipprob":0.0,"snow":0.0,"snowdepth":0.0,"preciptype":["rain"],"windgust":13.0,"windspeed":10.8,"winddir":94.6,"pressure":1003.0,"visibility":24.1,"cloudcover":92.1,"solarradiation":496.0,"solarenergy":1.8,"uvindex":5.0,"severerisk":10.0,"conditions":"Overcast","icon":"cloudy","stations":null,"source":"fcst"},{"datetime":"13:00:00","datetimeEpoch":1690183800,"temp":31.0,"feelslike":35.0,"humidity":60.99,"dew":22.6,"precip":0.0,"precipprob":19.0,"snow":0.0,"snowdepth":0.0,"preciptype":null,"windgust":13.0,"windspeed":10.8,"winddir":91.7,"pressure":1002.0,"visibility":24.1,"cloudcover":72.3,"solarradiation":419.0,"solarenergy":1.5,"uvindex":4.0,"severerisk":10.0,"conditions":"Partially cloudy","icon":"partly-cloudy-day","stations":null,"source":"fcst"},{"datetime":"14:00:00","datetimeEpoch":1690187400,"temp":31.9,"feelslike":36.1,"humidity":57.95,"dew":22.6,"precip":0.0,"precipprob":19.0,"snow":0.0,"snowdepth":0.0,"preciptype":null,"windgust":13.7,"windspeed":10.8,"winddir":87.6,"pressure":1001.0,"visibility":24.1,"cloudcover":37.3,"solarradiation":585.0,"solarenergy":2.1,"uvindex":6.0,"severerisk":30.0,"conditions":"Partially cloudy","icon":"partly-cloudy-day","stations":null,"source":"fcst"},{"datetime":"15:00:00","datetimeEpoch":1690191000,"temp":33.0,"feelslike":37.3,"humidity":53.8,"dew":22.4,"precip":0.0,"precipprob":19.0,"snow":0.0,"snowdepth":0.0,"preciptype":null,"windgust":15.8,"windspeed":12.6,"winddir":79.3,"pressure":1000.0,"visibility":24.1,"cloudcover":59.9,"solarradiation":708.0,"solarenergy":2.5,"uvindex":7.0,"severerisk":30.0,"conditions":"Partially cloudy","icon":"partly-cloudy-day","stations":null,"source":"fcst"},{"datetime":"16:00:00","datetimeEpoch":1690194600,"temp":32.6,"feelslike":36.9,"humidity":55.36,"dew":22.5,"precip":0.0,"precipprob":19.0,"snow":0.0,"snowdepth":0.0,"preciptype":null,"windgust":17.3,"windspeed":14.8,"winddir":81.7,"pressure":1000.0,"visibility":24.1,"cloudcover":87.1,"solarradiation":525.0,"solarenergy":1.9,"uvindex":5.0,"severerisk":30.0,"conditions":"Partially cloudy","icon":"partly-cloudy-day","stations":null,"source":"fcst"},{"datetime":"17:00:00","datetimeEpoch":1690198200,"temp":31.2,"feelslike":35.6,"humidity":61.78,"dew":23.0,"precip":0.0,"precipprob":19.0,"snow":0.0,"snowdepth":0.0,"preciptype":null,"windgust":19.8,"windspeed":12.2,"winddir":84.4,"pressure":1000.0,"visibility":24.1,"cloudcover":80.2,"solarradiation":224.0,"solarenergy":0.8,"uvindex":2.0,"severerisk":30.0,"conditions":"Partially cloudy","icon":"partly-cloudy-day","stations":null,"source":"fcst"},{"datetime":"18:00:00","datetimeEpoch":1690201800,"temp":30.4,"feelslike":34.9,"humidity":65.85,"dew":23.3,"precip":0.0,"precipprob":19.0,"snow":0.0,"snowdepth":0.0,"preciptype":null,"windgust":23.0,"windspeed":10.1,"winddir":84.4,"pressure":1000.0,"visibility":24.1,"cloudcover":61.7,"solarradiation":129.0,"solarenergy":0.5,"uvindex":1.0,"severerisk":30.0,"conditions":"Partially cloudy","icon":"partly-cloudy-day","stations":null,"source":"fcst"},{"datetime":"19:00:00","datetimeEpoch":1690205400,"temp":29.0,"feelslike":32.7,"humidity":70.53,"dew":23.1,"precip":0.0,"precipprob":9.5,"snow":0.0,"snowdepth":0.0,"preciptype":null,"windgust":28.4,"windspeed":10.8,"winddir":83.7,"pressure":1001.0,"visibility":24.1,"cloudcover":17.5,"solarradiation":41.0,"solarenergy":0.1,"uvindex":0.0,"severerisk":30.0,"conditions":"Clear","icon":"clear-night","stations":null,"source":"fcst"},{"datetime":"20:00:00","datetimeEpoch":1690209000,"temp":27.9,"feelslike":30.9,"humidity":74.28,"dew":22.9,"precip":0.0,"precipprob":9.5,"snow":0.0,"snowdepth":0.0,"preciptype":null,"windgust":33.5,"windspeed":11.9,"winddir":92.1,"pressure":1002.0,"visibility":24.1,"cloudcover":4.5,"solarradiation":0.0,"solarenergy":0.0,"uvindex":0.0,"severerisk":10.0,"conditions":"Clear","icon":"clear-night","stations":null,"source":"fcst"},{"datetime":"21:00:00","datetimeEpoch":1690212600,"temp":27.2,"feelslike":29.8,"humidity":76.92,"dew":22.8,"precip":0.0,"precipprob":9.5,"snow":0.0,"snowdepth":0.0,"preciptype":null,"windgust":33.5,"windspeed":11.5,"winddir":93.6,"pressure":1002.0,"visibility":24.1,"cloudcover":5.0,"solarradiation":0.0,"solarenergy":0.0,"uvindex":0.0,"severerisk":10.0,"conditions":"Clear","icon":"clear-night","stations":null,"source":"fcst"},{"datetime":"22:00:00","datetimeEpoch":1690216200,"temp":26.6,"feelslike":26.6,"humidity":79.2,"dew":22.7,"precip":0.0,"precipprob":9.5,"snow":0.0,"snowdepth":0.0,"preciptype":null,"windgust":26.6,"windspeed":9.0,"winddir":94.1,"pressure":1003.0,"visibility":24.1,"cloudcover":20.1,"solarradiation":0.0,"solarenergy":0.0,"uvindex":0.0,"severerisk":10.0,"conditions":"Partially cloudy","icon":"partly-cloudy-night","stations":null,"source":"fcst"},{"datetime":"23:00:00","datetimeEpoch":1690219800,"temp":25.8,"feelslike":25.8,"humidity":83.03,"dew":22.7,"precip":0.0,"precipprob":9.5,"snow":0.0,"snowdepth":0.0,"preciptype":null,"windgust":11.2,"windspeed":6.5,"winddir":85.2,"pressure":1003.0,"visibility":24.1,"cloudcover":29.6,"solarradiation":0.0,"solarenergy":0.0,"uvindex":0.0,"severerisk":3.0,"conditions":"Partially cloudy","icon":"partly-cloudy-night","stations":null,"source":"fcst"}]},{"datetime":"2023-07-25","datetimeEpoch":1690223400,"tempmax":32.9,"tempmin":23.9,"temp":28.1,"feelslikemax":38.1,"feelslikemin":23.9,"feelslike":30.6,"dew":23.1,"humidity":75.5,"precip":0.7,"precipprob":23.8,"precipcover":29.17,"preciptype":["rain"],"snow":0.0,"snowdepth":0.0,"windgust":31.7,"windspeed":18.4,"winddir":75.2,"pressure":1002.0,"cloudcover":50.5,"visibility":24.0,"solarradiation":272.6,"solarenergy":23.6,"uvindex":8.0,"severerisk":30.0,"sunrise":"05:17:44","sunriseEpoch":1690242464,"sunset":"18:33:40","sunsetEpoch":1690290220,"moonphase":0.25,"conditions":"Partially cloudy","description":"Partly cloudy throughout the day.","icon":"partly-cloudy-day","stations":null,"source":"fcst","hours":[{"datetime":"00:00:00","datetimeEpoch":1690223400,"temp":25.1,"feelslike":25.1,"humidity":85.52,"dew":22.5,"precip":0.0,"precipprob":9.5,"snow":0.0,"snowdepth":0.0,"preciptype":null,"windgust":9.4,"windspeed":6.5,"winddir":73.5,"pressure":1003.0,"visibility":24.1,"cloudcover":19.9,"solarradiation":0.0,"solarenergy":0.0,"uvindex":0.0,"severerisk":3.0,"conditions":"Clear","icon":"clear-night","stations":null,"source":"fcst"},{"datetime":"01:00:00","datetimeEpoch":1690227000,"temp":24.7,"feelslike":24.7,"humidity":86.52,"dew":22.3,"precip":0.0,"precipprob":0.0,"snow":0.0,"snowdepth":0.0,"preciptype":null,"windgust":10.1,"windspeed":7.2,"winddir":56.8,"pressure":1003.0,"visibility":24.1,"cloudcover":35.0,"solarradiation":0.0,"solarenergy":0.0,"uvindex":0.0,"severerisk":3.0,"conditions":"Partially cloudy","icon":"partly-cloudy-night","stations":null,"source":"fcst"},{"datetime":"02:00:00","datetimeEpoch":1690230600,"temp":24.4,"feelslike":24.4,"humidity":87.56,"dew":22.2,"precip":0.0,"precipprob":0.0,"snow":0.0,"snowdepth":0.0,"preciptype":null,"windgust":12.6,"windspeed":6.8,"winddir":61.2,"pressure":1002.0,"visibility":24.1,"cloudcover":33.7,"solarradiation":0.0,"solarenergy":0.0,"uvindex":0.0,"severerisk":5.0,"conditions":"Partially cloudy","icon":"partly-cloudy-night","stations":null,"source":"fcst"},{"datetime":"03:00:00","datetimeEpoch":1690234200,"temp":24.1,"feelslike":24.1,"humidity":89.69,"dew":22.3,"precip":0.0,"precipprob":0.0,"snow":0.0,"snowdepth":0.0,"preciptype":null,"windgust":13.0,"windspeed":6.5,"winddir":60.9,"pressure":1002.0,"visibility":24.1,"cloudcover":40.1,"solarradiation":0.0,"solarenergy":0.0,"uvindex":0.0,"severerisk":5.0,"conditions":"Partially cloudy","icon":"partly-cloudy-night","stations":null,"source":"fcst"},{"datetime":"04:00:00","datetimeEpoch":1690237800,"temp":23.9,"feelslike":23.9,"humidity":91.88,"dew":22.5,"precip":0.0,"precipprob":0.0,"snow":0.0,"snowdepth":0.0,"preciptype":null,"windgust":12.6,"windspeed":6.5,"winddir":52.5,"pressure":1002.0,"visibility":24.1,"cloudcover":100.0,"solarradiation":0.0,"solarenergy":0.0,"uvindex":0.0,"severerisk":3.0,"conditions":"Overcast","icon":"cloudy","stations":null,"source":"fcst"},{"datetime":"05:00:00","datetimeEpoch":1690241400,"temp":23.9,"feelslike":23.9,"humidity":92.44,"dew":22.6,"precip":0.0,"precipprob":0.0,"snow":0.0,"snowdepth":0.0,"preciptype":null,"windgust":13.3,"windspeed":6.1,"winddir":58.8,"pressure":1002.0,"visibility":24.1,"cloudcover":100.0,"solarradiation":0.0,"solarenergy":0.0,"uvindex":0.0,"severerisk":3.0,"conditions":"Overcast","icon":"cloudy","stations":null,"source":"fcst"},{"datetime":"06:00:00","datetimeEpoch":1690245000,"temp":23.9,"feelslike":23.9,"humidity":93.57,"dew":22.8,"precip":0.0,"precipprob":0.0,"snow":0.0,"snowdepth":0.0,"preciptype":null,"windgust":14.0,"windspeed":6.1,"winddir":58.6,"pressure":1003.0,"visibility":24.1,"cloudcover":39.2,"solarradiation":1.0,"solarenergy":0.0,"uvindex":0.0,"severerisk":3.0,"conditions":"Partially cloudy","icon":"partly-cloudy-day","stations":null,"source":"fcst"},{"datetime":"07:00:00","datetimeEpoch":1690248600,"temp":25.3,"feelslike":25.3,"humidity":88.7,"dew":23.3,"precip":0.0,"precipprob":0.0,"snow":0.0,"snowdepth":0.0,"preciptype":null,"windgust":18.7,"windspeed":7.6,"winddir":59.8,"pressure":1003.0,"visibility":24.1,"cloudcover":29.3,"solarradiation":86.0,"solarenergy":0.3,"uvindex":1.0,"severerisk":10.0,"conditions":"Partially cloudy","icon":"partly-cloudy-day","stations":null,"source":"fcst"},{"datetime":"08:00:00","datetimeEpoch":1690252200,"temp":27.3,"feelslike":30.3,"humidity":79.77,"dew":23.5,"precip":0.0,"precipprob":0.0,"snow":0.0,"snowdepth":0.0,"preciptype":null,"windgust":20.2,"windspeed":11.5,"winddir":72.5,"pressure":1003.0,"visibility":24.1,"cloudcover":53.8,"solarradiation":297.0,"solarenergy":1.1,"uvindex":3.0,"severerisk":10.0,"conditions":"Partially cloudy","icon":"partly-cloudy-day","stations":null,"source":"fcst"},{"datetime":"09:00:00","datetimeEpoch":1690255800,"temp":29.0,"feelslike":33.0,"humidity":72.25,"dew":23.5,"precip":0.1,"precipprob":0.0,"snow":0.0,"snowdepth":0.0,"preciptype":["rain"],"windgust":20.5,"windspeed":13.7,"winddir":76.5,"pressure":1004.0,"visibility":24.1,"cloudcover":67.4,"solarradiation":461.0,"solarenergy":1.7,"uvindex":5.0,"severerisk":10.0,"conditions":"Partially cloudy","icon":"partly-cloudy-day","stations":null,"source":"fcst"},{"datetime":"10:00:00","datetimeEpoch":1690259400,"temp":30.2,"feelslike":34.8,"humidity":67.42,"dew":23.5,"precip":0.0,"precipprob":0.0,"snow":0.0,"snowdepth":0.0,"preciptype":["rain"],"windgust":21.2,"windspeed":15.1,"winddir":78.1,"pressure":1004.0,"visibility":24.1,"cloudcover":55.5,"solarradiation":606.0,"solarenergy":2.2,"uvindex":6.0,"severerisk":30.0,"conditions":"Partially cloudy","icon":"partly-cloudy-day","stations":null,"source":"fcst"},{"datetime":"11:00:00","datetimeEpoch":1690263000,"temp":31.4,"feelslike":36.4,"humidity":62.95,"dew":23.5,"precip":0.1,"precipprob":0.0,"snow":0.0,"snowdepth":0.0,"preciptype":["rain"],"windgust":22.3,"windspeed":16.2,"winddir":76.6,"pressure":1003.0,"visibility":23.3,"cloudcover":58.7,"solarradiation":743.0,"solarenergy":2.7,"uvindex":7.0,"severerisk":30.0,"conditions":"Partially cloudy","icon":"partly-cloudy-day","stations":null,"source":"fcst"},{"datetime":"12:00:00","datetimeEpoch":1690266600,"temp":32.3,"feelslike":37.4,"humidity":59.1,"dew":23.3,"precip":0.1,"precipprob":0.0,"snow":0.0,"snowdepth":0.0,"preciptype":["rain"],"windgust":23.0,"windspeed":17.3,"winddir":77.6,"pressure":1002.0,"visibility":24.1,"cloudcover":56.0,"solarradiation":818.0,"solarenergy":2.9,"uvindex":8.0,"severerisk":30.0,"conditions":"Partially cloudy","icon":"partly-cloudy-day","stations":null,"source":"fcst"},{"datetime":"13:00:00","datetimeEpoch":1690270200,"temp":32.9,"feelslike":38.1,"humidity":56.79,"dew":23.2,"precip":0.1,"precipprob":23.8,"snow":0.0,"snowdepth":0.0,"preciptype":["rain"],"windgust":23.4,"windspeed":17.6,"winddir":83.8,"pressure":1001.0,"visibility":23.7,"cloudcover":81.6,"solarradiation":825.0,"solarenergy":3.0,"uvindex":8.0,"severerisk":30.0,"conditions":"Partially cloudy","icon":"partly-cloudy-day","stations":null,"source":"fcst"},{"datetime":"14:00:00","datetimeEpoch":1690273800,"temp":32.2,"feelslike":37.4,"humidity":59.8,"dew":23.4,"precip":0.1,"precipprob":23.8,"snow":0.0,"snowdepth":0.0,"preciptype":["rain"],"windgust":23.0,"windspeed":18.0,"winddir":84.0,"pressure":1001.0,"visibility":24.1,"cloudcover":100.0,"solarradiation":588.0,"solarenergy":2.1,"uvindex":6.0,"severerisk":30.0,"conditions":"Overcast","icon":"cloudy","stations":null,"source":"fcst"},{"datetime":"15:00:00","datetimeEpoch":1690277400,"temp":32.7,"feelslike":37.8,"humidity":57.43,"dew":23.2,"precip":0.1,"precipprob":23.8,"snow":0.0,"snowdepth":0.0,"preciptype":["rain"],"windgust":24.1,"windspeed":18.4,"winddir":76.7,"pressure":1000.0,"visibility":24.1,"cloudcover":49.4,"solarradiation":744.0,"solarenergy":2.7,"uvindex":7.0,"severerisk":30.0,"conditions":"Partially cloudy","icon":"partly-cloudy-day","stations":null,"source":"fcst"},{"datetime":"16:00:00","datetimeEpoch":1690281000,"temp":32.6,"feelslike":37.6,"humidity":57.41,"dew":23.1,"precip":0.1,"precipprob":23.8,"snow":0.0,"snowdepth":0.0,"preciptype":["rain"],"windgust":23.4,"windspeed":17.6,"winddir":67.8,"pressure":1000.0,"visibility":24.1,"cloudcover":21.4,"solarradiation":639.0,"solarenergy":2.3,"uvindex":6.0,"severerisk":30.0,"conditions":"Partially cloudy","icon":"partly-cloudy-day","stations":null,"source":"fcst"},{"datetime":"17:00:00","datetimeEpoch":1690284600,"temp":31.9,"feelslike":36.6,"humidity":59.73,"dew":23.1,"precip":0.0,"precipprob":23.8,"snow":0.0,"snowdepth":0.0,"preciptype":null,"windgust":23.4,"windspeed":16.6,"winddir":72.7,"pressure":1000.0,"visibility":23.4,"cloudcover":27.8,"solarradiation":451.0,"solarenergy":1.6,"uvindex":5.0,"severerisk":30.0,"conditions":"Partially cloudy","icon":"partly-cloudy-day","stations":null,"source":"fcst"},{"datetime":"18:00:00","datetimeEpoch":1690288200,"temp":30.3,"feelslike":34.9,"humidity":67.04,"dew":23.5,"precip":0.0,"precipprob":23.8,"snow":0.0,"snowdepth":0.0,"preciptype":null,"windgust":24.8,"windspeed":14.0,"winddir":86.1,"pressure":1000.0,"visibility":24.1,"cloudcover":38.7,"solarradiation":230.0,"solarenergy":0.8,"uvindex":2.0,"severerisk":30.0,"conditions":"Partially cloudy","icon":"partly-cloudy-day","stations":null,"source":"fcst"},{"datetime":"19:00:00","datetimeEpoch":1690291800,"temp":28.3,"feelslike":31.8,"humidity":74.34,"dew":23.3,"precip":0.0,"precipprob":14.3,"snow":0.0,"snowdepth":0.0,"preciptype":null,"windgust":29.2,"windspeed":9.7,"winddir":90.0,"pressure":1001.0,"visibility":24.1,"cloudcover":32.6,"solarradiation":54.0,"solarenergy":0.2,"uvindex":0.0,"severerisk":10.0,"conditions":"Partially cloudy","icon":"partly-cloudy-night","stations":null,"source":"fcst"},{"datetime":"20:00:00","datetimeEpoch":1690295400,"temp":27.3,"feelslike":30.1,"humidity":78.34,"dew":23.2,"precip":0.0,"precipprob":14.3,"snow":0.0,"snowdepth":0.0,"preciptype":null,"windgust":21.2,"windspeed":6.8,"winddir":83.4,"pressure":1002.0,"visibility":24.1,"cloudcover":14.5,"solarradiation":0.0,"solarenergy":0.0,"uvindex":0.0,"severerisk":10.0,"conditions":"Clear","icon":"clear-night","stations":null,"source":"fcst"},{"datetime":"21:00:00","datetimeEpoch":1690299000,"temp":26.8,"feelslike":29.2,"humidity":80.68,"dew":23.2,"precip":0.0,"precipprob":14.3,"snow":0.0,"snowdepth":0.0,"preciptype":null,"windgust":28.4,"windspeed":7.2,"winddir":80.8,"pressure":1002.0,"visibility":24.1,"cloudcover":36.8,"solarradiation":0.0,"solarenergy":0.0,"uvindex":0.0,"severerisk":10.0,"conditions":"Partially cloudy","icon":"partly-cloudy-night","stations":null,"source":"fcst"},{"datetime":"22:00:00","datetimeEpoch":1690302600,"temp":26.7,"feelslike":26.7,"humidity":80.66,"dew":23.1,"precip":0.0,"precipprob":14.3,"snow":0.0,"snowdepth":0.0,"preciptype":null,"windgust":31.7,"windspeed":8.3,"winddir":88.5,"pressure":1003.0,"visibility":24.1,"cloudcover":48.6,"solarradiation":0.0,"solarenergy":0.0,"uvindex":0.0,"severerisk":10.0,"conditions":"Partially cloudy","icon":"partly-cloudy-night","stations":null,"source":"fcst"},{"datetime":"23:00:00","datetimeEpoch":1690306200,"temp":26.2,"feelslike":26.2,"humidity":83.08,"dew":23.1,"precip":0.0,"precipprob":14.3,"snow":0.0,"snowdepth":0.0,"preciptype":null,"windgust":27.7,"windspeed":8.3,"winddir":77.9,"pressure":1003.0,"visibility":24.1,"cloudcover":71.7,"solarradiation":0.0,"solarenergy":0.0,"uvindex":0.0,"severerisk":10.0,"conditions":"Partially cloudy","icon":"partly-cloudy-night","stations":null,"source":"fcst"}]},{"datetime":"2023-07-26","datetimeEpoch":1690309800,"tempmax":34.4,"tempmin":24.0,"temp":28.5,"feelslikemax":38.9,"feelslikemin":24.0,"feelslike":31.3,"dew":23.2,"humidity":74.7,"precip":0.3,"precipprob":38.1,"precipcover":12.5,"preciptype":["rain"],"snow":0.0,"snowdepth":0.0,"windgust":32.0,"windspeed":16.2,"winddir":73.1,"pressure":1001.6,"cloudcover":58.3,"visibility":24.1,"solarradiation":261.6,"solarenergy":22.5,"uvindex":9.0,"severerisk":30.0,"sunrise":"05:18:09","sunriseEpoch":1690328889,"sunset":"18:33:15","sunsetEpoch":1690376595,"moonphase":0.25,"conditions":"Partially cloudy","description":"Partly cloudy throughout the day with storms possible.","icon":"partly-cloudy-day","stations":null,"source":"fcst","hours":[{"datetime":"00:00:00","datetimeEpoch":1690309800,"temp":25.8,"feelslike":25.8,"humidity":85.07,"dew":23.1,"precip":0.0,"precipprob":14.3,"snow":0.0,"snowdepth":0.0,"preciptype":null,"windgust":28.8,"windspeed":7.9,"winddir":69.1,"pressure":1002.0,"visibility":24.1,"cloudcover":73.1,"solarradiation":0.0,"solarenergy":0.0,"uvindex":0.0,"severerisk":10.0,"conditions":"Partially cloudy","icon":"partly-cloudy-night","stations":null,"source":"fcst"},{"datetime":"01:00:00","datetimeEpoch":1690313400,"temp":25.5,"feelslike":25.5,"humidity":87.12,"dew":23.2,"precip":0.0,"precipprob":0.0,"snow":0.0,"snowdepth":0.0,"preciptype":null,"windgust":23.0,"windspeed":7.6,"winddir":60.9,"pressure":1002.0,"visibility":24.1,"cloudcover":84.1,"solarradiation":0.0,"solarenergy":0.0,"uvindex":0.0,"severerisk":10.0,"conditions":"Partially cloudy","icon":"partly-cloudy-night","stations":null,"source":"fcst"},{"datetime":"02:00:00","datetimeEpoch":1690317000,"temp":25.0,"feelslike":25.0,"humidity":90.3,"dew":23.3,"precip":0.0,"precipprob":0.0,"snow":0.0,"snowdepth":0.0,"preciptype":null,"windgust":18.0,"windspeed":6.8,"winddir":59.6,"pressure":1002.0,"visibility":24.1,"cloudcover":73.2,"solarradiation":0.0,"solarenergy":0.0,"uvindex":0.0,"severerisk":10.0,"conditions":"Partially cloudy","icon":"partly-cloudy-night","stations":null,"source":"fcst"},{"datetime":"03:00:00","datetimeEpoch":1690320600,"temp":24.6,"feelslike":24.6,"humidity":92.48,"dew":23.3,"precip":0.0,"precipprob":0.0,"snow":0.0,"snowdepth":0.0,"preciptype":null,"windgust":16.6,"windspeed":6.5,"winddir":60.9,"pressure":1001.0,"visibility":24.1,"cloudcover":44.6,"solarradiation":0.0,"solarenergy":0.0,"uvindex":0.0,"severerisk":10.0,"conditions":"Partially cloudy","icon":"partly-cloudy-night","stations":null,"source":"fcst"},{"datetime":"04:00:00","datetimeEpoch":1690324200,"temp":24.3,"feelslike":24.3,"humidity":94.16,"dew":23.3,"precip":0.0,"precipprob":0.0,"snow":0.0,"snowdepth":0.0,"preciptype":null,"windgust":12.2,"windspeed":6.1,"winddir":52.9,"pressure":1001.0,"visibility":24.1,"cloudcover":20.9,"solarradiation":0.0,"solarenergy":0.0,"uvindex":0.0,"severerisk":10.0,"conditions":"Partially cloudy","icon":"partly-cloudy-night","stations":null,"source":"fcst"},{"datetime":"05:00:00","datetimeEpoch":1690327800,"temp":24.1,"feelslike":24.1,"humidity":95.3,"dew":23.3,"precip":0.0,"precipprob":0.0,"snow":0.0,"snowdepth":0.0,"preciptype":null,"windgust":11.2,"windspeed":6.1,"winddir":56.0,"pressure":1002.0,"visibility":24.1,"cloudcover":7.2,"solarradiation":0.0,"solarenergy":0.0,"uvindex":0.0,"severerisk":3.0,"conditions":"Clear","icon":"clear-night","stations":null,"source":"fcst"},{"datetime":"06:00:00","datetimeEpoch":1690331400,"temp":24.0,"feelslike":24.0,"humidity":95.87,"dew":23.3,"precip":0.0,"precipprob":0.0,"snow":0.0,"snowdepth":0.0,"preciptype":null,"windgust":15.8,"windspeed":6.1,"winddir":60.3,"pressure":1002.0,"visibility":24.1,"cloudcover":9.5,"solarradiation":1.0,"solarenergy":0.0,"uvindex":0.0,"severerisk":3.0,"conditions":"Clear","icon":"clear-day","stations":null,"source":"fcst"},{"datetime":"07:00:00","datetimeEpoch":1690335000,"temp":25.6,"feelslike":25.6,"humidity":88.72,"dew":23.6,"precip":0.0,"precipprob":4.8,"snow":0.0,"snowdepth":0.0,"preciptype":null,"windgust":25.2,"windspeed":9.0,"winddir":67.6,"pressure":1003.0,"visibility":24.1,"cloudcover":32.3,"solarradiation":90.0,"solarenergy":0.3,"uvindex":1.0,"severerisk":10.0,"conditions":"Partially cloudy","icon":"partly-cloudy-day","stations":null,"source":"fcst"},{"datetime":"08:00:00","datetimeEpoch":1690338600,"temp":27.6,"feelslike":30.9,"humidity":78.86,"dew":23.6,"precip":0.0,"precipprob":4.8,"snow":0.0,"snowdepth":0.0,"preciptype":null,"windgust":23.4,"windspeed":13.3,"winddir":81.3,"pressure":1003.0,"visibility":24.1,"cloudcover":40.2,"solarradiation":290.0,"solarenergy":1.0,"uvindex":3.0,"severerisk":10.0,"conditions":"Partially cloudy","icon":"partly-cloudy-day","stations":null,"source":"fcst"},{"datetime":"09:00:00","datetimeEpoch":1690342200,"temp":29.3,"feelslike":33.6,"humidity":71.44,"dew":23.6,"precip":0.0,"precipprob":4.8,"snow":0.0,"snowdepth":0.0,"preciptype":null,"windgust":20.9,"windspeed":14.4,"winddir":81.2,"pressure":1003.0,"visibility":24.1,"cloudcover":56.0,"solarradiation":490.0,"solarenergy":1.8,"uvindex":5.0,"severerisk":10.0,"conditions":"Partially cloudy","icon":"partly-cloudy-day","stations":null,"source":"fcst"},{"datetime":"10:00:00","datetimeEpoch":1690345800,"temp":30.6,"feelslike":35.4,"humidity":66.29,"dew":23.6,"precip":0.1,"precipprob":4.8,"snow":0.0,"snowdepth":0.0,"preciptype":["rain"],"windgust":19.4,"windspeed":14.0,"winddir":75.3,"pressure":1003.0,"visibility":24.1,"cloudcover":45.7,"solarradiation":641.0,"solarenergy":2.3,"uvindex":6.0,"severerisk":30.0,"conditions":"Partially cloudy","icon":"partly-cloudy-day","stations":null,"source":"fcst"},{"datetime":"11:00:00","datetimeEpoch":1690349400,"temp":32.0,"feelslike":37.1,"humidity":60.48,"dew":23.4,"precip":0.1,"precipprob":4.8,"snow":0.0,"snowdepth":0.0,"preciptype":["rain"],"windgust":19.4,"windspeed":15.1,"winddir":76.6,"pressure":1003.0,"visibility":24.1,"cloudcover":80.9,"solarradiation":796.0,"solarenergy":2.9,"uvindex":8.0,"severerisk":30.0,"conditions":"Partially cloudy","icon":"partly-cloudy-day","stations":null,"source":"fcst"},{"datetime":"12:00:00","datetimeEpoch":1690353000,"temp":33.0,"feelslike":38.1,"humidity":56.13,"dew":23.1,"precip":0.0,"precipprob":4.8,"snow":0.0,"snowdepth":0.0,"preciptype":null,"windgust":19.1,"windspeed":15.5,"winddir":77.5,"pressure":1002.0,"visibility":24.1,"cloudcover":51.1,"solarradiation":875.0,"solarenergy":3.2,"uvindex":9.0,"severerisk":30.0,"conditions":"Partially cloudy","icon":"partly-cloudy-day","stations":null,"source":"fcst"},{"datetime":"13:00:00","datetimeEpoch":1690356600,"temp":34.0,"feelslike":38.8,"humidity":51.49,"dew":22.6,"precip":0.0,"precipprob":38.1,"snow":0.0,"snowdepth":0.0,"preciptype":null,"windgust":18.0,"windspeed":14.4,"winddir":76.1,"pressure":1001.0,"visibility":24.1,"cloudcover":55.2,"solarradiation":895.0,"solarenergy":3.2,"uvindex":9.0,"severerisk":30.0,"conditions":"Partially cloudy","icon":"partly-cloudy-day","stations":null,"source":"fcst"},{"datetime":"14:00:00","datetimeEpoch":1690360200,"temp":34.4,"feelslike":38.9,"humidity":49.14,"dew":22.2,"precip":0.0,"precipprob":38.1,"snow":0.0,"snowdepth":0.0,"preciptype":null,"windgust":18.0,"windspeed":15.1,"winddir":67.6,"pressure":1000.0,"visibility":24.1,"cloudcover":82.6,"solarradiation":843.0,"solarenergy":3.0,"uvindex":8.0,"severerisk":30.0,"conditions":"Partially cloudy","icon":"partly-cloudy-day","stations":null,"source":"fcst"},{"datetime":"15:00:00","datetimeEpoch":1690363800,"temp":32.9,"feelslike":37.3,"humidity":54.43,"dew":22.5,"precip":0.0,"precipprob":38.1,"snow":0.0,"snowdepth":0.0,"preciptype":null,"windgust":18.4,"windspeed":16.2,"winddir":58.0,"pressure":1000.0,"visibility":24.1,"cloudcover":89.8,"solarradiation":459.0,"solarenergy":1.7,"uvindex":5.0,"severerisk":30.0,"conditions":"Partially cloudy","icon":"partly-cloudy-day","stations":null,"source":"fcst"},{"datetime":"16:00:00","datetimeEpoch":1690367400,"temp":32.2,"feelslike":36.7,"humidity":57.67,"dew":22.8,"precip":0.0,"precipprob":38.1,"snow":0.0,"snowdepth":0.0,"preciptype":null,"windgust":20.2,"windspeed":14.8,"winddir":65.1,"pressure":1000.0,"visibility":24.1,"cloudcover":76.5,"solarradiation":346.0,"solarenergy":1.2,"uvindex":3.0,"severerisk":30.0,"conditions":"Partially cloudy","icon":"partly-cloudy-day","stations":null,"source":"fcst"},{"datetime":"17:00:00","datetimeEpoch":1690371000,"temp":31.6,"feelslike":36.3,"humidity":60.75,"dew":23.1,"precip":0.0,"precipprob":38.1,"snow":0.0,"snowdepth":0.0,"preciptype":null,"windgust":21.2,"windspeed":14.4,"winddir":84.6,"pressure":1000.0,"visibility":24.1,"cloudcover":32.0,"solarradiation":262.0,"solarenergy":0.9,"uvindex":3.0,"severerisk":30.0,"conditions":"Partially cloudy","icon":"partly-cloudy-day","stations":null,"source":"fcst"},{"datetime":"18:00:00","datetimeEpoch":1690374600,"temp":30.5,"feelslike":35.3,"humidity":66.67,"dew":23.6,"precip":0.1,"precipprob":38.1,"snow":0.0,"snowdepth":0.0,"preciptype":["rain"],"windgust":25.2,"windspeed":13.7,"winddir":88.4,"pressure":1000.0,"visibility":24.1,"cloudcover":17.8,"solarradiation":232.0,"solarenergy":0.8,"uvindex":2.0,"severerisk":30.0,"conditions":"Clear","icon":"clear-day","stations":null,"source":"fcst"},{"datetime":"19:00:00","datetimeEpoch":1690378200,"temp":28.6,"feelslike":32.3,"humidity":73.06,"dew":23.3,"precip":0.0,"precipprob":9.5,"snow":0.0,"snowdepth":0.0,"preciptype":null,"windgust":28.8,"windspeed":10.8,"winddir":79.5,"pressure":1001.0,"visibility":24.1,"cloudcover":77.9,"solarradiation":58.0,"solarenergy":0.2,"uvindex":0.0,"severerisk":10.0,"conditions":"Partially cloudy","icon":"partly-cloudy-night","stations":null,"source":"fcst"},{"datetime":"20:00:00","datetimeEpoch":1690381800,"temp":27.9,"feelslike":31.2,"humidity":76.1,"dew":23.3,"precip":0.0,"precipprob":9.5,"snow":0.0,"snowdepth":0.0,"preciptype":null,"windgust":28.1,"windspeed":9.0,"winddir":78.4,"pressure":1001.0,"visibility":24.1,"cloudcover":100.0,"solarradiation":0.0,"solarenergy":0.0,"uvindex":0.0,"severerisk":10.0,"conditions":"Overcast","icon":"cloudy","stations":null,"source":"fcst"},{"datetime":"21:00:00","datetimeEpoch":1690385400,"temp":27.3,"feelslike":30.2,"humidity":78.82,"dew":23.3,"precip":0.0,"precipprob":9.5,"snow":0.0,"snowdepth":0.0,"preciptype":null,"windgust":27.0,"windspeed":7.9,"winddir":78.5,"pressure":1002.0,"visibility":24.1,"cloudcover":100.0,"solarradiation":0.0,"solarenergy":0.0,"uvindex":0.0,"severerisk":10.0,"conditions":"Overcast","icon":"cloudy","stations":null,"source":"fcst"},{"datetime":"22:00:00","datetimeEpoch":1690389000,"temp":27.2,"feelslike":30.1,"humidity":79.76,"dew":23.4,"precip":0.0,"precipprob":9.5,"snow":0.0,"snowdepth":0.0,"preciptype":null,"windgust":32.0,"windspeed":9.4,"winddir":77.2,"pressure":1002.0,"visibility":24.1,"cloudcover":99.9,"solarradiation":0.0,"solarenergy":0.0,"uvindex":0.0,"severerisk":10.0,"conditions":"Overcast","icon":"cloudy","stations":null,"source":"fcst"},{"datetime":"23:00:00","datetimeEpoch":1690392600,"temp":26.8,"feelslike":29.4,"humidity":82.15,"dew":23.5,"precip":0.0,"precipprob":9.5,"snow":0.0,"snowdepth":0.0,"preciptype":null,"windgust":31.7,"windspeed":9.0,"winddir":84.9,"pressure":1002.0,"visibility":24.1,"cloudcover":48.0,"solarradiation":0.0,"solarenergy":0.0,"uvindex":0.0,"severerisk":10.0,"conditions":"Partially cloudy","icon":"partly-cloudy-night","stations":null,"source":"fcst"}]},{"datetime":"2023-07-27","datetimeEpoch":1690396200,"tempmax":34.7,"tempmin":24.6,"temp":29.3,"feelslikemax":39.7,"feelslikemin":24.6,"feelslike":32.4,"dew":23.5,"humidity":72.9,"precip":0.8,"precipprob":66.7,"precipcover":12.5,"preciptype":["rain"],"snow":0.0,"snowdepth":0.0,"windgust":26.6,"windspeed":13.0,"winddir":73.3,"pressure":1000.8,"cloudcover":83.9,"visibility":24.1,"solarradiation":248.2,"solarenergy":21.4,"uvindex":8.0,"severerisk":30.0,"sunrise":"05:18:35","sunriseEpoch":1690415315,"sunset":"18:32:49","sunsetEpoch":1690462969,"moonphase":0.32,"conditions":"Rain, Partially cloudy","description":"Partly cloudy throughout the day with storms possible.","icon":"rain","stations":null,"source":"fcst","hours":[{"datetime":"00:00:00","datetimeEpoch":1690396200,"temp":26.3,"feelslike":26.3,"humidity":84.61,"dew":23.5,"precip":0.0,"precipprob":9.5,"snow":0.0,"snowdepth":0.0,"preciptype":null,"windgust":26.6,"windspeed":7.6,"winddir":80.7,"pressure":1002.0,"visibility":24.1,"cloudcover":83.1,"solarradiation":0.0,"solarenergy":0.0,"uvindex":0.0,"severerisk":10.0,"conditions":"Partially cloudy","icon":"partly-cloudy-night","stations":null,"source":"fcst"},{"datetime":"01:00:00","datetimeEpoch":1690399800,"temp":25.9,"feelslike":25.9,"humidity":86.63,"dew":23.5,"precip":0.0,"precipprob":14.3,"snow":0.0,"snowdepth":0.0,"preciptype":null,"windgust":14.8,"windspeed":5.8,"winddir":81.0,"pressure":1002.0,"visibility":24.1,"cloudcover":38.1,"solarradiation":0.0,"solarenergy":0.0,"uvindex":0.0,"severerisk":10.0,"conditions":"Partially cloudy","icon":"partly-cloudy-night","stations":null,"source":"fcst"},{"datetime":"02:00:00","datetimeEpoch":1690403400,"temp":25.5,"feelslike":25.5,"humidity":88.72,"dew":23.5,"precip":0.0,"precipprob":14.3,"snow":0.0,"snowdepth":0.0,"preciptype":null,"windgust":9.7,"windspeed":6.1,"winddir":58.5,"pressure":1001.0,"visibility":24.1,"cloudcover":56.2,"solarradiation":0.0,"solarenergy":0.0,"uvindex":0.0,"severerisk":10.0,"conditions":"Partially cloudy","icon":"partly-cloudy-night","stations":null,"source":"fcst"},{"datetime":"03:00:00","datetimeEpoch":1690407000,"temp":25.2,"feelslike":25.2,"humidity":90.31,"dew":23.5,"precip":0.0,"precipprob":14.3,"snow":0.0,"snowdepth":0.0,"preciptype":null,"windgust":7.2,"windspeed":5.8,"winddir":52.0,"pressure":1001.0,"visibility":24.1,"cloudcover":15.0,"solarradiation":0.0,"solarenergy":0.0,"uvindex":0.0,"severerisk":10.0,"conditions":"Clear","icon":"clear-night","stations":null,"source":"fcst"},{"datetime":"04:00:00","datetimeEpoch":1690410600,"temp":25.0,"feelslike":25.0,"humidity":91.95,"dew":23.6,"precip":0.0,"precipprob":14.3,"snow":0.0,"snowdepth":0.0,"preciptype":null,"windgust":8.3,"windspeed":5.8,"winddir":53.6,"pressure":1001.0,"visibility":24.1,"cloudcover":32.9,"solarradiation":0.0,"solarenergy":0.0,"uvindex":0.0,"severerisk":10.0,"conditions":"Partially cloudy","icon":"partly-cloudy-night","stations":null,"source":"fcst"},{"datetime":"05:00:00","datetimeEpoch":1690414200,"temp":24.8,"feelslike":24.8,"humidity":93.05,"dew":23.6,"precip":0.0,"precipprob":14.3,"snow":0.0,"snowdepth":0.0,"preciptype":null,"windgust":5.0,"windspeed":5.0,"winddir":57.1,"pressure":1001.0,"visibility":24.1,"cloudcover":11.9,"solarradiation":0.0,"solarenergy":0.0,"uvindex":0.0,"severerisk":10.0,"conditions":"Clear","icon":"clear-night","stations":null,"source":"fcst"},{"datetime":"06:00:00","datetimeEpoch":1690417800,"temp":24.6,"feelslike":24.6,"humidity":94.74,"dew":23.7,"precip":0.0,"precipprob":14.3,"snow":0.0,"snowdepth":0.0,"preciptype":null,"windgust":4.3,"windspeed":4.3,"winddir":52.6,"pressure":1002.0,"visibility":24.1,"cloudcover":97.3,"solarradiation":1.0,"solarenergy":0.0,"uvindex":0.0,"severerisk":10.0,"conditions":"Overcast","icon":"cloudy","stations":null,"source":"fcst"},{"datetime":"07:00:00","datetimeEpoch":1690421400,"temp":26.3,"feelslike":26.3,"humidity":86.67,"dew":23.9,"precip":0.0,"precipprob":42.9,"snow":0.0,"snowdepth":0.0,"preciptype":null,"windgust":11.5,"windspeed":5.4,"winddir":56.8,"pressure":1002.0,"visibility":24.1,"cloudcover":100.0,"solarradiation":87.0,"solarenergy":0.3,"uvindex":1.0,"severerisk":10.0,"conditions":"Overcast","icon":"cloudy","stations":null,"source":"fcst"},{"datetime":"08:00:00","datetimeEpoch":1690425000,"temp":28.3,"feelslike":32.2,"humidity":76.62,"dew":23.8,"precip":0.0,"precipprob":42.9,"snow":0.0,"snowdepth":0.0,"preciptype":null,"windgust":15.1,"windspeed":8.3,"winddir":67.1,"pressure":1002.0,"visibility":24.1,"cloudcover":95.4,"solarradiation":291.0,"solarenergy":1.0,"uvindex":3.0,"severerisk":10.0,"conditions":"Overcast","icon":"cloudy","stations":null,"source":"fcst"},{"datetime":"09:00:00","datetimeEpoch":1690428600,"temp":30.0,"feelslike":34.5,"humidity":68.2,"dew":23.5,"precip":0.0,"precipprob":42.9,"snow":0.0,"snowdepth":0.0,"preciptype":null,"windgust":13.7,"windspeed":9.7,"winddir":74.1,"pressure":1002.0,"visibility":24.1,"cloudcover":100.0,"solarradiation":500.0,"solarenergy":1.8,"uvindex":5.0,"severerisk":10.0,"conditions":"Overcast","icon":"cloudy","stations":null,"source":"fcst"},{"datetime":"10:00:00","datetimeEpoch":1690432200,"temp":31.5,"feelslike":36.4,"humidity":62.22,"dew":23.4,"precip":0.0,"precipprob":42.9,"snow":0.0,"snowdepth":0.0,"preciptype":null,"windgust":13.7,"windspeed":10.8,"winddir":76.2,"pressure":1002.0,"visibility":24.1,"cloudcover":100.0,"solarradiation":673.0,"solarenergy":2.4,"uvindex":7.0,"severerisk":30.0,"conditions":"Overcast","icon":"cloudy","stations":null,"source":"fcst"},{"datetime":"11:00:00","datetimeEpoch":1690435800,"temp":32.9,"feelslike":38.1,"humidity":56.79,"dew":23.2,"precip":0.0,"precipprob":42.9,"snow":0.0,"snowdepth":0.0,"preciptype":["rain"],"windgust":12.2,"windspeed":10.4,"winddir":70.4,"pressure":1002.0,"visibility":24.1,"cloudcover":100.0,"solarradiation":820.0,"solarenergy":3.0,"uvindex":8.0,"severerisk":30.0,"conditions":"Overcast","icon":"cloudy","stations":null,"source":"fcst"},{"datetime":"12:00:00","datetimeEpoch":1690439400,"temp":33.9,"feelslike":39.1,"humidity":53.05,"dew":23.0,"precip":0.0,"precipprob":42.9,"snow":0.0,"snowdepth":0.0,"preciptype":null,"windgust":11.9,"windspeed":10.4,"winddir":67.0,"pressure":1001.0,"visibility":24.1,"cloudcover":98.4,"solarradiation":820.0,"solarenergy":3.0,"uvindex":8.0,"severerisk":30.0,"conditions":"Overcast","icon":"cloudy","stations":null,"source":"fcst"},{"datetime":"13:00:00","datetimeEpoch":1690443000,"temp":34.4,"feelslike":39.4,"humidity":50.66,"dew":22.7,"precip":0.0,"precipprob":66.7,"snow":0.0,"snowdepth":0.0,"preciptype":["rain"],"windgust":12.6,"windspeed":10.8,"winddir":66.3,"pressure":1000.0,"visibility":24.1,"cloudcover":100.0,"solarradiation":734.0,"solarenergy":2.6,"uvindex":7.0,"severerisk":30.0,"conditions":"Rain, Overcast","icon":"rain","stations":null,"source":"fcst"},{"datetime":"14:00:00","datetimeEpoch":1690446600,"temp":34.7,"feelslike":39.7,"humidity":49.52,"dew":22.6,"precip":0.0,"precipprob":66.7,"snow":0.0,"snowdepth":0.0,"preciptype":["rain"],"windgust":13.0,"windspeed":12.2,"winddir":73.0,"pressure":999.0,"visibility":24.1,"cloudcover":100.0,"solarradiation":649.0,"solarenergy":2.3,"uvindex":6.0,"severerisk":30.0,"conditions":"Rain, Overcast","icon":"rain","stations":null,"source":"fcst"},{"datetime":"15:00:00","datetimeEpoch":1690450200,"temp":34.0,"feelslike":39.1,"humidity":52.43,"dew":22.9,"precip":0.0,"precipprob":66.7,"snow":0.0,"snowdepth":0.0,"preciptype":["rain"],"windgust":14.0,"windspeed":12.6,"winddir":68.4,"pressure":999.0,"visibility":24.1,"cloudcover":100.0,"solarradiation":415.0,"solarenergy":1.5,"uvindex":4.0,"severerisk":30.0,"conditions":"Rain, Overcast","icon":"rain","stations":null,"source":"fcst"},{"datetime":"16:00:00","datetimeEpoch":1690453800,"temp":33.7,"feelslike":38.6,"humidity":53.0,"dew":22.8,"precip":0.1,"precipprob":66.7,"snow":0.0,"snowdepth":0.0,"preciptype":["rain"],"windgust":14.4,"windspeed":13.0,"winddir":65.8,"pressure":999.0,"visibility":24.1,"cloudcover":100.0,"solarradiation":392.0,"solarenergy":1.4,"uvindex":4.0,"severerisk":30.0,"conditions":"Rain, Overcast","icon":"rain","stations":null,"source":"fcst"},{"datetime":"17:00:00","datetimeEpoch":1690457400,"temp":33.1,"feelslike":38.3,"humidity":56.16,"dew":23.2,"precip":0.0,"precipprob":66.7,"snow":0.0,"snowdepth":0.0,"preciptype":["rain"],"windgust":14.4,"windspeed":11.5,"winddir":78.1,"pressure":999.0,"visibility":24.1,"cloudcover":100.0,"solarradiation":345.0,"solarenergy":1.2,"uvindex":3.0,"severerisk":30.0,"conditions":"Rain, Overcast","icon":"rain","stations":null,"source":"fcst"},{"datetime":"18:00:00","datetimeEpoch":1690461000,"temp":31.8,"feelslike":37.4,"humidity":63.04,"dew":23.9,"precip":0.0,"precipprob":66.7,"snow":0.0,"snowdepth":0.0,"preciptype":["rain"],"windgust":19.1,"windspeed":9.7,"winddir":95.5,"pressure":999.0,"visibility":24.1,"cloudcover":100.0,"solarradiation":186.0,"solarenergy":0.7,"uvindex":2.0,"severerisk":30.0,"conditions":"Rain, Overcast","icon":"rain","stations":null,"source":"fcst"},{"datetime":"19:00:00","datetimeEpoch":1690464600,"temp":29.9,"feelslike":34.6,"humidity":69.84,"dew":23.8,"precip":0.0,"precipprob":61.9,"snow":0.0,"snowdepth":0.0,"preciptype":["rain"],"windgust":19.1,"windspeed":8.3,"winddir":101.5,"pressure":999.0,"visibility":24.1,"cloudcover":100.0,"solarradiation":44.0,"solarenergy":0.2,"uvindex":0.0,"severerisk":30.0,"conditions":"Rain, Overcast","icon":"rain","stations":null,"source":"fcst"},{"datetime":"20:00:00","datetimeEpoch":1690468200,"temp":28.9,"feelslike":33.1,"humidity":74.0,"dew":23.8,"precip":0.0,"precipprob":61.9,"snow":0.0,"snowdepth":0.0,"preciptype":["rain"],"windgust":26.3,"windspeed":7.9,"winddir":98.9,"pressure":1000.0,"visibility":24.1,"cloudcover":98.6,"solarradiation":0.0,"solarenergy":0.0,"uvindex":0.0,"severerisk":30.0,"conditions":"Rain, Overcast","icon":"rain","stations":null,"source":"fcst"},{"datetime":"21:00:00","datetimeEpoch":1690471800,"temp":28.2,"feelslike":32.1,"humidity":77.53,"dew":23.9,"precip":0.0,"precipprob":61.9,"snow":0.0,"snowdepth":0.0,"preciptype":["rain"],"windgust":17.6,"windspeed":6.1,"winddir":91.9,"pressure":1001.0,"visibility":24.1,"cloudcover":97.9,"solarradiation":0.0,"solarenergy":0.0,"uvindex":0.0,"severerisk":30.0,"conditions":"Rain, Overcast","icon":"rain","stations":null,"source":"fcst"},{"datetime":"22:00:00","datetimeEpoch":1690475400,"temp":27.1,"feelslike":30.3,"humidity":84.69,"dew":24.3,"precip":0.6,"precipprob":61.9,"snow":0.0,"snowdepth":0.0,"preciptype":["rain"],"windgust":3.6,"windspeed":3.2,"winddir":70.0,"pressure":1002.0,"visibility":24.1,"cloudcover":97.6,"solarradiation":0.0,"solarenergy":0.0,"uvindex":0.0,"severerisk":30.0,"conditions":"Rain, Overcast","icon":"rain","stations":null,"source":"fcst"},{"datetime":"23:00:00","datetimeEpoch":1690479000,"temp":26.9,"feelslike":29.9,"humidity":85.69,"dew":24.3,"precip":0.1,"precipprob":61.9,"snow":0.0,"snowdepth":0.0,"preciptype":["rain"],"windgust":3.6,"windspeed":3.6,"winddir":84.6,"pressure":1001.0,"visibility":24.1,"cloudcover":90.2,"solarradiation":0.0,"solarenergy":0.0,"uvindex":0.0,"severerisk":30.0,"conditions":"Rain, Overcast","icon":"rain","stations":null,"source":"fcst"}]},{"datetime":"2023-07-28","datetimeEpoch":1690482600,"tempmax":37.0,"tempmin":25.5,"temp":29.9,"feelslikemax":42.6,"feelslikemin":25.5,"feelslike":33.2,"dew":23.9,"humidity":72.4,"precip":5.6,"precipprob":76.2,"precipcover":12.5,"preciptype":["rain"],"snow":0.0,"snowdepth":0.0,"windgust":24.1,"windspeed":10.8,"winddir":300.2,"pressure":999.2,"cloudcover":84.3,"visibility":22.1,"solarradiation":210.1,"solarenergy":18.3,"uvindex":8.0,"severerisk":30.0,"sunrise":"05:19:00","sunriseEpoch":1690501740,"sunset":"18:32:22","sunsetEpoch":1690549342,"moonphase":0.35,"conditions":"Rain, Partially cloudy","description":"Partly cloudy throughout the day with storms possible.","icon":"rain","stations":null,"source":"fcst","hours":[{"datetime":"00:00:00","datetimeEpoch":1690482600,"temp":26.7,"feelslike":26.7,"humidity":86.19,"dew":24.2,"precip":0.0,"precipprob":61.9,"snow":0.0,"snowdepth":0.0,"preciptype":["rain"],"windgust":3.2,"windspeed":3.2,"winddir":59.4,"pressure":1001.0,"visibility":24.1,"cloudcover":96.7,"solarradiation":0.0,"solarenergy":0.0,"uvindex":0.0,"severerisk":30.0,"conditions":"Rain, Overcast","icon":"rain","stations":null,"source":"fcst"},{"datetime":"01:00:00","datetimeEpoch":1690486200,"temp":26.4,"feelslike":26.4,"humidity":87.73,"dew":24.2,"precip":0.0,"precipprob":42.9,"snow":0.0,"snowdepth":0.0,"preciptype":null,"windgust":4.0,"windspeed":4.0,"winddir":69.9,"pressure":1000.0,"visibility":24.1,"cloudcover":33.5,"solarradiation":0.0,"solarenergy":0.0,"uvindex":0.0,"severerisk":30.0,"conditions":"Partially cloudy","icon":"partly-cloudy-night","stations":null,"source":"fcst"},{"datetime":"02:00:00","datetimeEpoch":1690489800,"temp":26.1,"feelslike":26.1,"humidity":88.76,"dew":24.1,"precip":0.0,"precipprob":42.9,"snow":0.0,"snowdepth":0.0,"preciptype":null,"windgust":4.7,"windspeed":5.0,"winddir":65.4,"pressure":1000.0,"visibility":24.1,"cloudcover":74.4,"solarradiation":0.0,"solarenergy":0.0,"uvindex":0.0,"severerisk":30.0,"conditions":"Partially cloudy","icon":"partly-cloudy-night","stations":null,"source":"fcst"},{"datetime":"03:00:00","datetimeEpoch":1690493400,"temp":25.9,"feelslike":25.9,"humidity":89.28,"dew":24.0,"precip":0.0,"precipprob":42.9,"snow":0.0,"snowdepth":0.0,"preciptype":null,"windgust":3.6,"windspeed":3.6,"winddir":64.8,"pressure":999.0,"visibility":24.1,"cloudcover":95.3,"solarradiation":0.0,"solarenergy":0.0,"uvindex":0.0,"severerisk":30.0,"conditions":"Overcast","icon":"cloudy","stations":null,"source":"fcst"},{"datetime":"04:00:00","datetimeEpoch":1690497000,"temp":25.7,"feelslike":25.7,"humidity":90.35,"dew":24.0,"precip":0.0,"precipprob":42.9,"snow":0.0,"snowdepth":0.0,"preciptype":null,"windgust":4.0,"windspeed":4.0,"winddir":62.6,"pressure":999.0,"visibility":24.1,"cloudcover":5.0,"solarradiation":0.0,"solarenergy":0.0,"uvindex":0.0,"severerisk":10.0,"conditions":"Clear","icon":"clear-night","stations":null,"source":"fcst"},{"datetime":"05:00:00","datetimeEpoch":1690500600,"temp":25.6,"feelslike":25.6,"humidity":90.34,"dew":23.9,"precip":0.0,"precipprob":42.9,"snow":0.0,"snowdepth":0.0,"preciptype":null,"windgust":2.9,"windspeed":2.9,"winddir":54.0,"pressure":1000.0,"visibility":24.1,"cloudcover":27.2,"solarradiation":0.0,"solarenergy":0.0,"uvindex":0.0,"severerisk":10.0,"conditions":"Partially cloudy","icon":"partly-cloudy-night","stations":null,"source":"fcst"},{"datetime":"06:00:00","datetimeEpoch":1690504200,"temp":25.5,"feelslike":25.5,"humidity":90.88,"dew":23.9,"precip":0.0,"precipprob":42.9,"snow":0.0,"snowdepth":0.0,"preciptype":null,"windgust":2.5,"windspeed":2.5,"winddir":81.2,"pressure":1000.0,"visibility":24.1,"cloudcover":99.1,"solarradiation":0.0,"solarenergy":0.0,"uvindex":0.0,"severerisk":10.0,"conditions":"Overcast","icon":"cloudy","stations":null,"source":"fcst"},{"datetime":"07:00:00","datetimeEpoch":1690507800,"temp":27.6,"feelslike":31.1,"humidity":80.94,"dew":24.0,"precip":0.0,"precipprob":71.4,"snow":0.0,"snowdepth":0.0,"preciptype":["rain"],"windgust":2.4,"windspeed":2.2,"winddir":60.5,"pressure":1000.3,"visibility":24.1,"cloudcover":92.6,"solarradiation":97.7,"solarenergy":0.4,"uvindex":1.0,"severerisk":30.0,"conditions":"Rain, Overcast","icon":"rain","stations":null,"source":"fcst"},{"datetime":"08:00:00","datetimeEpoch":1690511400,"temp":29.7,"feelslike":34.7,"humidity":72.23,"dew":24.1,"precip":0.0,"precipprob":71.4,"snow":0.0,"snowdepth":0.0,"preciptype":["rain"],"windgust":2.3,"windspeed":1.8,"winddir":39.9,"pressure":1000.7,"visibility":24.1,"cloudcover":86.2,"solarradiation":195.3,"solarenergy":0.7,"uvindex":2.0,"severerisk":30.0,"conditions":"Rain, Partially cloudy","icon":"rain","stations":null,"source":"fcst"},{"datetime":"09:00:00","datetimeEpoch":1690515000,"temp":31.8,"feelslike":37.9,"humidity":64.57,"dew":24.3,"precip":0.1,"precipprob":71.4,"snow":0.0,"snowdepth":0.0,"preciptype":["rain"],"windgust":2.2,"windspeed":1.4,"winddir":19.2,"pressure":1001.0,"visibility":24.1,"cloudcover":79.7,"solarradiation":293.0,"solarenergy":1.1,"uvindex":3.0,"severerisk":30.0,"conditions":"Rain, Partially cloudy","icon":"rain","stations":null,"source":"fcst"},{"datetime":"10:00:00","datetimeEpoch":1690518600,"temp":33.5,"feelslike":39.5,"humidity":56.6,"dew":23.7,"precip":0.0,"precipprob":71.4,"snow":0.0,"snowdepth":0.0,"preciptype":["rain"],"windgust":4.7,"windspeed":2.9,"winddir":110.8,"pressure":1000.3,"visibility":24.1,"cloudcover":84.3,"solarradiation":471.3,"solarenergy":1.7,"uvindex":5.0,"severerisk":30.0,"conditions":"Rain, Partially cloudy","icon":"rain","stations":null,"source":"fcst"},{"datetime":"11:00:00","datetimeEpoch":1690522200,"temp":35.2,"feelslike":41.1,"humidity":49.67,"dew":23.1,"precip":0.0,"precipprob":71.4,"snow":0.0,"snowdepth":0.0,"preciptype":["rain"],"windgust":7.2,"windspeed":4.3,"winddir":202.5,"pressure":999.7,"visibility":24.1,"cloudcover":89.0,"solarradiation":649.7,"solarenergy":2.4,"uvindex":6.0,"severerisk":30.0,"conditions":"Rain, Partially cloudy","icon":"rain","stations":null,"source":"fcst"},{"datetime":"12:00:00","datetimeEpoch":1690525800,"temp":37.0,"feelslike":42.6,"humidity":43.63,"dew":22.6,"precip":0.0,"precipprob":71.4,"snow":0.0,"snowdepth":0.0,"preciptype":["rain"],"windgust":9.7,"windspeed":5.8,"winddir":294.1,"pressure":999.0,"visibility":24.1,"cloudcover":93.6,"solarradiation":828.0,"solarenergy":3.0,"uvindex":8.0,"severerisk":30.0,"conditions":"Rain, Overcast","icon":"rain","stations":null,"source":"fcst"},{"datetime":"13:00:00","datetimeEpoch":1690529400,"temp":35.7,"feelslike":41.5,"humidity":47.92,"dew":23.0,"precip":0.0,"precipprob":71.4,"snow":0.0,"snowdepth":0.0,"preciptype":["rain"],"windgust":8.8,"windspeed":5.2,"winddir":303.3,"pressure":998.3,"visibility":24.1,"cloudcover":92.7,"solarradiation":635.0,"solarenergy":2.3,"uvindex":6.0,"severerisk":30.0,"conditions":"Rain, Overcast","icon":"rain","stations":null,"source":"fcst"},{"datetime":"14:00:00","datetimeEpoch":1690533000,"temp":34.5,"feelslike":40.5,"humidity":52.67,"dew":23.4,"precip":0.0,"precipprob":71.4,"snow":0.0,"snowdepth":0.0,"preciptype":["rain"],"windgust":7.8,"windspeed":4.6,"winddir":312.4,"pressure":997.7,"visibility":24.1,"cloudcover":91.8,"solarradiation":442.0,"solarenergy":1.6,"uvindex":4.0,"severerisk":30.0,"conditions":"Rain, Overcast","icon":"rain","stations":null,"source":"fcst"},{"datetime":"15:00:00","datetimeEpoch":1690536600,"temp":33.3,"feelslike":39.4,"humidity":57.92,"dew":23.9,"precip":0.4,"precipprob":71.4,"snow":0.0,"snowdepth":0.0,"preciptype":["rain"],"windgust":6.8,"windspeed":4.0,"winddir":321.6,"pressure":997.0,"visibility":24.1,"cloudcover":90.9,"solarradiation":249.0,"solarenergy":0.9,"uvindex":2.0,"severerisk":30.0,"conditions":"Rain, Overcast","icon":"rain","stations":null,"source":"fcst"},{"datetime":"16:00:00","datetimeEpoch":1690540200,"temp":32.9,"feelslike":38.9,"humidity":58.78,"dew":23.8,"precip":0.0,"precipprob":71.4,"snow":0.0,"snowdepth":0.0,"preciptype":["rain"],"windgust":6.1,"windspeed":3.0,"winddir":254.4,"pressure":997.0,"visibility":24.1,"cloudcover":93.9,"solarradiation":269.0,"solarenergy":1.0,"uvindex":3.0,"severerisk":30.0,"conditions":"Rain, Overcast","icon":"rain","stations":null,"source":"fcst"},{"datetime":"17:00:00","datetimeEpoch":1690543800,"temp":32.6,"feelslike":38.4,"humidity":59.66,"dew":23.7,"precip":0.0,"precipprob":71.4,"snow":0.0,"snowdepth":0.0,"preciptype":["rain"],"windgust":5.4,"windspeed":2.0,"winddir":187.2,"pressure":997.0,"visibility":24.1,"cloudcover":97.0,"solarradiation":289.0,"solarenergy":1.0,"uvindex":3.0,"severerisk":30.0,"conditions":"Rain, Overcast","icon":"rain","stations":null,"source":"fcst"},{"datetime":"18:00:00","datetimeEpoch":1690547400,"temp":32.3,"feelslike":37.8,"humidity":60.55,"dew":23.7,"precip":0.0,"precipprob":71.4,"snow":0.0,"snowdepth":0.0,"preciptype":["rain"],"windgust":4.7,"windspeed":1.1,"winddir":120.0,"pressure":997.0,"visibility":24.1,"cloudcover":100.0,"solarradiation":309.0,"solarenergy":1.1,"uvindex":3.0,"severerisk":30.0,"conditions":"Rain, Overcast","icon":"rain","stations":null,"source":"fcst"},{"datetime":"19:00:00","datetimeEpoch":1690551000,"temp":30.4,"feelslike":35.6,"humidity":67.89,"dew":23.9,"precip":0.0,"precipprob":76.2,"snow":0.0,"snowdepth":0.0,"preciptype":["rain"],"windgust":11.2,"windspeed":4.3,"winddir":168.9,"pressure":998.0,"visibility":18.7,"cloudcover":100.0,"solarradiation":206.7,"solarenergy":0.7,"uvindex":0.0,"severerisk":30.0,"conditions":"Rain, Overcast","icon":"rain","stations":null,"source":"fcst"},{"datetime":"20:00:00","datetimeEpoch":1690554600,"temp":28.7,"feelslike":33.1,"humidity":76.22,"dew":24.1,"precip":0.0,"precipprob":76.2,"snow":0.0,"snowdepth":0.0,"preciptype":["rain"],"windgust":17.6,"windspeed":7.6,"winddir":217.7,"pressure":999.0,"visibility":13.2,"cloudcover":100.0,"solarradiation":104.3,"solarenergy":0.4,"uvindex":0.0,"severerisk":30.0,"conditions":"Rain, Overcast","icon":"rain","stations":null,"source":"fcst"},{"datetime":"21:00:00","datetimeEpoch":1690558200,"temp":26.9,"feelslike":29.9,"humidity":85.69,"dew":24.3,"precip":5.1,"precipprob":76.2,"snow":0.0,"snowdepth":0.0,"preciptype":["rain"],"windgust":24.1,"windspeed":10.8,"winddir":266.6,"pressure":1000.0,"visibility":7.8,"cloudcover":100.0,"solarradiation":2.0,"solarenergy":0.0,"uvindex":0.0,"severerisk":10.0,"conditions":"Rain, Overcast","icon":"rain","stations":null,"source":"fcst"},{"datetime":"22:00:00","datetimeEpoch":1690561800,"temp":26.5,"feelslike":26.5,"humidity":88.26,"dew":24.4,"precip":0.0,"precipprob":76.2,"snow":0.0,"snowdepth":0.0,"preciptype":["rain"],"windgust":17.6,"windspeed":8.4,"winddir":281.3,"pressure":1000.0,"visibility":13.2,"cloudcover":100.0,"solarradiation":1.3,"solarenergy":0.0,"uvindex":0.0,"severerisk":30.0,"conditions":"Rain, Overcast","icon":"rain","stations":null,"source":"fcst"},{"datetime":"23:00:00","datetimeEpoch":1690565400,"temp":26.1,"feelslike":26.1,"humidity":90.92,"dew":24.4,"precip":0.0,"precipprob":76.2,"snow":0.0,"snowdepth":0.0,"preciptype":["rain"],"windgust":11.2,"windspeed":6.0,"winddir":296.0,"pressure":1000.0,"visibility":18.7,"cloudcover":100.0,"solarradiation":0.7,"solarenergy":0.0,"uvindex":0.0,"severerisk":30.0,"conditions":"Rain, Overcast","icon":"rain","stations":null,"source":"fcst"}]},{"datetime":"2023-07-29","datetimeEpoch":1690569000,"tempmax":30.5,"tempmin":24.0,"temp":27.1,"feelslikemax":35.4,"feelslikemin":24.0,"feelslike":29.4,"dew":24.0,"humidity":83.6,"precip":22.8,"precipprob":81.0,"precipcover":33.33,"preciptype":["rain"],"snow":0.0,"snowdepth":0.0,"windgust":15.5,"windspeed":9.7,"winddir":300.9,"pressure":999.5,"cloudcover":97.6,"visibility":18.3,"solarradiation":204.5,"solarenergy":17.9,"uvindex":6.0,"severerisk":30.0,"sunrise":"05:19:25","sunriseEpoch":1690588165,"sunset":"18:31:54","sunsetEpoch":1690635714,"moonphase":0.38,"conditions":"Rain, Overcast","description":"Cloudy skies throughout the day with storms possible.","icon":"rain","stations":null,"source":"fcst","hours":[{"datetime":"00:00:00","datetimeEpoch":1690569000,"temp":25.7,"feelslike":25.7,"humidity":93.66,"dew":24.6,"precip":5.9,"precipprob":76.2,"snow":0.0,"snowdepth":0.0,"preciptype":["rain"],"windgust":4.7,"windspeed":3.6,"winddir":310.7,"pressure":1000.0,"visibility":24.1,"cloudcover":100.0,"solarradiation":0.0,"solarenergy":0.0,"uvindex":0.0,"severerisk":30.0,"conditions":"Rain, Overcast","icon":"rain","stations":null,"source":"fcst"},{"datetime":"01:00:00","datetimeEpoch":1690572600,"temp":25.4,"feelslike":25.4,"humidity":94.02,"dew":24.3,"precip":0.0,"precipprob":66.7,"snow":0.0,"snowdepth":0.0,"preciptype":["rain"],"windgust":5.8,"windspeed":4.3,"winddir":316.6,"pressure":999.7,"visibility":24.1,"cloudcover":100.0,"solarradiation":0.0,"solarenergy":0.0,"uvindex":0.0,"severerisk":10.0,"conditions":"Rain, Overcast","icon":"rain","stations":null,"source":"fcst"},{"datetime":"02:00:00","datetimeEpoch":1690576200,"temp":25.1,"feelslike":25.1,"humidity":94.38,"dew":24.1,"precip":0.0,"precipprob":66.7,"snow":0.0,"snowdepth":0.0,"preciptype":["rain"],"windgust":6.8,"windspeed":5.0,"winddir":322.4,"pressure":999.3,"visibility":24.1,"cloudcover":100.0,"solarradiation":0.0,"solarenergy":0.0,"uvindex":0.0,"severerisk":10.0,"conditions":"Rain, Overcast","icon":"rain","stations":null,"source":"fcst"},{"datetime":"03:00:00","datetimeEpoch":1690579800,"temp":24.8,"feelslike":24.8,"humidity":94.75,"dew":23.9,"precip":1.9,"precipprob":66.7,"snow":0.0,"snowdepth":0.0,"preciptype":["rain"],"windgust":7.9,"windspeed":5.8,"winddir":328.3,"pressure":999.0,"visibility":24.1,"cloudcover":100.0,"solarradiation":0.0,"solarenergy":0.0,"uvindex":0.0,"severerisk":10.0,"conditions":"Rain, Overcast","icon":"rain","stations":null,"source":"fcst"},{"datetime":"04:00:00","datetimeEpoch":1690583400,"temp":24.5,"feelslike":24.5,"humidity":94.74,"dew":23.6,"precip":0.0,"precipprob":66.7,"snow":0.0,"snowdepth":0.0,"preciptype":["rain"],"windgust":6.1,"windspeed":4.6,"winddir":309.4,"pressure":999.3,"visibility":17.7,"cloudcover":100.0,"solarradiation":0.0,"solarenergy":0.0,"uvindex":0.0,"severerisk":10.0,"conditions":"Rain, Overcast","icon":"rain","stations":null,"source":"fcst"},{"datetime":"05:00:00","datetimeEpoch":1690587000,"temp":24.2,"feelslike":24.2,"humidity":94.73,"dew":23.3,"precip":0.0,"precipprob":66.7,"snow":0.0,"snowdepth":0.0,"preciptype":["rain"],"windgust":4.3,"windspeed":3.4,"winddir":290.6,"pressure":999.7,"visibility":11.2,"cloudcover":100.0,"solarradiation":0.0,"solarenergy":0.0,"uvindex":0.0,"severerisk":3.0,"conditions":"Rain, Overcast","icon":"rain","stations":null,"source":"fcst"},{"datetime":"06:00:00","datetimeEpoch":1690590600,"temp":24.0,"feelslike":24.0,"humidity":94.72,"dew":23.1,"precip":5.0,"precipprob":66.7,"snow":0.0,"snowdepth":0.0,"preciptype":["rain"],"windgust":2.5,"windspeed":2.2,"winddir":271.7,"pressure":1000.0,"visibility":4.8,"cloudcover":100.0,"solarradiation":0.0,"solarenergy":0.0,"uvindex":0.0,"severerisk":3.0,"conditions":"Rain, Overcast","icon":"rain","stations":null,"source":"fcst"},{"datetime":"07:00:00","datetimeEpoch":1690594200,"temp":25.0,"feelslike":25.0,"humidity":89.94,"dew":23.2,"precip":0.0,"precipprob":66.7,"snow":0.0,"snowdepth":0.0,"preciptype":["rain"],"windgust":4.7,"windspeed":3.1,"winddir":272.6,"pressure":1000.3,"visibility":11.2,"cloudcover":100.0,"solarradiation":51.7,"solarenergy":0.3,"uvindex":1.0,"severerisk":10.0,"conditions":"Rain, Overcast","icon":"rain","stations":null,"source":"fcst"},{"datetime":"08:00:00","datetimeEpoch":1690597800,"temp":26.0,"feelslike":26.0,"humidity":85.44,"dew":23.4,"precip":0.0,"precipprob":66.7,"snow":0.0,"snowdepth":0.0,"preciptype":["rain"],"windgust":6.8,"windspeed":4.1,"winddir":273.6,"pressure":1000.7,"visibility":17.7,"cloudcover":100.0,"solarradiation":103.3,"solarenergy":0.5,"uvindex":1.0,"severerisk":10.0,"conditions":"Rain, Overcast","icon":"rain","stations":null,"source":"fcst"},{"datetime":"09:00:00","datetimeEpoch":1690601400,"temp":27.1,"feelslike":30.0,"humidity":81.2,"dew":23.6,"precip":1.4,"precipprob":66.7,"snow":0.0,"snowdepth":0.0,"preciptype":["rain"],"windgust":9.0,"windspeed":5.0,"winddir":274.5,"pressure":1001.0,"visibility":24.1,"cloudcover":100.0,"solarradiation":155.0,"solarenergy":0.6,"uvindex":2.0,"severerisk":10.0,"conditions":"Rain, Overcast","icon":"rain","stations":null,"source":"fcst"},{"datetime":"10:00:00","datetimeEpoch":1690605000,"temp":28.2,"feelslike":31.9,"humidity":76.15,"dew":23.6,"precip":0.0,"precipprob":66.7,"snow":0.0,"snowdepth":0.0,"preciptype":["rain"],"windgust":10.6,"windspeed":6.6,"winddir":283.4,"pressure":1000.7,"visibility":21.4,"cloudcover":94.8,"solarradiation":294.3,"solarenergy":1.1,"uvindex":3.0,"severerisk":10.0,"conditions":"Rain, Overcast","icon":"rain","stations":null,"source":"fcst"},{"datetime":"11:00:00","datetimeEpoch":1690608600,"temp":29.3,"feelslike":33.7,"humidity":71.45,"dew":23.6,"precip":0.0,"precipprob":66.7,"snow":0.0,"snowdepth":0.0,"preciptype":["rain"],"windgust":12.1,"windspeed":8.2,"winddir":292.4,"pressure":1000.3,"visibility":18.6,"cloudcover":89.6,"solarradiation":433.7,"solarenergy":1.6,"uvindex":4.0,"severerisk":10.0,"conditions":"Rain, Partially cloudy","icon":"rain","stations":null,"source":"fcst"},{"datetime":"12:00:00","datetimeEpoch":1690612200,"temp":30.5,"feelslike":35.4,"humidity":67.07,"dew":23.7,"precip":0.6,"precipprob":66.7,"snow":0.0,"snowdepth":0.0,"preciptype":["rain"],"windgust":13.7,"windspeed":9.7,"winddir":301.3,"pressure":1000.0,"visibility":15.9,"cloudcover":84.4,"solarradiation":573.0,"solarenergy":2.1,"uvindex":6.0,"severerisk":30.0,"conditions":"Rain, Partially cloudy","icon":"rain","stations":null,"source":"fcst"},{"datetime":"13:00:00","datetimeEpoch":1690615800,"temp":30.2,"feelslike":35.3,"humidity":69.08,"dew":23.9,"precip":0.0,"precipprob":81.0,"snow":0.0,"snowdepth":0.0,"preciptype":["rain"],"windgust":14.3,"windspeed":9.4,"winddir":308.3,"pressure":999.3,"visibility":15.2,"cloudcover":89.6,"solarradiation":580.0,"solarenergy":2.1,"uvindex":6.0,"severerisk":30.0,"conditions":"Rain, Partially cloudy","icon":"rain","stations":null,"source":"fcst"},{"datetime":"14:00:00","datetimeEpoch":1690619400,"temp":30.0,"feelslike":35.3,"humidity":71.14,"dew":24.2,"precip":0.0,"precipprob":81.0,"snow":0.0,"snowdepth":0.0,"preciptype":["rain"],"windgust":14.9,"windspeed":9.0,"winddir":315.3,"pressure":998.7,"visibility":14.4,"cloudcover":94.8,"solarradiation":587.0,"solarenergy":2.1,"uvindex":6.0,"severerisk":30.0,"conditions":"Rain, Overcast","icon":"rain","stations":null,"source":"fcst"},{"datetime":"15:00:00","datetimeEpoch":1690623000,"temp":29.8,"feelslike":35.2,"humidity":73.26,"dew":24.5,"precip":4.9,"precipprob":81.0,"snow":0.0,"snowdepth":0.0,"preciptype":["rain"],"windgust":15.5,"windspeed":8.6,"winddir":322.3,"pressure":998.0,"visibility":13.7,"cloudcover":100.0,"solarradiation":594.0,"solarenergy":2.1,"uvindex":6.0,"severerisk":30.0,"conditions":"Rain, Overcast","icon":"rain","stations":null,"source":"fcst"},{"datetime":"16:00:00","datetimeEpoch":1690626600,"temp":29.4,"feelslike":34.8,"humidity":75.43,"dew":24.6,"precip":0.0,"precipprob":81.0,"snow":0.0,"snowdepth":0.0,"preciptype":["rain"],"windgust":13.9,"windspeed":7.7,"winddir":317.1,"pressure":998.0,"visibility":14.4,"cloudcover":98.7,"solarradiation":496.3,"solarenergy":1.8,"uvindex":5.0,"severerisk":30.0,"conditions":"Rain, Overcast","icon":"rain","stations":null,"source":"fcst"},{"datetime":"17:00:00","datetimeEpoch":1690630200,"temp":29.0,"feelslike":34.3,"humidity":77.66,"dew":24.7,"precip":0.0,"precipprob":81.0,"snow":0.0,"snowdepth":0.0,"preciptype":["rain"],"windgust":12.4,"windspeed":6.7,"winddir":312.0,"pressure":998.0,"visibility":15.0,"cloudcover":97.4,"solarradiation":398.7,"solarenergy":1.4,"uvindex":4.0,"severerisk":30.0,"conditions":"Rain, Overcast","icon":"rain","stations":null,"source":"fcst"},{"datetime":"18:00:00","datetimeEpoch":1690633800,"temp":28.7,"feelslike":33.8,"humidity":79.96,"dew":24.9,"precip":2.4,"precipprob":81.0,"snow":0.0,"snowdepth":0.0,"preciptype":["rain"],"windgust":10.8,"windspeed":5.8,"winddir":306.8,"pressure":998.0,"visibility":15.7,"cloudcover":96.1,"solarradiation":301.0,"solarenergy":1.1,"uvindex":3.0,"severerisk":30.0,"conditions":"Rain, Overcast","icon":"rain","stations":null,"source":"fcst"},{"datetime":"19:00:00","datetimeEpoch":1690637400,"temp":27.9,"feelslike":32.1,"humidity":81.96,"dew":24.5,"precip":0.0,"precipprob":61.9,"snow":0.0,"snowdepth":0.0,"preciptype":["rain"],"windgust":8.4,"windspeed":4.9,"winddir":291.9,"pressure":998.7,"visibility":18.5,"cloudcover":97.4,"solarradiation":205.0,"solarenergy":0.7,"uvindex":0.0,"severerisk":30.0,"conditions":"Rain, Overcast","icon":"rain","stations":null,"source":"fcst"},{"datetime":"20:00:00","datetimeEpoch":1690641000,"temp":27.1,"feelslike":30.4,"humidity":84.03,"dew":24.2,"precip":0.0,"precipprob":61.9,"snow":0.0,"snowdepth":0.0,"preciptype":["rain"],"windgust":6.0,"windspeed":4.1,"winddir":277.1,"pressure":999.3,"visibility":21.3,"cloudcover":98.7,"solarradiation":109.0,"solarenergy":0.4,"uvindex":0.0,"severerisk":10.0,"conditions":"Rain, Overcast","icon":"rain","stations":null,"source":"fcst"},{"datetime":"21:00:00","datetimeEpoch":1690644600,"temp":26.4,"feelslike":26.4,"humidity":86.16,"dew":23.9,"precip":0.7,"precipprob":61.9,"snow":0.0,"snowdepth":0.0,"preciptype":["rain"],"windgust":3.6,"windspeed":3.2,"winddir":262.2,"pressure":1000.0,"visibility":24.1,"cloudcover":100.0,"solarradiation":13.0,"solarenergy":0.0,"uvindex":0.0,"severerisk":10.0,"conditions":"Rain, Overcast","icon":"rain","stations":null,"source":"fcst"},{"datetime":"22:00:00","datetimeEpoch":1690648200,"temp":26.2,"feelslike":26.2,"humidity":86.84,"dew":23.9,"precip":0.0,"precipprob":61.9,"snow":0.0,"snowdepth":0.0,"preciptype":["rain"],"windgust":3.2,"windspeed":2.9,"winddir":267.0,"pressure":1000.0,"visibility":24.1,"cloudcover":100.0,"solarradiation":8.7,"solarenergy":0.0,"uvindex":0.0,"severerisk":10.0,"conditions":"Rain, Overcast","icon":"rain","stations":null,"source":"fcst"},{"datetime":"23:00:00","datetimeEpoch":1690651800,"temp":26.1,"feelslike":26.1,"humidity":87.53,"dew":23.9,"precip":0.0,"precipprob":61.9,"snow":0.0,"snowdepth":0.0,"preciptype":["rain"],"windgust":2.9,"windspeed":2.5,"winddir":271.8,"pressure":1000.0,"visibility":24.1,"cloudcover":100.0,"solarradiation":4.3,"solarenergy":0.0,"uvindex":0.0,"severerisk":10.0,"conditions":"Rain, Overcast","icon":"rain","stations":null,"source":"fcst"}]},{"datetime":"2023-07-30","datetimeEpoch":1690655400,"tempmax":31.2,"tempmin":24.6,"temp":27.4,"feelslikemax":35.9,"feelslikemin":24.6,"feelslike":29.6,"dew":23.9,"humidity":81.9,"precip":5.5,"precipprob":81.0,"precipcover":33.33,"preciptype":["rain"],"snow":0.0,"snowdepth":0.0,"windgust":17.6,"windspeed":12.2,"winddir":36.7,"pressure":998.6,"cloudcover":99.2,"visibility":19.5,"solarradiation":186.1,"solarenergy":15.9,"uvindex":6.0,"severerisk":30.0,"sunrise":"05:19:50","sunriseEpoch":1690674590,"sunset":"18:31:25","sunsetEpoch":1690722085,"moonphase":0.42,"conditions":"Rain, Overcast","description":"Cloudy skies throughout the day with storms possible.","icon":"rain","stations":null,"source":"fcst","hours":[{"datetime":"00:00:00","datetimeEpoch":1690655400,"temp":26.0,"feelslike":26.0,"humidity":88.22,"dew":23.9,"precip":0.2,"precipprob":61.9,"snow":0.0,"snowdepth":0.0,"preciptype":["rain"],"windgust":2.5,"windspeed":2.2,"winddir":276.6,"pressure":1000.0,"visibility":24.1,"cloudcover":100.0,"solarradiation":0.0,"solarenergy":0.0,"uvindex":0.0,"severerisk":10.0,"conditions":"Rain, Overcast","icon":"rain","stations":null,"source":"fcst"},{"datetime":"01:00:00","datetimeEpoch":1690659000,"temp":25.7,"feelslike":25.7,"humidity":89.09,"dew":23.8,"precip":0.0,"precipprob":57.1,"snow":0.0,"snowdepth":0.0,"preciptype":["rain"],"windgust":2.3,"windspeed":2.0,"winddir":191.3,"pressure":999.3,"visibility":24.1,"cloudcover":100.0,"solarradiation":0.0,"solarenergy":0.0,"uvindex":0.0,"severerisk":10.0,"conditions":"Rain, Overcast","icon":"rain","stations":null,"source":"fcst"},{"datetime":"02:00:00","datetimeEpoch":1690662600,"temp":25.5,"feelslike":25.5,"humidity":89.97,"dew":23.7,"precip":0.0,"precipprob":57.1,"snow":0.0,"snowdepth":0.0,"preciptype":["rain"],"windgust":2.0,"windspeed":1.9,"winddir":106.1,"pressure":998.7,"visibility":24.1,"cloudcover":100.0,"solarradiation":0.0,"solarenergy":0.0,"uvindex":0.0,"severerisk":10.0,"conditions":"Rain, Overcast","icon":"rain","stations":null,"source":"fcst"},{"datetime":"03:00:00","datetimeEpoch":1690666200,"temp":25.3,"feelslike":25.3,"humidity":90.87,"dew":23.7,"precip":0.3,"precipprob":57.1,"snow":0.0,"snowdepth":0.0,"preciptype":["rain"],"windgust":1.8,"windspeed":1.8,"winddir":20.8,"pressure":998.0,"visibility":24.1,"cloudcover":100.0,"solarradiation":0.0,"solarenergy":0.0,"uvindex":0.0,"severerisk":10.0,"conditions":"Rain, Overcast","icon":"rain","stations":null,"source":"fcst"},{"datetime":"04:00:00","datetimeEpoch":1690669800,"temp":25.0,"feelslike":25.0,"humidity":92.32,"dew":23.7,"precip":0.0,"precipprob":57.1,"snow":0.0,"snowdepth":0.0,"preciptype":["rain"],"windgust":2.3,"windspeed":2.2,"winddir":22.3,"pressure":998.3,"visibility":24.1,"cloudcover":100.0,"solarradiation":0.0,"solarenergy":0.0,"uvindex":0.0,"severerisk":10.0,"conditions":"Rain, Overcast","icon":"rain","stations":null,"source":"fcst"},{"datetime":"05:00:00","datetimeEpoch":1690673400,"temp":24.8,"feelslike":24.8,"humidity":93.8,"dew":23.7,"precip":0.0,"precipprob":57.1,"snow":0.0,"snowdepth":0.0,"preciptype":["rain"],"windgust":2.8,"windspeed":2.5,"winddir":23.8,"pressure":998.7,"visibility":24.1,"cloudcover":100.0,"solarradiation":0.0,"solarenergy":0.0,"uvindex":0.0,"severerisk":10.0,"conditions":"Rain, Overcast","icon":"rain","stations":null,"source":"fcst"},{"datetime":"06:00:00","datetimeEpoch":1690677000,"temp":24.6,"feelslike":24.6,"humidity":95.31,"dew":23.8,"precip":1.7,"precipprob":57.1,"snow":0.0,"snowdepth":0.0,"preciptype":["rain"],"windgust":3.2,"windspeed":2.9,"winddir":25.3,"pressure":999.0,"visibility":24.1,"cloudcover":100.0,"solarradiation":0.0,"solarenergy":0.0,"uvindex":0.0,"severerisk":10.0,"conditions":"Rain, Overcast","icon":"rain","stations":null,"source":"fcst"},{"datetime":"07:00:00","datetimeEpoch":1690680600,"temp":25.0,"feelslike":25.0,"humidity":93.07,"dew":23.8,"precip":0.0,"precipprob":81.0,"snow":0.0,"snowdepth":0.0,"preciptype":["rain"],"windgust":5.0,"windspeed":3.0,"winddir":21.1,"pressure":999.3,"visibility":18.6,"cloudcover":99.2,"solarradiation":23.0,"solarenergy":0.1,"uvindex":0.0,"severerisk":10.0,"conditions":"Rain, Overcast","icon":"rain","stations":null,"source":"fcst"},{"datetime":"08:00:00","datetimeEpoch":1690684200,"temp":25.5,"feelslike":25.5,"humidity":90.88,"dew":23.9,"precip":0.0,"precipprob":81.0,"snow":0.0,"snowdepth":0.0,"preciptype":["rain"],"windgust":6.8,"windspeed":3.1,"winddir":16.8,"pressure":999.7,"visibility":13.2,"cloudcover":98.3,"solarradiation":46.0,"solarenergy":0.1,"uvindex":0.0,"severerisk":10.0,"conditions":"Rain, Overcast","icon":"rain","stations":null,"source":"fcst"},{"datetime":"09:00:00","datetimeEpoch":1690687800,"temp":26.0,"feelslike":26.0,"humidity":88.75,"dew":24.0,"precip":0.5,"precipprob":81.0,"snow":0.0,"snowdepth":0.0,"preciptype":["rain"],"windgust":8.6,"windspeed":3.2,"winddir":12.6,"pressure":1000.0,"visibility":7.7,"cloudcover":97.5,"solarradiation":69.0,"solarenergy":0.2,"uvindex":1.0,"severerisk":10.0,"conditions":"Rain, Overcast","icon":"rain","stations":null,"source":"fcst"},{"datetime":"10:00:00","datetimeEpoch":1690691400,"temp":27.3,"feelslike":30.7,"humidity":82.05,"dew":24.0,"precip":0.0,"precipprob":81.0,"snow":0.0,"snowdepth":0.0,"preciptype":["rain"],"windgust":11.0,"windspeed":5.5,"winddir":14.7,"pressure":999.7,"visibility":7.3,"cloudcover":98.3,"solarradiation":229.3,"solarenergy":0.8,"uvindex":2.0,"severerisk":10.0,"conditions":"Rain, Overcast","icon":"rain","stations":null,"source":"fcst"},{"datetime":"11:00:00","datetimeEpoch":1690695000,"temp":28.7,"feelslike":33.1,"humidity":75.92,"dew":24.0,"precip":0.0,"precipprob":81.0,"snow":0.0,"snowdepth":0.0,"preciptype":["rain"],"windgust":13.4,"windspeed":7.8,"winddir":16.8,"pressure":999.3,"visibility":6.9,"cloudcover":99.2,"solarradiation":389.7,"solarenergy":1.4,"uvindex":4.0,"severerisk":10.0,"conditions":"Rain, Overcast","icon":"rain","stations":null,"source":"fcst"},{"datetime":"12:00:00","datetimeEpoch":1690698600,"temp":30.1,"feelslike":35.2,"humidity":70.3,"dew":24.1,"precip":2.1,"precipprob":81.0,"snow":0.0,"snowdepth":0.0,"preciptype":["rain"],"windgust":15.8,"windspeed":10.1,"winddir":18.9,"pressure":999.0,"visibility":6.5,"cloudcover":100.0,"solarradiation":550.0,"solarenergy":2.0,"uvindex":6.0,"severerisk":30.0,"conditions":"Rain, Overcast","icon":"rain","stations":null,"source":"fcst"},{"datetime":"13:00:00","datetimeEpoch":1690702200,"temp":30.4,"feelslike":35.5,"humidity":67.74,"dew":23.8,"precip":0.0,"precipprob":81.0,"snow":0.0,"snowdepth":0.0,"preciptype":["rain"],"windgust":16.2,"windspeed":10.8,"winddir":25.4,"pressure":998.3,"visibility":12.4,"cloudcover":100.0,"solarradiation":556.3,"solarenergy":2.0,"uvindex":6.0,"severerisk":30.0,"conditions":"Rain, Overcast","icon":"rain","stations":null,"source":"fcst"},{"datetime":"14:00:00","datetimeEpoch":1690705800,"temp":30.8,"feelslike":35.7,"humidity":65.28,"dew":23.5,"precip":0.0,"precipprob":81.0,"snow":0.0,"snowdepth":0.0,"preciptype":["rain"],"windgust":16.6,"windspeed":11.5,"winddir":31.8,"pressure":997.7,"visibility":18.2,"cloudcover":100.0,"solarradiation":562.7,"solarenergy":2.0,"uvindex":6.0,"severerisk":10.0,"conditions":"Rain, Overcast","icon":"rain","stations":null,"source":"fcst"},{"datetime":"15:00:00","datetimeEpoch":1690709400,"temp":31.2,"feelslike":35.9,"humidity":62.91,"dew":23.3,"precip":0.5,"precipprob":81.0,"snow":0.0,"snowdepth":0.0,"preciptype":["rain"],"windgust":16.9,"windspeed":12.2,"winddir":38.3,"pressure":997.0,"visibility":24.1,"cloudcover":100.0,"solarradiation":569.0,"solarenergy":2.0,"uvindex":6.0,"severerisk":10.0,"conditions":"Rain, Overcast","icon":"rain","stations":null,"source":"fcst"},{"datetime":"16:00:00","datetimeEpoch":1690713000,"temp":30.5,"feelslike":35.4,"humidity":66.55,"dew":23.6,"precip":0.0,"precipprob":81.0,"snow":0.0,"snowdepth":0.0,"preciptype":["rain"],"windgust":17.2,"windspeed":10.4,"winddir":42.8,"pressure":997.0,"visibility":24.1,"cloudcover":100.0,"solarradiation":474.7,"solarenergy":1.7,"uvindex":5.0,"severerisk":30.0,"conditions":"Rain, Overcast","icon":"rain","stations":null,"source":"fcst"},{"datetime":"17:00:00","datetimeEpoch":1690716600,"temp":29.9,"feelslike":34.9,"humidity":70.41,"dew":23.9,"precip":0.0,"precipprob":81.0,"snow":0.0,"snowdepth":0.0,"preciptype":["rain"],"windgust":17.4,"windspeed":8.6,"winddir":47.2,"pressure":997.0,"visibility":24.1,"cloudcover":100.0,"solarradiation":380.3,"solarenergy":1.3,"uvindex":4.0,"severerisk":30.0,"conditions":"Rain, Overcast","icon":"rain","stations":null,"source":"fcst"},{"datetime":"18:00:00","datetimeEpoch":1690720200,"temp":29.3,"feelslike":34.2,"humidity":74.51,"dew":24.3,"precip":0.1,"precipprob":81.0,"snow":0.0,"snowdepth":0.0,"preciptype":["rain"],"windgust":17.6,"windspeed":6.8,"winddir":51.7,"pressure":997.0,"visibility":24.1,"cloudcover":100.0,"solarradiation":286.0,"solarenergy":1.0,"uvindex":3.0,"severerisk":30.0,"conditions":"Rain, Overcast","icon":"rain","stations":null,"source":"fcst"},{"datetime":"19:00:00","datetimeEpoch":1690723800,"temp":28.5,"feelslike":32.9,"humidity":77.43,"dew":24.2,"precip":0.0,"precipprob":71.4,"snow":0.0,"snowdepth":0.0,"preciptype":["rain"],"windgust":13.4,"windspeed":6.2,"winddir":57.0,"pressure":997.7,"visibility":24.1,"cloudcover":100.0,"solarradiation":195.7,"solarenergy":0.7,"uvindex":0.0,"severerisk":30.0,"conditions":"Rain, Overcast","icon":"rain","stations":null,"source":"fcst"},{"datetime":"20:00:00","datetimeEpoch":1690727400,"temp":27.7,"feelslike":31.5,"humidity":80.48,"dew":24.1,"precip":0.0,"precipprob":71.4,"snow":0.0,"snowdepth":0.0,"preciptype":["rain"],"windgust":9.2,"windspeed":5.6,"winddir":62.2,"pressure":998.3,"visibility":24.1,"cloudcover":100.0,"solarradiation":105.3,"solarenergy":0.4,"uvindex":0.0,"severerisk":30.0,"conditions":"Rain, Overcast","icon":"rain","stations":null,"source":"fcst"},{"datetime":"21:00:00","datetimeEpoch":1690731000,"temp":27.0,"feelslike":30.0,"humidity":83.67,"dew":24.0,"precip":0.1,"precipprob":71.4,"snow":0.0,"snowdepth":0.0,"preciptype":["rain"],"windgust":5.0,"windspeed":5.0,"winddir":67.5,"pressure":999.0,"visibility":24.1,"cloudcover":100.0,"solarradiation":15.0,"solarenergy":0.1,"uvindex":0.0,"severerisk":30.0,"conditions":"Rain, Overcast","icon":"rain","stations":null,"source":"fcst"},{"datetime":"22:00:00","datetimeEpoch":1690734600,"temp":26.5,"feelslike":26.5,"humidity":86.17,"dew":24.0,"precip":0.0,"precipprob":71.4,"snow":0.0,"snowdepth":0.0,"preciptype":["rain"],"windgust":5.3,"windspeed":5.2,"winddir":60.3,"pressure":999.0,"visibility":21.2,"cloudcover":96.1,"solarradiation":10.0,"solarenergy":0.1,"uvindex":0.0,"severerisk":10.0,"conditions":"Rain, Overcast","icon":"rain","stations":null,"source":"fcst"},{"datetime":"23:00:00","datetimeEpoch":1690738200,"temp":26.0,"feelslike":26.0,"humidity":88.76,"dew":24.0,"precip":0.0,"precipprob":71.4,"snow":0.0,"snowdepth":0.0,"preciptype":["rain"],"windgust":5.5,"windspeed":5.3,"winddir":53.0,"pressure":999.0,"visibility":18.4,"cloudcover":92.2,"solarradiation":5.0,"solarenergy":0.0,"uvindex":0.0,"severerisk":10.0,"conditions":"Rain, Overcast","icon":"rain","stations":null,"source":"fcst"}]},{"datetime":"2023-07-31","datetimeEpoch":1690741800,"tempmax":31.3,"tempmin":24.4,"temp":27.1,"feelslikemax":36.6,"feelslikemin":24.4,"feelslike":29.3,"dew":24.2,"humidity":85.0,"precip":7.4,"precipprob":71.4,"precipcover":33.33,"preciptype":["rain"],"snow":0.0,"snowdepth":0.0,"windgust":31.7,"windspeed":20.2,"winddir":61.1,"pressure":997.7,"cloudcover":69.5,"visibility":21.7,"solarradiation":225.1,"solarenergy":19.2,"uvindex":8.0,"severerisk":30.0,"sunrise":"05:20:14","sunriseEpoch":1690761014,"sunset":"18:30:55","sunsetEpoch":1690808455,"moonphase":0.45,"conditions":"Rain, Partially cloudy","description":"Partly cloudy throughout the day with storms possible.","icon":"rain","stations":null,"source":"fcst","hours":[{"datetime":"00:00:00","datetimeEpoch":1690741800,"temp":25.6,"feelslike":25.6,"humidity":91.43,"dew":24.1,"precip":0.6,"precipprob":71.4,"snow":0.0,"snowdepth":0.0,"preciptype":["rain"],"windgust":5.8,"windspeed":5.4,"winddir":45.8,"pressure":999.0,"visibility":15.5,"cloudcover":88.3,"solarradiation":0.0,"solarenergy":0.0,"uvindex":0.0,"severerisk":10.0,"conditions":"Rain, Partially cloudy","icon":"rain","stations":null,"source":"fcst"},{"datetime":"01:00:00","datetimeEpoch":1690745400,"temp":25.3,"feelslike":25.3,"humidity":92.89,"dew":24.0,"precip":0.0,"precipprob":71.4,"snow":0.0,"snowdepth":0.0,"preciptype":["rain"],"windgust":6.6,"windspeed":5.6,"winddir":45.3,"pressure":998.3,"visibility":18.4,"cloudcover":90.2,"solarradiation":0.0,"solarenergy":0.0,"uvindex":0.0,"severerisk":10.0,"conditions":"Rain, Overcast","icon":"rain","stations":null,"source":"fcst"},{"datetime":"02:00:00","datetimeEpoch":1690749000,"temp":25.0,"feelslike":25.0,"humidity":94.38,"dew":24.0,"precip":0.0,"precipprob":71.4,"snow":0.0,"snowdepth":0.0,"preciptype":["rain"],"windgust":7.4,"windspeed":5.9,"winddir":44.8,"pressure":997.7,"visibility":21.2,"cloudcover":92.2,"solarradiation":0.0,"solarenergy":0.0,"uvindex":0.0,"severerisk":10.0,"conditions":"Rain, Overcast","icon":"rain","stations":null,"source":"fcst"},{"datetime":"03:00:00","datetimeEpoch":1690752600,"temp":24.7,"feelslike":24.7,"humidity":95.89,"dew":24.0,"precip":2.2,"precipprob":71.4,"snow":0.0,"snowdepth":0.0,"preciptype":["rain"],"windgust":8.3,"windspeed":6.1,"winddir":44.3,"pressure":997.0,"visibility":24.1,"cloudcover":94.1,"solarradiation":0.0,"solarenergy":0.0,"uvindex":0.0,"severerisk":10.0,"conditions":"Rain, Overcast","icon":"rain","stations":null,"source":"fcst"},{"datetime":"04:00:00","datetimeEpoch":1690756200,"temp":24.6,"feelslike":24.6,"humidity":96.08,"dew":23.9,"precip":0.0,"precipprob":71.4,"snow":0.0,"snowdepth":0.0,"preciptype":["rain"],"windgust":7.8,"windspeed":5.9,"winddir":36.9,"pressure":997.3,"visibility":24.1,"cloudcover":83.3,"solarradiation":0.0,"solarenergy":0.0,"uvindex":0.0,"severerisk":10.0,"conditions":"Rain, Partially cloudy","icon":"rain","stations":null,"source":"fcst"},{"datetime":"05:00:00","datetimeEpoch":1690759800,"temp":24.5,"feelslike":24.5,"humidity":96.27,"dew":23.8,"precip":0.0,"precipprob":71.4,"snow":0.0,"snowdepth":0.0,"preciptype":["rain"],"windgust":7.3,"windspeed":5.6,"winddir":29.5,"pressure":997.7,"visibility":24.1,"cloudcover":72.5,"solarradiation":0.0,"solarenergy":0.0,"uvindex":0.0,"severerisk":10.0,"conditions":"Rain, Partially cloudy","icon":"rain","stations":null,"source":"fcst"},{"datetime":"06:00:00","datetimeEpoch":1690763400,"temp":24.4,"feelslike":24.4,"humidity":96.46,"dew":23.8,"precip":0.5,"precipprob":71.4,"snow":0.0,"snowdepth":0.0,"preciptype":["rain"],"windgust":6.8,"windspeed":5.4,"winddir":22.1,"pressure":998.0,"visibility":24.1,"cloudcover":61.7,"solarradiation":0.0,"solarenergy":0.0,"uvindex":0.0,"severerisk":10.0,"conditions":"Rain, Partially cloudy","icon":"rain","stations":null,"source":"fcst"},{"datetime":"07:00:00","datetimeEpoch":1690767000,"temp":25.2,"feelslike":25.2,"humidity":92.52,"dew":23.9,"precip":0.0,"precipprob":71.4,"snow":0.0,"snowdepth":0.0,"preciptype":["rain"],"windgust":15.1,"windspeed":8.6,"winddir":35.0,"pressure":998.7,"visibility":24.1,"cloudcover":74.5,"solarradiation":66.3,"solarenergy":0.2,"uvindex":1.0,"severerisk":10.0,"conditions":"Rain, Partially cloudy","icon":"rain","stations":null,"source":"fcst"},{"datetime":"08:00:00","datetimeEpoch":1690770600,"temp":25.9,"feelslike":25.9,"humidity":88.75,"dew":23.9,"precip":0.0,"precipprob":71.4,"snow":0.0,"snowdepth":0.0,"preciptype":["rain"],"windgust":23.4,"windspeed":11.9,"winddir":47.9,"pressure":999.3,"visibility":24.1,"cloudcover":87.2,"solarradiation":132.7,"solarenergy":0.5,"uvindex":1.0,"severerisk":10.0,"conditions":"Rain, Partially cloudy","icon":"rain","stations":null,"source":"fcst"},{"datetime":"09:00:00","datetimeEpoch":1690774200,"temp":26.8,"feelslike":29.6,"humidity":85.17,"dew":24.1,"precip":0.3,"precipprob":71.4,"snow":0.0,"snowdepth":0.0,"preciptype":["rain"],"windgust":31.7,"windspeed":15.1,"winddir":60.8,"pressure":1000.0,"visibility":24.1,"cloudcover":100.0,"solarradiation":199.0,"solarenergy":0.7,"uvindex":2.0,"severerisk":10.0,"conditions":"Rain, Overcast","icon":"rain","stations":null,"source":"fcst"},{"datetime":"10:00:00","datetimeEpoch":1690777800,"temp":28.0,"feelslike":31.9,"humidity":79.08,"dew":24.0,"precip":0.0,"precipprob":71.4,"snow":0.0,"snowdepth":0.0,"preciptype":["rain"],"windgust":31.0,"windspeed":16.6,"winddir":63.5,"pressure":999.3,"visibility":24.1,"cloudcover":90.5,"solarradiation":262.7,"solarenergy":0.9,"uvindex":3.0,"severerisk":10.0,"conditions":"Rain, Overcast","icon":"rain","stations":null,"source":"fcst"},{"datetime":"11:00:00","datetimeEpoch":1690781400,"temp":29.2,"feelslike":33.9,"humidity":73.47,"dew":24.0,"precip":0.0,"precipprob":71.4,"snow":0.0,"snowdepth":0.0,"preciptype":["rain"],"windgust":30.2,"windspeed":18.0,"winddir":66.3,"pressure":998.7,"visibility":24.1,"cloudcover":81.1,"solarradiation":326.3,"solarenergy":1.2,"uvindex":3.0,"severerisk":10.0,"conditions":"Rain, Partially cloudy","icon":"rain","stations":null,"source":"fcst"},{"datetime":"12:00:00","datetimeEpoch":1690785000,"temp":30.5,"feelslike":35.7,"humidity":68.3,"dew":24.0,"precip":0.2,"precipprob":71.4,"snow":0.0,"snowdepth":0.0,"preciptype":["rain"],"windgust":29.5,"windspeed":19.4,"winddir":69.0,"pressure":998.0,"visibility":24.1,"cloudcover":71.6,"solarradiation":390.0,"solarenergy":1.4,"uvindex":4.0,"severerisk":30.0,"conditions":"Rain, Partially cloudy","icon":"rain","stations":null,"source":"fcst"},{"datetime":"13:00:00","datetimeEpoch":1690788600,"temp":30.7,"feelslike":36.0,"humidity":66.99,"dew":23.9,"precip":0.0,"precipprob":71.4,"snow":0.0,"snowdepth":0.0,"preciptype":["rain"],"windgust":28.9,"windspeed":19.7,"winddir":69.5,"pressure":997.3,"visibility":24.1,"cloudcover":61.9,"solarradiation":523.7,"solarenergy":1.9,"uvindex":5.0,"severerisk":30.0,"conditions":"Rain, Partially cloudy","icon":"rain","stations":null,"source":"fcst"},{"datetime":"14:00:00","datetimeEpoch":1690792200,"temp":31.0,"feelslike":36.3,"humidity":65.72,"dew":23.8,"precip":0.0,"precipprob":71.4,"snow":0.0,"snowdepth":0.0,"preciptype":["rain"],"windgust":28.3,"windspeed":19.9,"winddir":70.0,"pressure":996.7,"visibility":24.1,"cloudcover":52.1,"solarradiation":657.3,"solarenergy":2.3,"uvindex":7.0,"severerisk":30.0,"conditions":"Rain, Partially cloudy","icon":"rain","stations":null,"source":"fcst"},{"datetime":"15:00:00","datetimeEpoch":1690795800,"temp":31.3,"feelslike":36.6,"humidity":64.47,"dew":23.8,"precip":0.4,"precipprob":71.4,"snow":0.0,"snowdepth":0.0,"preciptype":["rain"],"windgust":27.7,"windspeed":20.2,"winddir":70.5,"pressure":996.0,"visibility":24.1,"cloudcover":42.4,"solarradiation":791.0,"solarenergy":2.8,"uvindex":8.0,"severerisk":30.0,"conditions":"Rain, Partially cloudy","icon":"rain","stations":null,"source":"fcst"},{"datetime":"16:00:00","datetimeEpoch":1690799400,"temp":30.2,"feelslike":35.6,"humidity":70.6,"dew":24.2,"precip":0.0,"precipprob":71.4,"snow":0.0,"snowdepth":0.0,"preciptype":["rain"],"windgust":28.3,"windspeed":17.5,"winddir":66.8,"pressure":996.0,"visibility":21.1,"cloudcover":30.1,"solarradiation":661.3,"solarenergy":2.3,"uvindex":7.0,"severerisk":30.0,"conditions":"Rain, Partially cloudy","icon":"rain","stations":null,"source":"fcst"},{"datetime":"17:00:00","datetimeEpoch":1690803000,"temp":29.1,"feelslike":34.3,"humidity":77.35,"dew":24.7,"precip":0.0,"precipprob":71.4,"snow":0.0,"snowdepth":0.0,"preciptype":["rain"],"windgust":28.9,"windspeed":14.9,"winddir":63.1,"pressure":996.0,"visibility":18.0,"cloudcover":17.9,"solarradiation":531.7,"solarenergy":1.9,"uvindex":5.0,"severerisk":30.0,"conditions":"Rain","icon":"rain","stations":null,"source":"fcst"},{"datetime":"18:00:00","datetimeEpoch":1690806600,"temp":28.0,"feelslike":32.7,"humidity":84.79,"dew":25.2,"precip":2.7,"precipprob":71.4,"snow":0.0,"snowdepth":0.0,"preciptype":["rain"],"windgust":29.5,"windspeed":12.2,"winddir":59.4,"pressure":996.0,"visibility":15.0,"cloudcover":5.6,"solarradiation":402.0,"solarenergy":1.4,"uvindex":4.0,"severerisk":30.0,"conditions":"Rain","icon":"rain","stations":null,"source":"fcst"},{"datetime":"19:00:00","datetimeEpoch":1690810200,"temp":27.3,"feelslike":31.2,"humidity":87.29,"dew":25.0,"precip":0.0,"precipprob":71.4,"snow":0.0,"snowdepth":0.0,"preciptype":["rain"],"windgust":29.4,"windspeed":11.2,"winddir":62.7,"pressure":996.7,"visibility":18.0,"cloudcover":36.4,"solarradiation":274.3,"solarenergy":1.0,"uvindex":0.0,"severerisk":30.0,"conditions":"Rain, Partially cloudy","icon":"rain","stations":null,"source":"fcst"},{"datetime":"20:00:00","datetimeEpoch":1690813800,"temp":26.6,"feelslike":26.6,"humidity":89.88,"dew":24.8,"precip":0.0,"precipprob":71.4,"snow":0.0,"snowdepth":0.0,"preciptype":["rain"],"windgust":29.3,"windspeed":10.1,"winddir":66.1,"pressure":997.3,"visibility":21.1,"cloudcover":67.3,"solarradiation":146.7,"solarenergy":0.5,"uvindex":0.0,"severerisk":30.0,"conditions":"Rain, Partially cloudy","icon":"rain","stations":null,"source":"fcst"},{"datetime":"21:00:00","datetimeEpoch":1690817400,"temp":26.0,"feelslike":26.0,"humidity":92.56,"dew":24.7,"precip":0.5,"precipprob":71.4,"snow":0.0,"snowdepth":0.0,"preciptype":["rain"],"windgust":29.2,"windspeed":9.0,"winddir":69.4,"pressure":998.0,"visibility":24.1,"cloudcover":98.1,"solarradiation":19.0,"solarenergy":0.1,"uvindex":0.0,"severerisk":10.0,"conditions":"Rain, Overcast","icon":"rain","stations":null,"source":"fcst"},{"datetime":"22:00:00","datetimeEpoch":1690821000,"temp":25.7,"feelslike":25.7,"humidity":94.03,"dew":24.6,"precip":0.0,"precipprob":71.4,"snow":0.0,"snowdepth":0.0,"preciptype":["rain"],"windgust":23.4,"windspeed":8.2,"winddir":71.0,"pressure":998.0,"visibility":19.8,"cloudcover":88.9,"solarradiation":12.7,"solarenergy":0.1,"uvindex":0.0,"severerisk":10.0,"conditions":"Rain, Partially cloudy","icon":"rain","stations":null,"source":"fcst"},{"datetime":"23:00:00","datetimeEpoch":1690824600,"temp":25.4,"feelslike":25.4,"humidity":95.53,"dew":24.6,"precip":0.0,"precipprob":71.4,"snow":0.0,"snowdepth":0.0,"preciptype":["rain"],"windgust":17.6,"windspeed":7.3,"winddir":72.7,"pressure":998.0,"visibility":15.5,"cloudcover":79.8,"solarradiation":6.3,"solarenergy":0.0,"uvindex":0.0,"severerisk":10.0,"conditions":"Rain, Partially cloudy","icon":"rain","stations":null,"source":"fcst"}]},{"datetime":"2023-08-01","datetimeEpoch":1690828200,"tempmax":27.4,"tempmin":24.4,"temp":25.6,"feelslikemax":31.1,"feelslikemin":24.4,"feelslike":26.1,"dew":24.0,"humidity":91.3,"precip":10.1,"precipprob":71.4,"precipcover":29.17,"preciptype":["rain"],"snow":0.0,"snowdepth":0.0,"windgust":29.5,"windspeed":15.5,"winddir":237.9,"pressure":998.8,"cloudcover":96.3,"visibility":18.8,"solarradiation":109.3,"solarenergy":9.3,"uvindex":5.0,"severerisk":30.0,"sunrise":"05:20:39","sunriseEpoch":1690847439,"sunset":"18:30:23","sunsetEpoch":1690894823,"moonphase":0.48,"conditions":"Rain, Overcast","description":"Cloudy skies throughout the day with storms possible.","icon":"rain","stations":null,"source":"fcst","hours":[{"datetime":"00:00:00","datetimeEpoch":1690828200,"temp":25.1,"feelslike":25.1,"humidity":97.06,"dew":24.6,"precip":0.8,"precipprob":71.4,"snow":0.0,"snowdepth":0.0,"preciptype":["rain"],"windgust":11.9,"windspeed":6.5,"winddir":74.3,"pressure":998.0,"visibility":11.2,"cloudcover":70.6,"solarradiation":0.0,"solarenergy":0.0,"uvindex":0.0,"severerisk":10.0,"conditions":"Rain, Partially cloudy","icon":"rain","stations":null,"source":"fcst"},{"datetime":"01:00:00","datetimeEpoch":1690831800,"temp":25.1,"feelslike":25.1,"humidity":96.29,"dew":24.4,"precip":0.0,"precipprob":71.4,"snow":0.0,"snowdepth":0.0,"preciptype":["rain"],"windgust":9.5,"windspeed":5.4,"winddir":86.1,"pressure":997.7,"visibility":10.8,"cloudcover":78.1,"solarradiation":0.0,"solarenergy":0.0,"uvindex":0.0,"severerisk":10.0,"conditions":"Rain, Partially cloudy","icon":"rain","stations":null,"source":"fcst"},{"datetime":"02:00:00","datetimeEpoch":1690835400,"temp":25.1,"feelslike":25.1,"humidity":95.52,"dew":24.4,"precip":0.0,"precipprob":71.4,"snow":0.0,"snowdepth":0.0,"preciptype":["rain"],"windgust":7.1,"windspeed":4.3,"winddir":97.9,"pressure":997.3,"visibility":10.4,"cloudcover":85.5,"solarradiation":0.0,"solarenergy":0.0,"uvindex":0.0,"severerisk":10.0,"conditions":"Rain, Partially cloudy","icon":"rain","stations":null,"source":"fcst"},{"datetime":"03:00:00","datetimeEpoch":1690839000,"temp":25.2,"feelslike":25.2,"humidity":94.76,"dew":24.3,"precip":2.9,"precipprob":71.4,"snow":0.0,"snowdepth":0.0,"preciptype":["rain"],"windgust":4.7,"windspeed":3.2,"winddir":109.7,"pressure":997.0,"visibility":10.0,"cloudcover":93.0,"solarradiation":0.0,"solarenergy":0.0,"uvindex":0.0,"severerisk":10.0,"conditions":"Rain, Overcast","icon":"rain","stations":null,"source":"fcst"},{"datetime":"04:00:00","datetimeEpoch":1690842600,"temp":25.2,"feelslike":25.2,"humidity":94.95,"dew":24.3,"precip":0.0,"precipprob":71.4,"snow":0.0,"snowdepth":0.0,"preciptype":["rain"],"windgust":3.8,"windspeed":2.6,"winddir":137.3,"pressure":997.3,"visibility":11.0,"cloudcover":94.7,"solarradiation":0.0,"solarenergy":0.0,"uvindex":0.0,"severerisk":10.0,"conditions":"Rain, Overcast","icon":"rain","stations":null,"source":"fcst"},{"datetime":"05:00:00","datetimeEpoch":1690846200,"temp":25.2,"feelslike":25.2,"humidity":95.14,"dew":24.3,"precip":0.0,"precipprob":71.4,"snow":0.0,"snowdepth":0.0,"preciptype":["rain"],"windgust":3.0,"windspeed":2.0,"winddir":164.9,"pressure":997.7,"visibility":11.9,"cloudcover":96.5,"solarradiation":0.0,"solarenergy":0.0,"uvindex":0.0,"severerisk":10.0,"conditions":"Rain, Overcast","icon":"rain","stations":null,"source":"fcst"},{"datetime":"06:00:00","datetimeEpoch":1690849800,"temp":25.2,"feelslike":25.2,"humidity":95.33,"dew":24.4,"precip":2.2,"precipprob":71.4,"snow":0.0,"snowdepth":0.0,"preciptype":["rain"],"windgust":2.2,"windspeed":1.4,"winddir":192.5,"pressure":998.0,"visibility":12.9,"cloudcover":98.2,"solarradiation":0.0,"solarenergy":0.0,"uvindex":0.0,"severerisk":10.0,"conditions":"Rain, Overcast","icon":"rain","stations":null,"source":"fcst"},{"datetime":"07:00:00","datetimeEpoch":1690853400,"temp":25.3,"feelslike":25.3,"humidity":94.96,"dew":24.5,"precip":0.0,"precipprob":71.4,"snow":0.0,"snowdepth":0.0,"preciptype":["rain"],"windgust":4.2,"windspeed":2.5,"winddir":211.1,"pressure":998.7,"visibility":13.9,"cloudcover":98.8,"solarradiation":10.7,"solarenergy":0.0,"uvindex":0.0,"severerisk":10.0,"conditions":"Rain, Overcast","icon":"rain","stations":null,"source":"fcst"},{"datetime":"08:00:00","datetimeEpoch":1690857000,"temp":25.5,"feelslike":25.5,"humidity":94.59,"dew":24.6,"precip":0.0,"precipprob":71.4,"snow":0.0,"snowdepth":0.0,"preciptype":["rain"],"windgust":6.2,"windspeed":3.6,"winddir":229.7,"pressure":999.3,"visibility":14.8,"cloudcover":99.4,"solarradiation":21.3,"solarenergy":0.1,"uvindex":0.0,"severerisk":10.0,"conditions":"Rain, Overcast","icon":"rain","stations":null,"source":"fcst"},{"datetime":"09:00:00","datetimeEpoch":1690860600,"temp":25.7,"feelslike":25.7,"humidity":94.22,"dew":24.7,"precip":1.9,"precipprob":71.4,"snow":0.0,"snowdepth":0.0,"preciptype":["rain"],"windgust":8.3,"windspeed":4.7,"winddir":248.3,"pressure":1000.0,"visibility":15.8,"cloudcover":100.0,"solarradiation":32.0,"solarenergy":0.1,"uvindex":0.0,"severerisk":10.0,"conditions":"Rain, Overcast","icon":"rain","stations":null,"source":"fcst"},{"datetime":"10:00:00","datetimeEpoch":1690864200,"temp":25.9,"feelslike":25.9,"humidity":92.55,"dew":24.6,"precip":0.0,"precipprob":71.4,"snow":0.0,"snowdepth":0.0,"preciptype":["rain"],"windgust":11.4,"windspeed":6.7,"winddir":251.6,"pressure":1000.0,"visibility":18.6,"cloudcover":99.7,"solarradiation":75.7,"solarenergy":0.3,"uvindex":1.0,"severerisk":10.0,"conditions":"Rain, Overcast","icon":"rain","stations":null,"source":"fcst"},{"datetime":"11:00:00","datetimeEpoch":1690867800,"temp":26.1,"feelslike":26.1,"humidity":90.92,"dew":24.5,"precip":0.0,"precipprob":71.4,"snow":0.0,"snowdepth":0.0,"preciptype":["rain"],"windgust":14.5,"windspeed":8.8,"winddir":254.8,"pressure":1000.0,"visibility":21.3,"cloudcover":99.5,"solarradiation":119.3,"solarenergy":0.4,"uvindex":1.0,"severerisk":10.0,"conditions":"Rain, Overcast","icon":"rain","stations":null,"source":"fcst"},{"datetime":"12:00:00","datetimeEpoch":1690871400,"temp":26.4,"feelslike":26.4,"humidity":89.32,"dew":24.5,"precip":0.7,"precipprob":71.4,"snow":0.0,"snowdepth":0.0,"preciptype":["rain"],"windgust":17.6,"windspeed":10.8,"winddir":258.1,"pressure":1000.0,"visibility":24.1,"cloudcover":99.2,"solarradiation":163.0,"solarenergy":0.6,"uvindex":2.0,"severerisk":10.0,"conditions":"Rain, Overcast","icon":"rain","stations":null,"source":"fcst"},{"datetime":"13:00:00","datetimeEpoch":1690875000,"temp":26.7,"feelslike":29.7,"humidity":87.76,"dew":24.5,"precip":0.0,"precipprob":66.7,"snow":0.0,"snowdepth":0.0,"preciptype":["rain"],"windgust":19.1,"windspeed":12.4,"winddir":249.6,"pressure":999.3,"visibility":24.1,"cloudcover":99.5,"solarradiation":277.0,"solarenergy":1.0,"uvindex":3.0,"severerisk":10.0,"conditions":"Rain, Overcast","icon":"rain","stations":null,"source":"fcst"},{"datetime":"14:00:00","datetimeEpoch":1690878600,"temp":27.0,"feelslike":30.4,"humidity":86.23,"dew":24.5,"precip":0.0,"precipprob":66.7,"snow":0.0,"snowdepth":0.0,"preciptype":["rain"],"windgust":20.5,"windspeed":13.9,"winddir":241.1,"pressure":998.7,"visibility":24.1,"cloudcover":99.7,"solarradiation":391.0,"solarenergy":1.4,"uvindex":4.0,"severerisk":10.0,"conditions":"Rain, Overcast","icon":"rain","stations":null,"source":"fcst"},{"datetime":"15:00:00","datetimeEpoch":1690882200,"temp":27.4,"feelslike":31.1,"humidity":84.72,"dew":24.6,"precip":1.4,"precipprob":66.7,"snow":0.0,"snowdepth":0.0,"preciptype":["rain"],"windgust":22.0,"windspeed":15.5,"winddir":232.6,"pressure":998.0,"visibility":24.1,"cloudcover":100.0,"solarradiation":505.0,"solarenergy":1.8,"uvindex":5.0,"severerisk":30.0,"conditions":"Rain, Overcast","icon":"rain","stations":null,"source":"fcst"},{"datetime":"16:00:00","datetimeEpoch":1690885800,"temp":26.7,"feelslike":29.6,"humidity":86.02,"dew":24.2,"precip":0.0,"precipprob":66.7,"snow":0.0,"snowdepth":0.0,"preciptype":["rain"],"windgust":24.0,"windspeed":14.3,"winddir":235.7,"pressure":998.0,"visibility":24.1,"cloudcover":100.0,"solarradiation":393.0,"solarenergy":1.4,"uvindex":4.0,"severerisk":10.0,"conditions":"Rain, Overcast","icon":"rain","stations":null,"source":"fcst"},{"datetime":"17:00:00","datetimeEpoch":1690889400,"temp":26.1,"feelslike":26.1,"humidity":87.35,"dew":23.8,"precip":0.0,"precipprob":66.7,"snow":0.0,"snowdepth":0.0,"preciptype":["rain"],"windgust":26.0,"windspeed":13.1,"winddir":238.7,"pressure":998.0,"visibility":24.1,"cloudcover":100.0,"solarradiation":281.0,"solarenergy":1.0,"uvindex":3.0,"severerisk":3.0,"conditions":"Rain, Overcast","icon":"rain","stations":null,"source":"fcst"},{"datetime":"18:00:00","datetimeEpoch":1690893000,"temp":25.5,"feelslike":25.5,"humidity":88.72,"dew":23.5,"precip":0.2,"precipprob":66.7,"snow":0.0,"snowdepth":0.0,"preciptype":["rain"],"windgust":28.1,"windspeed":11.9,"winddir":241.8,"pressure":998.0,"visibility":24.1,"cloudcover":100.0,"solarradiation":169.0,"solarenergy":0.6,"uvindex":2.0,"severerisk":3.0,"conditions":"Rain, Overcast","icon":"rain","stations":null,"source":"fcst"},{"datetime":"19:00:00","datetimeEpoch":1690896600,"temp":25.2,"feelslike":25.2,"humidity":88.69,"dew":23.2,"precip":0.0,"precipprob":57.1,"snow":0.0,"snowdepth":0.0,"preciptype":["rain"],"windgust":28.6,"windspeed":11.5,"winddir":242.2,"pressure":999.0,"visibility":24.1,"cloudcover":99.9,"solarradiation":114.3,"solarenergy":0.4,"uvindex":0.0,"severerisk":3.0,"conditions":"Rain, Overcast","icon":"rain","stations":null,"source":"fcst"},{"datetime":"20:00:00","datetimeEpoch":1690900200,"temp":24.9,"feelslike":24.9,"humidity":88.67,"dew":22.9,"precip":0.0,"precipprob":57.1,"snow":0.0,"snowdepth":0.0,"preciptype":["rain"],"windgust":29.0,"windspeed":11.2,"winddir":242.7,"pressure":1000.0,"visibility":24.1,"cloudcover":99.7,"solarradiation":59.7,"solarenergy":0.2,"uvindex":0.0,"severerisk":10.0,"conditions":"Rain, Overcast","icon":"rain","stations":null,"source":"fcst"},{"datetime":"21:00:00","datetimeEpoch":1690903800,"temp":24.6,"feelslike":24.6,"humidity":88.64,"dew":22.6,"precip":0.0,"precipprob":57.1,"snow":0.0,"snowdepth":0.0,"preciptype":["rain"],"windgust":29.5,"windspeed":10.8,"winddir":243.1,"pressure":1001.0,"visibility":24.1,"cloudcover":99.6,"solarradiation":5.0,"solarenergy":0.0,"uvindex":0.0,"severerisk":10.0,"conditions":"Rain, Overcast","icon":"rain","stations":null,"source":"fcst"},{"datetime":"22:00:00","datetimeEpoch":1690907400,"temp":24.4,"feelslike":24.4,"humidity":88.82,"dew":22.5,"precip":0.0,"precipprob":57.1,"snow":0.0,"snowdepth":0.0,"preciptype":["rain"],"windgust":29.2,"windspeed":10.7,"winddir":244.8,"pressure":1000.7,"visibility":24.1,"cloudcover":99.7,"solarradiation":3.3,"solarenergy":0.0,"uvindex":0.0,"severerisk":10.0,"conditions":"Rain, Overcast","icon":"rain","stations":null,"source":"fcst"},{"datetime":"23:00:00","datetimeEpoch":1690911000,"temp":24.4,"feelslike":24.4,"humidity":88.99,"dew":22.4,"precip":0.0,"precipprob":57.1,"snow":0.0,"snowdepth":0.0,"preciptype":["rain"],"windgust":28.8,"windspeed":10.6,"winddir":246.5,"pressure":1000.3,"visibility":24.1,"cloudcover":99.9,"solarradiation":1.7,"solarenergy":0.0,"uvindex":0.0,"severerisk":10.0,"conditions":"Rain, Overcast","icon":"rain","stations":null,"source":"fcst"}]},{"datetime":"2023-08-02","datetimeEpoch":1690914600,"tempmax":28.8,"tempmin":23.9,"temp":25.5,"feelslikemax":32.7,"feelslikemin":23.9,"feelslike":26.4,"dew":22.8,"humidity":85.2,"precip":0.5,"precipprob":61.9,"precipcover":16.67,"preciptype":["rain"],"snow":0.0,"snowdepth":0.0,"windgust":28.4,"windspeed":15.5,"winddir":237.4,"pressure":999.3,"cloudcover":80.6,"visibility":24.1,"solarradiation":185.3,"solarenergy":16.2,"uvindex":7.0,"severerisk":10.0,"sunrise":"05:21:04","sunriseEpoch":1690933864,"sunset":"18:29:51","sunsetEpoch":1690981191,"moonphase":0.5,"conditions":"Rain, Partially cloudy","description":"Partly cloudy throughout the day with a chance of rain throughout the day.","icon":"rain","stations":null,"source":"fcst","hours":[{"datetime":"00:00:00","datetimeEpoch":1690914600,"temp":24.3,"feelslike":24.3,"humidity":89.16,"dew":22.4,"precip":0.0,"precipprob":57.1,"snow":0.0,"snowdepth":0.0,"preciptype":["rain"],"windgust":28.4,"windspeed":10.4,"winddir":248.2,"pressure":1000.0,"visibility":24.1,"cloudcover":100.0,"solarradiation":0.0,"solarenergy":0.0,"uvindex":0.0,"severerisk":10.0,"conditions":"Rain, Overcast","icon":"rain","stations":null,"source":"fcst"},{"datetime":"01:00:00","datetimeEpoch":1690918200,"temp":24.2,"feelslike":24.2,"humidity":89.34,"dew":22.3,"precip":0.0,"precipprob":61.9,"snow":0.0,"snowdepth":0.0,"preciptype":["rain"],"windgust":27.1,"windspeed":9.4,"winddir":248.2,"pressure":999.7,"visibility":24.1,"cloudcover":100.0,"solarradiation":0.0,"solarenergy":0.0,"uvindex":0.0,"severerisk":10.0,"conditions":"Rain, Overcast","icon":"rain","stations":null,"source":"fcst"},{"datetime":"02:00:00","datetimeEpoch":1690921800,"temp":24.1,"feelslike":24.1,"humidity":89.51,"dew":22.3,"precip":0.0,"precipprob":61.9,"snow":0.0,"snowdepth":0.0,"preciptype":["rain"],"windgust":25.8,"windspeed":8.3,"winddir":248.1,"pressure":999.3,"visibility":24.1,"cloudcover":100.0,"solarradiation":0.0,"solarenergy":0.0,"uvindex":0.0,"severerisk":10.0,"conditions":"Rain, Overcast","icon":"rain","stations":null,"source":"fcst"},{"datetime":"03:00:00","datetimeEpoch":1690925400,"temp":24.1,"feelslike":24.1,"humidity":89.69,"dew":22.3,"precip":0.1,"precipprob":61.9,"snow":0.0,"snowdepth":0.0,"preciptype":["rain"],"windgust":24.5,"windspeed":7.2,"winddir":248.1,"pressure":999.0,"visibility":24.1,"cloudcover":100.0,"solarradiation":0.0,"solarenergy":0.0,"uvindex":0.0,"severerisk":10.0,"conditions":"Rain, Overcast","icon":"rain","stations":null,"source":"fcst"},{"datetime":"04:00:00","datetimeEpoch":1690929000,"temp":24.0,"feelslike":24.0,"humidity":90.23,"dew":22.3,"precip":0.0,"precipprob":61.9,"snow":0.0,"snowdepth":0.0,"preciptype":["rain"],"windgust":23.0,"windspeed":6.5,"winddir":247.2,"pressure":999.0,"visibility":24.1,"cloudcover":99.9,"solarradiation":0.0,"solarenergy":0.0,"uvindex":0.0,"severerisk":10.0,"conditions":"Rain, Overcast","icon":"rain","stations":null,"source":"fcst"},{"datetime":"05:00:00","datetimeEpoch":1690932600,"temp":23.9,"feelslike":23.9,"humidity":90.78,"dew":22.3,"precip":0.0,"precipprob":61.9,"snow":0.0,"snowdepth":0.0,"preciptype":["rain"],"windgust":21.6,"windspeed":5.8,"winddir":246.3,"pressure":999.0,"visibility":24.1,"cloudcover":99.7,"solarradiation":0.0,"solarenergy":0.0,"uvindex":0.0,"severerisk":10.0,"conditions":"Rain, Overcast","icon":"rain","stations":null,"source":"fcst"},{"datetime":"06:00:00","datetimeEpoch":1690936200,"temp":23.9,"feelslike":23.9,"humidity":91.33,"dew":22.4,"precip":0.0,"precipprob":61.9,"snow":0.0,"snowdepth":0.0,"preciptype":["rain"],"windgust":20.2,"windspeed":5.0,"winddir":245.4,"pressure":999.0,"visibility":24.1,"cloudcover":99.6,"solarradiation":0.0,"solarenergy":0.0,"uvindex":0.0,"severerisk":10.0,"conditions":"Rain, Overcast","icon":"rain","stations":null,"source":"fcst"},{"datetime":"07:00:00","datetimeEpoch":1690939800,"temp":24.2,"feelslike":24.2,"humidity":90.25,"dew":22.5,"precip":0.0,"precipprob":47.6,"snow":0.0,"snowdepth":0.0,"preciptype":["rain"],"windgust":18.4,"windspeed":6.1,"winddir":245.5,"pressure":999.7,"visibility":24.1,"cloudcover":96.5,"solarradiation":22.7,"solarenergy":0.1,"uvindex":0.0,"severerisk":10.0,"conditions":"Rain, Overcast","icon":"rain","stations":null,"source":"fcst"},{"datetime":"08:00:00","datetimeEpoch":1690943400,"temp":24.5,"feelslike":24.5,"humidity":89.18,"dew":22.6,"precip":0.0,"precipprob":47.6,"snow":0.0,"snowdepth":0.0,"preciptype":["rain"],"windgust":16.6,"windspeed":7.2,"winddir":245.7,"pressure":1000.3,"visibility":24.1,"cloudcover":93.3,"solarradiation":45.3,"solarenergy":0.1,"uvindex":0.0,"severerisk":10.0,"conditions":"Rain, Overcast","icon":"rain","stations":null,"source":"fcst"},{"datetime":"09:00:00","datetimeEpoch":1690947000,"temp":24.9,"feelslike":24.9,"humidity":88.13,"dew":22.8,"precip":0.1,"precipprob":47.6,"snow":0.0,"snowdepth":0.0,"preciptype":["rain"],"windgust":14.8,"windspeed":8.3,"winddir":245.8,"pressure":1001.0,"visibility":24.1,"cloudcover":90.2,"solarradiation":68.0,"solarenergy":0.2,"uvindex":1.0,"severerisk":10.0,"conditions":"Rain, Overcast","icon":"rain","stations":null,"source":"fcst"},{"datetime":"10:00:00","datetimeEpoch":1690950600,"temp":25.8,"feelslike":25.8,"humidity":84.39,"dew":22.9,"precip":0.0,"precipprob":47.6,"snow":0.0,"snowdepth":0.0,"preciptype":["rain"],"windgust":14.3,"windspeed":9.6,"winddir":243.0,"pressure":1000.7,"visibility":24.1,"cloudcover":81.2,"solarradiation":183.3,"solarenergy":0.6,"uvindex":2.0,"severerisk":10.0,"conditions":"Rain, Partially cloudy","icon":"rain","stations":null,"source":"fcst"},{"datetime":"11:00:00","datetimeEpoch":1690954200,"temp":26.7,"feelslike":26.7,"humidity":80.83,"dew":23.1,"precip":0.0,"precipprob":47.6,"snow":0.0,"snowdepth":0.0,"preciptype":["rain"],"windgust":13.8,"windspeed":10.9,"winddir":240.2,"pressure":1000.3,"visibility":24.1,"cloudcover":72.2,"solarradiation":298.7,"solarenergy":1.1,"uvindex":3.0,"severerisk":10.0,"conditions":"Rain, Partially cloudy","icon":"rain","stations":null,"source":"fcst"},{"datetime":"12:00:00","datetimeEpoch":1690957800,"temp":27.6,"feelslike":30.7,"humidity":77.44,"dew":23.3,"precip":0.1,"precipprob":47.6,"snow":0.0,"snowdepth":0.0,"preciptype":["rain"],"windgust":13.3,"windspeed":12.2,"winddir":237.4,"pressure":1000.0,"visibility":24.1,"cloudcover":63.2,"solarradiation":414.0,"solarenergy":1.5,"uvindex":4.0,"severerisk":10.0,"conditions":"Rain, Partially cloudy","icon":"rain","stations":null,"source":"fcst"},{"datetime":"13:00:00","datetimeEpoch":1690961400,"temp":27.9,"feelslike":31.4,"humidity":75.81,"dew":23.3,"precip":0.0,"precipprob":57.1,"snow":0.0,"snowdepth":0.0,"preciptype":["rain"],"windgust":13.9,"windspeed":13.3,"winddir":235.4,"pressure":999.3,"visibility":24.1,"cloudcover":62.2,"solarradiation":503.7,"solarenergy":1.8,"uvindex":5.0,"severerisk":10.0,"conditions":"Rain, Partially cloudy","icon":"rain","stations":null,"source":"fcst"},{"datetime":"14:00:00","datetimeEpoch":1690965000,"temp":28.4,"feelslike":32.0,"humidity":74.21,"dew":23.3,"precip":0.0,"precipprob":57.1,"snow":0.0,"snowdepth":0.0,"preciptype":["rain"],"windgust":14.5,"windspeed":14.4,"winddir":233.3,"pressure":998.7,"visibility":24.1,"cloudcover":61.3,"solarradiation":593.3,"solarenergy":2.2,"uvindex":6.0,"severerisk":10.0,"conditions":"Rain, Partially cloudy","icon":"rain","stations":null,"source":"fcst"},{"datetime":"15:00:00","datetimeEpoch":1690968600,"temp":28.8,"feelslike":32.7,"humidity":72.65,"dew":23.4,"precip":0.2,"precipprob":57.1,"snow":0.0,"snowdepth":0.0,"preciptype":["rain"],"windgust":15.1,"windspeed":15.5,"winddir":231.3,"pressure":998.0,"visibility":24.1,"cloudcover":60.3,"solarradiation":683.0,"solarenergy":2.5,"uvindex":7.0,"severerisk":10.0,"conditions":"Rain, Partially cloudy","icon":"rain","stations":null,"source":"fcst"},{"datetime":"16:00:00","datetimeEpoch":1690972200,"temp":28.0,"feelslike":31.5,"humidity":75.82,"dew":23.4,"precip":0.0,"precipprob":57.1,"snow":0.0,"snowdepth":0.0,"preciptype":["rain"],"windgust":17.5,"windspeed":15.0,"winddir":229.9,"pressure":998.0,"visibility":24.1,"cloudcover":54.0,"solarradiation":556.3,"solarenergy":2.0,"uvindex":6.0,"severerisk":10.0,"conditions":"Rain, Partially cloudy","icon":"rain","stations":null,"source":"fcst"},{"datetime":"17:00:00","datetimeEpoch":1690975800,"temp":27.3,"feelslike":30.3,"humidity":79.14,"dew":23.4,"precip":0.0,"precipprob":57.1,"snow":0.0,"snowdepth":0.0,"preciptype":["rain"],"windgust":19.9,"windspeed":14.5,"winddir":228.5,"pressure":998.0,"visibility":24.1,"cloudcover":47.7,"solarradiation":429.7,"solarenergy":1.6,"uvindex":4.0,"severerisk":10.0,"conditions":"Rain, Partially cloudy","icon":"rain","stations":null,"source":"fcst"},{"datetime":"18:00:00","datetimeEpoch":1690979400,"temp":26.6,"feelslike":26.6,"humidity":82.62,"dew":23.4,"precip":0.0,"precipprob":57.1,"snow":0.0,"snowdepth":0.0,"preciptype":["rain"],"windgust":22.3,"windspeed":14.0,"winddir":227.1,"pressure":998.0,"visibility":24.1,"cloudcover":41.4,"solarradiation":303.0,"solarenergy":1.1,"uvindex":3.0,"severerisk":10.0,"conditions":"Rain, Partially cloudy","icon":"rain","stations":null,"source":"fcst"},{"datetime":"19:00:00","datetimeEpoch":1690983000,"temp":25.8,"feelslike":25.8,"humidity":85.08,"dew":23.1,"precip":0.0,"precipprob":47.6,"snow":0.0,"snowdepth":0.0,"preciptype":["rain"],"windgust":24.0,"windspeed":12.4,"winddir":229.3,"pressure":998.7,"visibility":24.1,"cloudcover":57.5,"solarradiation":206.7,"solarenergy":0.8,"uvindex":0.0,"severerisk":10.0,"conditions":"Rain, Partially cloudy","icon":"rain","stations":null,"source":"fcst"},{"datetime":"20:00:00","datetimeEpoch":1690986600,"temp":25.1,"feelslike":25.1,"humidity":87.62,"dew":22.9,"precip":0.0,"precipprob":47.6,"snow":0.0,"snowdepth":0.0,"preciptype":["rain"],"windgust":25.7,"windspeed":10.7,"winddir":231.5,"pressure":999.3,"visibility":24.1,"cloudcover":73.7,"solarradiation":110.3,"solarenergy":0.4,"uvindex":0.0,"severerisk":10.0,"conditions":"Rain, Partially cloudy","icon":"rain","stations":null,"source":"fcst"},{"datetime":"21:00:00","datetimeEpoch":1690990200,"temp":24.4,"feelslike":24.4,"humidity":90.26,"dew":22.7,"precip":0.0,"precipprob":47.6,"snow":0.0,"snowdepth":0.0,"preciptype":["rain"],"windgust":27.4,"windspeed":9.0,"winddir":233.7,"pressure":1000.0,"visibility":24.1,"cloudcover":89.8,"solarradiation":14.0,"solarenergy":0.1,"uvindex":0.0,"severerisk":10.0,"conditions":"Rain, Partially cloudy","icon":"rain","stations":null,"source":"fcst"},{"datetime":"22:00:00","datetimeEpoch":1690993800,"temp":24.3,"feelslike":24.3,"humidity":90.44,"dew":22.6,"precip":0.0,"precipprob":47.6,"snow":0.0,"snowdepth":0.0,"preciptype":["rain"],"windgust":27.4,"windspeed":8.9,"winddir":234.8,"pressure":999.7,"visibility":24.1,"cloudcover":93.2,"solarradiation":9.3,"solarenergy":0.1,"uvindex":0.0,"severerisk":10.0,"conditions":"Rain, Overcast","icon":"rain","stations":null,"source":"fcst"},{"datetime":"23:00:00","datetimeEpoch":1690997400,"temp":24.2,"feelslike":24.2,"humidity":90.61,"dew":22.6,"precip":0.0,"precipprob":47.6,"snow":0.0,"snowdepth":0.0,"preciptype":["rain"],"windgust":27.4,"windspeed":8.8,"winddir":235.9,"pressure":999.3,"visibility":24.1,"cloudcover":96.6,"solarradiation":4.7,"solarenergy":0.0,"uvindex":0.0,"severerisk":10.0,"conditions":"Rain, Overcast","icon":"rain","stations":null,"source":"fcst"}]},{"datetime":"2023-08-03","datetimeEpoch":1691001000,"tempmax":32.5,"tempmin":23.9,"temp":26.8,"feelslikemax":38.1,"feelslikemin":23.9,"feelslike":28.8,"dew":23.6,"humidity":83.4,"precip":6.7,"precipprob":61.9,"precipcover":16.67,"preciptype":["rain"],"snow":0.0,"snowdepth":0.0,"windgust":27.4,"windspeed":8.6,"winddir":238.5,"pressure":997.7,"cloudcover":99.3,"visibility":22.0,"solarradiation":186.4,"solarenergy":16.2,"uvindex":7.0,"severerisk":30.0,"sunrise":"05:21:28","sunriseEpoch":1691020288,"sunset":"18:29:18","sunsetEpoch":1691067558,"moonphase":0.55,"conditions":"Rain, Overcast","description":"Cloudy skies throughout the day with storms possible.","icon":"rain","stations":null,"source":"fcst","hours":[{"datetime":"00:00:00","datetimeEpoch":1691001000,"temp":24.2,"feelslike":24.2,"humidity":90.79,"dew":22.6,"precip":0.0,"precipprob":47.6,"snow":0.0,"snowdepth":0.0,"preciptype":["rain"],"windgust":27.4,"windspeed":8.6,"winddir":237.0,"pressure":999.0,"visibility":24.1,"cloudcover":100.0,"solarradiation":0.0,"solarenergy":0.0,"uvindex":0.0,"severerisk":10.0,"conditions":"Rain, Overcast","icon":"rain","stations":null,"source":"fcst"},{"datetime":"01:00:00","datetimeEpoch":1691004600,"temp":24.1,"feelslike":24.1,"humidity":90.98,"dew":22.6,"precip":0.0,"precipprob":57.1,"snow":0.0,"snowdepth":0.0,"preciptype":["rain"],"windgust":26.5,"windspeed":8.2,"winddir":237.0,"pressure":998.7,"visibility":24.1,"cloudcover":100.0,"solarradiation":0.0,"solarenergy":0.0,"uvindex":0.0,"severerisk":10.0,"conditions":"Rain, Overcast","icon":"rain","stations":null,"source":"fcst"},{"datetime":"02:00:00","datetimeEpoch":1691008200,"temp":24.1,"feelslike":24.1,"humidity":91.16,"dew":22.6,"precip":0.0,"precipprob":57.1,"snow":0.0,"snowdepth":0.0,"preciptype":["rain"],"windgust":25.7,"windspeed":7.7,"winddir":236.9,"pressure":998.3,"visibility":24.1,"cloudcover":100.0,"solarradiation":0.0,"solarenergy":0.0,"uvindex":0.0,"severerisk":10.0,"conditions":"Rain, Overcast","icon":"rain","stations":null,"source":"fcst"},{"datetime":"03:00:00","datetimeEpoch":1691011800,"temp":24.1,"feelslike":24.1,"humidity":91.34,"dew":22.6,"precip":0.0,"precipprob":57.1,"snow":0.0,"snowdepth":0.0,"preciptype":["rain"],"windgust":24.8,"windspeed":7.2,"winddir":236.9,"pressure":998.0,"visibility":24.1,"cloudcover":100.0,"solarradiation":0.0,"solarenergy":0.0,"uvindex":0.0,"severerisk":10.0,"conditions":"Rain, Overcast","icon":"rain","stations":null,"source":"fcst"},{"datetime":"04:00:00","datetimeEpoch":1691015400,"temp":24.0,"feelslike":24.0,"humidity":91.89,"dew":22.6,"precip":0.0,"precipprob":57.1,"snow":0.0,"snowdepth":0.0,"preciptype":["rain"],"windgust":23.6,"windspeed":6.7,"winddir":239.5,"pressure":998.0,"visibility":24.1,"cloudcover":100.0,"solarradiation":0.0,"solarenergy":0.0,"uvindex":0.0,"severerisk":10.0,"conditions":"Rain, Overcast","icon":"rain","stations":null,"source":"fcst"},{"datetime":"05:00:00","datetimeEpoch":1691019000,"temp":23.9,"feelslike":23.9,"humidity":92.45,"dew":22.6,"precip":0.0,"precipprob":57.1,"snow":0.0,"snowdepth":0.0,"preciptype":["rain"],"windgust":22.4,"windspeed":6.2,"winddir":242.0,"pressure":998.0,"visibility":24.1,"cloudcover":100.0,"solarradiation":0.0,"solarenergy":0.0,"uvindex":0.0,"severerisk":10.0,"conditions":"Rain, Overcast","icon":"rain","stations":null,"source":"fcst"},{"datetime":"06:00:00","datetimeEpoch":1691022600,"temp":23.9,"feelslike":23.9,"humidity":93.01,"dew":22.7,"precip":0.0,"precipprob":57.1,"snow":0.0,"snowdepth":0.0,"preciptype":["rain"],"windgust":21.2,"windspeed":5.8,"winddir":244.6,"pressure":998.0,"visibility":24.1,"cloudcover":100.0,"solarradiation":0.0,"solarenergy":0.0,"uvindex":0.0,"severerisk":10.0,"conditions":"Rain, Overcast","icon":"rain","stations":null,"source":"fcst"},{"datetime":"07:00:00","datetimeEpoch":1691026200,"temp":24.3,"feelslike":24.3,"humidity":91.91,"dew":22.9,"precip":0.0,"precipprob":57.1,"snow":0.0,"snowdepth":0.0,"preciptype":["rain"],"windgust":17.3,"windspeed":5.5,"winddir":245.0,"pressure":998.7,"visibility":24.1,"cloudcover":100.0,"solarradiation":17.7,"solarenergy":0.1,"uvindex":0.0,"severerisk":10.0,"conditions":"Rain, Overcast","icon":"rain","stations":null,"source":"fcst"},{"datetime":"08:00:00","datetimeEpoch":1691029800,"temp":24.7,"feelslike":24.7,"humidity":90.83,"dew":23.1,"precip":0.0,"precipprob":57.1,"snow":0.0,"snowdepth":0.0,"preciptype":["rain"],"windgust":13.3,"windspeed":5.3,"winddir":245.3,"pressure":999.3,"visibility":24.1,"cloudcover":100.0,"solarradiation":35.3,"solarenergy":0.1,"uvindex":0.0,"severerisk":10.0,"conditions":"Rain, Overcast","icon":"rain","stations":null,"source":"fcst"},{"datetime":"09:00:00","datetimeEpoch":1691033400,"temp":25.1,"feelslike":25.1,"humidity":89.76,"dew":23.3,"precip":0.0,"precipprob":57.1,"snow":0.0,"snowdepth":0.0,"preciptype":["rain"],"windgust":9.4,"windspeed":5.0,"winddir":245.7,"pressure":1000.0,"visibility":24.1,"cloudcover":100.0,"solarradiation":53.0,"solarenergy":0.2,"uvindex":1.0,"severerisk":10.0,"conditions":"Rain, Overcast","icon":"rain","stations":null,"source":"fcst"},{"datetime":"10:00:00","datetimeEpoch":1691037000,"temp":26.4,"feelslike":26.4,"humidity":83.78,"dew":23.5,"precip":0.0,"precipprob":57.1,"snow":0.0,"snowdepth":0.0,"preciptype":["rain"],"windgust":7.4,"windspeed":5.2,"winddir":240.0,"pressure":999.3,"visibility":24.1,"cloudcover":99.8,"solarradiation":162.3,"solarenergy":0.6,"uvindex":2.0,"severerisk":10.0,"conditions":"Rain, Overcast","icon":"rain","stations":null,"source":"fcst"},{"datetime":"11:00:00","datetimeEpoch":1691040600,"temp":27.9,"feelslike":31.5,"humidity":78.27,"dew":23.7,"precip":0.0,"precipprob":57.1,"snow":0.0,"snowdepth":0.0,"preciptype":["rain"],"windgust":5.5,"windspeed":5.3,"winddir":234.4,"pressure":998.7,"visibility":24.1,"cloudcover":99.5,"solarradiation":271.7,"solarenergy":1.0,"uvindex":3.0,"severerisk":10.0,"conditions":"Rain, Overcast","icon":"rain","stations":null,"source":"fcst"},{"datetime":"12:00:00","datetimeEpoch":1691044200,"temp":29.3,"feelslike":33.9,"humidity":73.18,"dew":24.0,"precip":0.2,"precipprob":57.1,"snow":0.0,"snowdepth":0.0,"preciptype":["rain"],"windgust":3.6,"windspeed":5.4,"winddir":228.7,"pressure":998.0,"visibility":24.1,"cloudcover":99.3,"solarradiation":381.0,"solarenergy":1.4,"uvindex":4.0,"severerisk":10.0,"conditions":"Rain, Overcast","icon":"rain","stations":null,"source":"fcst"},{"datetime":"13:00:00","datetimeEpoch":1691047800,"temp":30.3,"feelslike":35.4,"humidity":68.41,"dew":23.9,"precip":0.0,"precipprob":61.9,"snow":0.0,"snowdepth":0.0,"preciptype":["rain"],"windgust":4.2,"windspeed":4.7,"winddir":234.9,"pressure":997.0,"visibility":24.1,"cloudcover":98.5,"solarradiation":485.7,"solarenergy":1.8,"uvindex":5.0,"severerisk":10.0,"conditions":"Rain, Overcast","icon":"rain","stations":null,"source":"fcst"},{"datetime":"14:00:00","datetimeEpoch":1691051400,"temp":31.4,"feelslike":36.8,"humidity":63.98,"dew":23.8,"precip":0.0,"precipprob":61.9,"snow":0.0,"snowdepth":0.0,"preciptype":["rain"],"windgust":4.8,"windspeed":4.0,"winddir":241.2,"pressure":996.0,"visibility":24.1,"cloudcover":97.8,"solarradiation":590.3,"solarenergy":2.1,"uvindex":6.0,"severerisk":10.0,"conditions":"Rain, Overcast","icon":"rain","stations":null,"source":"fcst"},{"datetime":"15:00:00","datetimeEpoch":1691055000,"temp":32.5,"feelslike":38.1,"humidity":59.87,"dew":23.7,"precip":0.1,"precipprob":61.9,"snow":0.0,"snowdepth":0.0,"preciptype":["rain"],"windgust":5.4,"windspeed":3.2,"winddir":247.4,"pressure":995.0,"visibility":24.1,"cloudcover":97.0,"solarradiation":695.0,"solarenergy":2.5,"uvindex":7.0,"severerisk":30.0,"conditions":"Rain, Overcast","icon":"rain","stations":null,"source":"fcst"},{"datetime":"16:00:00","datetimeEpoch":1691058600,"temp":31.4,"feelslike":37.3,"humidity":65.41,"dew":24.2,"precip":0.0,"precipprob":61.9,"snow":0.0,"snowdepth":0.0,"preciptype":["rain"],"windgust":5.4,"windspeed":3.1,"winddir":244.6,"pressure":995.3,"visibility":18.5,"cloudcover":97.5,"solarradiation":580.7,"solarenergy":2.1,"uvindex":6.0,"severerisk":30.0,"conditions":"Rain, Overcast","icon":"rain","stations":null,"source":"fcst"},{"datetime":"17:00:00","datetimeEpoch":1691062200,"temp":30.4,"feelslike":36.4,"humidity":71.5,"dew":24.7,"precip":0.0,"precipprob":61.9,"snow":0.0,"snowdepth":0.0,"preciptype":["rain"],"windgust":5.4,"windspeed":3.0,"winddir":241.7,"pressure":995.7,"visibility":13.0,"cloudcover":97.9,"solarradiation":466.3,"solarenergy":1.7,"uvindex":5.0,"severerisk":30.0,"conditions":"Rain, Overcast","icon":"rain","stations":null,"source":"fcst"},{"datetime":"18:00:00","datetimeEpoch":1691065800,"temp":29.4,"feelslike":35.3,"humidity":78.17,"dew":25.2,"precip":1.9,"precipprob":61.9,"snow":0.0,"snowdepth":0.0,"preciptype":["rain"],"windgust":5.4,"windspeed":2.9,"winddir":238.9,"pressure":996.0,"visibility":7.4,"cloudcover":98.4,"solarradiation":352.0,"solarenergy":1.3,"uvindex":4.0,"severerisk":30.0,"conditions":"Rain, Overcast","icon":"rain","stations":null,"source":"fcst"},{"datetime":"19:00:00","datetimeEpoch":1691069400,"temp":28.1,"feelslike":32.7,"humidity":82.31,"dew":24.8,"precip":0.0,"precipprob":61.9,"snow":0.0,"snowdepth":0.0,"preciptype":["rain"],"windgust":4.8,"windspeed":3.2,"winddir":233.4,"pressure":996.7,"visibility":12.9,"cloudcover":98.9,"solarradiation":238.0,"solarenergy":0.9,"uvindex":0.0,"severerisk":30.0,"conditions":"Rain, Overcast","icon":"rain","stations":null,"source":"fcst"},{"datetime":"20:00:00","datetimeEpoch":1691073000,"temp":26.8,"feelslike":29.9,"humidity":86.72,"dew":24.4,"precip":0.0,"precipprob":61.9,"snow":0.0,"snowdepth":0.0,"preciptype":["rain"],"windgust":4.2,"windspeed":3.6,"winddir":227.9,"pressure":997.3,"visibility":18.3,"cloudcover":99.5,"solarradiation":124.0,"solarenergy":0.4,"uvindex":0.0,"severerisk":10.0,"conditions":"Rain, Overcast","icon":"rain","stations":null,"source":"fcst"},{"datetime":"21:00:00","datetimeEpoch":1691076600,"temp":25.6,"feelslike":25.6,"humidity":91.43,"dew":24.1,"precip":4.5,"precipprob":61.9,"snow":0.0,"snowdepth":0.0,"preciptype":["rain"],"windgust":3.6,"windspeed":4.0,"winddir":222.4,"pressure":998.0,"visibility":23.8,"cloudcover":100.0,"solarradiation":10.0,"solarenergy":0.0,"uvindex":0.0,"severerisk":10.0,"conditions":"Rain, Overcast","icon":"rain","stations":null,"source":"fcst"},{"datetime":"22:00:00","datetimeEpoch":1691080200,"temp":25.4,"feelslike":25.4,"humidity":92.34,"dew":24.0,"precip":0.0,"precipprob":61.9,"snow":0.0,"snowdepth":0.0,"preciptype":["rain"],"windgust":3.8,"windspeed":4.1,"winddir":233.6,"pressure":998.0,"visibility":23.9,"cloudcover":100.0,"solarradiation":6.7,"solarenergy":0.0,"uvindex":0.0,"severerisk":10.0,"conditions":"Rain, Overcast","icon":"rain","stations":null,"source":"fcst"},{"datetime":"23:00:00","datetimeEpoch":1691083800,"temp":25.2,"feelslike":25.2,"humidity":93.26,"dew":24.0,"precip":0.0,"precipprob":61.9,"snow":0.0,"snowdepth":0.0,"preciptype":["rain"],"windgust":4.1,"windspeed":4.2,"winddir":244.7,"pressure":998.0,"visibility":24.0,"cloudcover":100.0,"solarradiation":3.3,"solarenergy":0.0,"uvindex":0.0,"severerisk":10.0,"conditions":"Rain, Overcast","icon":"rain","stations":null,"source":"fcst"}]},{"datetime":"2023-08-04","datetimeEpoch":1691087400,"tempmax":32.5,"tempmin":24.2,"temp":28.0,"feelslikemax":37.6,"feelslikemin":24.2,"feelslike":30.5,"dew":23.8,"humidity":79.6,"precip":1.3,"precipprob":81.0,"precipcover":12.5,"preciptype":["rain"],"snow":0.0,"snowdepth":0.0,"windgust":22.7,"windspeed":14.0,"winddir":84.1,"pressure":996.9,"cloudcover":71.9,"visibility":23.1,"solarradiation":262.6,"solarenergy":23.1,"uvindex":8.0,"severerisk":30.0,"sunrise":"05:21:52","sunriseEpoch":1691106712,"sunset":"18:28:43","sunsetEpoch":1691153923,"moonphase":0.59,"conditions":"Rain, Partially cloudy","description":"Partly cloudy throughout the day with storms possible.","icon":"rain","stations":null,"source":"fcst","hours":[{"datetime":"00:00:00","datetimeEpoch":1691087400,"temp":25.0,"feelslike":25.0,"humidity":94.19,"dew":24.0,"precip":0.0,"precipprob":61.9,"snow":0.0,"snowdepth":0.0,"preciptype":["rain"],"windgust":4.3,"windspeed":4.3,"winddir":255.9,"pressure":998.0,"visibility":24.1,"cloudcover":100.0,"solarradiation":0.0,"solarenergy":0.0,"uvindex":0.0,"severerisk":10.0,"conditions":"Rain, Overcast","icon":"rain","stations":null,"source":"fcst"},{"datetime":"01:00:00","datetimeEpoch":1691091000,"temp":24.9,"feelslike":24.9,"humidity":94.94,"dew":24.0,"precip":0.0,"precipprob":61.9,"snow":0.0,"snowdepth":0.0,"preciptype":["rain"],"windgust":3.8,"windspeed":3.8,"winddir":257.3,"pressure":997.3,"visibility":24.1,"cloudcover":82.5,"solarradiation":0.0,"solarenergy":0.0,"uvindex":0.0,"severerisk":10.0,"conditions":"Rain, Partially cloudy","icon":"rain","stations":null,"source":"fcst"},{"datetime":"02:00:00","datetimeEpoch":1691094600,"temp":24.8,"feelslike":24.8,"humidity":95.7,"dew":24.0,"precip":0.0,"precipprob":61.9,"snow":0.0,"snowdepth":0.0,"preciptype":["rain"],"windgust":3.4,"windspeed":3.4,"winddir":258.7,"pressure":996.7,"visibility":24.1,"cloudcover":64.9,"solarradiation":0.0,"solarenergy":0.0,"uvindex":0.0,"severerisk":10.0,"conditions":"Rain, Partially cloudy","icon":"rain","stations":null,"source":"fcst"},{"datetime":"03:00:00","datetimeEpoch":1691098200,"temp":24.7,"feelslike":24.7,"humidity":96.47,"dew":24.1,"precip":0.0,"precipprob":61.9,"snow":0.0,"snowdepth":0.0,"preciptype":["rain"],"windgust":2.9,"windspeed":2.9,"winddir":260.1,"pressure":996.0,"visibility":24.1,"cloudcover":47.4,"solarradiation":0.0,"solarenergy":0.0,"uvindex":0.0,"severerisk":10.0,"conditions":"Rain, Partially cloudy","icon":"rain","stations":null,"source":"fcst"},{"datetime":"04:00:00","datetimeEpoch":1691101800,"temp":24.5,"feelslike":24.5,"humidity":96.85,"dew":23.9,"precip":0.0,"precipprob":61.9,"snow":0.0,"snowdepth":0.0,"preciptype":["rain"],"windgust":2.6,"windspeed":2.5,"winddir":260.1,"pressure":996.3,"visibility":24.1,"cloudcover":64.8,"solarradiation":0.0,"solarenergy":0.0,"uvindex":0.0,"severerisk":10.0,"conditions":"Rain, Partially cloudy","icon":"rain","stations":null,"source":"fcst"},{"datetime":"05:00:00","datetimeEpoch":1691105400,"temp":24.3,"feelslike":24.3,"humidity":97.24,"dew":23.9,"precip":0.0,"precipprob":61.9,"snow":0.0,"snowdepth":0.0,"preciptype":["rain"],"windgust":2.4,"windspeed":2.2,"winddir":260.0,"pressure":996.7,"visibility":24.1,"cloudcover":82.2,"solarradiation":0.0,"solarenergy":0.0,"uvindex":0.0,"severerisk":10.0,"conditions":"Rain, Partially cloudy","icon":"rain","stations":null,"source":"fcst"},{"datetime":"06:00:00","datetimeEpoch":1691109000,"temp":24.2,"feelslike":24.2,"humidity":97.62,"dew":23.8,"precip":0.0,"precipprob":61.9,"snow":0.0,"snowdepth":0.0,"preciptype":["rain"],"windgust":2.2,"windspeed":1.8,"winddir":260.0,"pressure":997.0,"visibility":24.1,"cloudcover":99.6,"solarradiation":0.0,"solarenergy":0.0,"uvindex":0.0,"severerisk":10.0,"conditions":"Rain, Overcast","icon":"rain","stations":null,"source":"fcst"},{"datetime":"07:00:00","datetimeEpoch":1691112600,"temp":25.6,"feelslike":25.6,"humidity":90.53,"dew":23.9,"precip":0.0,"precipprob":71.4,"snow":0.0,"snowdepth":0.0,"preciptype":["rain"],"windgust":5.8,"windspeed":3.6,"winddir":200.1,"pressure":997.3,"visibility":21.4,"cloudcover":78.2,"solarradiation":89.0,"solarenergy":0.3,"uvindex":1.0,"severerisk":10.0,"conditions":"Rain, Partially cloudy","icon":"rain","stations":null,"source":"fcst"},{"datetime":"08:00:00","datetimeEpoch":1691116200,"temp":27.1,"feelslike":30.3,"humidity":84.02,"dew":24.2,"precip":0.0,"precipprob":71.4,"snow":0.0,"snowdepth":0.0,"preciptype":["rain"],"windgust":9.4,"windspeed":5.4,"winddir":140.2,"pressure":997.7,"visibility":18.8,"cloudcover":56.8,"solarradiation":178.0,"solarenergy":0.7,"uvindex":2.0,"severerisk":10.0,"conditions":"Rain, Partially cloudy","icon":"rain","stations":null,"source":"fcst"},{"datetime":"09:00:00","datetimeEpoch":1691119800,"temp":28.6,"feelslike":33.2,"humidity":78.06,"dew":24.4,"precip":0.3,"precipprob":71.4,"snow":0.0,"snowdepth":0.0,"preciptype":["rain"],"windgust":13.0,"windspeed":7.2,"winddir":80.3,"pressure":998.0,"visibility":16.1,"cloudcover":35.4,"solarradiation":267.0,"solarenergy":1.0,"uvindex":3.0,"severerisk":30.0,"conditions":"Rain, Partially cloudy","icon":"rain","stations":null,"source":"fcst"},{"datetime":"10:00:00","datetimeEpoch":1691123400,"temp":29.9,"feelslike":34.8,"humidity":70.41,"dew":23.9,"precip":0.0,"precipprob":71.4,"snow":0.0,"snowdepth":0.0,"preciptype":["rain"],"windgust":14.3,"windspeed":9.4,"winddir":81.7,"pressure":997.7,"visibility":18.8,"cloudcover":56.4,"solarradiation":444.3,"solarenergy":1.6,"uvindex":4.0,"severerisk":10.0,"conditions":"Rain, Partially cloudy","icon":"rain","stations":null,"source":"fcst"},{"datetime":"11:00:00","datetimeEpoch":1691127000,"temp":31.2,"feelslike":36.1,"humidity":63.55,"dew":23.4,"precip":0.0,"precipprob":71.4,"snow":0.0,"snowdepth":0.0,"preciptype":["rain"],"windgust":15.6,"windspeed":11.5,"winddir":83.2,"pressure":997.3,"visibility":21.4,"cloudcover":77.4,"solarradiation":621.7,"solarenergy":2.3,"uvindex":6.0,"severerisk":10.0,"conditions":"Rain, Partially cloudy","icon":"rain","stations":null,"source":"fcst"},{"datetime":"12:00:00","datetimeEpoch":1691130600,"temp":32.5,"feelslike":37.3,"humidity":57.39,"dew":23.0,"precip":0.3,"precipprob":71.4,"snow":0.0,"snowdepth":0.0,"preciptype":["rain"],"windgust":16.9,"windspeed":13.7,"winddir":84.6,"pressure":997.0,"visibility":24.1,"cloudcover":98.4,"solarradiation":799.0,"solarenergy":2.9,"uvindex":8.0,"severerisk":10.0,"conditions":"Rain, Overcast","icon":"rain","stations":null,"source":"fcst"},{"datetime":"13:00:00","datetimeEpoch":1691134200,"temp":32.5,"feelslike":37.4,"humidity":57.74,"dew":23.1,"precip":0.0,"precipprob":81.0,"snow":0.0,"snowdepth":0.0,"preciptype":["rain"],"windgust":16.8,"windspeed":13.8,"winddir":84.0,"pressure":996.3,"visibility":24.1,"cloudcover":97.0,"solarradiation":772.0,"solarenergy":2.8,"uvindex":8.0,"severerisk":10.0,"conditions":"Rain, Overcast","icon":"rain","stations":null,"source":"fcst"},{"datetime":"14:00:00","datetimeEpoch":1691137800,"temp":32.5,"feelslike":37.5,"humidity":58.09,"dew":23.2,"precip":0.0,"precipprob":81.0,"snow":0.0,"snowdepth":0.0,"preciptype":["rain"],"windgust":16.7,"windspeed":13.9,"winddir":83.3,"pressure":995.7,"visibility":24.1,"cloudcover":95.5,"solarradiation":745.0,"solarenergy":2.7,"uvindex":7.0,"severerisk":30.0,"conditions":"Rain, Overcast","icon":"rain","stations":null,"source":"fcst"},{"datetime":"15:00:00","datetimeEpoch":1691141400,"temp":32.5,"feelslike":37.6,"humidity":58.44,"dew":23.3,"precip":0.0,"precipprob":81.0,"snow":0.0,"snowdepth":0.0,"preciptype":["rain"],"windgust":16.6,"windspeed":14.0,"winddir":82.7,"pressure":995.0,"visibility":24.1,"cloudcover":94.1,"solarradiation":718.0,"solarenergy":2.6,"uvindex":7.0,"severerisk":30.0,"conditions":"Rain, Overcast","icon":"rain","stations":null,"source":"fcst"},{"datetime":"16:00:00","datetimeEpoch":1691145000,"temp":31.5,"feelslike":36.8,"humidity":62.99,"dew":23.6,"precip":0.0,"precipprob":81.0,"snow":0.0,"snowdepth":0.0,"preciptype":["rain"],"windgust":18.6,"windspeed":12.5,"winddir":78.7,"pressure":995.3,"visibility":24.1,"cloudcover":93.0,"solarradiation":578.7,"solarenergy":2.1,"uvindex":6.0,"severerisk":30.0,"conditions":"Rain, Overcast","icon":"rain","stations":null,"source":"fcst"},{"datetime":"17:00:00","datetimeEpoch":1691148600,"temp":30.6,"feelslike":35.9,"humidity":67.91,"dew":24.0,"precip":0.0,"precipprob":81.0,"snow":0.0,"snowdepth":0.0,"preciptype":["rain"],"windgust":20.6,"windspeed":10.9,"winddir":74.7,"pressure":995.7,"visibility":24.1,"cloudcover":91.8,"solarradiation":439.3,"solarenergy":1.6,"uvindex":4.0,"severerisk":30.0,"conditions":"Rain, Overcast","icon":"rain","stations":null,"source":"fcst"},{"datetime":"18:00:00","datetimeEpoch":1691152200,"temp":29.7,"feelslike":34.9,"humidity":73.24,"dew":24.4,"precip":0.7,"precipprob":81.0,"snow":0.0,"snowdepth":0.0,"preciptype":["rain"],"windgust":22.7,"windspeed":9.4,"winddir":70.7,"pressure":996.0,"visibility":24.1,"cloudcover":90.7,"solarradiation":300.0,"solarenergy":1.1,"uvindex":3.0,"severerisk":30.0,"conditions":"Rain, Overcast","icon":"rain","stations":null,"source":"fcst"},{"datetime":"19:00:00","datetimeEpoch":1691155800,"temp":28.6,"feelslike":33.0,"humidity":76.82,"dew":24.1,"precip":0.0,"precipprob":71.4,"snow":0.0,"snowdepth":0.0,"preciptype":["rain"],"windgust":17.0,"windspeed":8.2,"winddir":75.0,"pressure":996.7,"visibility":24.1,"cloudcover":63.6,"solarradiation":205.7,"solarenergy":0.8,"uvindex":0.0,"severerisk":30.0,"conditions":"Rain, Partially cloudy","icon":"rain","stations":null,"source":"fcst"},{"datetime":"20:00:00","datetimeEpoch":1691159400,"temp":27.5,"feelslike":31.0,"humidity":80.61,"dew":23.9,"precip":0.0,"precipprob":71.4,"snow":0.0,"snowdepth":0.0,"preciptype":["rain"],"windgust":11.4,"windspeed":7.0,"winddir":79.3,"pressure":997.3,"visibility":24.1,"cloudcover":36.4,"solarradiation":111.3,"solarenergy":0.4,"uvindex":0.0,"severerisk":10.0,"conditions":"Rain, Partially cloudy","icon":"rain","stations":null,"source":"fcst"},{"datetime":"21:00:00","datetimeEpoch":1691163000,"temp":26.5,"feelslike":26.5,"humidity":84.63,"dew":23.7,"precip":0.0,"precipprob":71.4,"snow":0.0,"snowdepth":0.0,"preciptype":["rain"],"windgust":5.8,"windspeed":5.8,"winddir":83.6,"pressure":998.0,"visibility":24.1,"cloudcover":9.3,"solarradiation":17.0,"solarenergy":0.1,"uvindex":0.0,"severerisk":10.0,"conditions":"Rain","icon":"rain","stations":null,"source":"fcst"},{"datetime":"22:00:00","datetimeEpoch":1691166600,"temp":26.2,"feelslike":26.2,"humidity":85.46,"dew":23.6,"precip":0.0,"precipprob":71.4,"snow":0.0,"snowdepth":0.0,"preciptype":["rain"],"windgust":5.3,"windspeed":5.3,"winddir":79.1,"pressure":998.0,"visibility":24.1,"cloudcover":39.5,"solarradiation":11.3,"solarenergy":0.1,"uvindex":0.0,"severerisk":10.0,"conditions":"Rain, Partially cloudy","icon":"rain","stations":null,"source":"fcst"},{"datetime":"23:00:00","datetimeEpoch":1691170200,"temp":26.0,"feelslike":26.0,"humidity":86.3,"dew":23.5,"precip":0.0,"precipprob":71.4,"snow":0.0,"snowdepth":0.0,"preciptype":["rain"],"windgust":4.8,"windspeed":4.8,"winddir":74.6,"pressure":998.0,"visibility":24.1,"cloudcover":69.7,"solarradiation":5.7,"solarenergy":0.0,"uvindex":0.0,"severerisk":10.0,"conditions":"Rain, Partially cloudy","icon":"rain","stations":null,"source":"fcst"}]},{"datetime":"2023-08-05","datetimeEpoch":1691173800,"tempmax":32.2,"tempmin":24.6,"temp":27.9,"feelslikemax":38.2,"feelslikemin":24.6,"feelslike":30.7,"dew":24.1,"humidity":80.8,"precip":12.5,"precipprob":95.2,"precipcover":29.17,"preciptype":["rain"],"snow":0.0,"snowdepth":0.0,"windgust":19.1,"windspeed":15.1,"winddir":66.7,"pressure":997.7,"cloudcover":60.8,"visibility":17.7,"solarradiation":268.6,"solarenergy":22.8,"uvindex":8.0,"severerisk":30.0,"sunrise":"05:22:16","sunriseEpoch":1691193136,"sunset":"18:28:08","sunsetEpoch":1691240288,"moonphase":0.62,"conditions":"Rain, Partially cloudy","description":"Partly cloudy throughout the day with storms possible.","icon":"rain","stations":null,"source":"fcst","hours":[{"datetime":"00:00:00","datetimeEpoch":1691173800,"temp":25.8,"feelslike":25.8,"humidity":87.15,"dew":23.5,"precip":0.1,"precipprob":71.4,"snow":0.0,"snowdepth":0.0,"preciptype":["rain"],"windgust":4.3,"windspeed":4.3,"winddir":70.1,"pressure":998.0,"visibility":24.1,"cloudcover":99.9,"solarradiation":0.0,"solarenergy":0.0,"uvindex":0.0,"severerisk":10.0,"conditions":"Rain, Overcast","icon":"rain","stations":null,"source":"fcst"},{"datetime":"01:00:00","datetimeEpoch":1691177400,"temp":25.5,"feelslike":25.5,"humidity":88.36,"dew":23.4,"precip":0.0,"precipprob":57.1,"snow":0.0,"snowdepth":0.0,"preciptype":["rain"],"windgust":4.0,"windspeed":4.0,"winddir":67.6,"pressure":997.7,"visibility":24.1,"cloudcover":68.2,"solarradiation":0.0,"solarenergy":0.0,"uvindex":0.0,"severerisk":10.0,"conditions":"Rain, Partially cloudy","icon":"rain","stations":null,"source":"fcst"},{"datetime":"02:00:00","datetimeEpoch":1691181000,"temp":25.2,"feelslike":25.2,"humidity":89.59,"dew":23.4,"precip":0.0,"precipprob":57.1,"snow":0.0,"snowdepth":0.0,"preciptype":["rain"],"windgust":3.6,"windspeed":3.6,"winddir":65.0,"pressure":997.3,"visibility":24.1,"cloudcover":36.4,"solarradiation":0.0,"solarenergy":0.0,"uvindex":0.0,"severerisk":10.0,"conditions":"Rain, Partially cloudy","icon":"rain","stations":null,"source":"fcst"},{"datetime":"03:00:00","datetimeEpoch":1691184600,"temp":25.0,"feelslike":25.0,"humidity":90.85,"dew":23.4,"precip":1.2,"precipprob":57.1,"snow":0.0,"snowdepth":0.0,"preciptype":["rain"],"windgust":3.2,"windspeed":3.2,"winddir":62.5,"pressure":997.0,"visibility":24.1,"cloudcover":4.7,"solarradiation":0.0,"solarenergy":0.0,"uvindex":0.0,"severerisk":10.0,"conditions":"Rain","icon":"rain","stations":null,"source":"fcst"},{"datetime":"04:00:00","datetimeEpoch":1691188200,"temp":24.8,"feelslike":24.8,"humidity":91.76,"dew":23.4,"precip":0.0,"precipprob":57.1,"snow":0.0,"snowdepth":0.0,"preciptype":["rain"],"windgust":3.1,"windspeed":3.1,"winddir":51.1,"pressure":997.3,"visibility":24.1,"cloudcover":23.0,"solarradiation":0.0,"solarenergy":0.0,"uvindex":0.0,"severerisk":10.0,"conditions":"Rain, Partially cloudy","icon":"rain","stations":null,"source":"fcst"},{"datetime":"05:00:00","datetimeEpoch":1691191800,"temp":24.7,"feelslike":24.7,"humidity":92.68,"dew":23.4,"precip":0.0,"precipprob":57.1,"snow":0.0,"snowdepth":0.0,"preciptype":["rain"],"windgust":3.0,"windspeed":3.0,"winddir":39.6,"pressure":997.7,"visibility":24.1,"cloudcover":41.2,"solarradiation":0.0,"solarenergy":0.0,"uvindex":0.0,"severerisk":10.0,"conditions":"Rain, Partially cloudy","icon":"rain","stations":null,"source":"fcst"},{"datetime":"06:00:00","datetimeEpoch":1691195400,"temp":24.6,"feelslike":24.6,"humidity":93.61,"dew":23.5,"precip":0.0,"precipprob":57.1,"snow":0.0,"snowdepth":0.0,"preciptype":["rain"],"windgust":2.9,"windspeed":2.9,"winddir":28.2,"pressure":998.0,"visibility":24.1,"cloudcover":59.5,"solarradiation":0.0,"solarenergy":0.0,"uvindex":0.0,"severerisk":10.0,"conditions":"Rain, Partially cloudy","icon":"rain","stations":null,"source":"fcst"},{"datetime":"07:00:00","datetimeEpoch":1691199000,"temp":26.0,"feelslike":26.0,"humidity":87.7,"dew":23.8,"precip":0.0,"precipprob":66.7,"snow":0.0,"snowdepth":0.0,"preciptype":["rain"],"windgust":7.2,"windspeed":5.2,"winddir":42.2,"pressure":998.3,"visibility":24.1,"cloudcover":56.5,"solarradiation":96.7,"solarenergy":0.3,"uvindex":1.0,"severerisk":10.0,"conditions":"Rain, Partially cloudy","icon":"rain","stations":null,"source":"fcst"},{"datetime":"08:00:00","datetimeEpoch":1691202600,"temp":27.4,"feelslike":31.0,"humidity":82.23,"dew":24.1,"precip":0.0,"precipprob":66.7,"snow":0.0,"snowdepth":0.0,"preciptype":["rain"],"windgust":11.5,"windspeed":7.4,"winddir":56.3,"pressure":998.7,"visibility":24.1,"cloudcover":53.4,"solarradiation":193.3,"solarenergy":0.7,"uvindex":2.0,"severerisk":10.0,"conditions":"Rain, Partially cloudy","icon":"rain","stations":null,"source":"fcst"},{"datetime":"09:00:00","datetimeEpoch":1691206200,"temp":28.9,"feelslike":33.8,"humidity":77.17,"dew":24.5,"precip":1.6,"precipprob":66.7,"snow":0.0,"snowdepth":0.0,"preciptype":["rain"],"windgust":15.8,"windspeed":9.7,"winddir":70.3,"pressure":999.0,"visibility":24.1,"cloudcover":50.4,"solarradiation":290.0,"solarenergy":1.0,"uvindex":3.0,"severerisk":30.0,"conditions":"Rain, Partially cloudy","icon":"rain","stations":null,"source":"fcst"},{"datetime":"10:00:00","datetimeEpoch":1691209800,"temp":30.0,"feelslike":35.2,"humidity":71.13,"dew":24.2,"precip":0.0,"precipprob":66.7,"snow":0.0,"snowdepth":0.0,"preciptype":["rain"],"windgust":16.9,"windspeed":11.2,"winddir":70.3,"pressure":998.7,"visibility":19.2,"cloudcover":64.2,"solarradiation":446.0,"solarenergy":1.6,"uvindex":4.0,"severerisk":30.0,"conditions":"Rain, Partially cloudy","icon":"rain","stations":null,"source":"fcst"},{"datetime":"11:00:00","datetimeEpoch":1691213400,"temp":31.1,"feelslike":36.4,"humidity":65.6,"dew":23.9,"precip":0.0,"precipprob":66.7,"snow":0.0,"snowdepth":0.0,"preciptype":["rain"],"windgust":18.0,"windspeed":12.6,"winddir":70.2,"pressure":998.3,"visibility":14.3,"cloudcover":78.0,"solarradiation":602.0,"solarenergy":2.1,"uvindex":6.0,"severerisk":30.0,"conditions":"Rain, Partially cloudy","icon":"rain","stations":null,"source":"fcst"},{"datetime":"12:00:00","datetimeEpoch":1691217000,"temp":32.2,"feelslike":37.6,"humidity":60.52,"dew":23.6,"precip":0.7,"precipprob":66.7,"snow":0.0,"snowdepth":0.0,"preciptype":["rain"],"windgust":19.1,"windspeed":14.0,"winddir":70.2,"pressure":998.0,"visibility":9.4,"cloudcover":91.8,"solarradiation":758.0,"solarenergy":2.7,"uvindex":8.0,"severerisk":30.0,"conditions":"Rain, Overcast","icon":"rain","stations":null,"source":"fcst"},{"datetime":"13:00:00","datetimeEpoch":1691220600,"temp":32.1,"feelslike":37.8,"humidity":61.61,"dew":23.8,"precip":0.0,"precipprob":95.2,"snow":0.0,"snowdepth":0.0,"preciptype":["rain"],"windgust":19.0,"windspeed":14.4,"winddir":71.0,"pressure":997.3,"visibility":8.6,"cloudcover":94.5,"solarradiation":736.7,"solarenergy":2.6,"uvindex":7.0,"severerisk":30.0,"conditions":"Rain, Overcast","icon":"rain","stations":null,"source":"fcst"},{"datetime":"14:00:00","datetimeEpoch":1691224200,"temp":32.0,"feelslike":38.0,"humidity":62.72,"dew":24.0,"precip":0.0,"precipprob":95.2,"snow":0.0,"snowdepth":0.0,"preciptype":["rain"],"windgust":18.8,"windspeed":14.8,"winddir":71.8,"pressure":996.7,"visibility":7.7,"cloudcover":97.3,"solarradiation":715.3,"solarenergy":2.6,"uvindex":7.0,"severerisk":30.0,"conditions":"Rain, Overcast","icon":"rain","stations":null,"source":"fcst"},{"datetime":"15:00:00","datetimeEpoch":1691227800,"temp":32.0,"feelslike":38.2,"humidity":63.84,"dew":24.3,"precip":1.2,"precipprob":95.2,"snow":0.0,"snowdepth":0.0,"preciptype":["rain"],"windgust":18.7,"windspeed":15.1,"winddir":72.6,"pressure":996.0,"visibility":6.9,"cloudcover":100.0,"solarradiation":694.0,"solarenergy":2.5,"uvindex":7.0,"severerisk":30.0,"conditions":"Rain, Overcast","icon":"rain","stations":null,"source":"fcst"},{"datetime":"16:00:00","datetimeEpoch":1691231400,"temp":30.8,"feelslike":36.8,"humidity":69.59,"dew":24.6,"precip":0.0,"precipprob":95.2,"snow":0.0,"snowdepth":0.0,"preciptype":["rain"],"windgust":18.4,"windspeed":12.8,"winddir":69.8,"pressure":996.0,"visibility":6.1,"cloudcover":100.0,"solarradiation":594.3,"solarenergy":2.1,"uvindex":6.0,"severerisk":30.0,"conditions":"Rain, Overcast","icon":"rain","stations":null,"source":"fcst"},{"datetime":"17:00:00","datetimeEpoch":1691235000,"temp":29.6,"feelslike":35.3,"humidity":75.9,"dew":24.9,"precip":0.0,"precipprob":95.2,"snow":0.0,"snowdepth":0.0,"preciptype":["rain"],"windgust":18.0,"windspeed":10.6,"winddir":67.1,"pressure":996.0,"visibility":5.3,"cloudcover":100.0,"solarradiation":494.7,"solarenergy":1.8,"uvindex":5.0,"severerisk":30.0,"conditions":"Rain, Overcast","icon":"rain","stations":null,"source":"fcst"},{"datetime":"18:00:00","datetimeEpoch":1691238600,"temp":28.4,"feelslike":33.5,"humidity":82.83,"dew":25.2,"precip":3.8,"precipprob":95.2,"snow":0.0,"snowdepth":0.0,"preciptype":["rain"],"windgust":17.6,"windspeed":8.3,"winddir":64.3,"pressure":996.0,"visibility":4.5,"cloudcover":100.0,"solarradiation":395.0,"solarenergy":1.4,"uvindex":4.0,"severerisk":30.0,"conditions":"Rain, Overcast","icon":"rain","stations":null,"source":"fcst"},{"datetime":"19:00:00","datetimeEpoch":1691242200,"temp":27.7,"feelslike":32.0,"humidity":84.93,"dew":24.9,"precip":0.0,"precipprob":81.0,"snow":0.0,"snowdepth":0.0,"preciptype":["rain"],"windgust":13.3,"windspeed":7.0,"winddir":67.1,"pressure":997.0,"visibility":11.0,"cloudcover":70.3,"solarradiation":267.3,"solarenergy":0.9,"uvindex":0.0,"severerisk":30.0,"conditions":"Rain, Partially cloudy","icon":"rain","stations":null,"source":"fcst"},{"datetime":"20:00:00","datetimeEpoch":1691245800,"temp":27.0,"feelslike":30.5,"humidity":87.09,"dew":24.7,"precip":0.0,"precipprob":81.0,"snow":0.0,"snowdepth":0.0,"preciptype":["rain"],"windgust":9.0,"windspeed":5.6,"winddir":70.0,"pressure":998.0,"visibility":17.6,"cloudcover":40.6,"solarradiation":139.7,"solarenergy":0.5,"uvindex":0.0,"severerisk":30.0,"conditions":"Rain, Partially cloudy","icon":"rain","stations":null,"source":"fcst"},{"datetime":"21:00:00","datetimeEpoch":1691249400,"temp":26.4,"feelslike":26.4,"humidity":89.32,"dew":24.5,"precip":3.9,"precipprob":81.0,"snow":0.0,"snowdepth":0.0,"preciptype":["rain"],"windgust":4.7,"windspeed":4.3,"winddir":72.8,"pressure":999.0,"visibility":24.1,"cloudcover":10.9,"solarradiation":12.0,"solarenergy":0.0,"uvindex":0.0,"severerisk":10.0,"conditions":"Rain","icon":"rain","stations":null,"source":"fcst"},{"datetime":"22:00:00","datetimeEpoch":1691253000,"temp":26.1,"feelslike":26.1,"humidity":90.38,"dew":24.4,"precip":0.0,"precipprob":81.0,"snow":0.0,"snowdepth":0.0,"preciptype":["rain"],"windgust":4.2,"windspeed":4.0,"winddir":65.1,"pressure":999.0,"visibility":24.1,"cloudcover":9.7,"solarradiation":8.0,"solarenergy":0.0,"uvindex":0.0,"severerisk":10.0,"conditions":"Rain","icon":"rain","stations":null,"source":"fcst"},{"datetime":"23:00:00","datetimeEpoch":1691256600,"temp":25.8,"feelslike":25.8,"humidity":91.45,"dew":24.3,"precip":0.0,"precipprob":81.0,"snow":0.0,"snowdepth":0.0,"preciptype":["rain"],"windgust":3.7,"windspeed":3.6,"winddir":57.5,"pressure":999.0,"visibility":24.1,"cloudcover":8.4,"solarradiation":4.0,"solarenergy":0.0,"uvindex":0.0,"severerisk":10.0,"conditions":"Rain","icon":"rain","stations":null,"source":"fcst"}]},{"datetime":"2023-08-06","datetimeEpoch":1691260200,"tempmax":31.6,"tempmin":24.7,"temp":27.8,"feelslikemax":38.5,"feelslikemin":24.7,"feelslike":31.0,"dew":24.7,"humidity":84.0,"precip":26.6,"precipprob":81.0,"precipcover":33.33,"preciptype":["rain"],"snow":0.0,"snowdepth":0.0,"windgust":10.8,"windspeed":7.6,"winddir":61.5,"pressure":997.6,"cloudcover":73.7,"visibility":11.6,"solarradiation":282.6,"solarenergy":24.6,"uvindex":8.0,"severerisk":30.0,"sunrise":"05:22:40","sunriseEpoch":1691279560,"sunset":"18:27:31","sunsetEpoch":1691326651,"moonphase":0.65,"conditions":"Rain, Partially cloudy","description":"Partly cloudy throughout the day with storms possible.","icon":"rain","stations":null,"source":"fcst","hours":[{"datetime":"00:00:00","datetimeEpoch":1691260200,"temp":25.6,"feelslike":25.6,"humidity":92.54,"dew":24.3,"precip":0.4,"precipprob":81.0,"snow":0.0,"snowdepth":0.0,"preciptype":["rain"],"windgust":3.2,"windspeed":3.2,"winddir":49.8,"pressure":999.0,"visibility":24.1,"cloudcover":7.2,"solarradiation":0.0,"solarenergy":0.0,"uvindex":0.0,"severerisk":10.0,"conditions":"Rain","icon":"rain","stations":null,"source":"fcst"},{"datetime":"01:00:00","datetimeEpoch":1691263800,"temp":25.4,"feelslike":25.4,"humidity":92.9,"dew":24.2,"precip":0.0,"precipprob":71.4,"snow":0.0,"snowdepth":0.0,"preciptype":["rain"],"windgust":2.9,"windspeed":2.9,"winddir":37.4,"pressure":998.3,"visibility":24.1,"cloudcover":34.6,"solarradiation":0.0,"solarenergy":0.0,"uvindex":0.0,"severerisk":10.0,"conditions":"Rain, Partially cloudy","icon":"rain","stations":null,"source":"fcst"},{"datetime":"02:00:00","datetimeEpoch":1691267400,"temp":25.2,"feelslike":25.2,"humidity":93.26,"dew":24.1,"precip":0.0,"precipprob":71.4,"snow":0.0,"snowdepth":0.0,"preciptype":["rain"],"windgust":2.5,"windspeed":2.5,"winddir":25.1,"pressure":997.7,"visibility":24.1,"cloudcover":62.0,"solarradiation":0.0,"solarenergy":0.0,"uvindex":0.0,"severerisk":10.0,"conditions":"Rain, Partially cloudy","icon":"rain","stations":null,"source":"fcst"},{"datetime":"03:00:00","datetimeEpoch":1691271000,"temp":25.1,"feelslike":25.1,"humidity":93.63,"dew":24.0,"precip":0.2,"precipprob":71.4,"snow":0.0,"snowdepth":0.0,"preciptype":["rain"],"windgust":2.2,"windspeed":2.2,"winddir":12.7,"pressure":997.0,"visibility":24.1,"cloudcover":89.4,"solarradiation":0.0,"solarenergy":0.0,"uvindex":0.0,"severerisk":10.0,"conditions":"Rain, Partially cloudy","icon":"rain","stations":null,"source":"fcst"},{"datetime":"04:00:00","datetimeEpoch":1691274600,"temp":24.9,"feelslike":24.9,"humidity":94.0,"dew":23.9,"precip":0.0,"precipprob":71.4,"snow":0.0,"snowdepth":0.0,"preciptype":["rain"],"windgust":2.2,"windspeed":2.2,"winddir":32.5,"pressure":997.3,"visibility":21.2,"cloudcover":80.5,"solarradiation":0.0,"solarenergy":0.0,"uvindex":0.0,"severerisk":10.0,"conditions":"Rain, Partially cloudy","icon":"rain","stations":null,"source":"fcst"},{"datetime":"05:00:00","datetimeEpoch":1691278200,"temp":24.8,"feelslike":24.8,"humidity":94.37,"dew":23.8,"precip":0.0,"precipprob":71.4,"snow":0.0,"snowdepth":0.0,"preciptype":["rain"],"windgust":2.2,"windspeed":2.2,"winddir":52.3,"pressure":997.7,"visibility":18.4,"cloudcover":71.7,"solarradiation":0.0,"solarenergy":0.0,"uvindex":0.0,"severerisk":10.0,"conditions":"Rain, Partially cloudy","icon":"rain","stations":null,"source":"fcst"},{"datetime":"06:00:00","datetimeEpoch":1691281800,"temp":24.7,"feelslike":24.7,"humidity":94.74,"dew":23.8,"precip":3.7,"precipprob":71.4,"snow":0.0,"snowdepth":0.0,"preciptype":["rain"],"windgust":2.2,"windspeed":2.2,"winddir":72.1,"pressure":998.0,"visibility":15.5,"cloudcover":62.8,"solarradiation":0.0,"solarenergy":0.0,"uvindex":0.0,"severerisk":10.0,"conditions":"Rain, Partially cloudy","icon":"rain","stations":null,"source":"fcst"},{"datetime":"07:00:00","datetimeEpoch":1691285400,"temp":26.2,"feelslike":26.2,"humidity":88.59,"dew":24.1,"precip":0.0,"precipprob":66.7,"snow":0.0,"snowdepth":0.0,"preciptype":["rain"],"windgust":4.2,"windspeed":2.6,"winddir":64.2,"pressure":998.3,"visibility":12.4,"cloudcover":59.4,"solarradiation":96.3,"solarenergy":0.3,"uvindex":1.0,"severerisk":10.0,"conditions":"Rain, Partially cloudy","icon":"rain","stations":null,"source":"fcst"},{"datetime":"08:00:00","datetimeEpoch":1691289000,"temp":27.7,"feelslike":31.6,"humidity":82.92,"dew":24.5,"precip":0.0,"precipprob":66.7,"snow":0.0,"snowdepth":0.0,"preciptype":["rain"],"windgust":6.2,"windspeed":3.1,"winddir":56.3,"pressure":998.7,"visibility":9.2,"cloudcover":55.9,"solarradiation":192.7,"solarenergy":0.7,"uvindex":2.0,"severerisk":10.0,"conditions":"Rain, Partially cloudy","icon":"rain","stations":null,"source":"fcst"},{"datetime":"09:00:00","datetimeEpoch":1691292600,"temp":29.2,"feelslike":34.6,"humidity":77.68,"dew":24.9,"precip":3.1,"precipprob":66.7,"snow":0.0,"snowdepth":0.0,"preciptype":["rain"],"windgust":8.3,"windspeed":3.6,"winddir":48.4,"pressure":999.0,"visibility":6.1,"cloudcover":52.5,"solarradiation":289.0,"solarenergy":1.0,"uvindex":3.0,"severerisk":30.0,"conditions":"Rain, Partially cloudy","icon":"rain","stations":null,"source":"fcst"},{"datetime":"10:00:00","datetimeEpoch":1691296200,"temp":29.7,"feelslike":35.5,"humidity":75.77,"dew":24.9,"precip":0.0,"precipprob":66.7,"snow":0.0,"snowdepth":0.0,"preciptype":["rain"],"windgust":9.1,"windspeed":4.9,"winddir":52.5,"pressure":998.7,"visibility":5.9,"cloudcover":51.9,"solarradiation":444.7,"solarenergy":1.6,"uvindex":4.0,"severerisk":30.0,"conditions":"Rain, Partially cloudy","icon":"rain","stations":null,"source":"fcst"},{"datetime":"11:00:00","datetimeEpoch":1691299800,"temp":30.2,"feelslike":36.4,"humidity":73.91,"dew":25.0,"precip":0.0,"precipprob":66.7,"snow":0.0,"snowdepth":0.0,"preciptype":["rain"],"windgust":10.0,"windspeed":6.2,"winddir":56.7,"pressure":998.3,"visibility":5.7,"cloudcover":51.2,"solarradiation":600.3,"solarenergy":2.1,"uvindex":6.0,"severerisk":30.0,"conditions":"Rain, Partially cloudy","icon":"rain","stations":null,"source":"fcst"},{"datetime":"12:00:00","datetimeEpoch":1691303400,"temp":30.7,"feelslike":37.3,"humidity":72.11,"dew":25.1,"precip":4.1,"precipprob":66.7,"snow":0.0,"snowdepth":0.0,"preciptype":["rain"],"windgust":10.8,"windspeed":7.6,"winddir":60.8,"pressure":998.0,"visibility":5.5,"cloudcover":50.6,"solarradiation":756.0,"solarenergy":2.7,"uvindex":8.0,"severerisk":30.0,"conditions":"Rain, Partially cloudy","icon":"rain","stations":null,"source":"fcst"},{"datetime":"13:00:00","datetimeEpoch":1691307000,"temp":31.0,"feelslike":37.7,"humidity":70.75,"dew":25.0,"precip":0.0,"precipprob":71.4,"snow":0.0,"snowdepth":0.0,"preciptype":["rain"],"windgust":10.7,"windspeed":7.3,"winddir":62.2,"pressure":997.3,"visibility":5.7,"cloudcover":67.1,"solarradiation":769.7,"solarenergy":2.8,"uvindex":8.0,"severerisk":30.0,"conditions":"Rain, Partially cloudy","icon":"rain","stations":null,"source":"fcst"},{"datetime":"14:00:00","datetimeEpoch":1691310600,"temp":31.3,"feelslike":38.1,"humidity":69.41,"dew":25.0,"precip":0.0,"precipprob":71.4,"snow":0.0,"snowdepth":0.0,"preciptype":["rain"],"windgust":10.6,"windspeed":7.1,"winddir":63.7,"pressure":996.7,"visibility":5.8,"cloudcover":83.5,"solarradiation":783.3,"solarenergy":2.8,"uvindex":8.0,"severerisk":30.0,"conditions":"Rain, Partially cloudy","icon":"rain","stations":null,"source":"fcst"},{"datetime":"15:00:00","datetimeEpoch":1691314200,"temp":31.6,"feelslike":38.5,"humidity":68.1,"dew":25.0,"precip":3.8,"precipprob":71.4,"snow":0.0,"snowdepth":0.0,"preciptype":["rain"],"windgust":10.4,"windspeed":6.8,"winddir":65.1,"pressure":996.0,"visibility":6.0,"cloudcover":100.0,"solarradiation":797.0,"solarenergy":2.9,"uvindex":8.0,"severerisk":30.0,"conditions":"Rain, Overcast","icon":"rain","stations":null,"source":"fcst"},{"datetime":"16:00:00","datetimeEpoch":1691317800,"temp":30.8,"feelslike":37.8,"humidity":72.43,"dew":25.3,"precip":0.0,"precipprob":71.4,"snow":0.0,"snowdepth":0.0,"preciptype":["rain"],"windgust":9.0,"windspeed":6.0,"winddir":70.5,"pressure":996.0,"visibility":6.0,"cloudcover":99.8,"solarradiation":666.0,"solarenergy":2.4,"uvindex":7.0,"severerisk":30.0,"conditions":"Rain, Overcast","icon":"rain","stations":null,"source":"fcst"},{"datetime":"17:00:00","datetimeEpoch":1691321400,"temp":30.1,"feelslike":37.1,"humidity":77.05,"dew":25.6,"precip":0.0,"precipprob":71.4,"snow":0.0,"snowdepth":0.0,"preciptype":["rain"],"windgust":7.6,"windspeed":5.2,"winddir":76.0,"pressure":996.0,"visibility":5.9,"cloudcover":99.6,"solarradiation":535.0,"solarenergy":2.0,"uvindex":5.0,"severerisk":30.0,"conditions":"Rain, Overcast","icon":"rain","stations":null,"source":"fcst"},{"datetime":"18:00:00","datetimeEpoch":1691325000,"temp":29.4,"feelslike":36.2,"humidity":81.97,"dew":26.0,"precip":5.2,"precipprob":71.4,"snow":0.0,"snowdepth":0.0,"preciptype":["rain"],"windgust":6.1,"windspeed":4.3,"winddir":81.4,"pressure":996.0,"visibility":5.9,"cloudcover":99.4,"solarradiation":404.0,"solarenergy":1.5,"uvindex":4.0,"severerisk":30.0,"conditions":"Rain, Overcast","icon":"rain","stations":null,"source":"fcst"},{"datetime":"19:00:00","datetimeEpoch":1691328600,"temp":28.2,"feelslike":33.4,"humidity":85.15,"dew":25.5,"precip":0.0,"precipprob":71.4,"snow":0.0,"snowdepth":0.0,"preciptype":["rain"],"windgust":5.6,"windspeed":4.4,"winddir":76.4,"pressure":996.7,"visibility":5.8,"cloudcover":98.6,"solarradiation":274.3,"solarenergy":1.0,"uvindex":0.0,"severerisk":30.0,"conditions":"Rain, Overcast","icon":"rain","stations":null,"source":"fcst"},{"datetime":"20:00:00","datetimeEpoch":1691332200,"temp":27.0,"feelslike":30.6,"humidity":88.49,"dew":25.0,"precip":0.0,"precipprob":71.4,"snow":0.0,"snowdepth":0.0,"preciptype":["rain"],"windgust":5.2,"windspeed":4.6,"winddir":71.3,"pressure":997.3,"visibility":5.6,"cloudcover":97.7,"solarradiation":144.7,"solarenergy":0.6,"uvindex":0.0,"severerisk":10.0,"conditions":"Rain, Overcast","icon":"rain","stations":null,"source":"fcst"},{"datetime":"21:00:00","datetimeEpoch":1691335800,"temp":25.9,"feelslike":25.9,"humidity":92.0,"dew":24.5,"precip":6.1,"precipprob":71.4,"snow":0.0,"snowdepth":0.0,"preciptype":["rain"],"windgust":4.7,"windspeed":4.7,"winddir":66.3,"pressure":998.0,"visibility":5.5,"cloudcover":96.9,"solarradiation":15.0,"solarenergy":0.1,"uvindex":0.0,"severerisk":10.0,"conditions":"Rain, Overcast","icon":"rain","stations":null,"source":"fcst"},{"datetime":"22:00:00","datetimeEpoch":1691339400,"temp":25.8,"feelslike":25.8,"humidity":91.81,"dew":24.4,"precip":0.0,"precipprob":71.4,"snow":0.0,"snowdepth":0.0,"preciptype":["rain"],"windgust":4.0,"windspeed":4.0,"winddir":71.5,"pressure":998.0,"visibility":11.7,"cloudcover":97.9,"solarradiation":10.0,"solarenergy":0.1,"uvindex":0.0,"severerisk":10.0,"conditions":"Rain, Overcast","icon":"rain","stations":null,"source":"fcst"},{"datetime":"23:00:00","datetimeEpoch":1691343000,"temp":25.7,"feelslike":25.7,"humidity":91.63,"dew":24.3,"precip":0.0,"precipprob":71.4,"snow":0.0,"snowdepth":0.0,"preciptype":["rain"],"windgust":3.2,"windspeed":3.2,"winddir":76.8,"pressure":998.0,"visibility":17.9,"cloudcover":99.0,"solarradiation":5.0,"solarenergy":0.0,"uvindex":0.0,"severerisk":10.0,"conditions":"Rain, Overcast","icon":"rain","stations":null,"source":"fcst"}]}],"alerts":[],"stations":{"VERC":{"distance":92547.0,"latitude":23.31,"longitude":85.32,"useCount":0,"id":"VERC","name":"VERC","quality":48,"contribution":0.0}},"currentConditions":{"datetime":"17:30:00","datetimeEpoch":1690113600,"temp":28.0,"feelslike":32.6,"humidity":83.8,"dew":25.0,"precip":1.0,"precipprob":95.2,"snow":0.0,"snowdepth":0.0,"preciptype":["rain"],"windgust":null,"windspeed":13.0,"winddir":130.0,"pressure":1006.0,"visibility":4.0,"cloudcover":88.0,"solarradiation":249.0,"solarenergy":0.9,"uvindex":2.0,"conditions":"Rain, Partially cloudy","icon":"rain","stations":["VERC"],"source":"obs","sunrise":"05:16:54","sunriseEpoch":1690069614,"sunset":"18:34:26","sunsetEpoch":1690117466,"moonphase":0.18}}

at java.base/jdk.internal.reflect.DirectConstructorHandleAccessor.newInstance(DirectConstructorHandleAccessor.java:67)
at java.base/java.lang.reflect.Constructor.newInstanceWithCaller(Constructor.java:500)
at java.base/java.lang.reflect.Constructor.newInstance(Constructor.java:484)
at org.codehaus.groovy.reflection.CachedConstructor.invoke(CachedConstructor.java:73)
at org.codehaus.groovy.runtime.callsite.ConstructorSite$ConstructorSiteNoUnwrapNoCoerce.callConstructor(ConstructorSite.java:108)
at org.codehaus.groovy.runtime.callsite.CallSiteArray.defaultCallConstructor(CallSiteArray.java:57)
at org.codehaus.groovy.runtime.callsite.AbstractCallSite.callConstructor(AbstractCallSite.java:263)
at org.codehaus.groovy.runtime.callsite.AbstractCallSite.callConstructor(AbstractCallSite.java:277)
at io.restassured.internal.ResponseSpecificationImpl$HamcrestAssertionClosure.validate(ResponseSpecificationImpl.groovy:512)
at io.restassured.internal.ResponseSpecificationImpl$HamcrestAssertionClosure$validate$1.call(Unknown Source)
at io.restassured.internal.ResponseSpecificationImpl.validateResponseIfRequired(ResponseSpecificationImpl.groovy:696)
at io.restassured.internal.ResponseSpecificationImpl.this$2$validateResponseIfRequired(ResponseSpecificationImpl.groovy)
at java.base/jdk.internal.reflect.DirectMethodHandleAccessor.invoke(DirectMethodHandleAccessor.java:104)
at java.base/java.lang.reflect.Method.invoke(Method.java:578)
at org.codehaus.groovy.runtime.callsite.PlainObjectMetaMethodSite.doInvoke(PlainObjectMetaMethodSite.java:43)
at org.codehaus.groovy.runtime.callsite.PogoMetaMethodSite$PogoCachedMethodSiteNoUnwrapNoCoerce.invoke(PogoMetaMethodSite.java:198)
at org.codehaus.groovy.runtime.callsite.PogoMetaMethodSite.callCurrent(PogoMetaMethodSite.java:62)
at org.codehaus.groovy.runtime.callsite.CallSiteArray.defaultCallCurrent(CallSiteArray.java:49)
at org.codehaus.groovy.runtime.callsite.AbstractCallSite.callCurrent(AbstractCallSite.java:171)
at org.codehaus.groovy.runtime.callsite.AbstractCallSite.callCurrent(AbstractCallSite.java:185)
at io.restassured.internal.ResponseSpecificationImpl.body(ResponseSpecificationImpl.groovy:107)
at io.restassured.internal.ValidatableResponseOptionsImpl.body(ValidatableResponseOptionsImpl.java:238)
at com.testautomation.apitesting.tests.GetAPIRequest.verifyResponseKeysAvailable(GetAPIRequest.java:106)
at java.base/jdk.internal.reflect.DirectMethodHandleAccessor.invoke(DirectMethodHandleAccessor.java:104)
at java.base/java.lang.reflect.Method.invoke(Method.java:578)
at org.testng.internal.invokers.MethodInvocationHelper.invokeMethod(MethodInvocationHelper.java:139)
at org.testng.internal.invokers.TestInvoker.invokeMethod(TestInvoker.java:664)
at org.testng.internal.invokers.TestInvoker.invokeTestMethod(TestInvoker.java:227)
at org.testng.internal.invokers.MethodRunner.runInSequence(MethodRunner.java:50)
at org.testng.internal.invokers.TestInvoker$MethodInvocationAgent.invoke(TestInvoker.java:957)
at org.testng.internal.invokers.TestInvoker.invokeTestMethods(TestInvoker.java:200)
at org.testng.internal.invokers.TestMethodWorker.invokeTestMethods(TestMethodWorker.java:148)
at org.testng.internal.invokers.TestMethodWorker.run(TestMethodWorker.java:128)
at java.base/java.util.ArrayList.forEach(ArrayList.java:1511)
at org.testng.TestRunner.privateRun(TestRunner.java:848)
at org.testng.TestRunner.run(TestRunner.java:621)
at org.testng.SuiteRunner.runTest(SuiteRunner.java:443)
at org.testng.SuiteRunner.runSequentially(SuiteRunner.java:437)
at org.testng.SuiteRunner.privateRun(SuiteRunner.java:397)
at org.testng.SuiteRunner.run(SuiteRunner.java:336)
at org.testng.SuiteRunnerWorker.runSuite(SuiteRunnerWorker.java:52)
at org.testng.SuiteRunnerWorker.run(SuiteRunnerWorker.java:95)
at org.testng.TestNG.runSuitesSequentially(TestNG.java:1280)
at org.testng.TestNG.runSuitesLocally(TestNG.java:1200)
at org.testng.TestNG.runSuites(TestNG.java:1114)
at org.testng.TestNG.run(TestNG.java:1082)
at org.testng.remote.AbstractRemoteTestNG.run(AbstractRemoteTestNG.java:115)
at org.testng.remote.RemoteTestNG.initAndRun(RemoteTestNG.java:251)
at org.testng.remote.RemoteTestNG.main(RemoteTestNG.java:77)
]]>
    </failure>
  </testcase> <!-- verifyResponseKeysAvailable -->
</testsuite> <!-- com.testautomation.apitesting.tests.GetAPIRequest -->
